-- Install configuration: ""
-- Up-to-date: /home/abouzeid/smart_turtle_ws/install/smart_turtle_bringup/share/smart_turtle_bringup//launch
-- Up-to-date: /home/abouzeid/smart_turtle_ws/install/smart_turtle_bringup/share/smart_turtle_bringup//launch/smart_turtle.launch.py
-- Up-to-date: /home/abouzeid/smart_turtle_ws/install/smart_turtle_bringup/share/smart_turtle_bringup//config
-- Installing: /home/abouzeid/smart_turtle_ws/install/smart_turtle_bringup/share/smart_turtle_bringup//config/turtle_param.yaml
-- Up-to-date: /home/abouzeid/smart_turtle_ws/install/smart_turtle_bringup/share/ament_index/resource_index/package_run_dependencies/smart_turtle_bringup
-- Up-to-date: /home/abouzeid/smart_turtle_ws/install/smart_turtle_bringup/share/ament_index/resource_index/parent_prefix_path/smart_turtle_bringup
-- Up-to-date: /home/abouzeid/smart_turtle_ws/install/smart_turtle_bringup/share/smart_turtle_bringup/environment/ament_prefix_path.sh
-- Up-to-date: /home/abouzeid/smart_turtle_ws/install/smart_turtle_bringup/share/smart_turtle_bringup/environment/ament_prefix_path.dsv
-- Up-to-date: /home/abouzeid/smart_turtle_ws/install/smart_turtle_bringup/share/smart_turtle_bringup/environment/path.sh
-- Up-to-date: /home/abouzeid/smart_turtle_ws/install/smart_turtle_bringup/share/smart_turtle_bringup/environment/path.dsv
-- Up-to-date: /home/abouzeid/smart_turtle_ws/install/smart_turtle_bringup/share/smart_turtle_bringup/local_setup.bash
-- Up-to-date: /home/abouzeid/smart_turtle_ws/install/smart_turtle_bringup/share/smart_turtle_bringup/local_setup.sh
-- Up-to-date: /home/abouzeid/smart_turtle_ws/install/smart_turtle_bringup/share/smart_turtle_bringup/local_setup.zsh
-- Up-to-date: /home/abouzeid/smart_turtle_ws/install/smart_turtle_bringup/share/smart_turtle_bringup/local_setup.dsv
-- Installing: /home/abouzeid/smart_turtle_ws/install/smart_turtle_bringup/share/smart_turtle_bringup/package.dsv
-- Up-to-date: /home/abouzeid/smart_turtle_ws/install/smart_turtle_bringup/share/ament_index/resource_index/packages/smart_turtle_bringup
-- Up-to-date: /home/abouzeid/smart_turtle_ws/install/smart_turtle_bringup/share/smart_turtle_bringup/cmake/smart_turtle_bringupConfig.cmake
-- Up-to-date: /home/abouzeid/smart_turtle_ws/install/smart_turtle_bringup/share/smart_turtle_bringup/cmake/smart_turtle_bringupConfig-version.cmake
-- Up-to-date: /home/abouzeid/smart_turtle_ws/install/smart_turtle_bringup/share/smart_turtle_bringup/package.xml
