[1.880s] Invoking command in '/home/abouzeid/smart_turtle_ws/src/smart_turtle_pkg': CMAKE_PREFIX_PATH=/home/abouzeid/smart_turtle_ws/install/smart_turtle_interface:/home/abouzeid/smart_turtle_ws/install/smart_turtle_bringup:/opt/ros/jazzy/opt/gz_math_vendor:/opt/ros/jazzy/opt/gz_utils_vendor:/opt/ros/jazzy/opt/gz_cmake_vendor DEBUGINFOD_URLS=https://debuginfod.ubuntu.com PYTHONPATH=/home/abouzeid/smart_turtle_ws/build/smart_turtle_pkg/prefix_override:/usr/lib/python3/dist-packages/colcon_core/task/python/colcon_distutils_commands:/home/abouzeid/smart_turtle_ws/install/smart_turtle_pkg/lib/python3.12/site-packages:/home/abouzeid/smart_turtle_ws/install/smart_turtle_interface/lib/python3.12/site-packages:/home/abouzeid/smart_turtle_ws/install/smart_turtle_pkg/lib/python3.12/site-packages:/opt/ros/jazzy/lib/python3.12/site-packages /usr/bin/python3 -W ignore:setup.py install is deprecated -W ignore:easy_install command is deprecated setup.py egg_info --egg-base ../../build/smart_turtle_pkg build --build-base /home/abouzeid/smart_turtle_ws/build/smart_turtle_pkg/build install --record /home/abouzeid/smart_turtle_ws/build/smart_turtle_pkg/install.log --single-version-externally-managed install_data
[2.353s] running egg_info
[2.387s] writing ../../build/smart_turtle_pkg/smart_turtle_pkg.egg-info/PKG-INFO
[2.387s] writing dependency_links to ../../build/smart_turtle_pkg/smart_turtle_pkg.egg-info/dependency_links.txt
[2.388s] writing entry points to ../../build/smart_turtle_pkg/smart_turtle_pkg.egg-info/entry_points.txt
[2.388s] writing requirements to ../../build/smart_turtle_pkg/smart_turtle_pkg.egg-info/requires.txt
[2.388s] writing top-level names to ../../build/smart_turtle_pkg/smart_turtle_pkg.egg-info/top_level.txt
[2.455s] reading manifest file '../../build/smart_turtle_pkg/smart_turtle_pkg.egg-info/SOURCES.txt'
[2.457s] writing manifest file '../../build/smart_turtle_pkg/smart_turtle_pkg.egg-info/SOURCES.txt'
[2.457s] running build
[2.457s] running build_py
[2.458s] running install
[2.479s] running install_lib
[2.519s] running install_data
[2.519s] running install_egg_info
[2.555s] removing '/home/abouzeid/smart_turtle_ws/install/smart_turtle_pkg/lib/python3.12/site-packages/smart_turtle_pkg-0.0.0-py3.12.egg-info' (and everything under it)
[2.555s] Copying ../../build/smart_turtle_pkg/smart_turtle_pkg.egg-info to /home/abouzeid/smart_turtle_ws/install/smart_turtle_pkg/lib/python3.12/site-packages/smart_turtle_pkg-0.0.0-py3.12.egg-info
[2.557s] running install_scripts
[2.814s] Installing command_publisher script to /home/abouzeid/smart_turtle_ws/install/smart_turtle_pkg/lib/smart_turtle_pkg
[2.814s] Installing reset_node script to /home/abouzeid/smart_turtle_ws/install/smart_turtle_pkg/lib/smart_turtle_pkg
[2.815s] Installing turtle_controller script to /home/abouzeid/smart_turtle_ws/install/smart_turtle_pkg/lib/smart_turtle_pkg
[2.815s] writing list of installed files to '/home/abouzeid/smart_turtle_ws/build/smart_turtle_pkg/install.log'
[2.887s] Invoked command in '/home/abouzeid/smart_turtle_ws/src/smart_turtle_pkg' returned '0': CMAKE_PREFIX_PATH=/home/abouzeid/smart_turtle_ws/install/smart_turtle_interface:/home/abouzeid/smart_turtle_ws/install/smart_turtle_bringup:/opt/ros/jazzy/opt/gz_math_vendor:/opt/ros/jazzy/opt/gz_utils_vendor:/opt/ros/jazzy/opt/gz_cmake_vendor DEBUGINFOD_URLS=https://debuginfod.ubuntu.com PYTHONPATH=/home/abouzeid/smart_turtle_ws/build/smart_turtle_pkg/prefix_override:/usr/lib/python3/dist-packages/colcon_core/task/python/colcon_distutils_commands:/home/abouzeid/smart_turtle_ws/install/smart_turtle_pkg/lib/python3.12/site-packages:/home/abouzeid/smart_turtle_ws/install/smart_turtle_interface/lib/python3.12/site-packages:/home/abouzeid/smart_turtle_ws/install/smart_turtle_pkg/lib/python3.12/site-packages:/opt/ros/jazzy/lib/python3.12/site-packages /usr/bin/python3 -W ignore:setup.py install is deprecated -W ignore:easy_install command is deprecated setup.py egg_info --egg-base ../../build/smart_turtle_pkg build --build-base /home/abouzeid/smart_turtle_ws/build/smart_turtle_pkg/build install --record /home/abouzeid/smart_turtle_ws/build/smart_turtle_pkg/install.log --single-version-externally-managed install_data
