[0.220s] DEBUG:colcon:Command line arguments: ['/usr/bin/colcon', 'build']
[0.220s] DEBUG:colcon:Parsed command line arguments: Namespace(log_base=None, log_level=None, verb_name='build', build_base='build', install_base='install', merge_install=False, symlink_install=False, test_result_base=None, continue_on_error=False, executor='parallel', parallel_workers=20, event_handlers=None, ignore_user_meta=False, metas=['./colcon.meta'], base_paths=['.'], packages_ignore=None, packages_ignore_regex=None, paths=None, packages_up_to=None, packages_up_to_regex=None, packages_above=None, packages_above_and_dependencies=None, packages_above_depth=None, packages_select_by_dep=None, packages_skip_by_dep=None, packages_skip_up_to=None, packages_select_build_failed=False, packages_skip_build_finished=False, packages_select_test_failures=False, packages_skip_test_passed=False, packages_select=None, packages_skip=None, packages_select_regex=None, packages_skip_regex=None, packages_start=None, packages_end=None, allow_overriding=[], cmake_args=None, cmake_target=None, cmake_target_skip_unavailable=False, cmake_clean_cache=False, cmake_clean_first=False, cmake_force_configure=False, ament_cmake_args=None, catkin_cmake_args=None, catkin_skip_building_tests=False, mixin_files=None, mixin=None, verb_parser=<colcon_mixin.mixin.mixin_argument.MixinArgumentDecorator object at 0x79096e57fa70>, verb_extension=<colcon_core.verb.build.BuildVerb object at 0x79096e63b080>, main=<bound method BuildVerb.main of <colcon_core.verb.build.BuildVerb object at 0x79096e63b080>>, mixin_verb=('build',))
[0.293s] Level 1:colcon.colcon_core.package_discovery:discover_packages(colcon_meta) check parameters
[0.293s] Level 1:colcon.colcon_core.package_discovery:discover_packages(recursive) check parameters
[0.293s] Level 1:colcon.colcon_core.package_discovery:discover_packages(ignore) check parameters
[0.293s] Level 1:colcon.colcon_core.package_discovery:discover_packages(path) check parameters
[0.293s] Level 1:colcon.colcon_core.package_discovery:discover_packages(colcon_meta) discover
[0.293s] Level 1:colcon.colcon_core.package_discovery:discover_packages(recursive) discover
[0.293s] INFO:colcon.colcon_core.package_discovery:Crawling recursively for packages in '/home/abouzeid/smart_turtle_ws'
[0.293s] Level 1:colcon.colcon_core.package_identification:_identify(.) by extensions ['ignore', 'ignore_ament_install']
[0.293s] Level 1:colcon.colcon_core.package_identification:_identify(.) by extension 'ignore'
[0.294s] Level 1:colcon.colcon_core.package_identification:_identify(.) by extension 'ignore_ament_install'
[0.294s] Level 1:colcon.colcon_core.package_identification:_identify(.) by extensions ['colcon_pkg']
[0.294s] Level 1:colcon.colcon_core.package_identification:_identify(.) by extension 'colcon_pkg'
[0.294s] Level 1:colcon.colcon_core.package_identification:_identify(.) by extensions ['colcon_meta']
[0.294s] Level 1:colcon.colcon_core.package_identification:_identify(.) by extension 'colcon_meta'
[0.294s] Level 1:colcon.colcon_core.package_identification:_identify(.) by extensions ['ros']
[0.294s] Level 1:colcon.colcon_core.package_identification:_identify(.) by extension 'ros'
[0.338s] Level 1:colcon.colcon_core.package_identification:_identify(.) by extensions ['cmake', 'python']
[0.338s] Level 1:colcon.colcon_core.package_identification:_identify(.) by extension 'cmake'
[0.338s] Level 1:colcon.colcon_core.package_identification:_identify(.) by extension 'python'
[0.338s] Level 1:colcon.colcon_core.package_identification:_identify(.) by extensions ['python_setup_py']
[0.338s] Level 1:colcon.colcon_core.package_identification:_identify(.) by extension 'python_setup_py'
[0.339s] Level 1:colcon.colcon_core.package_identification:_identify(build) by extensions ['ignore', 'ignore_ament_install']
[0.339s] Level 1:colcon.colcon_core.package_identification:_identify(build) by extension 'ignore'
[0.339s] Level 1:colcon.colcon_core.package_identification:_identify(build) ignored
[0.339s] Level 1:colcon.colcon_core.package_identification:_identify(install) by extensions ['ignore', 'ignore_ament_install']
[0.339s] Level 1:colcon.colcon_core.package_identification:_identify(install) by extension 'ignore'
[0.339s] Level 1:colcon.colcon_core.package_identification:_identify(install) ignored
[0.340s] Level 1:colcon.colcon_core.package_identification:_identify(log) by extensions ['ignore', 'ignore_ament_install']
[0.340s] Level 1:colcon.colcon_core.package_identification:_identify(log) by extension 'ignore'
[0.340s] Level 1:colcon.colcon_core.package_identification:_identify(log) ignored
[0.340s] Level 1:colcon.colcon_core.package_identification:_identify(src) by extensions ['ignore', 'ignore_ament_install']
[0.340s] Level 1:colcon.colcon_core.package_identification:_identify(src) by extension 'ignore'
[0.340s] Level 1:colcon.colcon_core.package_identification:_identify(src) by extension 'ignore_ament_install'
[0.340s] Level 1:colcon.colcon_core.package_identification:_identify(src) by extensions ['colcon_pkg']
[0.340s] Level 1:colcon.colcon_core.package_identification:_identify(src) by extension 'colcon_pkg'
[0.340s] Level 1:colcon.colcon_core.package_identification:_identify(src) by extensions ['colcon_meta']
[0.340s] Level 1:colcon.colcon_core.package_identification:_identify(src) by extension 'colcon_meta'
[0.340s] Level 1:colcon.colcon_core.package_identification:_identify(src) by extensions ['ros']
[0.340s] Level 1:colcon.colcon_core.package_identification:_identify(src) by extension 'ros'
[0.340s] Level 1:colcon.colcon_core.package_identification:_identify(src) by extensions ['cmake', 'python']
[0.340s] Level 1:colcon.colcon_core.package_identification:_identify(src) by extension 'cmake'
[0.340s] Level 1:colcon.colcon_core.package_identification:_identify(src) by extension 'python'
[0.341s] Level 1:colcon.colcon_core.package_identification:_identify(src) by extensions ['python_setup_py']
[0.341s] Level 1:colcon.colcon_core.package_identification:_identify(src) by extension 'python_setup_py'
[0.341s] Level 1:colcon.colcon_core.package_identification:_identify(src/smart_turtle_bringup) by extensions ['ignore', 'ignore_ament_install']
[0.341s] Level 1:colcon.colcon_core.package_identification:_identify(src/smart_turtle_bringup) by extension 'ignore'
[0.341s] Level 1:colcon.colcon_core.package_identification:_identify(src/smart_turtle_bringup) by extension 'ignore_ament_install'
[0.341s] Level 1:colcon.colcon_core.package_identification:_identify(src/smart_turtle_bringup) by extensions ['colcon_pkg']
[0.341s] Level 1:colcon.colcon_core.package_identification:_identify(src/smart_turtle_bringup) by extension 'colcon_pkg'
[0.341s] Level 1:colcon.colcon_core.package_identification:_identify(src/smart_turtle_bringup) by extensions ['colcon_meta']
[0.341s] Level 1:colcon.colcon_core.package_identification:_identify(src/smart_turtle_bringup) by extension 'colcon_meta'
[0.341s] Level 1:colcon.colcon_core.package_identification:_identify(src/smart_turtle_bringup) by extensions ['ros']
[0.341s] Level 1:colcon.colcon_core.package_identification:_identify(src/smart_turtle_bringup) by extension 'ros'
[0.345s] DEBUG:colcon.colcon_core.package_identification:Package 'src/smart_turtle_bringup' with type 'ros.ament_cmake' and name 'smart_turtle_bringup'
[0.345s] Level 1:colcon.colcon_core.package_identification:_identify(src/smart_turtle_interface) by extensions ['ignore', 'ignore_ament_install']
[0.345s] Level 1:colcon.colcon_core.package_identification:_identify(src/smart_turtle_interface) by extension 'ignore'
[0.345s] Level 1:colcon.colcon_core.package_identification:_identify(src/smart_turtle_interface) by extension 'ignore_ament_install'
[0.345s] Level 1:colcon.colcon_core.package_identification:_identify(src/smart_turtle_interface) by extensions ['colcon_pkg']
[0.345s] Level 1:colcon.colcon_core.package_identification:_identify(src/smart_turtle_interface) by extension 'colcon_pkg'
[0.345s] Level 1:colcon.colcon_core.package_identification:_identify(src/smart_turtle_interface) by extensions ['colcon_meta']
[0.345s] Level 1:colcon.colcon_core.package_identification:_identify(src/smart_turtle_interface) by extension 'colcon_meta'
[0.346s] Level 1:colcon.colcon_core.package_identification:_identify(src/smart_turtle_interface) by extensions ['ros']
[0.346s] Level 1:colcon.colcon_core.package_identification:_identify(src/smart_turtle_interface) by extension 'ros'
[0.346s] DEBUG:colcon.colcon_core.package_identification:Package 'src/smart_turtle_interface' with type 'ros.ament_cmake' and name 'smart_turtle_interface'
[0.346s] Level 1:colcon.colcon_core.package_identification:_identify(src/smart_turtle_pkg) by extensions ['ignore', 'ignore_ament_install']
[0.347s] Level 1:colcon.colcon_core.package_identification:_identify(src/smart_turtle_pkg) by extension 'ignore'
[0.347s] Level 1:colcon.colcon_core.package_identification:_identify(src/smart_turtle_pkg) by extension 'ignore_ament_install'
[0.347s] Level 1:colcon.colcon_core.package_identification:_identify(src/smart_turtle_pkg) by extensions ['colcon_pkg']
[0.347s] Level 1:colcon.colcon_core.package_identification:_identify(src/smart_turtle_pkg) by extension 'colcon_pkg'
[0.347s] Level 1:colcon.colcon_core.package_identification:_identify(src/smart_turtle_pkg) by extensions ['colcon_meta']
[0.347s] Level 1:colcon.colcon_core.package_identification:_identify(src/smart_turtle_pkg) by extension 'colcon_meta'
[0.347s] Level 1:colcon.colcon_core.package_identification:_identify(src/smart_turtle_pkg) by extensions ['ros']
[0.347s] Level 1:colcon.colcon_core.package_identification:_identify(src/smart_turtle_pkg) by extension 'ros'
[0.348s] DEBUG:colcon.colcon_core.package_identification:Package 'src/smart_turtle_pkg' with type 'ros.ament_python' and name 'smart_turtle_pkg'
[0.348s] Level 1:colcon.colcon_core.package_discovery:discover_packages(recursive) using defaults
[0.348s] Level 1:colcon.colcon_core.package_discovery:discover_packages(ignore) discover
[0.348s] Level 1:colcon.colcon_core.package_discovery:discover_packages(ignore) using defaults
[0.348s] Level 1:colcon.colcon_core.package_discovery:discover_packages(path) discover
[0.348s] Level 1:colcon.colcon_core.package_discovery:discover_packages(path) using defaults
[0.379s] Level 1:colcon.colcon_core.package_discovery:discover_packages(prefix_path) check parameters
[0.379s] Level 1:colcon.colcon_core.package_discovery:discover_packages(prefix_path) discover
[0.385s] DEBUG:colcon.colcon_installed_package_information.package_discovery:Found 286 installed packages in /opt/ros/jazzy
[0.388s] Level 1:colcon.colcon_core.package_discovery:discover_packages(prefix_path) using defaults
[0.444s] Level 5:colcon.colcon_core.verb:set package 'smart_turtle_interface' build argument 'cmake_args' from command line to 'None'
[0.444s] Level 5:colcon.colcon_core.verb:set package 'smart_turtle_interface' build argument 'cmake_target' from command line to 'None'
[0.444s] Level 5:colcon.colcon_core.verb:set package 'smart_turtle_interface' build argument 'cmake_target_skip_unavailable' from command line to 'False'
[0.444s] Level 5:colcon.colcon_core.verb:set package 'smart_turtle_interface' build argument 'cmake_clean_cache' from command line to 'False'
[0.444s] Level 5:colcon.colcon_core.verb:set package 'smart_turtle_interface' build argument 'cmake_clean_first' from command line to 'False'
[0.444s] Level 5:colcon.colcon_core.verb:set package 'smart_turtle_interface' build argument 'cmake_force_configure' from command line to 'False'
[0.444s] Level 5:colcon.colcon_core.verb:set package 'smart_turtle_interface' build argument 'ament_cmake_args' from command line to 'None'
[0.445s] Level 5:colcon.colcon_core.verb:set package 'smart_turtle_interface' build argument 'catkin_cmake_args' from command line to 'None'
[0.445s] Level 5:colcon.colcon_core.verb:set package 'smart_turtle_interface' build argument 'catkin_skip_building_tests' from command line to 'False'
[0.445s] DEBUG:colcon.colcon_core.verb:Building package 'smart_turtle_interface' with the following arguments: {'ament_cmake_args': None, 'build_base': '/home/abouzeid/smart_turtle_ws/build/smart_turtle_interface', 'catkin_cmake_args': None, 'catkin_skip_building_tests': False, 'cmake_args': None, 'cmake_clean_cache': False, 'cmake_clean_first': False, 'cmake_force_configure': False, 'cmake_target': None, 'cmake_target_skip_unavailable': False, 'install_base': '/home/abouzeid/smart_turtle_ws/install/smart_turtle_interface', 'merge_install': False, 'path': '/home/abouzeid/smart_turtle_ws/src/smart_turtle_interface', 'symlink_install': False, 'test_result_base': None}
[0.445s] Level 5:colcon.colcon_core.verb:set package 'smart_turtle_pkg' build argument 'cmake_args' from command line to 'None'
[0.445s] Level 5:colcon.colcon_core.verb:set package 'smart_turtle_pkg' build argument 'cmake_target' from command line to 'None'
[0.445s] Level 5:colcon.colcon_core.verb:set package 'smart_turtle_pkg' build argument 'cmake_target_skip_unavailable' from command line to 'False'
[0.445s] Level 5:colcon.colcon_core.verb:set package 'smart_turtle_pkg' build argument 'cmake_clean_cache' from command line to 'False'
[0.445s] Level 5:colcon.colcon_core.verb:set package 'smart_turtle_pkg' build argument 'cmake_clean_first' from command line to 'False'
[0.445s] Level 5:colcon.colcon_core.verb:set package 'smart_turtle_pkg' build argument 'cmake_force_configure' from command line to 'False'
[0.445s] Level 5:colcon.colcon_core.verb:set package 'smart_turtle_pkg' build argument 'ament_cmake_args' from command line to 'None'
[0.445s] Level 5:colcon.colcon_core.verb:set package 'smart_turtle_pkg' build argument 'catkin_cmake_args' from command line to 'None'
[0.445s] Level 5:colcon.colcon_core.verb:set package 'smart_turtle_pkg' build argument 'catkin_skip_building_tests' from command line to 'False'
[0.445s] DEBUG:colcon.colcon_core.verb:Building package 'smart_turtle_pkg' with the following arguments: {'ament_cmake_args': None, 'build_base': '/home/abouzeid/smart_turtle_ws/build/smart_turtle_pkg', 'catkin_cmake_args': None, 'catkin_skip_building_tests': False, 'cmake_args': None, 'cmake_clean_cache': False, 'cmake_clean_first': False, 'cmake_force_configure': False, 'cmake_target': None, 'cmake_target_skip_unavailable': False, 'install_base': '/home/abouzeid/smart_turtle_ws/install/smart_turtle_pkg', 'merge_install': False, 'path': '/home/abouzeid/smart_turtle_ws/src/smart_turtle_pkg', 'symlink_install': False, 'test_result_base': None}
[0.446s] Level 5:colcon.colcon_core.verb:set package 'smart_turtle_bringup' build argument 'cmake_args' from command line to 'None'
[0.446s] Level 5:colcon.colcon_core.verb:set package 'smart_turtle_bringup' build argument 'cmake_target' from command line to 'None'
[0.446s] Level 5:colcon.colcon_core.verb:set package 'smart_turtle_bringup' build argument 'cmake_target_skip_unavailable' from command line to 'False'
[0.446s] Level 5:colcon.colcon_core.verb:set package 'smart_turtle_bringup' build argument 'cmake_clean_cache' from command line to 'False'
[0.446s] Level 5:colcon.colcon_core.verb:set package 'smart_turtle_bringup' build argument 'cmake_clean_first' from command line to 'False'
[0.446s] Level 5:colcon.colcon_core.verb:set package 'smart_turtle_bringup' build argument 'cmake_force_configure' from command line to 'False'
[0.446s] Level 5:colcon.colcon_core.verb:set package 'smart_turtle_bringup' build argument 'ament_cmake_args' from command line to 'None'
[0.446s] Level 5:colcon.colcon_core.verb:set package 'smart_turtle_bringup' build argument 'catkin_cmake_args' from command line to 'None'
[0.446s] Level 5:colcon.colcon_core.verb:set package 'smart_turtle_bringup' build argument 'catkin_skip_building_tests' from command line to 'False'
[0.446s] DEBUG:colcon.colcon_core.verb:Building package 'smart_turtle_bringup' with the following arguments: {'ament_cmake_args': None, 'build_base': '/home/abouzeid/smart_turtle_ws/build/smart_turtle_bringup', 'catkin_cmake_args': None, 'catkin_skip_building_tests': False, 'cmake_args': None, 'cmake_clean_cache': False, 'cmake_clean_first': False, 'cmake_force_configure': False, 'cmake_target': None, 'cmake_target_skip_unavailable': False, 'install_base': '/home/abouzeid/smart_turtle_ws/install/smart_turtle_bringup', 'merge_install': False, 'path': '/home/abouzeid/smart_turtle_ws/src/smart_turtle_bringup', 'symlink_install': False, 'test_result_base': None}
[0.446s] INFO:colcon.colcon_core.executor:Executing jobs using 'parallel' executor
[0.447s] DEBUG:colcon.colcon_parallel_executor.executor.parallel:run_until_complete
[0.448s] INFO:colcon.colcon_ros.task.ament_cmake.build:Building ROS package in '/home/abouzeid/smart_turtle_ws/src/smart_turtle_interface' with build type 'ament_cmake'
[0.448s] INFO:colcon.colcon_cmake.task.cmake.build:Building CMake package in '/home/abouzeid/smart_turtle_ws/src/smart_turtle_interface'
[0.451s] INFO:colcon.colcon_core.plugin_system:Skipping extension 'colcon_core.shell.bat': Not used on non-Windows systems
[0.452s] INFO:colcon.colcon_core.shell:Skip shell extension 'powershell' for command environment: Not usable outside of PowerShell
[0.452s] DEBUG:colcon.colcon_core.shell:Skip shell extension 'dsv' for command environment
[0.467s] DEBUG:colcon.colcon_core.event_handler.log_command:Invoking command in '/home/abouzeid/smart_turtle_ws/build/smart_turtle_interface': CMAKE_PREFIX_PATH=${CMAKE_PREFIX_PATH}:/opt/ros/jazzy DEBUGINFOD_URLS=https://debuginfod.ubuntu.com /usr/bin/cmake --build /home/abouzeid/smart_turtle_ws/build/smart_turtle_interface -- -j20 -l20
[7.007s] DEBUG:colcon.colcon_core.event_handler.log_command:Invoked command in '/home/abouzeid/smart_turtle_ws/build/smart_turtle_interface' returned '0': CMAKE_PREFIX_PATH=${CMAKE_PREFIX_PATH}:/opt/ros/jazzy DEBUGINFOD_URLS=https://debuginfod.ubuntu.com /usr/bin/cmake --build /home/abouzeid/smart_turtle_ws/build/smart_turtle_interface -- -j20 -l20
[7.026s] DEBUG:colcon.colcon_core.event_handler.log_command:Invoking command in '/home/abouzeid/smart_turtle_ws/build/smart_turtle_interface': CMAKE_PREFIX_PATH=${CMAKE_PREFIX_PATH}:/opt/ros/jazzy DEBUGINFOD_URLS=https://debuginfod.ubuntu.com /usr/bin/cmake --install /home/abouzeid/smart_turtle_ws/build/smart_turtle_interface
[7.135s] Level 1:colcon.colcon_core.environment:create_environment_scripts_only(smart_turtle_interface)
[7.135s] DEBUG:colcon.colcon_core.event_handler.log_command:Invoked command in '/home/abouzeid/smart_turtle_ws/build/smart_turtle_interface' returned '0': CMAKE_PREFIX_PATH=${CMAKE_PREFIX_PATH}:/opt/ros/jazzy DEBUGINFOD_URLS=https://debuginfod.ubuntu.com /usr/bin/cmake --install /home/abouzeid/smart_turtle_ws/build/smart_turtle_interface
[7.138s] Level 1:colcon.colcon_core.environment:checking '/home/abouzeid/smart_turtle_ws/install/smart_turtle_interface' for CMake module files
[7.139s] Level 1:colcon.colcon_core.environment:checking '/home/abouzeid/smart_turtle_ws/install/smart_turtle_interface' for CMake config files
[7.140s] Level 1:colcon.colcon_core.shell:create_environment_hook('smart_turtle_interface', 'cmake_prefix_path')
[7.140s] INFO:colcon.colcon_core.shell:Creating environment hook '/home/abouzeid/smart_turtle_ws/install/smart_turtle_interface/share/smart_turtle_interface/hook/cmake_prefix_path.ps1'
[7.141s] INFO:colcon.colcon_core.shell:Creating environment descriptor '/home/abouzeid/smart_turtle_ws/install/smart_turtle_interface/share/smart_turtle_interface/hook/cmake_prefix_path.dsv'
[7.142s] INFO:colcon.colcon_core.shell:Creating environment hook '/home/abouzeid/smart_turtle_ws/install/smart_turtle_interface/share/smart_turtle_interface/hook/cmake_prefix_path.sh'
[7.143s] Level 1:colcon.colcon_core.environment:checking '/home/abouzeid/smart_turtle_ws/install/smart_turtle_interface/lib'
[7.143s] Level 1:colcon.colcon_core.shell:create_environment_hook('smart_turtle_interface', 'ld_library_path_lib')
[7.143s] INFO:colcon.colcon_core.shell:Creating environment hook '/home/abouzeid/smart_turtle_ws/install/smart_turtle_interface/share/smart_turtle_interface/hook/ld_library_path_lib.ps1'
[7.144s] INFO:colcon.colcon_core.shell:Creating environment descriptor '/home/abouzeid/smart_turtle_ws/install/smart_turtle_interface/share/smart_turtle_interface/hook/ld_library_path_lib.dsv'
[7.144s] INFO:colcon.colcon_core.shell:Creating environment hook '/home/abouzeid/smart_turtle_ws/install/smart_turtle_interface/share/smart_turtle_interface/hook/ld_library_path_lib.sh'
[7.145s] Level 1:colcon.colcon_core.environment:checking '/home/abouzeid/smart_turtle_ws/install/smart_turtle_interface/bin'
[7.145s] Level 1:colcon.colcon_core.environment:checking '/home/abouzeid/smart_turtle_ws/install/smart_turtle_interface/lib/pkgconfig/smart_turtle_interface.pc'
[7.145s] Level 1:colcon.colcon_core.environment:checking '/home/abouzeid/smart_turtle_ws/install/smart_turtle_interface/lib/python3.12/site-packages'
[7.146s] Level 1:colcon.colcon_core.shell:create_environment_hook('smart_turtle_interface', 'pythonpath')
[7.146s] INFO:colcon.colcon_core.shell:Creating environment hook '/home/abouzeid/smart_turtle_ws/install/smart_turtle_interface/share/smart_turtle_interface/hook/pythonpath.ps1'
[7.146s] INFO:colcon.colcon_core.shell:Creating environment descriptor '/home/abouzeid/smart_turtle_ws/install/smart_turtle_interface/share/smart_turtle_interface/hook/pythonpath.dsv'
[7.147s] INFO:colcon.colcon_core.shell:Creating environment hook '/home/abouzeid/smart_turtle_ws/install/smart_turtle_interface/share/smart_turtle_interface/hook/pythonpath.sh'
[7.148s] Level 1:colcon.colcon_core.environment:checking '/home/abouzeid/smart_turtle_ws/install/smart_turtle_interface/bin'
[7.148s] INFO:colcon.colcon_core.shell:Creating package script '/home/abouzeid/smart_turtle_ws/install/smart_turtle_interface/share/smart_turtle_interface/package.ps1'
[7.149s] INFO:colcon.colcon_core.shell:Creating package descriptor '/home/abouzeid/smart_turtle_ws/install/smart_turtle_interface/share/smart_turtle_interface/package.dsv'
[7.150s] INFO:colcon.colcon_core.shell:Creating package script '/home/abouzeid/smart_turtle_ws/install/smart_turtle_interface/share/smart_turtle_interface/package.sh'
[7.151s] INFO:colcon.colcon_core.shell:Creating package script '/home/abouzeid/smart_turtle_ws/install/smart_turtle_interface/share/smart_turtle_interface/package.bash'
[7.152s] INFO:colcon.colcon_core.shell:Creating package script '/home/abouzeid/smart_turtle_ws/install/smart_turtle_interface/share/smart_turtle_interface/package.zsh'
[7.153s] Level 1:colcon.colcon_core.environment:create_file_with_runtime_dependencies(/home/abouzeid/smart_turtle_ws/install/smart_turtle_interface/share/colcon-core/packages/smart_turtle_interface)
[7.154s] Level 1:colcon.colcon_core.environment:create_environment_scripts_only(smart_turtle_interface)
[7.154s] Level 1:colcon.colcon_core.environment:checking '/home/abouzeid/smart_turtle_ws/install/smart_turtle_interface' for CMake module files
[7.155s] Level 1:colcon.colcon_core.environment:checking '/home/abouzeid/smart_turtle_ws/install/smart_turtle_interface' for CMake config files
[7.155s] Level 1:colcon.colcon_core.shell:create_environment_hook('smart_turtle_interface', 'cmake_prefix_path')
[7.155s] INFO:colcon.colcon_core.shell:Creating environment hook '/home/abouzeid/smart_turtle_ws/install/smart_turtle_interface/share/smart_turtle_interface/hook/cmake_prefix_path.ps1'
[7.156s] INFO:colcon.colcon_core.shell:Creating environment descriptor '/home/abouzeid/smart_turtle_ws/install/smart_turtle_interface/share/smart_turtle_interface/hook/cmake_prefix_path.dsv'
[7.157s] INFO:colcon.colcon_core.shell:Creating environment hook '/home/abouzeid/smart_turtle_ws/install/smart_turtle_interface/share/smart_turtle_interface/hook/cmake_prefix_path.sh'
[7.157s] Level 1:colcon.colcon_core.environment:checking '/home/abouzeid/smart_turtle_ws/install/smart_turtle_interface/lib'
[7.157s] Level 1:colcon.colcon_core.shell:create_environment_hook('smart_turtle_interface', 'ld_library_path_lib')
[7.158s] INFO:colcon.colcon_core.shell:Creating environment hook '/home/abouzeid/smart_turtle_ws/install/smart_turtle_interface/share/smart_turtle_interface/hook/ld_library_path_lib.ps1'
[7.159s] INFO:colcon.colcon_core.shell:Creating environment descriptor '/home/abouzeid/smart_turtle_ws/install/smart_turtle_interface/share/smart_turtle_interface/hook/ld_library_path_lib.dsv'
[7.159s] INFO:colcon.colcon_core.shell:Creating environment hook '/home/abouzeid/smart_turtle_ws/install/smart_turtle_interface/share/smart_turtle_interface/hook/ld_library_path_lib.sh'
[7.160s] Level 1:colcon.colcon_core.environment:checking '/home/abouzeid/smart_turtle_ws/install/smart_turtle_interface/bin'
[7.160s] Level 1:colcon.colcon_core.environment:checking '/home/abouzeid/smart_turtle_ws/install/smart_turtle_interface/lib/pkgconfig/smart_turtle_interface.pc'
[7.160s] Level 1:colcon.colcon_core.environment:checking '/home/abouzeid/smart_turtle_ws/install/smart_turtle_interface/lib/python3.12/site-packages'
[7.160s] Level 1:colcon.colcon_core.shell:create_environment_hook('smart_turtle_interface', 'pythonpath')
[7.161s] INFO:colcon.colcon_core.shell:Creating environment hook '/home/abouzeid/smart_turtle_ws/install/smart_turtle_interface/share/smart_turtle_interface/hook/pythonpath.ps1'
[7.161s] INFO:colcon.colcon_core.shell:Creating environment descriptor '/home/abouzeid/smart_turtle_ws/install/smart_turtle_interface/share/smart_turtle_interface/hook/pythonpath.dsv'
[7.161s] INFO:colcon.colcon_core.shell:Creating environment hook '/home/abouzeid/smart_turtle_ws/install/smart_turtle_interface/share/smart_turtle_interface/hook/pythonpath.sh'
[7.162s] Level 1:colcon.colcon_core.environment:checking '/home/abouzeid/smart_turtle_ws/install/smart_turtle_interface/bin'
[7.163s] INFO:colcon.colcon_core.shell:Creating package script '/home/abouzeid/smart_turtle_ws/install/smart_turtle_interface/share/smart_turtle_interface/package.ps1'
[7.163s] INFO:colcon.colcon_core.shell:Creating package descriptor '/home/abouzeid/smart_turtle_ws/install/smart_turtle_interface/share/smart_turtle_interface/package.dsv'
[7.164s] INFO:colcon.colcon_core.shell:Creating package script '/home/abouzeid/smart_turtle_ws/install/smart_turtle_interface/share/smart_turtle_interface/package.sh'
[7.165s] INFO:colcon.colcon_core.shell:Creating package script '/home/abouzeid/smart_turtle_ws/install/smart_turtle_interface/share/smart_turtle_interface/package.bash'
[7.165s] INFO:colcon.colcon_core.shell:Creating package script '/home/abouzeid/smart_turtle_ws/install/smart_turtle_interface/share/smart_turtle_interface/package.zsh'
[7.166s] Level 1:colcon.colcon_core.environment:create_file_with_runtime_dependencies(/home/abouzeid/smart_turtle_ws/install/smart_turtle_interface/share/colcon-core/packages/smart_turtle_interface)
[7.166s] INFO:colcon.colcon_ros.task.ament_python.build:Building ROS package in '/home/abouzeid/smart_turtle_ws/src/smart_turtle_pkg' with build type 'ament_python'
[7.166s] Level 1:colcon.colcon_core.shell:create_environment_hook('smart_turtle_pkg', 'ament_prefix_path')
[7.166s] INFO:colcon.colcon_core.shell:Creating environment hook '/home/abouzeid/smart_turtle_ws/install/smart_turtle_pkg/share/smart_turtle_pkg/hook/ament_prefix_path.ps1'
[7.167s] INFO:colcon.colcon_core.shell:Creating environment descriptor '/home/abouzeid/smart_turtle_ws/install/smart_turtle_pkg/share/smart_turtle_pkg/hook/ament_prefix_path.dsv'
[7.168s] INFO:colcon.colcon_core.shell:Creating environment hook '/home/abouzeid/smart_turtle_ws/install/smart_turtle_pkg/share/smart_turtle_pkg/hook/ament_prefix_path.sh'
[7.169s] INFO:colcon.colcon_core.shell:Skip shell extension 'powershell' for command environment: Not usable outside of PowerShell
[7.169s] DEBUG:colcon.colcon_core.shell:Skip shell extension 'dsv' for command environment
[7.482s] INFO:colcon.colcon_core.task.python.build:Building Python package in '/home/abouzeid/smart_turtle_ws/src/smart_turtle_pkg'
[7.483s] INFO:colcon.colcon_core.shell:Skip shell extension 'powershell' for command environment: Not usable outside of PowerShell
[7.483s] DEBUG:colcon.colcon_core.shell:Skip shell extension 'dsv' for command environment
[8.373s] DEBUG:colcon.colcon_core.event_handler.log_command:Invoking command in '/home/abouzeid/smart_turtle_ws/src/smart_turtle_pkg': AMENT_PREFIX_PATH=/home/abouzeid/smart_turtle_ws/install/smart_turtle_interface:${AMENT_PREFIX_PATH} CMAKE_PREFIX_PATH=/home/abouzeid/smart_turtle_ws/install/smart_turtle_interface:${CMAKE_PREFIX_PATH} DEBUGINFOD_URLS=https://debuginfod.ubuntu.com LD_LIBRARY_PATH=/home/abouzeid/smart_turtle_ws/install/smart_turtle_interface/lib:${LD_LIBRARY_PATH} PYTHONPATH=/home/abouzeid/smart_turtle_ws/build/smart_turtle_pkg/prefix_override:/usr/lib/python3/dist-packages/colcon_core/task/python/colcon_distutils_commands:/home/abouzeid/smart_turtle_ws/install/smart_turtle_pkg/lib/python3.12/site-packages:/home/abouzeid/smart_turtle_ws/install/smart_turtle_interface/lib/python3.12/site-packages:${PYTHONPATH} /usr/bin/python3 -W ignore:setup.py install is deprecated -W ignore:easy_install command is deprecated setup.py egg_info --egg-base ../../build/smart_turtle_pkg build --build-base /home/abouzeid/smart_turtle_ws/build/smart_turtle_pkg/build install --record /home/abouzeid/smart_turtle_ws/build/smart_turtle_pkg/install.log --single-version-externally-managed install_data
[9.391s] Level 1:colcon.colcon_core.environment:checking '/home/abouzeid/smart_turtle_ws/install/smart_turtle_pkg' for CMake module files
[9.392s] DEBUG:colcon.colcon_core.event_handler.log_command:Invoked command in '/home/abouzeid/smart_turtle_ws/src/smart_turtle_pkg' returned '0': AMENT_PREFIX_PATH=/home/abouzeid/smart_turtle_ws/install/smart_turtle_interface:${AMENT_PREFIX_PATH} CMAKE_PREFIX_PATH=/home/abouzeid/smart_turtle_ws/install/smart_turtle_interface:${CMAKE_PREFIX_PATH} DEBUGINFOD_URLS=https://debuginfod.ubuntu.com LD_LIBRARY_PATH=/home/abouzeid/smart_turtle_ws/install/smart_turtle_interface/lib:${LD_LIBRARY_PATH} PYTHONPATH=/home/abouzeid/smart_turtle_ws/build/smart_turtle_pkg/prefix_override:/usr/lib/python3/dist-packages/colcon_core/task/python/colcon_distutils_commands:/home/abouzeid/smart_turtle_ws/install/smart_turtle_pkg/lib/python3.12/site-packages:/home/abouzeid/smart_turtle_ws/install/smart_turtle_interface/lib/python3.12/site-packages:${PYTHONPATH} /usr/bin/python3 -W ignore:setup.py install is deprecated -W ignore:easy_install command is deprecated setup.py egg_info --egg-base ../../build/smart_turtle_pkg build --build-base /home/abouzeid/smart_turtle_ws/build/smart_turtle_pkg/build install --record /home/abouzeid/smart_turtle_ws/build/smart_turtle_pkg/install.log --single-version-externally-managed install_data
[9.393s] Level 1:colcon.colcon_core.environment:checking '/home/abouzeid/smart_turtle_ws/install/smart_turtle_pkg' for CMake config files
[9.393s] Level 1:colcon.colcon_core.environment:checking '/home/abouzeid/smart_turtle_ws/install/smart_turtle_pkg/lib'
[9.393s] Level 1:colcon.colcon_core.environment:checking '/home/abouzeid/smart_turtle_ws/install/smart_turtle_pkg/bin'
[9.394s] Level 1:colcon.colcon_core.environment:checking '/home/abouzeid/smart_turtle_ws/install/smart_turtle_pkg/lib/pkgconfig/smart_turtle_pkg.pc'
[9.394s] Level 1:colcon.colcon_core.environment:checking '/home/abouzeid/smart_turtle_ws/install/smart_turtle_pkg/lib/python3.12/site-packages'
[9.394s] Level 1:colcon.colcon_core.shell:create_environment_hook('smart_turtle_pkg', 'pythonpath')
[9.394s] INFO:colcon.colcon_core.shell:Creating environment hook '/home/abouzeid/smart_turtle_ws/install/smart_turtle_pkg/share/smart_turtle_pkg/hook/pythonpath.ps1'
[9.395s] INFO:colcon.colcon_core.shell:Creating environment descriptor '/home/abouzeid/smart_turtle_ws/install/smart_turtle_pkg/share/smart_turtle_pkg/hook/pythonpath.dsv'
[9.396s] INFO:colcon.colcon_core.shell:Creating environment hook '/home/abouzeid/smart_turtle_ws/install/smart_turtle_pkg/share/smart_turtle_pkg/hook/pythonpath.sh'
[9.397s] Level 1:colcon.colcon_core.environment:checking '/home/abouzeid/smart_turtle_ws/install/smart_turtle_pkg/bin'
[9.397s] Level 1:colcon.colcon_core.environment:create_environment_scripts_only(smart_turtle_pkg)
[9.397s] INFO:colcon.colcon_core.shell:Creating package script '/home/abouzeid/smart_turtle_ws/install/smart_turtle_pkg/share/smart_turtle_pkg/package.ps1'
[9.398s] INFO:colcon.colcon_core.shell:Creating package descriptor '/home/abouzeid/smart_turtle_ws/install/smart_turtle_pkg/share/smart_turtle_pkg/package.dsv'
[9.399s] INFO:colcon.colcon_core.shell:Creating package script '/home/abouzeid/smart_turtle_ws/install/smart_turtle_pkg/share/smart_turtle_pkg/package.sh'
[9.400s] INFO:colcon.colcon_core.shell:Creating package script '/home/abouzeid/smart_turtle_ws/install/smart_turtle_pkg/share/smart_turtle_pkg/package.bash'
[9.400s] INFO:colcon.colcon_core.shell:Creating package script '/home/abouzeid/smart_turtle_ws/install/smart_turtle_pkg/share/smart_turtle_pkg/package.zsh'
[9.401s] Level 1:colcon.colcon_core.environment:create_file_with_runtime_dependencies(/home/abouzeid/smart_turtle_ws/install/smart_turtle_pkg/share/colcon-core/packages/smart_turtle_pkg)
[9.401s] INFO:colcon.colcon_ros.task.ament_cmake.build:Building ROS package in '/home/abouzeid/smart_turtle_ws/src/smart_turtle_bringup' with build type 'ament_cmake'
[9.401s] INFO:colcon.colcon_cmake.task.cmake.build:Building CMake package in '/home/abouzeid/smart_turtle_ws/src/smart_turtle_bringup'
[9.401s] INFO:colcon.colcon_core.shell:Skip shell extension 'powershell' for command environment: Not usable outside of PowerShell
[9.402s] DEBUG:colcon.colcon_core.shell:Skip shell extension 'dsv' for command environment
[9.424s] DEBUG:colcon.colcon_core.event_handler.log_command:Invoking command in '/home/abouzeid/smart_turtle_ws/build/smart_turtle_bringup': AMENT_PREFIX_PATH=/home/abouzeid/smart_turtle_ws/install/smart_turtle_pkg:/home/abouzeid/smart_turtle_ws/install/smart_turtle_interface:${AMENT_PREFIX_PATH} CMAKE_PREFIX_PATH=/home/abouzeid/smart_turtle_ws/install/smart_turtle_interface:/opt/ros/jazzy/opt/gz_math_vendor:/opt/ros/jazzy/opt/gz_utils_vendor:/opt/ros/jazzy/opt/gz_cmake_vendor:/opt/ros/jazzy DEBUGINFOD_URLS=https://debuginfod.ubuntu.com LD_LIBRARY_PATH=/home/abouzeid/smart_turtle_ws/install/smart_turtle_interface/lib:${LD_LIBRARY_PATH} PYTHONPATH=/home/abouzeid/smart_turtle_ws/install/smart_turtle_pkg/lib/python3.12/site-packages:/home/abouzeid/smart_turtle_ws/install/smart_turtle_interface/lib/python3.12/site-packages:${PYTHONPATH} /usr/bin/cmake --build /home/abouzeid/smart_turtle_ws/build/smart_turtle_bringup -- -j20 -l20
[9.493s] DEBUG:colcon.colcon_core.event_handler.log_command:Invoked command in '/home/abouzeid/smart_turtle_ws/build/smart_turtle_bringup' returned '0': AMENT_PREFIX_PATH=/home/abouzeid/smart_turtle_ws/install/smart_turtle_pkg:/home/abouzeid/smart_turtle_ws/install/smart_turtle_interface:${AMENT_PREFIX_PATH} CMAKE_PREFIX_PATH=/home/abouzeid/smart_turtle_ws/install/smart_turtle_interface:/opt/ros/jazzy/opt/gz_math_vendor:/opt/ros/jazzy/opt/gz_utils_vendor:/opt/ros/jazzy/opt/gz_cmake_vendor:/opt/ros/jazzy DEBUGINFOD_URLS=https://debuginfod.ubuntu.com LD_LIBRARY_PATH=/home/abouzeid/smart_turtle_ws/install/smart_turtle_interface/lib:${LD_LIBRARY_PATH} PYTHONPATH=/home/abouzeid/smart_turtle_ws/install/smart_turtle_pkg/lib/python3.12/site-packages:/home/abouzeid/smart_turtle_ws/install/smart_turtle_interface/lib/python3.12/site-packages:${PYTHONPATH} /usr/bin/cmake --build /home/abouzeid/smart_turtle_ws/build/smart_turtle_bringup -- -j20 -l20
[9.495s] DEBUG:colcon.colcon_core.event_handler.log_command:Invoking command in '/home/abouzeid/smart_turtle_ws/build/smart_turtle_bringup': AMENT_PREFIX_PATH=/home/abouzeid/smart_turtle_ws/install/smart_turtle_pkg:/home/abouzeid/smart_turtle_ws/install/smart_turtle_interface:${AMENT_PREFIX_PATH} CMAKE_PREFIX_PATH=/home/abouzeid/smart_turtle_ws/install/smart_turtle_interface:/opt/ros/jazzy/opt/gz_math_vendor:/opt/ros/jazzy/opt/gz_utils_vendor:/opt/ros/jazzy/opt/gz_cmake_vendor:/opt/ros/jazzy DEBUGINFOD_URLS=https://debuginfod.ubuntu.com LD_LIBRARY_PATH=/home/abouzeid/smart_turtle_ws/install/smart_turtle_interface/lib:${LD_LIBRARY_PATH} PYTHONPATH=/home/abouzeid/smart_turtle_ws/install/smart_turtle_pkg/lib/python3.12/site-packages:/home/abouzeid/smart_turtle_ws/install/smart_turtle_interface/lib/python3.12/site-packages:${PYTHONPATH} /usr/bin/cmake --install /home/abouzeid/smart_turtle_ws/build/smart_turtle_bringup
[9.516s] Level 1:colcon.colcon_core.environment:create_environment_scripts_only(smart_turtle_bringup)
[9.516s] Level 1:colcon.colcon_core.environment:checking '/home/abouzeid/smart_turtle_ws/install/smart_turtle_bringup' for CMake module files
[9.517s] DEBUG:colcon.colcon_core.event_handler.log_command:Invoked command in '/home/abouzeid/smart_turtle_ws/build/smart_turtle_bringup' returned '0': AMENT_PREFIX_PATH=/home/abouzeid/smart_turtle_ws/install/smart_turtle_pkg:/home/abouzeid/smart_turtle_ws/install/smart_turtle_interface:${AMENT_PREFIX_PATH} CMAKE_PREFIX_PATH=/home/abouzeid/smart_turtle_ws/install/smart_turtle_interface:/opt/ros/jazzy/opt/gz_math_vendor:/opt/ros/jazzy/opt/gz_utils_vendor:/opt/ros/jazzy/opt/gz_cmake_vendor:/opt/ros/jazzy DEBUGINFOD_URLS=https://debuginfod.ubuntu.com LD_LIBRARY_PATH=/home/abouzeid/smart_turtle_ws/install/smart_turtle_interface/lib:${LD_LIBRARY_PATH} PYTHONPATH=/home/abouzeid/smart_turtle_ws/install/smart_turtle_pkg/lib/python3.12/site-packages:/home/abouzeid/smart_turtle_ws/install/smart_turtle_interface/lib/python3.12/site-packages:${PYTHONPATH} /usr/bin/cmake --install /home/abouzeid/smart_turtle_ws/build/smart_turtle_bringup
[9.518s] Level 1:colcon.colcon_core.environment:checking '/home/abouzeid/smart_turtle_ws/install/smart_turtle_bringup' for CMake config files
[9.519s] Level 1:colcon.colcon_core.shell:create_environment_hook('smart_turtle_bringup', 'cmake_prefix_path')
[9.519s] INFO:colcon.colcon_core.shell:Creating environment hook '/home/abouzeid/smart_turtle_ws/install/smart_turtle_bringup/share/smart_turtle_bringup/hook/cmake_prefix_path.ps1'
[9.521s] INFO:colcon.colcon_core.shell:Creating environment descriptor '/home/abouzeid/smart_turtle_ws/install/smart_turtle_bringup/share/smart_turtle_bringup/hook/cmake_prefix_path.dsv'
[9.521s] INFO:colcon.colcon_core.shell:Creating environment hook '/home/abouzeid/smart_turtle_ws/install/smart_turtle_bringup/share/smart_turtle_bringup/hook/cmake_prefix_path.sh'
[9.522s] Level 1:colcon.colcon_core.environment:checking '/home/abouzeid/smart_turtle_ws/install/smart_turtle_bringup/bin'
[9.522s] Level 1:colcon.colcon_core.environment:checking '/home/abouzeid/smart_turtle_ws/install/smart_turtle_bringup/lib/pkgconfig/smart_turtle_bringup.pc'
[9.523s] Level 1:colcon.colcon_core.environment:checking '/home/abouzeid/smart_turtle_ws/install/smart_turtle_bringup/lib/python3.12/site-packages'
[9.523s] Level 1:colcon.colcon_core.environment:checking '/home/abouzeid/smart_turtle_ws/install/smart_turtle_bringup/bin'
[9.524s] INFO:colcon.colcon_core.shell:Creating package script '/home/abouzeid/smart_turtle_ws/install/smart_turtle_bringup/share/smart_turtle_bringup/package.ps1'
[9.525s] INFO:colcon.colcon_core.shell:Creating package descriptor '/home/abouzeid/smart_turtle_ws/install/smart_turtle_bringup/share/smart_turtle_bringup/package.dsv'
[9.525s] INFO:colcon.colcon_core.shell:Creating package script '/home/abouzeid/smart_turtle_ws/install/smart_turtle_bringup/share/smart_turtle_bringup/package.sh'
[9.526s] INFO:colcon.colcon_core.shell:Creating package script '/home/abouzeid/smart_turtle_ws/install/smart_turtle_bringup/share/smart_turtle_bringup/package.bash'
[9.526s] INFO:colcon.colcon_core.shell:Creating package script '/home/abouzeid/smart_turtle_ws/install/smart_turtle_bringup/share/smart_turtle_bringup/package.zsh'
[9.527s] Level 1:colcon.colcon_core.environment:create_file_with_runtime_dependencies(/home/abouzeid/smart_turtle_ws/install/smart_turtle_bringup/share/colcon-core/packages/smart_turtle_bringup)
[9.528s] Level 1:colcon.colcon_core.environment:create_environment_scripts_only(smart_turtle_bringup)
[9.528s] Level 1:colcon.colcon_core.environment:checking '/home/abouzeid/smart_turtle_ws/install/smart_turtle_bringup' for CMake module files
[9.529s] Level 1:colcon.colcon_core.environment:checking '/home/abouzeid/smart_turtle_ws/install/smart_turtle_bringup' for CMake config files
[9.529s] Level 1:colcon.colcon_core.shell:create_environment_hook('smart_turtle_bringup', 'cmake_prefix_path')
[9.529s] INFO:colcon.colcon_core.shell:Creating environment hook '/home/abouzeid/smart_turtle_ws/install/smart_turtle_bringup/share/smart_turtle_bringup/hook/cmake_prefix_path.ps1'
[9.530s] INFO:colcon.colcon_core.shell:Creating environment descriptor '/home/abouzeid/smart_turtle_ws/install/smart_turtle_bringup/share/smart_turtle_bringup/hook/cmake_prefix_path.dsv'
[9.531s] INFO:colcon.colcon_core.shell:Creating environment hook '/home/abouzeid/smart_turtle_ws/install/smart_turtle_bringup/share/smart_turtle_bringup/hook/cmake_prefix_path.sh'
[9.532s] Level 1:colcon.colcon_core.environment:checking '/home/abouzeid/smart_turtle_ws/install/smart_turtle_bringup/bin'
[9.532s] Level 1:colcon.colcon_core.environment:checking '/home/abouzeid/smart_turtle_ws/install/smart_turtle_bringup/lib/pkgconfig/smart_turtle_bringup.pc'
[9.532s] Level 1:colcon.colcon_core.environment:checking '/home/abouzeid/smart_turtle_ws/install/smart_turtle_bringup/lib/python3.12/site-packages'
[9.533s] Level 1:colcon.colcon_core.environment:checking '/home/abouzeid/smart_turtle_ws/install/smart_turtle_bringup/bin'
[9.533s] INFO:colcon.colcon_core.shell:Creating package script '/home/abouzeid/smart_turtle_ws/install/smart_turtle_bringup/share/smart_turtle_bringup/package.ps1'
[9.534s] INFO:colcon.colcon_core.shell:Creating package descriptor '/home/abouzeid/smart_turtle_ws/install/smart_turtle_bringup/share/smart_turtle_bringup/package.dsv'
[9.535s] INFO:colcon.colcon_core.shell:Creating package script '/home/abouzeid/smart_turtle_ws/install/smart_turtle_bringup/share/smart_turtle_bringup/package.sh'
[9.535s] INFO:colcon.colcon_core.shell:Creating package script '/home/abouzeid/smart_turtle_ws/install/smart_turtle_bringup/share/smart_turtle_bringup/package.bash'
[9.536s] INFO:colcon.colcon_core.shell:Creating package script '/home/abouzeid/smart_turtle_ws/install/smart_turtle_bringup/share/smart_turtle_bringup/package.zsh'
[9.537s] Level 1:colcon.colcon_core.environment:create_file_with_runtime_dependencies(/home/abouzeid/smart_turtle_ws/install/smart_turtle_bringup/share/colcon-core/packages/smart_turtle_bringup)
[9.537s] DEBUG:colcon.colcon_parallel_executor.executor.parallel:closing loop
[9.538s] DEBUG:colcon.colcon_parallel_executor.executor.parallel:loop closed
[9.538s] DEBUG:colcon.colcon_parallel_executor.executor.parallel:run_until_complete finished with '0'
[9.538s] DEBUG:colcon.colcon_core.event_reactor:joining thread
[9.548s] INFO:colcon.colcon_core.plugin_system:Skipping extension 'colcon_notification.desktop_notification.terminal_notifier': Not used on non-Darwin systems
[9.548s] INFO:colcon.colcon_core.plugin_system:Skipping extension 'colcon_notification.desktop_notification.win32': Not used on non-Windows systems
[9.548s] INFO:colcon.colcon_notification.desktop_notification:Sending desktop notification using 'notify2'
[9.576s] DEBUG:colcon.colcon_core.event_reactor:joined thread
[9.576s] INFO:colcon.colcon_core.shell:Creating prefix script '/home/abouzeid/smart_turtle_ws/install/local_setup.ps1'
[9.577s] INFO:colcon.colcon_core.shell:Creating prefix util module '/home/abouzeid/smart_turtle_ws/install/_local_setup_util_ps1.py'
[9.579s] INFO:colcon.colcon_core.shell:Creating prefix chain script '/home/abouzeid/smart_turtle_ws/install/setup.ps1'
[9.580s] INFO:colcon.colcon_core.shell:Creating prefix script '/home/abouzeid/smart_turtle_ws/install/local_setup.sh'
[9.581s] INFO:colcon.colcon_core.shell:Creating prefix util module '/home/abouzeid/smart_turtle_ws/install/_local_setup_util_sh.py'
[9.582s] INFO:colcon.colcon_core.shell:Creating prefix chain script '/home/abouzeid/smart_turtle_ws/install/setup.sh'
[9.583s] INFO:colcon.colcon_core.shell:Creating prefix script '/home/abouzeid/smart_turtle_ws/install/local_setup.bash'
[9.584s] INFO:colcon.colcon_core.shell:Creating prefix chain script '/home/abouzeid/smart_turtle_ws/install/setup.bash'
[9.585s] INFO:colcon.colcon_core.shell:Creating prefix script '/home/abouzeid/smart_turtle_ws/install/local_setup.zsh'
[9.586s] INFO:colcon.colcon_core.shell:Creating prefix chain script '/home/abouzeid/smart_turtle_ws/install/setup.zsh'
