[0.029s] Invoking command in '/home/abouzeid/smart_turtle_ws/build/smart_turtle_bringup': CMAKE_PREFIX_PATH=${CMAKE_PREFIX_PATH}:/home/abouzeid/smart_turtle_ws/install/smart_turtle_pkg:/opt/ros/jazzy DEBUGINFOD_URLS=https://debuginfod.ubuntu.com /usr/bin/cmake --build /home/abouzeid/smart_turtle_ws/build/smart_turtle_bringup -- -j20 -l20
[0.080s] -- Found ament_cmake: 2.5.5 (/opt/ros/jazzy/share/ament_cmake/cmake)
[0.645s] -- Found ament_lint_auto: 0.17.4 (/opt/ros/jazzy/share/ament_lint_auto/cmake)
[0.855s] -- Added test 'flake8' to check Python code syntax and style conventions
[0.855s] -- Configured 'flake8' exclude dirs and/or files: 
[0.855s] -- Added test 'lint_cmake' to check CMake code style
[0.856s] -- Added test 'pep257' to check Python code against some of the docstring style conventions in PEP 257
[0.857s] -- Added test 'xmllint' to check XML markup files
[0.858s] -- Configuring done (0.8s)
[0.864s] -- Generating done (0.0s)
[0.867s] -- Build files have been written to: /home/abouzeid/smart_turtle_ws/build/smart_turtle_bringup
[0.924s] Invoked command in '/home/abouzeid/smart_turtle_ws/build/smart_turtle_bringup' returned '0': CMAKE_PREFIX_PATH=${CMAKE_PREFIX_PATH}:/home/abouzeid/smart_turtle_ws/install/smart_turtle_pkg:/opt/ros/jazzy DEBUGINFOD_URLS=https://debuginfod.ubuntu.com /usr/bin/cmake --build /home/abouzeid/smart_turtle_ws/build/smart_turtle_bringup -- -j20 -l20
[0.926s] Invoking command in '/home/abouzeid/smart_turtle_ws/build/smart_turtle_bringup': CMAKE_PREFIX_PATH=${CMAKE_PREFIX_PATH}:/home/abouzeid/smart_turtle_ws/install/smart_turtle_pkg:/opt/ros/jazzy DEBUGINFOD_URLS=https://debuginfod.ubuntu.com /usr/bin/cmake --install /home/abouzeid/smart_turtle_ws/build/smart_turtle_bringup
[0.951s] -- Install configuration: ""
[0.951s] -- Up-to-date: /home/abouzeid/smart_turtle_ws/install/smart_turtle_bringup/share/smart_turtle_bringup//launch
[0.952s] -- Installing: /home/abouzeid/smart_turtle_ws/install/smart_turtle_bringup/share/smart_turtle_bringup//launch/smart_turtle.lauch.py
[0.952s] -- Up-to-date: /home/abouzeid/smart_turtle_ws/install/smart_turtle_bringup/share/smart_turtle_bringup//config
[0.952s] -- Up-to-date: /home/abouzeid/smart_turtle_ws/install/smart_turtle_bringup/share/smart_turtle_bringup//config/turtle_param.yaml
[0.952s] -- Up-to-date: /home/abouzeid/smart_turtle_ws/install/smart_turtle_bringup/share/ament_index/resource_index/package_run_dependencies/smart_turtle_bringup
[0.952s] -- Up-to-date: /home/abouzeid/smart_turtle_ws/install/smart_turtle_bringup/share/ament_index/resource_index/parent_prefix_path/smart_turtle_bringup
[0.952s] -- Up-to-date: /home/abouzeid/smart_turtle_ws/install/smart_turtle_bringup/share/smart_turtle_bringup/environment/ament_prefix_path.sh
[0.952s] -- Up-to-date: /home/abouzeid/smart_turtle_ws/install/smart_turtle_bringup/share/smart_turtle_bringup/environment/ament_prefix_path.dsv
[0.953s] -- Up-to-date: /home/abouzeid/smart_turtle_ws/install/smart_turtle_bringup/share/smart_turtle_bringup/environment/path.sh
[0.953s] -- Up-to-date: /home/abouzeid/smart_turtle_ws/install/smart_turtle_bringup/share/smart_turtle_bringup/environment/path.dsv
[0.953s] -- Up-to-date: /home/abouzeid/smart_turtle_ws/install/smart_turtle_bringup/share/smart_turtle_bringup/local_setup.bash
[0.953s] -- Up-to-date: /home/abouzeid/smart_turtle_ws/install/smart_turtle_bringup/share/smart_turtle_bringup/local_setup.sh
[0.953s] -- Up-to-date: /home/abouzeid/smart_turtle_ws/install/smart_turtle_bringup/share/smart_turtle_bringup/local_setup.zsh
[0.953s] -- Up-to-date: /home/abouzeid/smart_turtle_ws/install/smart_turtle_bringup/share/smart_turtle_bringup/local_setup.dsv
[0.953s] -- Up-to-date: /home/abouzeid/smart_turtle_ws/install/smart_turtle_bringup/share/smart_turtle_bringup/package.dsv
[0.953s] -- Up-to-date: /home/abouzeid/smart_turtle_ws/install/smart_turtle_bringup/share/ament_index/resource_index/packages/smart_turtle_bringup
[0.954s] -- Up-to-date: /home/abouzeid/smart_turtle_ws/install/smart_turtle_bringup/share/smart_turtle_bringup/cmake/smart_turtle_bringupConfig.cmake
[0.954s] -- Up-to-date: /home/abouzeid/smart_turtle_ws/install/smart_turtle_bringup/share/smart_turtle_bringup/cmake/smart_turtle_bringupConfig-version.cmake
[0.954s] -- Up-to-date: /home/abouzeid/smart_turtle_ws/install/smart_turtle_bringup/share/smart_turtle_bringup/package.xml
[0.955s] Invoked command in '/home/abouzeid/smart_turtle_ws/build/smart_turtle_bringup' returned '0': CMAKE_PREFIX_PATH=${CMAKE_PREFIX_PATH}:/home/abouzeid/smart_turtle_ws/install/smart_turtle_pkg:/opt/ros/jazzy DEBUGINFOD_URLS=https://debuginfod.ubuntu.com /usr/bin/cmake --install /home/abouzeid/smart_turtle_ws/build/smart_turtle_bringup
