[0.024s] Invoking command in '/home/abouzeid/smart_turtle_ws/build/smart_turtle_interface': CMAKE_PREFIX_PATH=${CMAKE_PREFIX_PATH}:/opt/ros/jazzy DEBUGINFOD_URLS=https://debuginfod.ubuntu.com /usr/bin/cmake --build /home/abouzeid/smart_turtle_ws/build/smart_turtle_interface -- -j20 -l20
[0.138s] [  2%] Built target smart_turtle_interface__rosidl_generator_type_description
[0.160s] [  2%] Built target ament_cmake_python_copy_smart_turtle_interface
[0.189s] [  5%] Built target smart_turtle_interface__cpp
[0.191s] [ 20%] Built target smart_turtle_interface__rosidl_generator_c
[0.249s] [ 29%] Built target smart_turtle_interface__rosidl_typesupport_introspection_c
[0.250s] [ 38%] Built target smart_turtle_interface__rosidl_typesupport_c
[0.250s] [ 47%] Built target smart_turtle_interface__rosidl_typesupport_introspection_cpp
[0.255s] [ 55%] Built target smart_turtle_interface__rosidl_typesupport_fastrtps_cpp
[0.257s] [ 64%] Built target smart_turtle_interface__rosidl_typesupport_fastrtps_c
[0.262s] [ 73%] Built target smart_turtle_interface__rosidl_typesupport_cpp
[0.320s] [ 73%] Built target smart_turtle_interface
[0.375s] [ 76%] Built target smart_turtle_interface__py
[0.427s] [ 82%] Built target smart_turtle_interface__rosidl_generator_py
[0.486s] [ 88%] Built target smart_turtle_interface_s__rosidl_typesupport_introspection_c
[0.486s] [ 94%] Built target smart_turtle_interface_s__rosidl_typesupport_c
[0.489s] [100%] Built target smart_turtle_interface_s__rosidl_typesupport_fastrtps_c
[0.724s] running egg_info
[0.748s] writing smart_turtle_interface.egg-info/PKG-INFO
[0.749s] writing dependency_links to smart_turtle_interface.egg-info/dependency_links.txt
[0.749s] writing top-level names to smart_turtle_interface.egg-info/top_level.txt
[0.818s] reading manifest file 'smart_turtle_interface.egg-info/SOURCES.txt'
[0.820s] writing manifest file 'smart_turtle_interface.egg-info/SOURCES.txt'
[0.863s] [100%] Built target ament_cmake_python_build_smart_turtle_interface_egg
[0.885s] Invoked command in '/home/abouzeid/smart_turtle_ws/build/smart_turtle_interface' returned '0': CMAKE_PREFIX_PATH=${CMAKE_PREFIX_PATH}:/opt/ros/jazzy DEBUGINFOD_URLS=https://debuginfod.ubuntu.com /usr/bin/cmake --build /home/abouzeid/smart_turtle_ws/build/smart_turtle_interface -- -j20 -l20
[0.900s] Invoking command in '/home/abouzeid/smart_turtle_ws/build/smart_turtle_interface': CMAKE_PREFIX_PATH=${CMAKE_PREFIX_PATH}:/opt/ros/jazzy DEBUGINFOD_URLS=https://debuginfod.ubuntu.com /usr/bin/cmake --install /home/abouzeid/smart_turtle_ws/build/smart_turtle_interface
[0.914s] -- Install configuration: ""
[0.914s] -- Up-to-date: /home/abouzeid/smart_turtle_ws/install/smart_turtle_interface/share/ament_index/resource_index/rosidl_interfaces/smart_turtle_interface
[0.914s] -- Up-to-date: /home/abouzeid/smart_turtle_ws/install/smart_turtle_interface/share/smart_turtle_interface/msg/TurtleCommand.json
[0.915s] -- Up-to-date: /home/abouzeid/smart_turtle_ws/install/smart_turtle_interface/include/smart_turtle_interface/smart_turtle_interface
[0.915s] -- Up-to-date: /home/abouzeid/smart_turtle_ws/install/smart_turtle_interface/include/smart_turtle_interface/smart_turtle_interface/msg
[0.915s] -- Up-to-date: /home/abouzeid/smart_turtle_ws/install/smart_turtle_interface/include/smart_turtle_interface/smart_turtle_interface/msg/turtle_command.h
[0.916s] -- Up-to-date: /home/abouzeid/smart_turtle_ws/install/smart_turtle_interface/include/smart_turtle_interface/smart_turtle_interface/msg/rosidl_generator_c__visibility_control.h
[0.916s] -- Up-to-date: /home/abouzeid/smart_turtle_ws/install/smart_turtle_interface/include/smart_turtle_interface/smart_turtle_interface/msg/detail
[0.916s] -- Up-to-date: /home/abouzeid/smart_turtle_ws/install/smart_turtle_interface/include/smart_turtle_interface/smart_turtle_interface/msg/detail/turtle_command__type_support.c
[0.916s] -- Up-to-date: /home/abouzeid/smart_turtle_ws/install/smart_turtle_interface/include/smart_turtle_interface/smart_turtle_interface/msg/detail/turtle_command__description.c
[0.917s] -- Up-to-date: /home/abouzeid/smart_turtle_ws/install/smart_turtle_interface/include/smart_turtle_interface/smart_turtle_interface/msg/detail/turtle_command__functions.c
[0.917s] -- Up-to-date: /home/abouzeid/smart_turtle_ws/install/smart_turtle_interface/include/smart_turtle_interface/smart_turtle_interface/msg/detail/turtle_command__type_support.h
[0.917s] -- Up-to-date: /home/abouzeid/smart_turtle_ws/install/smart_turtle_interface/include/smart_turtle_interface/smart_turtle_interface/msg/detail/turtle_command__functions.h
[0.917s] -- Up-to-date: /home/abouzeid/smart_turtle_ws/install/smart_turtle_interface/include/smart_turtle_interface/smart_turtle_interface/msg/detail/turtle_command__struct.h
[0.917s] -- Up-to-date: /home/abouzeid/smart_turtle_ws/install/smart_turtle_interface/share/smart_turtle_interface/environment/library_path.sh
[0.918s] -- Up-to-date: /home/abouzeid/smart_turtle_ws/install/smart_turtle_interface/share/smart_turtle_interface/environment/library_path.dsv
[0.918s] -- Up-to-date: /home/abouzeid/smart_turtle_ws/install/smart_turtle_interface/lib/libsmart_turtle_interface__rosidl_generator_c.so
[0.918s] -- Up-to-date: /home/abouzeid/smart_turtle_ws/install/smart_turtle_interface/include/smart_turtle_interface/smart_turtle_interface
[0.918s] -- Up-to-date: /home/abouzeid/smart_turtle_ws/install/smart_turtle_interface/include/smart_turtle_interface/smart_turtle_interface/msg
[0.919s] -- Up-to-date: /home/abouzeid/smart_turtle_ws/install/smart_turtle_interface/include/smart_turtle_interface/smart_turtle_interface/msg/rosidl_typesupport_fastrtps_c__visibility_control.h
[0.919s] -- Up-to-date: /home/abouzeid/smart_turtle_ws/install/smart_turtle_interface/include/smart_turtle_interface/smart_turtle_interface/msg/detail
[0.919s] -- Up-to-date: /home/abouzeid/smart_turtle_ws/install/smart_turtle_interface/include/smart_turtle_interface/smart_turtle_interface/msg/detail/turtle_command__rosidl_typesupport_fastrtps_c.h
[0.919s] -- Up-to-date: /home/abouzeid/smart_turtle_ws/install/smart_turtle_interface/lib/libsmart_turtle_interface__rosidl_typesupport_fastrtps_c.so
[0.919s] -- Up-to-date: /home/abouzeid/smart_turtle_ws/install/smart_turtle_interface/include/smart_turtle_interface/smart_turtle_interface
[0.920s] -- Up-to-date: /home/abouzeid/smart_turtle_ws/install/smart_turtle_interface/include/smart_turtle_interface/smart_turtle_interface/msg
[0.920s] -- Up-to-date: /home/abouzeid/smart_turtle_ws/install/smart_turtle_interface/include/smart_turtle_interface/smart_turtle_interface/msg/rosidl_typesupport_introspection_c__visibility_control.h
[0.920s] -- Up-to-date: /home/abouzeid/smart_turtle_ws/install/smart_turtle_interface/include/smart_turtle_interface/smart_turtle_interface/msg/detail
[0.920s] -- Up-to-date: /home/abouzeid/smart_turtle_ws/install/smart_turtle_interface/include/smart_turtle_interface/smart_turtle_interface/msg/detail/turtle_command__type_support.c
[0.921s] -- Up-to-date: /home/abouzeid/smart_turtle_ws/install/smart_turtle_interface/include/smart_turtle_interface/smart_turtle_interface/msg/detail/turtle_command__rosidl_typesupport_introspection_c.h
[0.921s] -- Up-to-date: /home/abouzeid/smart_turtle_ws/install/smart_turtle_interface/lib/libsmart_turtle_interface__rosidl_typesupport_introspection_c.so
[0.921s] -- Up-to-date: /home/abouzeid/smart_turtle_ws/install/smart_turtle_interface/lib/libsmart_turtle_interface__rosidl_typesupport_c.so
[0.921s] -- Up-to-date: /home/abouzeid/smart_turtle_ws/install/smart_turtle_interface/include/smart_turtle_interface/smart_turtle_interface
[0.922s] -- Up-to-date: /home/abouzeid/smart_turtle_ws/install/smart_turtle_interface/include/smart_turtle_interface/smart_turtle_interface/msg
[0.922s] -- Up-to-date: /home/abouzeid/smart_turtle_ws/install/smart_turtle_interface/include/smart_turtle_interface/smart_turtle_interface/msg/turtle_command.hpp
[0.922s] -- Up-to-date: /home/abouzeid/smart_turtle_ws/install/smart_turtle_interface/include/smart_turtle_interface/smart_turtle_interface/msg/rosidl_generator_cpp__visibility_control.hpp
[0.922s] -- Up-to-date: /home/abouzeid/smart_turtle_ws/install/smart_turtle_interface/include/smart_turtle_interface/smart_turtle_interface/msg/detail
[0.922s] -- Up-to-date: /home/abouzeid/smart_turtle_ws/install/smart_turtle_interface/include/smart_turtle_interface/smart_turtle_interface/msg/detail/turtle_command__type_support.hpp
[0.923s] -- Up-to-date: /home/abouzeid/smart_turtle_ws/install/smart_turtle_interface/include/smart_turtle_interface/smart_turtle_interface/msg/detail/turtle_command__struct.hpp
[0.923s] -- Up-to-date: /home/abouzeid/smart_turtle_ws/install/smart_turtle_interface/include/smart_turtle_interface/smart_turtle_interface/msg/detail/turtle_command__traits.hpp
[0.923s] -- Up-to-date: /home/abouzeid/smart_turtle_ws/install/smart_turtle_interface/include/smart_turtle_interface/smart_turtle_interface/msg/detail/turtle_command__builder.hpp
[0.923s] -- Up-to-date: /home/abouzeid/smart_turtle_ws/install/smart_turtle_interface/include/smart_turtle_interface/smart_turtle_interface
[0.923s] -- Up-to-date: /home/abouzeid/smart_turtle_ws/install/smart_turtle_interface/include/smart_turtle_interface/smart_turtle_interface/msg
[0.923s] -- Up-to-date: /home/abouzeid/smart_turtle_ws/install/smart_turtle_interface/include/smart_turtle_interface/smart_turtle_interface/msg/rosidl_typesupport_fastrtps_cpp__visibility_control.h
[0.924s] -- Up-to-date: /home/abouzeid/smart_turtle_ws/install/smart_turtle_interface/include/smart_turtle_interface/smart_turtle_interface/msg/detail
[0.924s] -- Up-to-date: /home/abouzeid/smart_turtle_ws/install/smart_turtle_interface/include/smart_turtle_interface/smart_turtle_interface/msg/detail/dds_fastrtps
[0.924s] -- Up-to-date: /home/abouzeid/smart_turtle_ws/install/smart_turtle_interface/include/smart_turtle_interface/smart_turtle_interface/msg/detail/turtle_command__rosidl_typesupport_fastrtps_cpp.hpp
[0.924s] -- Up-to-date: /home/abouzeid/smart_turtle_ws/install/smart_turtle_interface/lib/libsmart_turtle_interface__rosidl_typesupport_fastrtps_cpp.so
[0.924s] -- Up-to-date: /home/abouzeid/smart_turtle_ws/install/smart_turtle_interface/include/smart_turtle_interface/smart_turtle_interface
[0.925s] -- Up-to-date: /home/abouzeid/smart_turtle_ws/install/smart_turtle_interface/include/smart_turtle_interface/smart_turtle_interface/msg
[0.925s] -- Up-to-date: /home/abouzeid/smart_turtle_ws/install/smart_turtle_interface/include/smart_turtle_interface/smart_turtle_interface/msg/detail
[0.925s] -- Up-to-date: /home/abouzeid/smart_turtle_ws/install/smart_turtle_interface/include/smart_turtle_interface/smart_turtle_interface/msg/detail/turtle_command__type_support.cpp
[0.925s] -- Up-to-date: /home/abouzeid/smart_turtle_ws/install/smart_turtle_interface/include/smart_turtle_interface/smart_turtle_interface/msg/detail/turtle_command__rosidl_typesupport_introspection_cpp.hpp
[0.925s] -- Up-to-date: /home/abouzeid/smart_turtle_ws/install/smart_turtle_interface/lib/libsmart_turtle_interface__rosidl_typesupport_introspection_cpp.so
[0.926s] -- Up-to-date: /home/abouzeid/smart_turtle_ws/install/smart_turtle_interface/lib/libsmart_turtle_interface__rosidl_typesupport_cpp.so
[0.926s] -- Up-to-date: /home/abouzeid/smart_turtle_ws/install/smart_turtle_interface/share/smart_turtle_interface/environment/pythonpath.sh
[0.926s] -- Up-to-date: /home/abouzeid/smart_turtle_ws/install/smart_turtle_interface/share/smart_turtle_interface/environment/pythonpath.dsv
[0.926s] -- Up-to-date: /home/abouzeid/smart_turtle_ws/install/smart_turtle_interface/lib/python3.12/site-packages/smart_turtle_interface-0.0.0-py3.12.egg-info
[0.926s] -- Installing: /home/abouzeid/smart_turtle_ws/install/smart_turtle_interface/lib/python3.12/site-packages/smart_turtle_interface-0.0.0-py3.12.egg-info/dependency_links.txt
[0.927s] -- Installing: /home/abouzeid/smart_turtle_ws/install/smart_turtle_interface/lib/python3.12/site-packages/smart_turtle_interface-0.0.0-py3.12.egg-info/PKG-INFO
[0.927s] -- Installing: /home/abouzeid/smart_turtle_ws/install/smart_turtle_interface/lib/python3.12/site-packages/smart_turtle_interface-0.0.0-py3.12.egg-info/top_level.txt
[0.927s] -- Installing: /home/abouzeid/smart_turtle_ws/install/smart_turtle_interface/lib/python3.12/site-packages/smart_turtle_interface-0.0.0-py3.12.egg-info/SOURCES.txt
[0.927s] -- Up-to-date: /home/abouzeid/smart_turtle_ws/install/smart_turtle_interface/lib/python3.12/site-packages/smart_turtle_interface
[0.928s] -- Up-to-date: /home/abouzeid/smart_turtle_ws/install/smart_turtle_interface/lib/python3.12/site-packages/smart_turtle_interface/_smart_turtle_interface_s.ep.rosidl_typesupport_c.c
[0.928s] -- Up-to-date: /home/abouzeid/smart_turtle_ws/install/smart_turtle_interface/lib/python3.12/site-packages/smart_turtle_interface/smart_turtle_interface_s__rosidl_typesupport_fastrtps_c.so
[0.928s] -- Up-to-date: /home/abouzeid/smart_turtle_ws/install/smart_turtle_interface/lib/python3.12/site-packages/smart_turtle_interface/smart_turtle_interface_s__rosidl_typesupport_c.so
[0.928s] -- Up-to-date: /home/abouzeid/smart_turtle_ws/install/smart_turtle_interface/lib/python3.12/site-packages/smart_turtle_interface/__init__.py
[0.928s] -- Up-to-date: /home/abouzeid/smart_turtle_ws/install/smart_turtle_interface/lib/python3.12/site-packages/smart_turtle_interface/_smart_turtle_interface_s.ep.rosidl_typesupport_fastrtps_c.c
[0.929s] -- Up-to-date: /home/abouzeid/smart_turtle_ws/install/smart_turtle_interface/lib/python3.12/site-packages/smart_turtle_interface/smart_turtle_interface_s__rosidl_typesupport_introspection_c.so
[0.929s] -- Up-to-date: /home/abouzeid/smart_turtle_ws/install/smart_turtle_interface/lib/python3.12/site-packages/smart_turtle_interface/msg
[0.929s] -- Up-to-date: /home/abouzeid/smart_turtle_ws/install/smart_turtle_interface/lib/python3.12/site-packages/smart_turtle_interface/msg/_turtle_command_s.c
[0.929s] -- Up-to-date: /home/abouzeid/smart_turtle_ws/install/smart_turtle_interface/lib/python3.12/site-packages/smart_turtle_interface/msg/_turtle_command.py
[0.930s] -- Up-to-date: /home/abouzeid/smart_turtle_ws/install/smart_turtle_interface/lib/python3.12/site-packages/smart_turtle_interface/msg/__init__.py
[0.930s] -- Up-to-date: /home/abouzeid/smart_turtle_ws/install/smart_turtle_interface/lib/python3.12/site-packages/smart_turtle_interface/_smart_turtle_interface_s.ep.rosidl_typesupport_introspection_c.c
[1.007s] Listing '/home/abouzeid/smart_turtle_ws/install/smart_turtle_interface/lib/python3.12/site-packages/smart_turtle_interface'...
[1.008s] Listing '/home/abouzeid/smart_turtle_ws/install/smart_turtle_interface/lib/python3.12/site-packages/smart_turtle_interface/msg'...
[1.023s] -- Up-to-date: /home/abouzeid/smart_turtle_ws/install/smart_turtle_interface/lib/python3.12/site-packages/smart_turtle_interface/smart_turtle_interface_s__rosidl_typesupport_fastrtps_c.so
[1.023s] -- Up-to-date: /home/abouzeid/smart_turtle_ws/install/smart_turtle_interface/lib/python3.12/site-packages/smart_turtle_interface/smart_turtle_interface_s__rosidl_typesupport_introspection_c.so
[1.024s] -- Up-to-date: /home/abouzeid/smart_turtle_ws/install/smart_turtle_interface/lib/python3.12/site-packages/smart_turtle_interface/smart_turtle_interface_s__rosidl_typesupport_c.so
[1.025s] -- Up-to-date: /home/abouzeid/smart_turtle_ws/install/smart_turtle_interface/lib/libsmart_turtle_interface__rosidl_generator_py.so
[1.025s] -- Up-to-date: /home/abouzeid/smart_turtle_ws/install/smart_turtle_interface/share/smart_turtle_interface/msg/TurtleCommand.idl
[1.025s] -- Up-to-date: /home/abouzeid/smart_turtle_ws/install/smart_turtle_interface/share/smart_turtle_interface/msg/TurtleCommand.msg
[1.026s] -- Up-to-date: /home/abouzeid/smart_turtle_ws/install/smart_turtle_interface/share/ament_index/resource_index/package_run_dependencies/smart_turtle_interface
[1.026s] -- Up-to-date: /home/abouzeid/smart_turtle_ws/install/smart_turtle_interface/share/ament_index/resource_index/parent_prefix_path/smart_turtle_interface
[1.026s] -- Up-to-date: /home/abouzeid/smart_turtle_ws/install/smart_turtle_interface/share/smart_turtle_interface/environment/ament_prefix_path.sh
[1.026s] -- Up-to-date: /home/abouzeid/smart_turtle_ws/install/smart_turtle_interface/share/smart_turtle_interface/environment/ament_prefix_path.dsv
[1.026s] -- Up-to-date: /home/abouzeid/smart_turtle_ws/install/smart_turtle_interface/share/smart_turtle_interface/environment/path.sh
[1.026s] -- Up-to-date: /home/abouzeid/smart_turtle_ws/install/smart_turtle_interface/share/smart_turtle_interface/environment/path.dsv
[1.027s] -- Up-to-date: /home/abouzeid/smart_turtle_ws/install/smart_turtle_interface/share/smart_turtle_interface/local_setup.bash
[1.027s] -- Up-to-date: /home/abouzeid/smart_turtle_ws/install/smart_turtle_interface/share/smart_turtle_interface/local_setup.sh
[1.027s] -- Up-to-date: /home/abouzeid/smart_turtle_ws/install/smart_turtle_interface/share/smart_turtle_interface/local_setup.zsh
[1.027s] -- Up-to-date: /home/abouzeid/smart_turtle_ws/install/smart_turtle_interface/share/smart_turtle_interface/local_setup.dsv
[1.027s] -- Installing: /home/abouzeid/smart_turtle_ws/install/smart_turtle_interface/share/smart_turtle_interface/package.dsv
[1.027s] -- Up-to-date: /home/abouzeid/smart_turtle_ws/install/smart_turtle_interface/share/ament_index/resource_index/packages/smart_turtle_interface
[1.027s] -- Up-to-date: /home/abouzeid/smart_turtle_ws/install/smart_turtle_interface/share/smart_turtle_interface/cmake/export_smart_turtle_interface__rosidl_generator_cExport.cmake
[1.027s] -- Up-to-date: /home/abouzeid/smart_turtle_ws/install/smart_turtle_interface/share/smart_turtle_interface/cmake/export_smart_turtle_interface__rosidl_generator_cExport-noconfig.cmake
[1.028s] -- Up-to-date: /home/abouzeid/smart_turtle_ws/install/smart_turtle_interface/share/smart_turtle_interface/cmake/export_smart_turtle_interface__rosidl_typesupport_fastrtps_cExport.cmake
[1.028s] -- Up-to-date: /home/abouzeid/smart_turtle_ws/install/smart_turtle_interface/share/smart_turtle_interface/cmake/export_smart_turtle_interface__rosidl_typesupport_fastrtps_cExport-noconfig.cmake
[1.028s] -- Up-to-date: /home/abouzeid/smart_turtle_ws/install/smart_turtle_interface/share/smart_turtle_interface/cmake/smart_turtle_interface__rosidl_typesupport_introspection_cExport.cmake
[1.028s] -- Up-to-date: /home/abouzeid/smart_turtle_ws/install/smart_turtle_interface/share/smart_turtle_interface/cmake/smart_turtle_interface__rosidl_typesupport_introspection_cExport-noconfig.cmake
[1.028s] -- Up-to-date: /home/abouzeid/smart_turtle_ws/install/smart_turtle_interface/share/smart_turtle_interface/cmake/smart_turtle_interface__rosidl_typesupport_cExport.cmake
[1.028s] -- Up-to-date: /home/abouzeid/smart_turtle_ws/install/smart_turtle_interface/share/smart_turtle_interface/cmake/smart_turtle_interface__rosidl_typesupport_cExport-noconfig.cmake
[1.029s] -- Up-to-date: /home/abouzeid/smart_turtle_ws/install/smart_turtle_interface/share/smart_turtle_interface/cmake/export_smart_turtle_interface__rosidl_generator_cppExport.cmake
[1.029s] -- Up-to-date: /home/abouzeid/smart_turtle_ws/install/smart_turtle_interface/share/smart_turtle_interface/cmake/export_smart_turtle_interface__rosidl_typesupport_fastrtps_cppExport.cmake
[1.029s] -- Up-to-date: /home/abouzeid/smart_turtle_ws/install/smart_turtle_interface/share/smart_turtle_interface/cmake/export_smart_turtle_interface__rosidl_typesupport_fastrtps_cppExport-noconfig.cmake
[1.029s] -- Up-to-date: /home/abouzeid/smart_turtle_ws/install/smart_turtle_interface/share/smart_turtle_interface/cmake/smart_turtle_interface__rosidl_typesupport_introspection_cppExport.cmake
[1.029s] -- Up-to-date: /home/abouzeid/smart_turtle_ws/install/smart_turtle_interface/share/smart_turtle_interface/cmake/smart_turtle_interface__rosidl_typesupport_introspection_cppExport-noconfig.cmake
[1.029s] -- Up-to-date: /home/abouzeid/smart_turtle_ws/install/smart_turtle_interface/share/smart_turtle_interface/cmake/smart_turtle_interface__rosidl_typesupport_cppExport.cmake
[1.029s] -- Up-to-date: /home/abouzeid/smart_turtle_ws/install/smart_turtle_interface/share/smart_turtle_interface/cmake/smart_turtle_interface__rosidl_typesupport_cppExport-noconfig.cmake
[1.029s] -- Up-to-date: /home/abouzeid/smart_turtle_ws/install/smart_turtle_interface/share/smart_turtle_interface/cmake/export_smart_turtle_interface__rosidl_generator_pyExport.cmake
[1.029s] -- Up-to-date: /home/abouzeid/smart_turtle_ws/install/smart_turtle_interface/share/smart_turtle_interface/cmake/export_smart_turtle_interface__rosidl_generator_pyExport-noconfig.cmake
[1.030s] -- Up-to-date: /home/abouzeid/smart_turtle_ws/install/smart_turtle_interface/share/smart_turtle_interface/cmake/rosidl_cmake-extras.cmake
[1.030s] -- Up-to-date: /home/abouzeid/smart_turtle_ws/install/smart_turtle_interface/share/smart_turtle_interface/cmake/ament_cmake_export_include_directories-extras.cmake
[1.030s] -- Up-to-date: /home/abouzeid/smart_turtle_ws/install/smart_turtle_interface/share/smart_turtle_interface/cmake/ament_cmake_export_libraries-extras.cmake
[1.030s] -- Up-to-date: /home/abouzeid/smart_turtle_ws/install/smart_turtle_interface/share/smart_turtle_interface/cmake/ament_cmake_export_targets-extras.cmake
[1.030s] -- Up-to-date: /home/abouzeid/smart_turtle_ws/install/smart_turtle_interface/share/smart_turtle_interface/cmake/rosidl_cmake_export_typesupport_targets-extras.cmake
[1.030s] -- Up-to-date: /home/abouzeid/smart_turtle_ws/install/smart_turtle_interface/share/smart_turtle_interface/cmake/ament_cmake_export_dependencies-extras.cmake
[1.030s] -- Up-to-date: /home/abouzeid/smart_turtle_ws/install/smart_turtle_interface/share/smart_turtle_interface/cmake/rosidl_cmake_export_typesupport_libraries-extras.cmake
[1.030s] -- Up-to-date: /home/abouzeid/smart_turtle_ws/install/smart_turtle_interface/share/smart_turtle_interface/cmake/smart_turtle_interfaceConfig.cmake
[1.030s] -- Up-to-date: /home/abouzeid/smart_turtle_ws/install/smart_turtle_interface/share/smart_turtle_interface/cmake/smart_turtle_interfaceConfig-version.cmake
[1.031s] -- Up-to-date: /home/abouzeid/smart_turtle_ws/install/smart_turtle_interface/share/smart_turtle_interface/package.xml
[1.034s] Invoked command in '/home/abouzeid/smart_turtle_ws/build/smart_turtle_interface' returned '0': CMAKE_PREFIX_PATH=${CMAKE_PREFIX_PATH}:/opt/ros/jazzy DEBUGINFOD_URLS=https://debuginfod.ubuntu.com /usr/bin/cmake --install /home/abouzeid/smart_turtle_ws/build/smart_turtle_interface
