[0.012s] Invoking command in '/home/abouzeid/smart_turtle_ws/build/smart_turtle_interface': CMAKE_PREFIX_PATH=${CMAKE_PREFIX_PATH}:/home/abouzeid/smart_turtle_ws/install/smart_turtle_pkg:/opt/ros/jazzy DEBUGINFOD_URLS=https://debuginfod.ubuntu.com /usr/bin/cmake --build /home/abouzeid/smart_turtle_ws/build/smart_turtle_interface -- -j20 -l20
[0.087s] [  2%] Built target smart_turtle_interface__rosidl_generator_type_description
[0.105s] [  2%] Built target ament_cmake_python_copy_smart_turtle_interface
[0.128s] [  5%] Built target smart_turtle_interface__cpp
[0.130s] [ 20%] Built target smart_turtle_interface__rosidl_generator_c
[0.180s] [ 29%] Built target smart_turtle_interface__rosidl_typesupport_cpp
[0.181s] [ 38%] Built target smart_turtle_interface__rosidl_typesupport_introspection_cpp
[0.185s] [ 47%] Built target smart_turtle_interface__rosidl_typesupport_fastrtps_cpp
[0.187s] [ 55%] Built target smart_turtle_interface__rosidl_typesupport_c
[0.187s] [ 64%] Built target smart_turtle_interface__rosidl_typesupport_introspection_c
[0.188s] [ 73%] Built target smart_turtle_interface__rosidl_typesupport_fastrtps_c
[0.236s] [ 73%] Built target smart_turtle_interface
[0.289s] [ 76%] Built target smart_turtle_interface__py
[0.353s] [ 82%] Built target smart_turtle_interface__rosidl_generator_py
[0.420s] [ 88%] Built target smart_turtle_interface_s__rosidl_typesupport_fastrtps_c
[0.421s] [ 94%] Built target smart_turtle_interface_s__rosidl_typesupport_c
[0.423s] [100%] Built target smart_turtle_interface_s__rosidl_typesupport_introspection_c
[0.659s] running egg_info
[0.714s] writing smart_turtle_interface.egg-info/PKG-INFO
[0.715s] writing dependency_links to smart_turtle_interface.egg-info/dependency_links.txt
[0.715s] writing top-level names to smart_turtle_interface.egg-info/top_level.txt
[0.868s] reading manifest file 'smart_turtle_interface.egg-info/SOURCES.txt'
[0.870s] writing manifest file 'smart_turtle_interface.egg-info/SOURCES.txt'
[0.954s] [100%] Built target ament_cmake_python_build_smart_turtle_interface_egg
[0.986s] Invoked command in '/home/abouzeid/smart_turtle_ws/build/smart_turtle_interface' returned '0': CMAKE_PREFIX_PATH=${CMAKE_PREFIX_PATH}:/home/abouzeid/smart_turtle_ws/install/smart_turtle_pkg:/opt/ros/jazzy DEBUGINFOD_URLS=https://debuginfod.ubuntu.com /usr/bin/cmake --build /home/abouzeid/smart_turtle_ws/build/smart_turtle_interface -- -j20 -l20
[1.016s] Invoking command in '/home/abouzeid/smart_turtle_ws/build/smart_turtle_interface': CMAKE_PREFIX_PATH=${CMAKE_PREFIX_PATH}:/home/abouzeid/smart_turtle_ws/install/smart_turtle_pkg:/opt/ros/jazzy DEBUGINFOD_URLS=https://debuginfod.ubuntu.com /usr/bin/cmake --install /home/abouzeid/smart_turtle_ws/build/smart_turtle_interface
[1.039s] -- Install configuration: ""
[1.039s] -- Up-to-date: /home/abouzeid/smart_turtle_ws/install/smart_turtle_interface/share/ament_index/resource_index/rosidl_interfaces/smart_turtle_interface
[1.040s] -- Up-to-date: /home/abouzeid/smart_turtle_ws/install/smart_turtle_interface/share/smart_turtle_interface/msg/TurtleCommand.json
[1.040s] -- Up-to-date: /home/abouzeid/smart_turtle_ws/install/smart_turtle_interface/include/smart_turtle_interface/smart_turtle_interface
[1.040s] -- Up-to-date: /home/abouzeid/smart_turtle_ws/install/smart_turtle_interface/include/smart_turtle_interface/smart_turtle_interface/msg
[1.040s] -- Up-to-date: /home/abouzeid/smart_turtle_ws/install/smart_turtle_interface/include/smart_turtle_interface/smart_turtle_interface/msg/turtle_command.h
[1.040s] -- Up-to-date: /home/abouzeid/smart_turtle_ws/install/smart_turtle_interface/include/smart_turtle_interface/smart_turtle_interface/msg/rosidl_generator_c__visibility_control.h
[1.041s] -- Up-to-date: /home/abouzeid/smart_turtle_ws/install/smart_turtle_interface/include/smart_turtle_interface/smart_turtle_interface/msg/detail
[1.041s] -- Up-to-date: /home/abouzeid/smart_turtle_ws/install/smart_turtle_interface/include/smart_turtle_interface/smart_turtle_interface/msg/detail/turtle_command__type_support.c
[1.041s] -- Up-to-date: /home/abouzeid/smart_turtle_ws/install/smart_turtle_interface/include/smart_turtle_interface/smart_turtle_interface/msg/detail/turtle_command__description.c
[1.041s] -- Up-to-date: /home/abouzeid/smart_turtle_ws/install/smart_turtle_interface/include/smart_turtle_interface/smart_turtle_interface/msg/detail/turtle_command__functions.c
[1.041s] -- Up-to-date: /home/abouzeid/smart_turtle_ws/install/smart_turtle_interface/include/smart_turtle_interface/smart_turtle_interface/msg/detail/turtle_command__type_support.h
[1.042s] -- Up-to-date: /home/abouzeid/smart_turtle_ws/install/smart_turtle_interface/include/smart_turtle_interface/smart_turtle_interface/msg/detail/turtle_command__functions.h
[1.042s] -- Up-to-date: /home/abouzeid/smart_turtle_ws/install/smart_turtle_interface/include/smart_turtle_interface/smart_turtle_interface/msg/detail/turtle_command__struct.h
[1.042s] -- Up-to-date: /home/abouzeid/smart_turtle_ws/install/smart_turtle_interface/share/smart_turtle_interface/environment/library_path.sh
[1.042s] -- Up-to-date: /home/abouzeid/smart_turtle_ws/install/smart_turtle_interface/share/smart_turtle_interface/environment/library_path.dsv
[1.042s] -- Up-to-date: /home/abouzeid/smart_turtle_ws/install/smart_turtle_interface/lib/libsmart_turtle_interface__rosidl_generator_c.so
[1.043s] -- Up-to-date: /home/abouzeid/smart_turtle_ws/install/smart_turtle_interface/include/smart_turtle_interface/smart_turtle_interface
[1.043s] -- Up-to-date: /home/abouzeid/smart_turtle_ws/install/smart_turtle_interface/include/smart_turtle_interface/smart_turtle_interface/msg
[1.043s] -- Up-to-date: /home/abouzeid/smart_turtle_ws/install/smart_turtle_interface/include/smart_turtle_interface/smart_turtle_interface/msg/rosidl_typesupport_fastrtps_c__visibility_control.h
[1.043s] -- Up-to-date: /home/abouzeid/smart_turtle_ws/install/smart_turtle_interface/include/smart_turtle_interface/smart_turtle_interface/msg/detail
[1.043s] -- Up-to-date: /home/abouzeid/smart_turtle_ws/install/smart_turtle_interface/include/smart_turtle_interface/smart_turtle_interface/msg/detail/turtle_command__rosidl_typesupport_fastrtps_c.h
[1.043s] -- Up-to-date: /home/abouzeid/smart_turtle_ws/install/smart_turtle_interface/lib/libsmart_turtle_interface__rosidl_typesupport_fastrtps_c.so
[1.044s] -- Up-to-date: /home/abouzeid/smart_turtle_ws/install/smart_turtle_interface/include/smart_turtle_interface/smart_turtle_interface
[1.044s] -- Up-to-date: /home/abouzeid/smart_turtle_ws/install/smart_turtle_interface/include/smart_turtle_interface/smart_turtle_interface/msg
[1.044s] -- Up-to-date: /home/abouzeid/smart_turtle_ws/install/smart_turtle_interface/include/smart_turtle_interface/smart_turtle_interface/msg/rosidl_typesupport_introspection_c__visibility_control.h
[1.044s] -- Up-to-date: /home/abouzeid/smart_turtle_ws/install/smart_turtle_interface/include/smart_turtle_interface/smart_turtle_interface/msg/detail
[1.044s] -- Up-to-date: /home/abouzeid/smart_turtle_ws/install/smart_turtle_interface/include/smart_turtle_interface/smart_turtle_interface/msg/detail/turtle_command__type_support.c
[1.044s] -- Up-to-date: /home/abouzeid/smart_turtle_ws/install/smart_turtle_interface/include/smart_turtle_interface/smart_turtle_interface/msg/detail/turtle_command__rosidl_typesupport_introspection_c.h
[1.045s] -- Up-to-date: /home/abouzeid/smart_turtle_ws/install/smart_turtle_interface/lib/libsmart_turtle_interface__rosidl_typesupport_introspection_c.so
[1.045s] -- Up-to-date: /home/abouzeid/smart_turtle_ws/install/smart_turtle_interface/lib/libsmart_turtle_interface__rosidl_typesupport_c.so
[1.045s] -- Up-to-date: /home/abouzeid/smart_turtle_ws/install/smart_turtle_interface/include/smart_turtle_interface/smart_turtle_interface
[1.045s] -- Up-to-date: /home/abouzeid/smart_turtle_ws/install/smart_turtle_interface/include/smart_turtle_interface/smart_turtle_interface/msg
[1.046s] -- Up-to-date: /home/abouzeid/smart_turtle_ws/install/smart_turtle_interface/include/smart_turtle_interface/smart_turtle_interface/msg/turtle_command.hpp
[1.046s] -- Up-to-date: /home/abouzeid/smart_turtle_ws/install/smart_turtle_interface/include/smart_turtle_interface/smart_turtle_interface/msg/rosidl_generator_cpp__visibility_control.hpp
[1.046s] -- Up-to-date: /home/abouzeid/smart_turtle_ws/install/smart_turtle_interface/include/smart_turtle_interface/smart_turtle_interface/msg/detail
[1.046s] -- Up-to-date: /home/abouzeid/smart_turtle_ws/install/smart_turtle_interface/include/smart_turtle_interface/smart_turtle_interface/msg/detail/turtle_command__type_support.hpp
[1.046s] -- Up-to-date: /home/abouzeid/smart_turtle_ws/install/smart_turtle_interface/include/smart_turtle_interface/smart_turtle_interface/msg/detail/turtle_command__struct.hpp
[1.047s] -- Up-to-date: /home/abouzeid/smart_turtle_ws/install/smart_turtle_interface/include/smart_turtle_interface/smart_turtle_interface/msg/detail/turtle_command__traits.hpp
[1.047s] -- Up-to-date: /home/abouzeid/smart_turtle_ws/install/smart_turtle_interface/include/smart_turtle_interface/smart_turtle_interface/msg/detail/turtle_command__builder.hpp
[1.047s] -- Up-to-date: /home/abouzeid/smart_turtle_ws/install/smart_turtle_interface/include/smart_turtle_interface/smart_turtle_interface
[1.047s] -- Up-to-date: /home/abouzeid/smart_turtle_ws/install/smart_turtle_interface/include/smart_turtle_interface/smart_turtle_interface/msg
[1.047s] -- Up-to-date: /home/abouzeid/smart_turtle_ws/install/smart_turtle_interface/include/smart_turtle_interface/smart_turtle_interface/msg/rosidl_typesupport_fastrtps_cpp__visibility_control.h
[1.047s] -- Up-to-date: /home/abouzeid/smart_turtle_ws/install/smart_turtle_interface/include/smart_turtle_interface/smart_turtle_interface/msg/detail
[1.048s] -- Up-to-date: /home/abouzeid/smart_turtle_ws/install/smart_turtle_interface/include/smart_turtle_interface/smart_turtle_interface/msg/detail/dds_fastrtps
[1.048s] -- Up-to-date: /home/abouzeid/smart_turtle_ws/install/smart_turtle_interface/include/smart_turtle_interface/smart_turtle_interface/msg/detail/turtle_command__rosidl_typesupport_fastrtps_cpp.hpp
[1.048s] -- Up-to-date: /home/abouzeid/smart_turtle_ws/install/smart_turtle_interface/lib/libsmart_turtle_interface__rosidl_typesupport_fastrtps_cpp.so
[1.048s] -- Up-to-date: /home/abouzeid/smart_turtle_ws/install/smart_turtle_interface/include/smart_turtle_interface/smart_turtle_interface
[1.048s] -- Up-to-date: /home/abouzeid/smart_turtle_ws/install/smart_turtle_interface/include/smart_turtle_interface/smart_turtle_interface/msg
[1.048s] -- Up-to-date: /home/abouzeid/smart_turtle_ws/install/smart_turtle_interface/include/smart_turtle_interface/smart_turtle_interface/msg/detail
[1.049s] -- Up-to-date: /home/abouzeid/smart_turtle_ws/install/smart_turtle_interface/include/smart_turtle_interface/smart_turtle_interface/msg/detail/turtle_command__type_support.cpp
[1.049s] -- Up-to-date: /home/abouzeid/smart_turtle_ws/install/smart_turtle_interface/include/smart_turtle_interface/smart_turtle_interface/msg/detail/turtle_command__rosidl_typesupport_introspection_cpp.hpp
[1.049s] -- Up-to-date: /home/abouzeid/smart_turtle_ws/install/smart_turtle_interface/lib/libsmart_turtle_interface__rosidl_typesupport_introspection_cpp.so
[1.049s] -- Up-to-date: /home/abouzeid/smart_turtle_ws/install/smart_turtle_interface/lib/libsmart_turtle_interface__rosidl_typesupport_cpp.so
[1.049s] -- Up-to-date: /home/abouzeid/smart_turtle_ws/install/smart_turtle_interface/share/smart_turtle_interface/environment/pythonpath.sh
[1.049s] -- Up-to-date: /home/abouzeid/smart_turtle_ws/install/smart_turtle_interface/share/smart_turtle_interface/environment/pythonpath.dsv
[1.050s] -- Up-to-date: /home/abouzeid/smart_turtle_ws/install/smart_turtle_interface/lib/python3.12/site-packages/smart_turtle_interface-0.0.0-py3.12.egg-info
[1.050s] -- Installing: /home/abouzeid/smart_turtle_ws/install/smart_turtle_interface/lib/python3.12/site-packages/smart_turtle_interface-0.0.0-py3.12.egg-info/dependency_links.txt
[1.050s] -- Installing: /home/abouzeid/smart_turtle_ws/install/smart_turtle_interface/lib/python3.12/site-packages/smart_turtle_interface-0.0.0-py3.12.egg-info/PKG-INFO
[1.050s] -- Installing: /home/abouzeid/smart_turtle_ws/install/smart_turtle_interface/lib/python3.12/site-packages/smart_turtle_interface-0.0.0-py3.12.egg-info/top_level.txt
[1.050s] -- Installing: /home/abouzeid/smart_turtle_ws/install/smart_turtle_interface/lib/python3.12/site-packages/smart_turtle_interface-0.0.0-py3.12.egg-info/SOURCES.txt
[1.051s] -- Up-to-date: /home/abouzeid/smart_turtle_ws/install/smart_turtle_interface/lib/python3.12/site-packages/smart_turtle_interface
[1.051s] -- Up-to-date: /home/abouzeid/smart_turtle_ws/install/smart_turtle_interface/lib/python3.12/site-packages/smart_turtle_interface/_smart_turtle_interface_s.ep.rosidl_typesupport_c.c
[1.051s] -- Up-to-date: /home/abouzeid/smart_turtle_ws/install/smart_turtle_interface/lib/python3.12/site-packages/smart_turtle_interface/smart_turtle_interface_s__rosidl_typesupport_fastrtps_c.so
[1.051s] -- Up-to-date: /home/abouzeid/smart_turtle_ws/install/smart_turtle_interface/lib/python3.12/site-packages/smart_turtle_interface/smart_turtle_interface_s__rosidl_typesupport_c.so
[1.051s] -- Up-to-date: /home/abouzeid/smart_turtle_ws/install/smart_turtle_interface/lib/python3.12/site-packages/smart_turtle_interface/__init__.py
[1.051s] -- Up-to-date: /home/abouzeid/smart_turtle_ws/install/smart_turtle_interface/lib/python3.12/site-packages/smart_turtle_interface/_smart_turtle_interface_s.ep.rosidl_typesupport_fastrtps_c.c
[1.051s] -- Up-to-date: /home/abouzeid/smart_turtle_ws/install/smart_turtle_interface/lib/python3.12/site-packages/smart_turtle_interface/smart_turtle_interface_s__rosidl_typesupport_introspection_c.so
[1.052s] -- Up-to-date: /home/abouzeid/smart_turtle_ws/install/smart_turtle_interface/lib/python3.12/site-packages/smart_turtle_interface/msg
[1.052s] -- Up-to-date: /home/abouzeid/smart_turtle_ws/install/smart_turtle_interface/lib/python3.12/site-packages/smart_turtle_interface/msg/_turtle_command_s.c
[1.052s] -- Up-to-date: /home/abouzeid/smart_turtle_ws/install/smart_turtle_interface/lib/python3.12/site-packages/smart_turtle_interface/msg/_turtle_command.py
[1.052s] -- Up-to-date: /home/abouzeid/smart_turtle_ws/install/smart_turtle_interface/lib/python3.12/site-packages/smart_turtle_interface/msg/__init__.py
[1.052s] -- Up-to-date: /home/abouzeid/smart_turtle_ws/install/smart_turtle_interface/lib/python3.12/site-packages/smart_turtle_interface/_smart_turtle_interface_s.ep.rosidl_typesupport_introspection_c.c
[1.164s] Listing '/home/abouzeid/smart_turtle_ws/install/smart_turtle_interface/lib/python3.12/site-packages/smart_turtle_interface'...
[1.165s] Listing '/home/abouzeid/smart_turtle_ws/install/smart_turtle_interface/lib/python3.12/site-packages/smart_turtle_interface/msg'...
[1.181s] -- Up-to-date: /home/abouzeid/smart_turtle_ws/install/smart_turtle_interface/lib/python3.12/site-packages/smart_turtle_interface/smart_turtle_interface_s__rosidl_typesupport_fastrtps_c.so
[1.182s] -- Up-to-date: /home/abouzeid/smart_turtle_ws/install/smart_turtle_interface/lib/python3.12/site-packages/smart_turtle_interface/smart_turtle_interface_s__rosidl_typesupport_introspection_c.so
[1.183s] -- Up-to-date: /home/abouzeid/smart_turtle_ws/install/smart_turtle_interface/lib/python3.12/site-packages/smart_turtle_interface/smart_turtle_interface_s__rosidl_typesupport_c.so
[1.184s] -- Up-to-date: /home/abouzeid/smart_turtle_ws/install/smart_turtle_interface/lib/libsmart_turtle_interface__rosidl_generator_py.so
[1.185s] -- Up-to-date: /home/abouzeid/smart_turtle_ws/install/smart_turtle_interface/share/smart_turtle_interface/msg/TurtleCommand.idl
[1.185s] -- Up-to-date: /home/abouzeid/smart_turtle_ws/install/smart_turtle_interface/share/smart_turtle_interface/msg/TurtleCommand.msg
[1.185s] -- Up-to-date: /home/abouzeid/smart_turtle_ws/install/smart_turtle_interface/share/ament_index/resource_index/package_run_dependencies/smart_turtle_interface
[1.185s] -- Up-to-date: /home/abouzeid/smart_turtle_ws/install/smart_turtle_interface/share/ament_index/resource_index/parent_prefix_path/smart_turtle_interface
[1.186s] -- Up-to-date: /home/abouzeid/smart_turtle_ws/install/smart_turtle_interface/share/smart_turtle_interface/environment/ament_prefix_path.sh
[1.186s] -- Up-to-date: /home/abouzeid/smart_turtle_ws/install/smart_turtle_interface/share/smart_turtle_interface/environment/ament_prefix_path.dsv
[1.186s] -- Up-to-date: /home/abouzeid/smart_turtle_ws/install/smart_turtle_interface/share/smart_turtle_interface/environment/path.sh
[1.186s] -- Up-to-date: /home/abouzeid/smart_turtle_ws/install/smart_turtle_interface/share/smart_turtle_interface/environment/path.dsv
[1.186s] -- Up-to-date: /home/abouzeid/smart_turtle_ws/install/smart_turtle_interface/share/smart_turtle_interface/local_setup.bash
[1.186s] -- Up-to-date: /home/abouzeid/smart_turtle_ws/install/smart_turtle_interface/share/smart_turtle_interface/local_setup.sh
[1.187s] -- Up-to-date: /home/abouzeid/smart_turtle_ws/install/smart_turtle_interface/share/smart_turtle_interface/local_setup.zsh
[1.187s] -- Up-to-date: /home/abouzeid/smart_turtle_ws/install/smart_turtle_interface/share/smart_turtle_interface/local_setup.dsv
[1.187s] -- Installing: /home/abouzeid/smart_turtle_ws/install/smart_turtle_interface/share/smart_turtle_interface/package.dsv
[1.187s] -- Up-to-date: /home/abouzeid/smart_turtle_ws/install/smart_turtle_interface/share/ament_index/resource_index/packages/smart_turtle_interface
[1.187s] -- Up-to-date: /home/abouzeid/smart_turtle_ws/install/smart_turtle_interface/share/smart_turtle_interface/cmake/export_smart_turtle_interface__rosidl_generator_cExport.cmake
[1.188s] -- Up-to-date: /home/abouzeid/smart_turtle_ws/install/smart_turtle_interface/share/smart_turtle_interface/cmake/export_smart_turtle_interface__rosidl_generator_cExport-noconfig.cmake
[1.188s] -- Up-to-date: /home/abouzeid/smart_turtle_ws/install/smart_turtle_interface/share/smart_turtle_interface/cmake/export_smart_turtle_interface__rosidl_typesupport_fastrtps_cExport.cmake
[1.189s] -- Up-to-date: /home/abouzeid/smart_turtle_ws/install/smart_turtle_interface/share/smart_turtle_interface/cmake/export_smart_turtle_interface__rosidl_typesupport_fastrtps_cExport-noconfig.cmake
[1.189s] -- Up-to-date: /home/abouzeid/smart_turtle_ws/install/smart_turtle_interface/share/smart_turtle_interface/cmake/smart_turtle_interface__rosidl_typesupport_introspection_cExport.cmake
[1.189s] -- Up-to-date: /home/abouzeid/smart_turtle_ws/install/smart_turtle_interface/share/smart_turtle_interface/cmake/smart_turtle_interface__rosidl_typesupport_introspection_cExport-noconfig.cmake
[1.189s] -- Up-to-date: /home/abouzeid/smart_turtle_ws/install/smart_turtle_interface/share/smart_turtle_interface/cmake/smart_turtle_interface__rosidl_typesupport_cExport.cmake
[1.189s] -- Up-to-date: /home/abouzeid/smart_turtle_ws/install/smart_turtle_interface/share/smart_turtle_interface/cmake/smart_turtle_interface__rosidl_typesupport_cExport-noconfig.cmake
[1.190s] -- Up-to-date: /home/abouzeid/smart_turtle_ws/install/smart_turtle_interface/share/smart_turtle_interface/cmake/export_smart_turtle_interface__rosidl_generator_cppExport.cmake
[1.190s] -- Up-to-date: /home/abouzeid/smart_turtle_ws/install/smart_turtle_interface/share/smart_turtle_interface/cmake/export_smart_turtle_interface__rosidl_typesupport_fastrtps_cppExport.cmake
[1.190s] -- Up-to-date: /home/abouzeid/smart_turtle_ws/install/smart_turtle_interface/share/smart_turtle_interface/cmake/export_smart_turtle_interface__rosidl_typesupport_fastrtps_cppExport-noconfig.cmake
[1.190s] -- Up-to-date: /home/abouzeid/smart_turtle_ws/install/smart_turtle_interface/share/smart_turtle_interface/cmake/smart_turtle_interface__rosidl_typesupport_introspection_cppExport.cmake
[1.190s] -- Up-to-date: /home/abouzeid/smart_turtle_ws/install/smart_turtle_interface/share/smart_turtle_interface/cmake/smart_turtle_interface__rosidl_typesupport_introspection_cppExport-noconfig.cmake
[1.190s] -- Up-to-date: /home/abouzeid/smart_turtle_ws/install/smart_turtle_interface/share/smart_turtle_interface/cmake/smart_turtle_interface__rosidl_typesupport_cppExport.cmake
[1.190s] -- Up-to-date: /home/abouzeid/smart_turtle_ws/install/smart_turtle_interface/share/smart_turtle_interface/cmake/smart_turtle_interface__rosidl_typesupport_cppExport-noconfig.cmake
[1.191s] -- Up-to-date: /home/abouzeid/smart_turtle_ws/install/smart_turtle_interface/share/smart_turtle_interface/cmake/export_smart_turtle_interface__rosidl_generator_pyExport.cmake
[1.191s] -- Up-to-date: /home/abouzeid/smart_turtle_ws/install/smart_turtle_interface/share/smart_turtle_interface/cmake/export_smart_turtle_interface__rosidl_generator_pyExport-noconfig.cmake
[1.191s] -- Up-to-date: /home/abouzeid/smart_turtle_ws/install/smart_turtle_interface/share/smart_turtle_interface/cmake/rosidl_cmake-extras.cmake
[1.191s] -- Up-to-date: /home/abouzeid/smart_turtle_ws/install/smart_turtle_interface/share/smart_turtle_interface/cmake/ament_cmake_export_include_directories-extras.cmake
[1.191s] -- Up-to-date: /home/abouzeid/smart_turtle_ws/install/smart_turtle_interface/share/smart_turtle_interface/cmake/ament_cmake_export_libraries-extras.cmake
[1.191s] -- Up-to-date: /home/abouzeid/smart_turtle_ws/install/smart_turtle_interface/share/smart_turtle_interface/cmake/ament_cmake_export_targets-extras.cmake
[1.192s] -- Up-to-date: /home/abouzeid/smart_turtle_ws/install/smart_turtle_interface/share/smart_turtle_interface/cmake/rosidl_cmake_export_typesupport_targets-extras.cmake
[1.192s] -- Up-to-date: /home/abouzeid/smart_turtle_ws/install/smart_turtle_interface/share/smart_turtle_interface/cmake/ament_cmake_export_dependencies-extras.cmake
[1.192s] -- Up-to-date: /home/abouzeid/smart_turtle_ws/install/smart_turtle_interface/share/smart_turtle_interface/cmake/rosidl_cmake_export_typesupport_libraries-extras.cmake
[1.192s] -- Up-to-date: /home/abouzeid/smart_turtle_ws/install/smart_turtle_interface/share/smart_turtle_interface/cmake/smart_turtle_interfaceConfig.cmake
[1.192s] -- Up-to-date: /home/abouzeid/smart_turtle_ws/install/smart_turtle_interface/share/smart_turtle_interface/cmake/smart_turtle_interfaceConfig-version.cmake
[1.192s] -- Up-to-date: /home/abouzeid/smart_turtle_ws/install/smart_turtle_interface/share/smart_turtle_interface/package.xml
[1.195s] Invoked command in '/home/abouzeid/smart_turtle_ws/build/smart_turtle_interface' returned '0': CMAKE_PREFIX_PATH=${CMAKE_PREFIX_PATH}:/home/abouzeid/smart_turtle_ws/install/smart_turtle_pkg:/opt/ros/jazzy DEBUGINFOD_URLS=https://debuginfod.ubuntu.com /usr/bin/cmake --install /home/abouzeid/smart_turtle_ws/build/smart_turtle_interface
