[1.356s] Invoking command in '/home/abouzeid/smart_turtle_ws/src/smart_turtle_pkg': CMAKE_PREFIX_PATH=/home/abouzeid/smart_turtle_ws/install/smart_turtle_interface:/home/abouzeid/smart_turtle_ws/install/smart_turtle_bringup:/opt/ros/jazzy/opt/gz_math_vendor:/opt/ros/jazzy/opt/gz_utils_vendor:/opt/ros/jazzy/opt/gz_cmake_vendor DEBUGINFOD_URLS=https://debuginfod.ubuntu.com PYTHONPATH=/home/abouzeid/smart_turtle_ws/build/smart_turtle_pkg/prefix_override:/usr/lib/python3/dist-packages/colcon_core/task/python/colcon_distutils_commands:/home/abouzeid/smart_turtle_ws/install/smart_turtle_pkg/lib/python3.12/site-packages:/home/abouzeid/smart_turtle_ws/install/smart_turtle_interface/lib/python3.12/site-packages:/home/abouzeid/smart_turtle_ws/install/smart_turtle_pkg/lib/python3.12/site-packages:/opt/ros/jazzy/lib/python3.12/site-packages /usr/bin/python3 -W ignore:setup.py install is deprecated -W ignore:easy_install command is deprecated setup.py egg_info --egg-base ../../build/smart_turtle_pkg build --build-base /home/abouzeid/smart_turtle_ws/build/smart_turtle_pkg/build install --record /home/abouzeid/smart_turtle_ws/build/smart_turtle_pkg/install.log --single-version-externally-managed install_data
[1.781s] running egg_info
[1.824s] writing ../../build/smart_turtle_pkg/smart_turtle_pkg.egg-info/PKG-INFO
[1.825s] writing dependency_links to ../../build/smart_turtle_pkg/smart_turtle_pkg.egg-info/dependency_links.txt
[1.825s] writing entry points to ../../build/smart_turtle_pkg/smart_turtle_pkg.egg-info/entry_points.txt
[1.826s] writing requirements to ../../build/smart_turtle_pkg/smart_turtle_pkg.egg-info/requires.txt
[1.826s] writing top-level names to ../../build/smart_turtle_pkg/smart_turtle_pkg.egg-info/top_level.txt
[1.926s] reading manifest file '../../build/smart_turtle_pkg/smart_turtle_pkg.egg-info/SOURCES.txt'
[1.928s] writing manifest file '../../build/smart_turtle_pkg/smart_turtle_pkg.egg-info/SOURCES.txt'
[1.929s] running build
[1.929s] running build_py
[1.930s] copying smart_turtle_pkg/turtle_controller.py -> /home/abouzeid/smart_turtle_ws/build/smart_turtle_pkg/build/lib/smart_turtle_pkg
[1.930s] running install
[1.950s] running install_lib
[1.991s] copying /home/abouzeid/smart_turtle_ws/build/smart_turtle_pkg/build/lib/smart_turtle_pkg/turtle_controller.py -> /home/abouzeid/smart_turtle_ws/install/smart_turtle_pkg/lib/python3.12/site-packages/smart_turtle_pkg
[1.993s] byte-compiling /home/abouzeid/smart_turtle_ws/install/smart_turtle_pkg/lib/python3.12/site-packages/smart_turtle_pkg/turtle_controller.py to turtle_controller.cpython-312.pyc
[1.995s] running install_data
[1.995s] running install_egg_info
[2.030s] removing '/home/abouzeid/smart_turtle_ws/install/smart_turtle_pkg/lib/python3.12/site-packages/smart_turtle_pkg-0.0.0-py3.12.egg-info' (and everything under it)
[2.030s] Copying ../../build/smart_turtle_pkg/smart_turtle_pkg.egg-info to /home/abouzeid/smart_turtle_ws/install/smart_turtle_pkg/lib/python3.12/site-packages/smart_turtle_pkg-0.0.0-py3.12.egg-info
[2.031s] running install_scripts
[2.294s] Installing command_publisher script to /home/abouzeid/smart_turtle_ws/install/smart_turtle_pkg/lib/smart_turtle_pkg
[2.294s] Installing reset_node script to /home/abouzeid/smart_turtle_ws/install/smart_turtle_pkg/lib/smart_turtle_pkg
[2.294s] Installing turtle_controller script to /home/abouzeid/smart_turtle_ws/install/smart_turtle_pkg/lib/smart_turtle_pkg
[2.295s] writing list of installed files to '/home/abouzeid/smart_turtle_ws/build/smart_turtle_pkg/install.log'
[2.350s] Invoked command in '/home/abouzeid/smart_turtle_ws/src/smart_turtle_pkg' returned '0': CMAKE_PREFIX_PATH=/home/abouzeid/smart_turtle_ws/install/smart_turtle_interface:/home/abouzeid/smart_turtle_ws/install/smart_turtle_bringup:/opt/ros/jazzy/opt/gz_math_vendor:/opt/ros/jazzy/opt/gz_utils_vendor:/opt/ros/jazzy/opt/gz_cmake_vendor DEBUGINFOD_URLS=https://debuginfod.ubuntu.com PYTHONPATH=/home/abouzeid/smart_turtle_ws/build/smart_turtle_pkg/prefix_override:/usr/lib/python3/dist-packages/colcon_core/task/python/colcon_distutils_commands:/home/abouzeid/smart_turtle_ws/install/smart_turtle_pkg/lib/python3.12/site-packages:/home/abouzeid/smart_turtle_ws/install/smart_turtle_interface/lib/python3.12/site-packages:/home/abouzeid/smart_turtle_ws/install/smart_turtle_pkg/lib/python3.12/site-packages:/opt/ros/jazzy/lib/python3.12/site-packages /usr/bin/python3 -W ignore:setup.py install is deprecated -W ignore:easy_install command is deprecated setup.py egg_info --egg-base ../../build/smart_turtle_pkg build --build-base /home/abouzeid/smart_turtle_ws/build/smart_turtle_pkg/build install --record /home/abouzeid/smart_turtle_ws/build/smart_turtle_pkg/install.log --single-version-externally-managed install_data
