[0.020s] Invoking command in '/home/abouzeid/smart_turtle_ws/build/smart_turtle_bringup': AMENT_PREFIX_PATH=/home/abouzeid/smart_turtle_ws/install/smart_turtle_pkg:/home/abouzeid/smart_turtle_ws/install/smart_turtle_bringup:/home/abouzeid/smart_turtle_ws/install/smart_turtle_interface:/opt/ros/jazzy CMAKE_PREFIX_PATH=${CMAKE_PREFIX_PATH}:/home/abouzeid/smart_turtle_ws/install/smart_turtle_pkg:/opt/ros/jazzy DEBUGINFOD_URLS=https://debuginfod.ubuntu.com /usr/bin/cmake /home/abouzeid/smart_turtle_ws/src/smart_turtle_bringup -DCMAKE_INSTALL_PREFIX=/home/abouzeid/smart_turtle_ws/install/smart_turtle_bringup
[0.104s] -- The C compiler identification is GNU 13.3.0
[0.197s] -- The CXX compiler identification is GNU 13.3.0
[0.237s] -- Detecting C compiler ABI info
[0.449s] -- Detecting C compiler ABI info - done
[0.479s] -- Check for working C compiler: /usr/bin/cc - skipped
[0.480s] -- Detecting C compile features
[0.481s] -- Detecting C compile features - done
[0.509s] -- Detecting CXX compiler ABI info
[0.803s] -- Detecting CXX compiler ABI info - done
[0.837s] -- Check for working CXX compiler: /usr/bin/c++ - skipped
[0.838s] -- Detecting CXX compile features
[0.839s] -- Detecting CXX compile features - done
[0.846s] -- Found ament_cmake: 2.5.5 (/opt/ros/jazzy/share/ament_cmake/cmake)
[1.121s] -- Found Python3: /usr/bin/python3 (found version "3.12.3") found components: Interpreter 
[1.349s] -- Found ament_lint_auto: 0.17.4 (/opt/ros/jazzy/share/ament_lint_auto/cmake)
[1.640s] -- Added test 'flake8' to check Python code syntax and style conventions
[1.640s] -- Configured 'flake8' exclude dirs and/or files: 
[1.642s] -- Added test 'lint_cmake' to check CMake code style
[1.643s] -- Added test 'pep257' to check Python code against some of the docstring style conventions in PEP 257
[1.645s] -- Added test 'xmllint' to check XML markup files
[1.648s] -- Configuring done (1.6s)
[1.654s] -- Generating done (0.0s)
[1.657s] -- Build files have been written to: /home/abouzeid/smart_turtle_ws/build/smart_turtle_bringup
[1.670s] Invoked command in '/home/abouzeid/smart_turtle_ws/build/smart_turtle_bringup' returned '0': AMENT_PREFIX_PATH=/home/abouzeid/smart_turtle_ws/install/smart_turtle_pkg:/home/abouzeid/smart_turtle_ws/install/smart_turtle_bringup:/home/abouzeid/smart_turtle_ws/install/smart_turtle_interface:/opt/ros/jazzy CMAKE_PREFIX_PATH=${CMAKE_PREFIX_PATH}:/home/abouzeid/smart_turtle_ws/install/smart_turtle_pkg:/opt/ros/jazzy DEBUGINFOD_URLS=https://debuginfod.ubuntu.com /usr/bin/cmake /home/abouzeid/smart_turtle_ws/src/smart_turtle_bringup -DCMAKE_INSTALL_PREFIX=/home/abouzeid/smart_turtle_ws/install/smart_turtle_bringup
[1.672s] Invoking command in '/home/abouzeid/smart_turtle_ws/build/smart_turtle_bringup': AMENT_PREFIX_PATH=/home/abouzeid/smart_turtle_ws/install/smart_turtle_pkg:/home/abouzeid/smart_turtle_ws/install/smart_turtle_bringup:/home/abouzeid/smart_turtle_ws/install/smart_turtle_interface:/opt/ros/jazzy CMAKE_PREFIX_PATH=${CMAKE_PREFIX_PATH}:/home/abouzeid/smart_turtle_ws/install/smart_turtle_pkg:/opt/ros/jazzy DEBUGINFOD_URLS=https://debuginfod.ubuntu.com /usr/bin/cmake --build /home/abouzeid/smart_turtle_ws/build/smart_turtle_bringup -- -j20 -l20
[1.763s] Invoked command in '/home/abouzeid/smart_turtle_ws/build/smart_turtle_bringup' returned '0': AMENT_PREFIX_PATH=/home/abouzeid/smart_turtle_ws/install/smart_turtle_pkg:/home/abouzeid/smart_turtle_ws/install/smart_turtle_bringup:/home/abouzeid/smart_turtle_ws/install/smart_turtle_interface:/opt/ros/jazzy CMAKE_PREFIX_PATH=${CMAKE_PREFIX_PATH}:/home/abouzeid/smart_turtle_ws/install/smart_turtle_pkg:/opt/ros/jazzy DEBUGINFOD_URLS=https://debuginfod.ubuntu.com /usr/bin/cmake --build /home/abouzeid/smart_turtle_ws/build/smart_turtle_bringup -- -j20 -l20
[1.783s] Invoking command in '/home/abouzeid/smart_turtle_ws/build/smart_turtle_bringup': AMENT_PREFIX_PATH=/home/abouzeid/smart_turtle_ws/install/smart_turtle_pkg:/home/abouzeid/smart_turtle_ws/install/smart_turtle_bringup:/home/abouzeid/smart_turtle_ws/install/smart_turtle_interface:/opt/ros/jazzy CMAKE_PREFIX_PATH=${CMAKE_PREFIX_PATH}:/home/abouzeid/smart_turtle_ws/install/smart_turtle_pkg:/opt/ros/jazzy DEBUGINFOD_URLS=https://debuginfod.ubuntu.com /usr/bin/cmake --install /home/abouzeid/smart_turtle_ws/build/smart_turtle_bringup
[1.800s] -- Install configuration: ""
[1.801s] -- Installing: /home/abouzeid/smart_turtle_ws/install/smart_turtle_bringup/share/smart_turtle_bringup//launch
[1.801s] -- Installing: /home/abouzeid/smart_turtle_ws/install/smart_turtle_bringup/share/smart_turtle_bringup//launch/smart_turtle.launch.py
[1.801s] -- Installing: /home/abouzeid/smart_turtle_ws/install/smart_turtle_bringup/share/smart_turtle_bringup//config
[1.801s] -- Installing: /home/abouzeid/smart_turtle_ws/install/smart_turtle_bringup/share/smart_turtle_bringup//config/turtle_param.yaml
[1.801s] -- Installing: /home/abouzeid/smart_turtle_ws/install/smart_turtle_bringup/share/ament_index/resource_index/package_run_dependencies/smart_turtle_bringup
[1.802s] -- Installing: /home/abouzeid/smart_turtle_ws/install/smart_turtle_bringup/share/ament_index/resource_index/parent_prefix_path/smart_turtle_bringup
[1.802s] -- Installing: /home/abouzeid/smart_turtle_ws/install/smart_turtle_bringup/share/smart_turtle_bringup/environment/ament_prefix_path.sh
[1.802s] -- Installing: /home/abouzeid/smart_turtle_ws/install/smart_turtle_bringup/share/smart_turtle_bringup/environment/ament_prefix_path.dsv
[1.802s] -- Installing: /home/abouzeid/smart_turtle_ws/install/smart_turtle_bringup/share/smart_turtle_bringup/environment/path.sh
[1.803s] -- Installing: /home/abouzeid/smart_turtle_ws/install/smart_turtle_bringup/share/smart_turtle_bringup/environment/path.dsv
[1.803s] -- Installing: /home/abouzeid/smart_turtle_ws/install/smart_turtle_bringup/share/smart_turtle_bringup/local_setup.bash
[1.803s] -- Installing: /home/abouzeid/smart_turtle_ws/install/smart_turtle_bringup/share/smart_turtle_bringup/local_setup.sh
[1.804s] -- Installing: /home/abouzeid/smart_turtle_ws/install/smart_turtle_bringup/share/smart_turtle_bringup/local_setup.zsh
[1.804s] -- Installing: /home/abouzeid/smart_turtle_ws/install/smart_turtle_bringup/share/smart_turtle_bringup/local_setup.dsv
[1.804s] -- Installing: /home/abouzeid/smart_turtle_ws/install/smart_turtle_bringup/share/smart_turtle_bringup/package.dsv
[1.804s] -- Installing: /home/abouzeid/smart_turtle_ws/install/smart_turtle_bringup/share/ament_index/resource_index/packages/smart_turtle_bringup
[1.804s] -- Installing: /home/abouzeid/smart_turtle_ws/install/smart_turtle_bringup/share/smart_turtle_bringup/cmake/smart_turtle_bringupConfig.cmake
[1.804s] -- Installing: /home/abouzeid/smart_turtle_ws/install/smart_turtle_bringup/share/smart_turtle_bringup/cmake/smart_turtle_bringupConfig-version.cmake
[1.804s] -- Installing: /home/abouzeid/smart_turtle_ws/install/smart_turtle_bringup/share/smart_turtle_bringup/package.xml
[1.808s] Invoked command in '/home/abouzeid/smart_turtle_ws/build/smart_turtle_bringup' returned '0': AMENT_PREFIX_PATH=/home/abouzeid/smart_turtle_ws/install/smart_turtle_pkg:/home/abouzeid/smart_turtle_ws/install/smart_turtle_bringup:/home/abouzeid/smart_turtle_ws/install/smart_turtle_interface:/opt/ros/jazzy CMAKE_PREFIX_PATH=${CMAKE_PREFIX_PATH}:/home/abouzeid/smart_turtle_ws/install/smart_turtle_pkg:/opt/ros/jazzy DEBUGINFOD_URLS=https://debuginfod.ubuntu.com /usr/bin/cmake --install /home/abouzeid/smart_turtle_ws/build/smart_turtle_bringup
