[0.160s] DEBUG:colcon:Command line arguments: ['/usr/bin/colcon', 'build']
[0.160s] DEBUG:colcon:Parsed command line arguments: Namespace(log_base=None, log_level=None, verb_name='build', build_base='build', install_base='install', merge_install=False, symlink_install=False, test_result_base=None, continue_on_error=False, executor='parallel', parallel_workers=20, event_handlers=None, ignore_user_meta=False, metas=['./colcon.meta'], base_paths=['.'], packages_ignore=None, packages_ignore_regex=None, paths=None, packages_up_to=None, packages_up_to_regex=None, packages_above=None, packages_above_and_dependencies=None, packages_above_depth=None, packages_select_by_dep=None, packages_skip_by_dep=None, packages_skip_up_to=None, packages_select_build_failed=False, packages_skip_build_finished=False, packages_select_test_failures=False, packages_skip_test_passed=False, packages_select=None, packages_skip=None, packages_select_regex=None, packages_skip_regex=None, packages_start=None, packages_end=None, allow_overriding=[], cmake_args=None, cmake_target=None, cmake_target_skip_unavailable=False, cmake_clean_cache=False, cmake_clean_first=False, cmake_force_configure=False, ament_cmake_args=None, catkin_cmake_args=None, catkin_skip_building_tests=False, mixin_files=None, mixin=None, verb_parser=<colcon_mixin.mixin.mixin_argument.MixinArgumentDecorator object at 0x7a4fb63a41d0>, verb_extension=<colcon_core.verb.build.BuildVerb object at 0x7a4fb64c89b0>, main=<bound method BuildVerb.main of <colcon_core.verb.build.BuildVerb object at 0x7a4fb64c89b0>>, mixin_verb=('build',))
[0.233s] Level 1:colcon.colcon_core.package_discovery:discover_packages(colcon_meta) check parameters
[0.233s] Level 1:colcon.colcon_core.package_discovery:discover_packages(recursive) check parameters
[0.233s] Level 1:colcon.colcon_core.package_discovery:discover_packages(ignore) check parameters
[0.233s] Level 1:colcon.colcon_core.package_discovery:discover_packages(path) check parameters
[0.233s] Level 1:colcon.colcon_core.package_discovery:discover_packages(colcon_meta) discover
[0.234s] Level 1:colcon.colcon_core.package_discovery:discover_packages(recursive) discover
[0.234s] INFO:colcon.colcon_core.package_discovery:Crawling recursively for packages in '/home/abouzeid/smart_turtle_ws'
[0.234s] Level 1:colcon.colcon_core.package_identification:_identify(.) by extensions ['ignore', 'ignore_ament_install']
[0.234s] Level 1:colcon.colcon_core.package_identification:_identify(.) by extension 'ignore'
[0.234s] Level 1:colcon.colcon_core.package_identification:_identify(.) by extension 'ignore_ament_install'
[0.234s] Level 1:colcon.colcon_core.package_identification:_identify(.) by extensions ['colcon_pkg']
[0.234s] Level 1:colcon.colcon_core.package_identification:_identify(.) by extension 'colcon_pkg'
[0.234s] Level 1:colcon.colcon_core.package_identification:_identify(.) by extensions ['colcon_meta']
[0.234s] Level 1:colcon.colcon_core.package_identification:_identify(.) by extension 'colcon_meta'
[0.234s] Level 1:colcon.colcon_core.package_identification:_identify(.) by extensions ['ros']
[0.234s] Level 1:colcon.colcon_core.package_identification:_identify(.) by extension 'ros'
[0.281s] Level 1:colcon.colcon_core.package_identification:_identify(.) by extensions ['cmake', 'python']
[0.281s] Level 1:colcon.colcon_core.package_identification:_identify(.) by extension 'cmake'
[0.281s] Level 1:colcon.colcon_core.package_identification:_identify(.) by extension 'python'
[0.282s] Level 1:colcon.colcon_core.package_identification:_identify(.) by extensions ['python_setup_py']
[0.282s] Level 1:colcon.colcon_core.package_identification:_identify(.) by extension 'python_setup_py'
[0.282s] Level 1:colcon.colcon_core.package_identification:_identify(build) by extensions ['ignore', 'ignore_ament_install']
[0.282s] Level 1:colcon.colcon_core.package_identification:_identify(build) by extension 'ignore'
[0.282s] Level 1:colcon.colcon_core.package_identification:_identify(build) ignored
[0.282s] Level 1:colcon.colcon_core.package_identification:_identify(install) by extensions ['ignore', 'ignore_ament_install']
[0.282s] Level 1:colcon.colcon_core.package_identification:_identify(install) by extension 'ignore'
[0.282s] Level 1:colcon.colcon_core.package_identification:_identify(install) ignored
[0.283s] Level 1:colcon.colcon_core.package_identification:_identify(log) by extensions ['ignore', 'ignore_ament_install']
[0.283s] Level 1:colcon.colcon_core.package_identification:_identify(log) by extension 'ignore'
[0.283s] Level 1:colcon.colcon_core.package_identification:_identify(log) ignored
[0.283s] Level 1:colcon.colcon_core.package_identification:_identify(src) by extensions ['ignore', 'ignore_ament_install']
[0.283s] Level 1:colcon.colcon_core.package_identification:_identify(src) by extension 'ignore'
[0.283s] Level 1:colcon.colcon_core.package_identification:_identify(src) by extension 'ignore_ament_install'
[0.283s] Level 1:colcon.colcon_core.package_identification:_identify(src) by extensions ['colcon_pkg']
[0.283s] Level 1:colcon.colcon_core.package_identification:_identify(src) by extension 'colcon_pkg'
[0.283s] Level 1:colcon.colcon_core.package_identification:_identify(src) by extensions ['colcon_meta']
[0.283s] Level 1:colcon.colcon_core.package_identification:_identify(src) by extension 'colcon_meta'
[0.283s] Level 1:colcon.colcon_core.package_identification:_identify(src) by extensions ['ros']
[0.283s] Level 1:colcon.colcon_core.package_identification:_identify(src) by extension 'ros'
[0.284s] Level 1:colcon.colcon_core.package_identification:_identify(src) by extensions ['cmake', 'python']
[0.284s] Level 1:colcon.colcon_core.package_identification:_identify(src) by extension 'cmake'
[0.284s] Level 1:colcon.colcon_core.package_identification:_identify(src) by extension 'python'
[0.284s] Level 1:colcon.colcon_core.package_identification:_identify(src) by extensions ['python_setup_py']
[0.284s] Level 1:colcon.colcon_core.package_identification:_identify(src) by extension 'python_setup_py'
[0.284s] Level 1:colcon.colcon_core.package_identification:_identify(src/smart_turtle_bringup) by extensions ['ignore', 'ignore_ament_install']
[0.284s] Level 1:colcon.colcon_core.package_identification:_identify(src/smart_turtle_bringup) by extension 'ignore'
[0.284s] Level 1:colcon.colcon_core.package_identification:_identify(src/smart_turtle_bringup) by extension 'ignore_ament_install'
[0.284s] Level 1:colcon.colcon_core.package_identification:_identify(src/smart_turtle_bringup) by extensions ['colcon_pkg']
[0.284s] Level 1:colcon.colcon_core.package_identification:_identify(src/smart_turtle_bringup) by extension 'colcon_pkg'
[0.284s] Level 1:colcon.colcon_core.package_identification:_identify(src/smart_turtle_bringup) by extensions ['colcon_meta']
[0.284s] Level 1:colcon.colcon_core.package_identification:_identify(src/smart_turtle_bringup) by extension 'colcon_meta'
[0.284s] Level 1:colcon.colcon_core.package_identification:_identify(src/smart_turtle_bringup) by extensions ['ros']
[0.284s] Level 1:colcon.colcon_core.package_identification:_identify(src/smart_turtle_bringup) by extension 'ros'
[0.288s] DEBUG:colcon.colcon_core.package_identification:Package 'src/smart_turtle_bringup' with type 'ros.ament_cmake' and name 'smart_turtle_bringup'
[0.289s] Level 1:colcon.colcon_core.package_identification:_identify(src/smart_turtle_interface) by extensions ['ignore', 'ignore_ament_install']
[0.289s] Level 1:colcon.colcon_core.package_identification:_identify(src/smart_turtle_interface) by extension 'ignore'
[0.289s] Level 1:colcon.colcon_core.package_identification:_identify(src/smart_turtle_interface) by extension 'ignore_ament_install'
[0.289s] Level 1:colcon.colcon_core.package_identification:_identify(src/smart_turtle_interface) by extensions ['colcon_pkg']
[0.289s] Level 1:colcon.colcon_core.package_identification:_identify(src/smart_turtle_interface) by extension 'colcon_pkg'
[0.289s] Level 1:colcon.colcon_core.package_identification:_identify(src/smart_turtle_interface) by extensions ['colcon_meta']
[0.289s] Level 1:colcon.colcon_core.package_identification:_identify(src/smart_turtle_interface) by extension 'colcon_meta'
[0.289s] Level 1:colcon.colcon_core.package_identification:_identify(src/smart_turtle_interface) by extensions ['ros']
[0.289s] Level 1:colcon.colcon_core.package_identification:_identify(src/smart_turtle_interface) by extension 'ros'
[0.290s] DEBUG:colcon.colcon_core.package_identification:Package 'src/smart_turtle_interface' with type 'ros.ament_cmake' and name 'smart_turtle_interface'
[0.290s] Level 1:colcon.colcon_core.package_identification:_identify(src/smart_turtle_pkg) by extensions ['ignore', 'ignore_ament_install']
[0.290s] Level 1:colcon.colcon_core.package_identification:_identify(src/smart_turtle_pkg) by extension 'ignore'
[0.290s] Level 1:colcon.colcon_core.package_identification:_identify(src/smart_turtle_pkg) by extension 'ignore_ament_install'
[0.291s] Level 1:colcon.colcon_core.package_identification:_identify(src/smart_turtle_pkg) by extensions ['colcon_pkg']
[0.291s] Level 1:colcon.colcon_core.package_identification:_identify(src/smart_turtle_pkg) by extension 'colcon_pkg'
[0.291s] Level 1:colcon.colcon_core.package_identification:_identify(src/smart_turtle_pkg) by extensions ['colcon_meta']
[0.291s] Level 1:colcon.colcon_core.package_identification:_identify(src/smart_turtle_pkg) by extension 'colcon_meta'
[0.291s] Level 1:colcon.colcon_core.package_identification:_identify(src/smart_turtle_pkg) by extensions ['ros']
[0.291s] Level 1:colcon.colcon_core.package_identification:_identify(src/smart_turtle_pkg) by extension 'ros'
[0.292s] DEBUG:colcon.colcon_core.package_identification:Package 'src/smart_turtle_pkg' with type 'ros.ament_python' and name 'smart_turtle_pkg'
[0.292s] Level 1:colcon.colcon_core.package_discovery:discover_packages(recursive) using defaults
[0.292s] Level 1:colcon.colcon_core.package_discovery:discover_packages(ignore) discover
[0.292s] Level 1:colcon.colcon_core.package_discovery:discover_packages(ignore) using defaults
[0.292s] Level 1:colcon.colcon_core.package_discovery:discover_packages(path) discover
[0.292s] Level 1:colcon.colcon_core.package_discovery:discover_packages(path) using defaults
[0.323s] Level 1:colcon.colcon_core.package_discovery:discover_packages(prefix_path) check parameters
[0.323s] Level 1:colcon.colcon_core.package_discovery:discover_packages(prefix_path) discover
[0.326s] DEBUG:colcon.colcon_installed_package_information.package_discovery:Found 3 installed packages in /home/abouzeid/smart_turtle_ws/install
[0.328s] DEBUG:colcon.colcon_installed_package_information.package_discovery:Found 286 installed packages in /opt/ros/jazzy
[0.330s] Level 1:colcon.colcon_core.package_discovery:discover_packages(prefix_path) using defaults
[0.396s] Level 5:colcon.colcon_core.verb:set package 'smart_turtle_interface' build argument 'cmake_args' from command line to 'None'
[0.396s] Level 5:colcon.colcon_core.verb:set package 'smart_turtle_interface' build argument 'cmake_target' from command line to 'None'
[0.396s] Level 5:colcon.colcon_core.verb:set package 'smart_turtle_interface' build argument 'cmake_target_skip_unavailable' from command line to 'False'
[0.396s] Level 5:colcon.colcon_core.verb:set package 'smart_turtle_interface' build argument 'cmake_clean_cache' from command line to 'False'
[0.396s] Level 5:colcon.colcon_core.verb:set package 'smart_turtle_interface' build argument 'cmake_clean_first' from command line to 'False'
[0.396s] Level 5:colcon.colcon_core.verb:set package 'smart_turtle_interface' build argument 'cmake_force_configure' from command line to 'False'
[0.396s] Level 5:colcon.colcon_core.verb:set package 'smart_turtle_interface' build argument 'ament_cmake_args' from command line to 'None'
[0.396s] Level 5:colcon.colcon_core.verb:set package 'smart_turtle_interface' build argument 'catkin_cmake_args' from command line to 'None'
[0.396s] Level 5:colcon.colcon_core.verb:set package 'smart_turtle_interface' build argument 'catkin_skip_building_tests' from command line to 'False'
[0.396s] DEBUG:colcon.colcon_core.verb:Building package 'smart_turtle_interface' with the following arguments: {'ament_cmake_args': None, 'build_base': '/home/abouzeid/smart_turtle_ws/build/smart_turtle_interface', 'catkin_cmake_args': None, 'catkin_skip_building_tests': False, 'cmake_args': None, 'cmake_clean_cache': False, 'cmake_clean_first': False, 'cmake_force_configure': False, 'cmake_target': None, 'cmake_target_skip_unavailable': False, 'install_base': '/home/abouzeid/smart_turtle_ws/install/smart_turtle_interface', 'merge_install': False, 'path': '/home/abouzeid/smart_turtle_ws/src/smart_turtle_interface', 'symlink_install': False, 'test_result_base': None}
[0.397s] Level 5:colcon.colcon_core.verb:set package 'smart_turtle_pkg' build argument 'cmake_args' from command line to 'None'
[0.397s] Level 5:colcon.colcon_core.verb:set package 'smart_turtle_pkg' build argument 'cmake_target' from command line to 'None'
[0.397s] Level 5:colcon.colcon_core.verb:set package 'smart_turtle_pkg' build argument 'cmake_target_skip_unavailable' from command line to 'False'
[0.397s] Level 5:colcon.colcon_core.verb:set package 'smart_turtle_pkg' build argument 'cmake_clean_cache' from command line to 'False'
[0.397s] Level 5:colcon.colcon_core.verb:set package 'smart_turtle_pkg' build argument 'cmake_clean_first' from command line to 'False'
[0.397s] Level 5:colcon.colcon_core.verb:set package 'smart_turtle_pkg' build argument 'cmake_force_configure' from command line to 'False'
[0.397s] Level 5:colcon.colcon_core.verb:set package 'smart_turtle_pkg' build argument 'ament_cmake_args' from command line to 'None'
[0.397s] Level 5:colcon.colcon_core.verb:set package 'smart_turtle_pkg' build argument 'catkin_cmake_args' from command line to 'None'
[0.397s] Level 5:colcon.colcon_core.verb:set package 'smart_turtle_pkg' build argument 'catkin_skip_building_tests' from command line to 'False'
[0.397s] DEBUG:colcon.colcon_core.verb:Building package 'smart_turtle_pkg' with the following arguments: {'ament_cmake_args': None, 'build_base': '/home/abouzeid/smart_turtle_ws/build/smart_turtle_pkg', 'catkin_cmake_args': None, 'catkin_skip_building_tests': False, 'cmake_args': None, 'cmake_clean_cache': False, 'cmake_clean_first': False, 'cmake_force_configure': False, 'cmake_target': None, 'cmake_target_skip_unavailable': False, 'install_base': '/home/abouzeid/smart_turtle_ws/install/smart_turtle_pkg', 'merge_install': False, 'path': '/home/abouzeid/smart_turtle_ws/src/smart_turtle_pkg', 'symlink_install': False, 'test_result_base': None}
[0.397s] Level 5:colcon.colcon_core.verb:set package 'smart_turtle_bringup' build argument 'cmake_args' from command line to 'None'
[0.397s] Level 5:colcon.colcon_core.verb:set package 'smart_turtle_bringup' build argument 'cmake_target' from command line to 'None'
[0.397s] Level 5:colcon.colcon_core.verb:set package 'smart_turtle_bringup' build argument 'cmake_target_skip_unavailable' from command line to 'False'
[0.398s] Level 5:colcon.colcon_core.verb:set package 'smart_turtle_bringup' build argument 'cmake_clean_cache' from command line to 'False'
[0.398s] Level 5:colcon.colcon_core.verb:set package 'smart_turtle_bringup' build argument 'cmake_clean_first' from command line to 'False'
[0.398s] Level 5:colcon.colcon_core.verb:set package 'smart_turtle_bringup' build argument 'cmake_force_configure' from command line to 'False'
[0.398s] Level 5:colcon.colcon_core.verb:set package 'smart_turtle_bringup' build argument 'ament_cmake_args' from command line to 'None'
[0.398s] Level 5:colcon.colcon_core.verb:set package 'smart_turtle_bringup' build argument 'catkin_cmake_args' from command line to 'None'
[0.398s] Level 5:colcon.colcon_core.verb:set package 'smart_turtle_bringup' build argument 'catkin_skip_building_tests' from command line to 'False'
[0.398s] DEBUG:colcon.colcon_core.verb:Building package 'smart_turtle_bringup' with the following arguments: {'ament_cmake_args': None, 'build_base': '/home/abouzeid/smart_turtle_ws/build/smart_turtle_bringup', 'catkin_cmake_args': None, 'catkin_skip_building_tests': False, 'cmake_args': None, 'cmake_clean_cache': False, 'cmake_clean_first': False, 'cmake_force_configure': False, 'cmake_target': None, 'cmake_target_skip_unavailable': False, 'install_base': '/home/abouzeid/smart_turtle_ws/install/smart_turtle_bringup', 'merge_install': False, 'path': '/home/abouzeid/smart_turtle_ws/src/smart_turtle_bringup', 'symlink_install': False, 'test_result_base': None}
[0.398s] INFO:colcon.colcon_core.executor:Executing jobs using 'parallel' executor
[0.399s] DEBUG:colcon.colcon_parallel_executor.executor.parallel:run_until_complete
[0.400s] INFO:colcon.colcon_ros.task.ament_cmake.build:Building ROS package in '/home/abouzeid/smart_turtle_ws/src/smart_turtle_interface' with build type 'ament_cmake'
[0.400s] INFO:colcon.colcon_cmake.task.cmake.build:Building CMake package in '/home/abouzeid/smart_turtle_ws/src/smart_turtle_interface'
[0.404s] INFO:colcon.colcon_core.plugin_system:Skipping extension 'colcon_core.shell.bat': Not used on non-Windows systems
[0.404s] INFO:colcon.colcon_core.shell:Skip shell extension 'powershell' for command environment: Not usable outside of PowerShell
[0.404s] DEBUG:colcon.colcon_core.shell:Skip shell extension 'dsv' for command environment
[0.421s] DEBUG:colcon.colcon_core.event_handler.log_command:Invoking command in '/home/abouzeid/smart_turtle_ws/build/smart_turtle_interface': CMAKE_PREFIX_PATH=${CMAKE_PREFIX_PATH}:/home/abouzeid/smart_turtle_ws/install/smart_turtle_pkg:/opt/ros/jazzy DEBUGINFOD_URLS=https://debuginfod.ubuntu.com /usr/bin/cmake --build /home/abouzeid/smart_turtle_ws/build/smart_turtle_interface -- -j20 -l20
[1.120s] DEBUG:colcon.colcon_core.event_handler.log_command:Invoked command in '/home/abouzeid/smart_turtle_ws/build/smart_turtle_interface' returned '0': CMAKE_PREFIX_PATH=${CMAKE_PREFIX_PATH}:/home/abouzeid/smart_turtle_ws/install/smart_turtle_pkg:/opt/ros/jazzy DEBUGINFOD_URLS=https://debuginfod.ubuntu.com /usr/bin/cmake --build /home/abouzeid/smart_turtle_ws/build/smart_turtle_interface -- -j20 -l20
[1.133s] DEBUG:colcon.colcon_core.event_handler.log_command:Invoking command in '/home/abouzeid/smart_turtle_ws/build/smart_turtle_interface': CMAKE_PREFIX_PATH=${CMAKE_PREFIX_PATH}:/home/abouzeid/smart_turtle_ws/install/smart_turtle_pkg:/opt/ros/jazzy DEBUGINFOD_URLS=https://debuginfod.ubuntu.com /usr/bin/cmake --install /home/abouzeid/smart_turtle_ws/build/smart_turtle_interface
[1.214s] Level 1:colcon.colcon_core.environment:create_environment_scripts_only(smart_turtle_interface)
[1.214s] DEBUG:colcon.colcon_core.event_handler.log_command:Invoked command in '/home/abouzeid/smart_turtle_ws/build/smart_turtle_interface' returned '0': CMAKE_PREFIX_PATH=${CMAKE_PREFIX_PATH}:/home/abouzeid/smart_turtle_ws/install/smart_turtle_pkg:/opt/ros/jazzy DEBUGINFOD_URLS=https://debuginfod.ubuntu.com /usr/bin/cmake --install /home/abouzeid/smart_turtle_ws/build/smart_turtle_interface
[1.218s] Level 1:colcon.colcon_core.environment:checking '/home/abouzeid/smart_turtle_ws/install/smart_turtle_interface' for CMake module files
[1.219s] Level 1:colcon.colcon_core.environment:checking '/home/abouzeid/smart_turtle_ws/install/smart_turtle_interface' for CMake config files
[1.219s] Level 1:colcon.colcon_core.shell:create_environment_hook('smart_turtle_interface', 'cmake_prefix_path')
[1.219s] INFO:colcon.colcon_core.shell:Creating environment hook '/home/abouzeid/smart_turtle_ws/install/smart_turtle_interface/share/smart_turtle_interface/hook/cmake_prefix_path.ps1'
[1.220s] INFO:colcon.colcon_core.shell:Creating environment descriptor '/home/abouzeid/smart_turtle_ws/install/smart_turtle_interface/share/smart_turtle_interface/hook/cmake_prefix_path.dsv'
[1.221s] INFO:colcon.colcon_core.shell:Creating environment hook '/home/abouzeid/smart_turtle_ws/install/smart_turtle_interface/share/smart_turtle_interface/hook/cmake_prefix_path.sh'
[1.222s] Level 1:colcon.colcon_core.environment:checking '/home/abouzeid/smart_turtle_ws/install/smart_turtle_interface/lib'
[1.222s] Level 1:colcon.colcon_core.shell:create_environment_hook('smart_turtle_interface', 'ld_library_path_lib')
[1.223s] INFO:colcon.colcon_core.shell:Creating environment hook '/home/abouzeid/smart_turtle_ws/install/smart_turtle_interface/share/smart_turtle_interface/hook/ld_library_path_lib.ps1'
[1.223s] INFO:colcon.colcon_core.shell:Creating environment descriptor '/home/abouzeid/smart_turtle_ws/install/smart_turtle_interface/share/smart_turtle_interface/hook/ld_library_path_lib.dsv'
[1.224s] INFO:colcon.colcon_core.shell:Creating environment hook '/home/abouzeid/smart_turtle_ws/install/smart_turtle_interface/share/smart_turtle_interface/hook/ld_library_path_lib.sh'
[1.224s] Level 1:colcon.colcon_core.environment:checking '/home/abouzeid/smart_turtle_ws/install/smart_turtle_interface/bin'
[1.224s] Level 1:colcon.colcon_core.environment:checking '/home/abouzeid/smart_turtle_ws/install/smart_turtle_interface/lib/pkgconfig/smart_turtle_interface.pc'
[1.225s] Level 1:colcon.colcon_core.environment:checking '/home/abouzeid/smart_turtle_ws/install/smart_turtle_interface/lib/python3.12/site-packages'
[1.225s] Level 1:colcon.colcon_core.shell:create_environment_hook('smart_turtle_interface', 'pythonpath')
[1.225s] INFO:colcon.colcon_core.shell:Creating environment hook '/home/abouzeid/smart_turtle_ws/install/smart_turtle_interface/share/smart_turtle_interface/hook/pythonpath.ps1'
[1.226s] INFO:colcon.colcon_core.shell:Creating environment descriptor '/home/abouzeid/smart_turtle_ws/install/smart_turtle_interface/share/smart_turtle_interface/hook/pythonpath.dsv'
[1.227s] INFO:colcon.colcon_core.shell:Creating environment hook '/home/abouzeid/smart_turtle_ws/install/smart_turtle_interface/share/smart_turtle_interface/hook/pythonpath.sh'
[1.228s] Level 1:colcon.colcon_core.environment:checking '/home/abouzeid/smart_turtle_ws/install/smart_turtle_interface/bin'
[1.228s] INFO:colcon.colcon_core.shell:Creating package script '/home/abouzeid/smart_turtle_ws/install/smart_turtle_interface/share/smart_turtle_interface/package.ps1'
[1.230s] INFO:colcon.colcon_core.shell:Creating package descriptor '/home/abouzeid/smart_turtle_ws/install/smart_turtle_interface/share/smart_turtle_interface/package.dsv'
[1.231s] INFO:colcon.colcon_core.shell:Creating package script '/home/abouzeid/smart_turtle_ws/install/smart_turtle_interface/share/smart_turtle_interface/package.sh'
[1.232s] INFO:colcon.colcon_core.shell:Creating package script '/home/abouzeid/smart_turtle_ws/install/smart_turtle_interface/share/smart_turtle_interface/package.bash'
[1.233s] INFO:colcon.colcon_core.shell:Creating package script '/home/abouzeid/smart_turtle_ws/install/smart_turtle_interface/share/smart_turtle_interface/package.zsh'
[1.234s] Level 1:colcon.colcon_core.environment:create_file_with_runtime_dependencies(/home/abouzeid/smart_turtle_ws/install/smart_turtle_interface/share/colcon-core/packages/smart_turtle_interface)
[1.235s] Level 1:colcon.colcon_core.environment:create_environment_scripts_only(smart_turtle_interface)
[1.235s] Level 1:colcon.colcon_core.environment:checking '/home/abouzeid/smart_turtle_ws/install/smart_turtle_interface' for CMake module files
[1.236s] Level 1:colcon.colcon_core.environment:checking '/home/abouzeid/smart_turtle_ws/install/smart_turtle_interface' for CMake config files
[1.237s] Level 1:colcon.colcon_core.shell:create_environment_hook('smart_turtle_interface', 'cmake_prefix_path')
[1.237s] INFO:colcon.colcon_core.shell:Creating environment hook '/home/abouzeid/smart_turtle_ws/install/smart_turtle_interface/share/smart_turtle_interface/hook/cmake_prefix_path.ps1'
[1.237s] INFO:colcon.colcon_core.shell:Creating environment descriptor '/home/abouzeid/smart_turtle_ws/install/smart_turtle_interface/share/smart_turtle_interface/hook/cmake_prefix_path.dsv'
[1.238s] INFO:colcon.colcon_core.shell:Creating environment hook '/home/abouzeid/smart_turtle_ws/install/smart_turtle_interface/share/smart_turtle_interface/hook/cmake_prefix_path.sh'
[1.239s] Level 1:colcon.colcon_core.environment:checking '/home/abouzeid/smart_turtle_ws/install/smart_turtle_interface/lib'
[1.239s] Level 1:colcon.colcon_core.shell:create_environment_hook('smart_turtle_interface', 'ld_library_path_lib')
[1.239s] INFO:colcon.colcon_core.shell:Creating environment hook '/home/abouzeid/smart_turtle_ws/install/smart_turtle_interface/share/smart_turtle_interface/hook/ld_library_path_lib.ps1'
[1.240s] INFO:colcon.colcon_core.shell:Creating environment descriptor '/home/abouzeid/smart_turtle_ws/install/smart_turtle_interface/share/smart_turtle_interface/hook/ld_library_path_lib.dsv'
[1.241s] INFO:colcon.colcon_core.shell:Creating environment hook '/home/abouzeid/smart_turtle_ws/install/smart_turtle_interface/share/smart_turtle_interface/hook/ld_library_path_lib.sh'
[1.241s] Level 1:colcon.colcon_core.environment:checking '/home/abouzeid/smart_turtle_ws/install/smart_turtle_interface/bin'
[1.242s] Level 1:colcon.colcon_core.environment:checking '/home/abouzeid/smart_turtle_ws/install/smart_turtle_interface/lib/pkgconfig/smart_turtle_interface.pc'
[1.242s] Level 1:colcon.colcon_core.environment:checking '/home/abouzeid/smart_turtle_ws/install/smart_turtle_interface/lib/python3.12/site-packages'
[1.242s] Level 1:colcon.colcon_core.shell:create_environment_hook('smart_turtle_interface', 'pythonpath')
[1.242s] INFO:colcon.colcon_core.shell:Creating environment hook '/home/abouzeid/smart_turtle_ws/install/smart_turtle_interface/share/smart_turtle_interface/hook/pythonpath.ps1'
[1.243s] INFO:colcon.colcon_core.shell:Creating environment descriptor '/home/abouzeid/smart_turtle_ws/install/smart_turtle_interface/share/smart_turtle_interface/hook/pythonpath.dsv'
[1.243s] INFO:colcon.colcon_core.shell:Creating environment hook '/home/abouzeid/smart_turtle_ws/install/smart_turtle_interface/share/smart_turtle_interface/hook/pythonpath.sh'
[1.244s] Level 1:colcon.colcon_core.environment:checking '/home/abouzeid/smart_turtle_ws/install/smart_turtle_interface/bin'
[1.244s] INFO:colcon.colcon_core.shell:Creating package script '/home/abouzeid/smart_turtle_ws/install/smart_turtle_interface/share/smart_turtle_interface/package.ps1'
[1.245s] INFO:colcon.colcon_core.shell:Creating package descriptor '/home/abouzeid/smart_turtle_ws/install/smart_turtle_interface/share/smart_turtle_interface/package.dsv'
[1.245s] INFO:colcon.colcon_core.shell:Creating package script '/home/abouzeid/smart_turtle_ws/install/smart_turtle_interface/share/smart_turtle_interface/package.sh'
[1.246s] INFO:colcon.colcon_core.shell:Creating package script '/home/abouzeid/smart_turtle_ws/install/smart_turtle_interface/share/smart_turtle_interface/package.bash'
[1.246s] INFO:colcon.colcon_core.shell:Creating package script '/home/abouzeid/smart_turtle_ws/install/smart_turtle_interface/share/smart_turtle_interface/package.zsh'
[1.247s] Level 1:colcon.colcon_core.environment:create_file_with_runtime_dependencies(/home/abouzeid/smart_turtle_ws/install/smart_turtle_interface/share/colcon-core/packages/smart_turtle_interface)
[1.247s] INFO:colcon.colcon_ros.task.ament_python.build:Building ROS package in '/home/abouzeid/smart_turtle_ws/src/smart_turtle_pkg' with build type 'ament_python'
[1.247s] Level 1:colcon.colcon_core.shell:create_environment_hook('smart_turtle_pkg', 'ament_prefix_path')
[1.247s] INFO:colcon.colcon_core.shell:Creating environment hook '/home/abouzeid/smart_turtle_ws/install/smart_turtle_pkg/share/smart_turtle_pkg/hook/ament_prefix_path.ps1'
[1.248s] INFO:colcon.colcon_core.shell:Creating environment descriptor '/home/abouzeid/smart_turtle_ws/install/smart_turtle_pkg/share/smart_turtle_pkg/hook/ament_prefix_path.dsv'
[1.249s] INFO:colcon.colcon_core.shell:Creating environment hook '/home/abouzeid/smart_turtle_ws/install/smart_turtle_pkg/share/smart_turtle_pkg/hook/ament_prefix_path.sh'
[1.250s] INFO:colcon.colcon_core.shell:Skip shell extension 'powershell' for command environment: Not usable outside of PowerShell
[1.250s] DEBUG:colcon.colcon_core.shell:Skip shell extension 'dsv' for command environment
[1.509s] INFO:colcon.colcon_core.task.python.build:Building Python package in '/home/abouzeid/smart_turtle_ws/src/smart_turtle_pkg'
[1.509s] INFO:colcon.colcon_core.shell:Skip shell extension 'powershell' for command environment: Not usable outside of PowerShell
[1.509s] DEBUG:colcon.colcon_core.shell:Skip shell extension 'dsv' for command environment
[2.132s] DEBUG:colcon.colcon_core.event_handler.log_command:Invoking command in '/home/abouzeid/smart_turtle_ws/src/smart_turtle_pkg': CMAKE_PREFIX_PATH=/home/abouzeid/smart_turtle_ws/install/smart_turtle_interface:/home/abouzeid/smart_turtle_ws/install/smart_turtle_bringup:/opt/ros/jazzy/opt/gz_math_vendor:/opt/ros/jazzy/opt/gz_utils_vendor:/opt/ros/jazzy/opt/gz_cmake_vendor DEBUGINFOD_URLS=https://debuginfod.ubuntu.com PYTHONPATH=/home/abouzeid/smart_turtle_ws/build/smart_turtle_pkg/prefix_override:/usr/lib/python3/dist-packages/colcon_core/task/python/colcon_distutils_commands:/home/abouzeid/smart_turtle_ws/install/smart_turtle_pkg/lib/python3.12/site-packages:/home/abouzeid/smart_turtle_ws/install/smart_turtle_interface/lib/python3.12/site-packages:/home/abouzeid/smart_turtle_ws/install/smart_turtle_pkg/lib/python3.12/site-packages:/opt/ros/jazzy/lib/python3.12/site-packages /usr/bin/python3 -W ignore:setup.py install is deprecated -W ignore:easy_install command is deprecated setup.py egg_info --egg-base ../../build/smart_turtle_pkg build --build-base /home/abouzeid/smart_turtle_ws/build/smart_turtle_pkg/build install --record /home/abouzeid/smart_turtle_ws/build/smart_turtle_pkg/install.log --single-version-externally-managed install_data
[2.679s] Level 1:colcon.colcon_core.environment:checking '/home/abouzeid/smart_turtle_ws/install/smart_turtle_pkg' for CMake module files
[2.680s] DEBUG:colcon.colcon_core.event_handler.log_command:Invoked command in '/home/abouzeid/smart_turtle_ws/src/smart_turtle_pkg' returned '0': CMAKE_PREFIX_PATH=/home/abouzeid/smart_turtle_ws/install/smart_turtle_interface:/home/abouzeid/smart_turtle_ws/install/smart_turtle_bringup:/opt/ros/jazzy/opt/gz_math_vendor:/opt/ros/jazzy/opt/gz_utils_vendor:/opt/ros/jazzy/opt/gz_cmake_vendor DEBUGINFOD_URLS=https://debuginfod.ubuntu.com PYTHONPATH=/home/abouzeid/smart_turtle_ws/build/smart_turtle_pkg/prefix_override:/usr/lib/python3/dist-packages/colcon_core/task/python/colcon_distutils_commands:/home/abouzeid/smart_turtle_ws/install/smart_turtle_pkg/lib/python3.12/site-packages:/home/abouzeid/smart_turtle_ws/install/smart_turtle_interface/lib/python3.12/site-packages:/home/abouzeid/smart_turtle_ws/install/smart_turtle_pkg/lib/python3.12/site-packages:/opt/ros/jazzy/lib/python3.12/site-packages /usr/bin/python3 -W ignore:setup.py install is deprecated -W ignore:easy_install command is deprecated setup.py egg_info --egg-base ../../build/smart_turtle_pkg build --build-base /home/abouzeid/smart_turtle_ws/build/smart_turtle_pkg/build install --record /home/abouzeid/smart_turtle_ws/build/smart_turtle_pkg/install.log --single-version-externally-managed install_data
[2.680s] Level 1:colcon.colcon_core.environment:checking '/home/abouzeid/smart_turtle_ws/install/smart_turtle_pkg' for CMake config files
[2.681s] Level 1:colcon.colcon_core.environment:checking '/home/abouzeid/smart_turtle_ws/install/smart_turtle_pkg/lib'
[2.681s] Level 1:colcon.colcon_core.environment:checking '/home/abouzeid/smart_turtle_ws/install/smart_turtle_pkg/bin'
[2.681s] Level 1:colcon.colcon_core.environment:checking '/home/abouzeid/smart_turtle_ws/install/smart_turtle_pkg/lib/pkgconfig/smart_turtle_pkg.pc'
[2.681s] Level 1:colcon.colcon_core.environment:checking '/home/abouzeid/smart_turtle_ws/install/smart_turtle_pkg/lib/python3.12/site-packages'
[2.681s] Level 1:colcon.colcon_core.shell:create_environment_hook('smart_turtle_pkg', 'pythonpath')
[2.681s] INFO:colcon.colcon_core.shell:Creating environment hook '/home/abouzeid/smart_turtle_ws/install/smart_turtle_pkg/share/smart_turtle_pkg/hook/pythonpath.ps1'
[2.682s] INFO:colcon.colcon_core.shell:Creating environment descriptor '/home/abouzeid/smart_turtle_ws/install/smart_turtle_pkg/share/smart_turtle_pkg/hook/pythonpath.dsv'
[2.682s] INFO:colcon.colcon_core.shell:Creating environment hook '/home/abouzeid/smart_turtle_ws/install/smart_turtle_pkg/share/smart_turtle_pkg/hook/pythonpath.sh'
[2.683s] Level 1:colcon.colcon_core.environment:checking '/home/abouzeid/smart_turtle_ws/install/smart_turtle_pkg/bin'
[2.683s] Level 1:colcon.colcon_core.environment:create_environment_scripts_only(smart_turtle_pkg)
[2.683s] INFO:colcon.colcon_core.shell:Creating package script '/home/abouzeid/smart_turtle_ws/install/smart_turtle_pkg/share/smart_turtle_pkg/package.ps1'
[2.684s] INFO:colcon.colcon_core.shell:Creating package descriptor '/home/abouzeid/smart_turtle_ws/install/smart_turtle_pkg/share/smart_turtle_pkg/package.dsv'
[2.684s] INFO:colcon.colcon_core.shell:Creating package script '/home/abouzeid/smart_turtle_ws/install/smart_turtle_pkg/share/smart_turtle_pkg/package.sh'
[2.685s] INFO:colcon.colcon_core.shell:Creating package script '/home/abouzeid/smart_turtle_ws/install/smart_turtle_pkg/share/smart_turtle_pkg/package.bash'
[2.685s] INFO:colcon.colcon_core.shell:Creating package script '/home/abouzeid/smart_turtle_ws/install/smart_turtle_pkg/share/smart_turtle_pkg/package.zsh'
[2.685s] Level 1:colcon.colcon_core.environment:create_file_with_runtime_dependencies(/home/abouzeid/smart_turtle_ws/install/smart_turtle_pkg/share/colcon-core/packages/smart_turtle_pkg)
[2.686s] INFO:colcon.colcon_ros.task.ament_cmake.build:Building ROS package in '/home/abouzeid/smart_turtle_ws/src/smart_turtle_bringup' with build type 'ament_cmake'
[2.686s] INFO:colcon.colcon_cmake.task.cmake.build:Building CMake package in '/home/abouzeid/smart_turtle_ws/src/smart_turtle_bringup'
[2.686s] INFO:colcon.colcon_core.shell:Skip shell extension 'powershell' for command environment: Not usable outside of PowerShell
[2.686s] DEBUG:colcon.colcon_core.shell:Skip shell extension 'dsv' for command environment
[2.701s] DEBUG:colcon.colcon_core.event_handler.log_command:Invoking command in '/home/abouzeid/smart_turtle_ws/build/smart_turtle_bringup': AMENT_PREFIX_PATH=/home/abouzeid/smart_turtle_ws/install/smart_turtle_pkg:/home/abouzeid/smart_turtle_ws/install/smart_turtle_bringup:/home/abouzeid/smart_turtle_ws/install/smart_turtle_interface:/opt/ros/jazzy CMAKE_PREFIX_PATH=/home/abouzeid/smart_turtle_ws/install/smart_turtle_interface:/home/abouzeid/smart_turtle_ws/install/smart_turtle_bringup:/opt/ros/jazzy/opt/gz_math_vendor:/opt/ros/jazzy/opt/gz_utils_vendor:/opt/ros/jazzy/opt/gz_cmake_vendor:/home/abouzeid/smart_turtle_ws/install/smart_turtle_pkg:/opt/ros/jazzy DEBUGINFOD_URLS=https://debuginfod.ubuntu.com /usr/bin/cmake --build /home/abouzeid/smart_turtle_ws/build/smart_turtle_bringup -- -j20 -l20
[2.756s] DEBUG:colcon.colcon_core.event_handler.log_command:Invoked command in '/home/abouzeid/smart_turtle_ws/build/smart_turtle_bringup' returned '0': AMENT_PREFIX_PATH=/home/abouzeid/smart_turtle_ws/install/smart_turtle_pkg:/home/abouzeid/smart_turtle_ws/install/smart_turtle_bringup:/home/abouzeid/smart_turtle_ws/install/smart_turtle_interface:/opt/ros/jazzy CMAKE_PREFIX_PATH=/home/abouzeid/smart_turtle_ws/install/smart_turtle_interface:/home/abouzeid/smart_turtle_ws/install/smart_turtle_bringup:/opt/ros/jazzy/opt/gz_math_vendor:/opt/ros/jazzy/opt/gz_utils_vendor:/opt/ros/jazzy/opt/gz_cmake_vendor:/home/abouzeid/smart_turtle_ws/install/smart_turtle_pkg:/opt/ros/jazzy DEBUGINFOD_URLS=https://debuginfod.ubuntu.com /usr/bin/cmake --build /home/abouzeid/smart_turtle_ws/build/smart_turtle_bringup -- -j20 -l20
[2.757s] DEBUG:colcon.colcon_core.event_handler.log_command:Invoking command in '/home/abouzeid/smart_turtle_ws/build/smart_turtle_bringup': AMENT_PREFIX_PATH=/home/abouzeid/smart_turtle_ws/install/smart_turtle_pkg:/home/abouzeid/smart_turtle_ws/install/smart_turtle_bringup:/home/abouzeid/smart_turtle_ws/install/smart_turtle_interface:/opt/ros/jazzy CMAKE_PREFIX_PATH=/home/abouzeid/smart_turtle_ws/install/smart_turtle_interface:/home/abouzeid/smart_turtle_ws/install/smart_turtle_bringup:/opt/ros/jazzy/opt/gz_math_vendor:/opt/ros/jazzy/opt/gz_utils_vendor:/opt/ros/jazzy/opt/gz_cmake_vendor:/home/abouzeid/smart_turtle_ws/install/smart_turtle_pkg:/opt/ros/jazzy DEBUGINFOD_URLS=https://debuginfod.ubuntu.com /usr/bin/cmake --install /home/abouzeid/smart_turtle_ws/build/smart_turtle_bringup
[2.770s] Level 1:colcon.colcon_core.environment:create_environment_scripts_only(smart_turtle_bringup)
[2.770s] Level 1:colcon.colcon_core.environment:checking '/home/abouzeid/smart_turtle_ws/install/smart_turtle_bringup' for CMake module files
[2.770s] DEBUG:colcon.colcon_core.event_handler.log_command:Invoked command in '/home/abouzeid/smart_turtle_ws/build/smart_turtle_bringup' returned '0': AMENT_PREFIX_PATH=/home/abouzeid/smart_turtle_ws/install/smart_turtle_pkg:/home/abouzeid/smart_turtle_ws/install/smart_turtle_bringup:/home/abouzeid/smart_turtle_ws/install/smart_turtle_interface:/opt/ros/jazzy CMAKE_PREFIX_PATH=/home/abouzeid/smart_turtle_ws/install/smart_turtle_interface:/home/abouzeid/smart_turtle_ws/install/smart_turtle_bringup:/opt/ros/jazzy/opt/gz_math_vendor:/opt/ros/jazzy/opt/gz_utils_vendor:/opt/ros/jazzy/opt/gz_cmake_vendor:/home/abouzeid/smart_turtle_ws/install/smart_turtle_pkg:/opt/ros/jazzy DEBUGINFOD_URLS=https://debuginfod.ubuntu.com /usr/bin/cmake --install /home/abouzeid/smart_turtle_ws/build/smart_turtle_bringup
[2.771s] Level 1:colcon.colcon_core.environment:checking '/home/abouzeid/smart_turtle_ws/install/smart_turtle_bringup' for CMake config files
[2.771s] Level 1:colcon.colcon_core.shell:create_environment_hook('smart_turtle_bringup', 'cmake_prefix_path')
[2.771s] INFO:colcon.colcon_core.shell:Creating environment hook '/home/abouzeid/smart_turtle_ws/install/smart_turtle_bringup/share/smart_turtle_bringup/hook/cmake_prefix_path.ps1'
[2.772s] INFO:colcon.colcon_core.shell:Creating environment descriptor '/home/abouzeid/smart_turtle_ws/install/smart_turtle_bringup/share/smart_turtle_bringup/hook/cmake_prefix_path.dsv'
[2.772s] INFO:colcon.colcon_core.shell:Creating environment hook '/home/abouzeid/smart_turtle_ws/install/smart_turtle_bringup/share/smart_turtle_bringup/hook/cmake_prefix_path.sh'
[2.773s] Level 1:colcon.colcon_core.environment:checking '/home/abouzeid/smart_turtle_ws/install/smart_turtle_bringup/bin'
[2.773s] Level 1:colcon.colcon_core.environment:checking '/home/abouzeid/smart_turtle_ws/install/smart_turtle_bringup/lib/pkgconfig/smart_turtle_bringup.pc'
[2.773s] Level 1:colcon.colcon_core.environment:checking '/home/abouzeid/smart_turtle_ws/install/smart_turtle_bringup/lib/python3.12/site-packages'
[2.774s] Level 1:colcon.colcon_core.environment:checking '/home/abouzeid/smart_turtle_ws/install/smart_turtle_bringup/bin'
[2.774s] INFO:colcon.colcon_core.shell:Creating package script '/home/abouzeid/smart_turtle_ws/install/smart_turtle_bringup/share/smart_turtle_bringup/package.ps1'
[2.775s] INFO:colcon.colcon_core.shell:Creating package descriptor '/home/abouzeid/smart_turtle_ws/install/smart_turtle_bringup/share/smart_turtle_bringup/package.dsv'
[2.775s] INFO:colcon.colcon_core.shell:Creating package script '/home/abouzeid/smart_turtle_ws/install/smart_turtle_bringup/share/smart_turtle_bringup/package.sh'
[2.775s] INFO:colcon.colcon_core.shell:Creating package script '/home/abouzeid/smart_turtle_ws/install/smart_turtle_bringup/share/smart_turtle_bringup/package.bash'
[2.776s] INFO:colcon.colcon_core.shell:Creating package script '/home/abouzeid/smart_turtle_ws/install/smart_turtle_bringup/share/smart_turtle_bringup/package.zsh'
[2.776s] Level 1:colcon.colcon_core.environment:create_file_with_runtime_dependencies(/home/abouzeid/smart_turtle_ws/install/smart_turtle_bringup/share/colcon-core/packages/smart_turtle_bringup)
[2.777s] Level 1:colcon.colcon_core.environment:create_environment_scripts_only(smart_turtle_bringup)
[2.777s] Level 1:colcon.colcon_core.environment:checking '/home/abouzeid/smart_turtle_ws/install/smart_turtle_bringup' for CMake module files
[2.778s] Level 1:colcon.colcon_core.environment:checking '/home/abouzeid/smart_turtle_ws/install/smart_turtle_bringup' for CMake config files
[2.778s] Level 1:colcon.colcon_core.shell:create_environment_hook('smart_turtle_bringup', 'cmake_prefix_path')
[2.778s] INFO:colcon.colcon_core.shell:Creating environment hook '/home/abouzeid/smart_turtle_ws/install/smart_turtle_bringup/share/smart_turtle_bringup/hook/cmake_prefix_path.ps1'
[2.779s] INFO:colcon.colcon_core.shell:Creating environment descriptor '/home/abouzeid/smart_turtle_ws/install/smart_turtle_bringup/share/smart_turtle_bringup/hook/cmake_prefix_path.dsv'
[2.779s] INFO:colcon.colcon_core.shell:Creating environment hook '/home/abouzeid/smart_turtle_ws/install/smart_turtle_bringup/share/smart_turtle_bringup/hook/cmake_prefix_path.sh'
[2.780s] Level 1:colcon.colcon_core.environment:checking '/home/abouzeid/smart_turtle_ws/install/smart_turtle_bringup/bin'
[2.780s] Level 1:colcon.colcon_core.environment:checking '/home/abouzeid/smart_turtle_ws/install/smart_turtle_bringup/lib/pkgconfig/smart_turtle_bringup.pc'
[2.780s] Level 1:colcon.colcon_core.environment:checking '/home/abouzeid/smart_turtle_ws/install/smart_turtle_bringup/lib/python3.12/site-packages'
[2.781s] Level 1:colcon.colcon_core.environment:checking '/home/abouzeid/smart_turtle_ws/install/smart_turtle_bringup/bin'
[2.781s] INFO:colcon.colcon_core.shell:Creating package script '/home/abouzeid/smart_turtle_ws/install/smart_turtle_bringup/share/smart_turtle_bringup/package.ps1'
[2.781s] INFO:colcon.colcon_core.shell:Creating package descriptor '/home/abouzeid/smart_turtle_ws/install/smart_turtle_bringup/share/smart_turtle_bringup/package.dsv'
[2.782s] INFO:colcon.colcon_core.shell:Creating package script '/home/abouzeid/smart_turtle_ws/install/smart_turtle_bringup/share/smart_turtle_bringup/package.sh'
[2.782s] INFO:colcon.colcon_core.shell:Creating package script '/home/abouzeid/smart_turtle_ws/install/smart_turtle_bringup/share/smart_turtle_bringup/package.bash'
[2.783s] INFO:colcon.colcon_core.shell:Creating package script '/home/abouzeid/smart_turtle_ws/install/smart_turtle_bringup/share/smart_turtle_bringup/package.zsh'
[2.783s] Level 1:colcon.colcon_core.environment:create_file_with_runtime_dependencies(/home/abouzeid/smart_turtle_ws/install/smart_turtle_bringup/share/colcon-core/packages/smart_turtle_bringup)
[2.784s] DEBUG:colcon.colcon_parallel_executor.executor.parallel:closing loop
[2.784s] DEBUG:colcon.colcon_parallel_executor.executor.parallel:loop closed
[2.784s] DEBUG:colcon.colcon_parallel_executor.executor.parallel:run_until_complete finished with '0'
[2.784s] DEBUG:colcon.colcon_core.event_reactor:joining thread
[2.791s] INFO:colcon.colcon_core.plugin_system:Skipping extension 'colcon_notification.desktop_notification.terminal_notifier': Not used on non-Darwin systems
[2.791s] INFO:colcon.colcon_core.plugin_system:Skipping extension 'colcon_notification.desktop_notification.win32': Not used on non-Windows systems
[2.791s] INFO:colcon.colcon_notification.desktop_notification:Sending desktop notification using 'notify2'
[2.804s] DEBUG:colcon.colcon_core.event_reactor:joined thread
[2.804s] INFO:colcon.colcon_core.shell:Creating prefix script '/home/abouzeid/smart_turtle_ws/install/local_setup.ps1'
[2.806s] INFO:colcon.colcon_core.shell:Creating prefix util module '/home/abouzeid/smart_turtle_ws/install/_local_setup_util_ps1.py'
[2.807s] INFO:colcon.colcon_core.shell:Creating prefix chain script '/home/abouzeid/smart_turtle_ws/install/setup.ps1'
[2.809s] INFO:colcon.colcon_core.shell:Creating prefix script '/home/abouzeid/smart_turtle_ws/install/local_setup.sh'
[2.809s] INFO:colcon.colcon_core.shell:Creating prefix util module '/home/abouzeid/smart_turtle_ws/install/_local_setup_util_sh.py'
[2.810s] INFO:colcon.colcon_core.shell:Creating prefix chain script '/home/abouzeid/smart_turtle_ws/install/setup.sh'
[2.811s] INFO:colcon.colcon_core.shell:Creating prefix script '/home/abouzeid/smart_turtle_ws/install/local_setup.bash'
[2.812s] INFO:colcon.colcon_core.shell:Creating prefix chain script '/home/abouzeid/smart_turtle_ws/install/setup.bash'
[2.813s] INFO:colcon.colcon_core.shell:Creating prefix script '/home/abouzeid/smart_turtle_ws/install/local_setup.zsh'
[2.813s] INFO:colcon.colcon_core.shell:Creating prefix chain script '/home/abouzeid/smart_turtle_ws/install/setup.zsh'
