[1.245s] Invoking command in '/home/abouzeid/smart_turtle_ws/src/smart_turtle_pkg': DEBUGINFOD_URLS=https://debuginfod.ubuntu.com PYTHONPATH=/home/abouzeid/smart_turtle_ws/build/smart_turtle_pkg/prefix_override:/usr/lib/python3/dist-packages/colcon_core/task/python/colcon_distutils_commands:/home/abouzeid/smart_turtle_ws/install/smart_turtle_pkg/lib/python3.12/site-packages:${PYTHONPATH} /usr/bin/python3 -W ignore:setup.py install is deprecated -W ignore:easy_install command is deprecated setup.py egg_info --egg-base ../../build/smart_turtle_pkg build --build-base /home/abouzeid/smart_turtle_ws/build/smart_turtle_pkg/build install --record /home/abouzeid/smart_turtle_ws/build/smart_turtle_pkg/install.log --single-version-externally-managed install_data
[1.536s] running egg_info
[1.554s] writing ../../build/smart_turtle_pkg/smart_turtle_pkg.egg-info/PKG-INFO
[1.554s] writing dependency_links to ../../build/smart_turtle_pkg/smart_turtle_pkg.egg-info/dependency_links.txt
[1.554s] writing entry points to ../../build/smart_turtle_pkg/smart_turtle_pkg.egg-info/entry_points.txt
[1.554s] writing requirements to ../../build/smart_turtle_pkg/smart_turtle_pkg.egg-info/requires.txt
[1.554s] writing top-level names to ../../build/smart_turtle_pkg/smart_turtle_pkg.egg-info/top_level.txt
[1.590s] reading manifest file '../../build/smart_turtle_pkg/smart_turtle_pkg.egg-info/SOURCES.txt'
[1.590s] writing manifest file '../../build/smart_turtle_pkg/smart_turtle_pkg.egg-info/SOURCES.txt'
[1.590s] running build
[1.591s] running build_py
[1.591s] running install
[1.599s] running install_lib
[1.622s] running install_data
[1.622s] running install_egg_info
[1.643s] removing '/home/abouzeid/smart_turtle_ws/install/smart_turtle_pkg/lib/python3.12/site-packages/smart_turtle_pkg-0.0.0-py3.12.egg-info' (and everything under it)
[1.643s] Copying ../../build/smart_turtle_pkg/smart_turtle_pkg.egg-info to /home/abouzeid/smart_turtle_ws/install/smart_turtle_pkg/lib/python3.12/site-packages/smart_turtle_pkg-0.0.0-py3.12.egg-info
[1.644s] running install_scripts
[1.773s] Installing command_publisher script to /home/abouzeid/smart_turtle_ws/install/smart_turtle_pkg/lib/smart_turtle_pkg
[1.774s] Installing reset_node script to /home/abouzeid/smart_turtle_ws/install/smart_turtle_pkg/lib/smart_turtle_pkg
[1.774s] Installing turtle_controller script to /home/abouzeid/smart_turtle_ws/install/smart_turtle_pkg/lib/smart_turtle_pkg
[1.774s] writing list of installed files to '/home/abouzeid/smart_turtle_ws/build/smart_turtle_pkg/install.log'
[1.807s] Invoked command in '/home/abouzeid/smart_turtle_ws/src/smart_turtle_pkg' returned '0': DEBUGINFOD_URLS=https://debuginfod.ubuntu.com PYTHONPATH=/home/abouzeid/smart_turtle_ws/build/smart_turtle_pkg/prefix_override:/usr/lib/python3/dist-packages/colcon_core/task/python/colcon_distutils_commands:/home/abouzeid/smart_turtle_ws/install/smart_turtle_pkg/lib/python3.12/site-packages:${PYTHONPATH} /usr/bin/python3 -W ignore:setup.py install is deprecated -W ignore:easy_install command is deprecated setup.py egg_info --egg-base ../../build/smart_turtle_pkg build --build-base /home/abouzeid/smart_turtle_ws/build/smart_turtle_pkg/build install --record /home/abouzeid/smart_turtle_ws/build/smart_turtle_pkg/install.log --single-version-externally-managed install_data
