[2.084s] Invoking command in '/home/abouzeid/smart_turtle_ws/src/smart_turtle_pkg': DEBUGINFOD_URLS=https://debuginfod.ubuntu.com PYTHONPATH=/home/abouzeid/smart_turtle_ws/build/smart_turtle_pkg/prefix_override:/usr/lib/python3/dist-packages/colcon_core/task/python/colcon_distutils_commands:/home/abouzeid/smart_turtle_ws/install/smart_turtle_pkg/lib/python3.12/site-packages:${PYTHONPATH} /usr/bin/python3 -W ignore:setup.py install is deprecated -W ignore:easy_install command is deprecated setup.py egg_info --egg-base ../../build/smart_turtle_pkg build --build-base /home/abouzeid/smart_turtle_ws/build/smart_turtle_pkg/build install --record /home/abouzeid/smart_turtle_ws/build/smart_turtle_pkg/install.log --single-version-externally-managed install_data
[2.809s] running egg_info
[2.840s] writing ../../build/smart_turtle_pkg/smart_turtle_pkg.egg-info/PKG-INFO
[2.841s] writing dependency_links to ../../build/smart_turtle_pkg/smart_turtle_pkg.egg-info/dependency_links.txt
[2.841s] writing entry points to ../../build/smart_turtle_pkg/smart_turtle_pkg.egg-info/entry_points.txt
[2.841s] writing requirements to ../../build/smart_turtle_pkg/smart_turtle_pkg.egg-info/requires.txt
[2.841s] writing top-level names to ../../build/smart_turtle_pkg/smart_turtle_pkg.egg-info/top_level.txt
[2.896s] reading manifest file '../../build/smart_turtle_pkg/smart_turtle_pkg.egg-info/SOURCES.txt'
[2.897s] writing manifest file '../../build/smart_turtle_pkg/smart_turtle_pkg.egg-info/SOURCES.txt'
[2.897s] running build
[2.897s] running build_py
[2.898s] copying smart_turtle_pkg/command_publisher.py -> /home/abouzeid/smart_turtle_ws/build/smart_turtle_pkg/build/lib/smart_turtle_pkg
[2.898s] running install
[2.908s] running install_lib
[2.934s] copying /home/abouzeid/smart_turtle_ws/build/smart_turtle_pkg/build/lib/smart_turtle_pkg/command_publisher.py -> /home/abouzeid/smart_turtle_ws/install/smart_turtle_pkg/lib/python3.12/site-packages/smart_turtle_pkg
[2.934s] byte-compiling /home/abouzeid/smart_turtle_ws/install/smart_turtle_pkg/lib/python3.12/site-packages/smart_turtle_pkg/command_publisher.py to command_publisher.cpython-312.pyc
[2.935s] running install_data
[2.935s] running install_egg_info
[2.959s] removing '/home/abouzeid/smart_turtle_ws/install/smart_turtle_pkg/lib/python3.12/site-packages/smart_turtle_pkg-0.0.0-py3.12.egg-info' (and everything under it)
[2.960s] Copying ../../build/smart_turtle_pkg/smart_turtle_pkg.egg-info to /home/abouzeid/smart_turtle_ws/install/smart_turtle_pkg/lib/python3.12/site-packages/smart_turtle_pkg-0.0.0-py3.12.egg-info
[2.960s] running install_scripts
[3.247s] Installing command_publisher script to /home/abouzeid/smart_turtle_ws/install/smart_turtle_pkg/lib/smart_turtle_pkg
[3.247s] Installing reset_node script to /home/abouzeid/smart_turtle_ws/install/smart_turtle_pkg/lib/smart_turtle_pkg
[3.247s] Installing turtle_controller script to /home/abouzeid/smart_turtle_ws/install/smart_turtle_pkg/lib/smart_turtle_pkg
[3.248s] writing list of installed files to '/home/abouzeid/smart_turtle_ws/build/smart_turtle_pkg/install.log'
[3.312s] Invoked command in '/home/abouzeid/smart_turtle_ws/src/smart_turtle_pkg' returned '0': DEBUGINFOD_URLS=https://debuginfod.ubuntu.com PYTHONPATH=/home/abouzeid/smart_turtle_ws/build/smart_turtle_pkg/prefix_override:/usr/lib/python3/dist-packages/colcon_core/task/python/colcon_distutils_commands:/home/abouzeid/smart_turtle_ws/install/smart_turtle_pkg/lib/python3.12/site-packages:${PYTHONPATH} /usr/bin/python3 -W ignore:setup.py install is deprecated -W ignore:easy_install command is deprecated setup.py egg_info --egg-base ../../build/smart_turtle_pkg build --build-base /home/abouzeid/smart_turtle_ws/build/smart_turtle_pkg/build install --record /home/abouzeid/smart_turtle_ws/build/smart_turtle_pkg/install.log --single-version-externally-managed install_data
