[0.018s] Invoking command in '/home/abouzeid/smart_turtle_ws/build/smart_turtle_interface': CMAKE_PREFIX_PATH=${CMAKE_PREFIX_PATH}:/opt/ros/jazzy DEBUGINFOD_URLS=https://debuginfod.ubuntu.com /usr/bin/cmake --build /home/abouzeid/smart_turtle_ws/build/smart_turtle_interface -- -j20 -l20
[0.063s] -- Found ament_cmake: 2.5.5 (/opt/ros/jazzy/share/ament_cmake/cmake)
[0.115s] -- Found Python3: /usr/bin/python3 (found version "3.12.3") found components: Interpreter 
[0.260s] -- Found rosidl_default_generators: 1.6.0 (/opt/ros/jazzy/share/rosidl_default_generators/cmake)
[0.264s] -- Using all available rosidl_typesupport_c: rosidl_typesupport_fastrtps_c;rosidl_typesupport_introspection_c
[0.324s] -- Using all available rosidl_typesupport_cpp: rosidl_typesupport_fastrtps_cpp;rosidl_typesupport_introspection_cpp
[0.373s] -- Found rosidl_adapter: 4.6.7 (/opt/ros/jazzy/share/rosidl_adapter/cmake)
[0.804s] -- Found ament_cmake_ros: 0.12.0 (/opt/ros/jazzy/share/ament_cmake_ros/cmake)
[0.957s] -- Using all available rosidl_typesupport_c: rosidl_typesupport_fastrtps_c;rosidl_typesupport_introspection_c
[1.159s] -- Using all available rosidl_typesupport_cpp: rosidl_typesupport_fastrtps_cpp;rosidl_typesupport_introspection_cpp
[1.161s] -- Found python_cmake_module: 0.11.1 (/opt/ros/jazzy/share/python_cmake_module/cmake)
[1.621s] -- Found Python3: /usr/bin/python3 (found version "3.12.3") found components: Interpreter Development NumPy Development.Module Development.Embed 
[1.647s] -- Configuring done (1.6s)
[1.693s] -- Generating done (0.0s)
[1.711s] -- Build files have been written to: /home/abouzeid/smart_turtle_ws/build/smart_turtle_interface
[1.779s] [  2%] [34m[1mGenerating type hashes for ROS interfaces[0m
[1.797s] [  2%] Built target ament_cmake_python_copy_smart_turtle_interface
[2.310s] [  2%] Built target smart_turtle_interface__rosidl_generator_type_description
[2.320s] running egg_info
[2.340s] [  5%] [34m[1mGenerating C code for ROS interfaces[0m
[2.369s] [  8%] [34m[1mGenerating C++ code for ROS interfaces[0m
[2.372s] writing smart_turtle_interface.egg-info/PKG-INFO
[2.373s] writing dependency_links to smart_turtle_interface.egg-info/dependency_links.txt
[2.374s] writing top-level names to smart_turtle_interface.egg-info/top_level.txt
[2.490s] reading manifest file 'smart_turtle_interface.egg-info/SOURCES.txt'
[2.491s] writing manifest file 'smart_turtle_interface.egg-info/SOURCES.txt'
[2.567s] [  8%] Built target ament_cmake_python_build_smart_turtle_interface_egg
[2.981s] [  8%] Built target smart_turtle_interface__cpp
[3.059s] [ 11%] [32mBuilding C object CMakeFiles/smart_turtle_interface__rosidl_generator_c.dir/rosidl_generator_c/smart_turtle_interface/msg/detail/turtle_command__description.c.o[0m
[3.060s] [ 14%] [32mBuilding C object CMakeFiles/smart_turtle_interface__rosidl_generator_c.dir/rosidl_generator_c/smart_turtle_interface/msg/detail/turtle_command__type_support.c.o[0m
[3.061s] [ 17%] [32mBuilding C object CMakeFiles/smart_turtle_interface__rosidl_generator_c.dir/rosidl_generator_c/smart_turtle_interface/msg/detail/turtle_command__functions.c.o[0m
[3.166s] [ 20%] [32m[1mLinking C shared library libsmart_turtle_interface__rosidl_generator_c.so[0m
[3.237s] [ 20%] Built target smart_turtle_interface__rosidl_generator_c
[3.258s] [ 23%] [34m[1mGenerating C introspection for ROS interfaces[0m
[3.261s] [ 26%] [34m[1mGenerating C++ type support for eProsima Fast-RTPS[0m
[3.261s] [ 29%] [34m[1mGenerating C++ type support dispatch for ROS interfaces[0m
[3.262s] [ 32%] [34m[1mGenerating C type support for eProsima Fast-RTPS[0m
[3.263s] [ 35%] [34m[1mGenerating C type support dispatch for ROS interfaces[0m
[3.264s] [ 38%] [34m[1mGenerating C++ introspection for ROS interfaces[0m
[3.890s] [ 41%] [32mBuilding CXX object CMakeFiles/smart_turtle_interface__rosidl_typesupport_c.dir/rosidl_typesupport_c/smart_turtle_interface/msg/turtle_command__type_support.cpp.o[0m
[3.892s] [ 44%] [32mBuilding CXX object CMakeFiles/smart_turtle_interface__rosidl_typesupport_cpp.dir/rosidl_typesupport_cpp/smart_turtle_interface/msg/turtle_command__type_support.cpp.o[0m
[3.930s] [ 47%] [32mBuilding CXX object CMakeFiles/smart_turtle_interface__rosidl_typesupport_introspection_cpp.dir/rosidl_typesupport_introspection_cpp/smart_turtle_interface/msg/detail/turtle_command__type_support.cpp.o[0m
[3.936s] [ 50%] [32mBuilding C object CMakeFiles/smart_turtle_interface__rosidl_typesupport_introspection_c.dir/rosidl_typesupport_introspection_c/smart_turtle_interface/msg/detail/turtle_command__type_support.c.o[0m
[3.960s] [ 52%] [32mBuilding CXX object CMakeFiles/smart_turtle_interface__rosidl_typesupport_fastrtps_cpp.dir/rosidl_typesupport_fastrtps_cpp/smart_turtle_interface/msg/detail/dds_fastrtps/turtle_command__type_support.cpp.o[0m
[4.000s] [ 55%] [32m[1mLinking CXX shared library libsmart_turtle_interface__rosidl_typesupport_c.so[0m
[4.009s] [ 58%] [32mBuilding CXX object CMakeFiles/smart_turtle_interface__rosidl_typesupport_fastrtps_c.dir/rosidl_typesupport_fastrtps_c/smart_turtle_interface/msg/detail/turtle_command__type_support_c.cpp.o[0m
[4.036s] [ 61%] [32m[1mLinking C shared library libsmart_turtle_interface__rosidl_typesupport_introspection_c.so[0m
[4.114s] [ 61%] Built target smart_turtle_interface__rosidl_typesupport_c
[4.114s] [ 61%] Built target smart_turtle_interface__rosidl_typesupport_introspection_c
[4.620s] [ 64%] [32m[1mLinking CXX shared library libsmart_turtle_interface__rosidl_typesupport_cpp.so[0m
[4.651s] [ 67%] [32m[1mLinking CXX shared library libsmart_turtle_interface__rosidl_typesupport_introspection_cpp.so[0m
[4.722s] [ 67%] Built target smart_turtle_interface__rosidl_typesupport_cpp
[4.803s] [ 67%] Built target smart_turtle_interface__rosidl_typesupport_introspection_cpp
[4.995s] [ 70%] [32m[1mLinking CXX shared library libsmart_turtle_interface__rosidl_typesupport_fastrtps_cpp.so[0m
[5.006s] [ 73%] [32m[1mLinking CXX shared library libsmart_turtle_interface__rosidl_typesupport_fastrtps_c.so[0m
[5.167s] [ 73%] Built target smart_turtle_interface__rosidl_typesupport_fastrtps_cpp
[5.180s] [ 73%] Built target smart_turtle_interface__rosidl_typesupport_fastrtps_c
[5.239s] [ 73%] Built target smart_turtle_interface
[5.283s] [ 76%] [34m[1mGenerating Python code for ROS interfaces[0m
[5.903s] [ 76%] Built target smart_turtle_interface__py
[5.945s] [ 79%] [32mBuilding C object CMakeFiles/smart_turtle_interface__rosidl_generator_py.dir/rosidl_generator_py/smart_turtle_interface/msg/_turtle_command_s.c.o[0m
[6.118s] [ 82%] [32m[1mLinking C shared library libsmart_turtle_interface__rosidl_generator_py.so[0m
[6.188s] [ 82%] Built target smart_turtle_interface__rosidl_generator_py
[6.235s] [ 85%] [32mBuilding C object CMakeFiles/smart_turtle_interface_s__rosidl_typesupport_introspection_c.dir/rosidl_generator_py/smart_turtle_interface/_smart_turtle_interface_s.ep.rosidl_typesupport_introspection_c.c.o[0m
[6.238s] [ 91%] [32mBuilding C object CMakeFiles/smart_turtle_interface_s__rosidl_typesupport_fastrtps_c.dir/rosidl_generator_py/smart_turtle_interface/_smart_turtle_interface_s.ep.rosidl_typesupport_fastrtps_c.c.o[0m
[6.238s] [ 91%] [32mBuilding C object CMakeFiles/smart_turtle_interface_s__rosidl_typesupport_c.dir/rosidl_generator_py/smart_turtle_interface/_smart_turtle_interface_s.ep.rosidl_typesupport_c.c.o[0m
[6.461s] [ 94%] [32m[1mLinking C shared module rosidl_generator_py/smart_turtle_interface/smart_turtle_interface_s__rosidl_typesupport_fastrtps_c.so[0m
[6.462s] [ 97%] [32m[1mLinking C shared module rosidl_generator_py/smart_turtle_interface/smart_turtle_interface_s__rosidl_typesupport_introspection_c.so[0m
[6.465s] [100%] [32m[1mLinking C shared module rosidl_generator_py/smart_turtle_interface/smart_turtle_interface_s__rosidl_typesupport_c.so[0m
[6.531s] [100%] Built target smart_turtle_interface_s__rosidl_typesupport_introspection_c
[6.532s] [100%] Built target smart_turtle_interface_s__rosidl_typesupport_fastrtps_c
[6.532s] [100%] Built target smart_turtle_interface_s__rosidl_typesupport_c
[6.559s] Invoked command in '/home/abouzeid/smart_turtle_ws/build/smart_turtle_interface' returned '0': CMAKE_PREFIX_PATH=${CMAKE_PREFIX_PATH}:/opt/ros/jazzy DEBUGINFOD_URLS=https://debuginfod.ubuntu.com /usr/bin/cmake --build /home/abouzeid/smart_turtle_ws/build/smart_turtle_interface -- -j20 -l20
[6.577s] Invoking command in '/home/abouzeid/smart_turtle_ws/build/smart_turtle_interface': CMAKE_PREFIX_PATH=${CMAKE_PREFIX_PATH}:/opt/ros/jazzy DEBUGINFOD_URLS=https://debuginfod.ubuntu.com /usr/bin/cmake --install /home/abouzeid/smart_turtle_ws/build/smart_turtle_interface
[6.591s] -- Install configuration: ""
[6.592s] -- Up-to-date: /home/abouzeid/smart_turtle_ws/install/smart_turtle_interface/share/ament_index/resource_index/rosidl_interfaces/smart_turtle_interface
[6.592s] -- Installing: /home/abouzeid/smart_turtle_ws/install/smart_turtle_interface/share/smart_turtle_interface/msg/TurtleCommand.json
[6.592s] -- Up-to-date: /home/abouzeid/smart_turtle_ws/install/smart_turtle_interface/include/smart_turtle_interface/smart_turtle_interface
[6.592s] -- Up-to-date: /home/abouzeid/smart_turtle_ws/install/smart_turtle_interface/include/smart_turtle_interface/smart_turtle_interface/msg
[6.592s] -- Installing: /home/abouzeid/smart_turtle_ws/install/smart_turtle_interface/include/smart_turtle_interface/smart_turtle_interface/msg/turtle_command.h
[6.592s] -- Up-to-date: /home/abouzeid/smart_turtle_ws/install/smart_turtle_interface/include/smart_turtle_interface/smart_turtle_interface/msg/rosidl_generator_c__visibility_control.h
[6.593s] -- Up-to-date: /home/abouzeid/smart_turtle_ws/install/smart_turtle_interface/include/smart_turtle_interface/smart_turtle_interface/msg/detail
[6.593s] -- Installing: /home/abouzeid/smart_turtle_ws/install/smart_turtle_interface/include/smart_turtle_interface/smart_turtle_interface/msg/detail/turtle_command__type_support.c
[6.593s] -- Installing: /home/abouzeid/smart_turtle_ws/install/smart_turtle_interface/include/smart_turtle_interface/smart_turtle_interface/msg/detail/turtle_command__description.c
[6.593s] -- Installing: /home/abouzeid/smart_turtle_ws/install/smart_turtle_interface/include/smart_turtle_interface/smart_turtle_interface/msg/detail/turtle_command__functions.c
[6.593s] -- Installing: /home/abouzeid/smart_turtle_ws/install/smart_turtle_interface/include/smart_turtle_interface/smart_turtle_interface/msg/detail/turtle_command__type_support.h
[6.593s] -- Installing: /home/abouzeid/smart_turtle_ws/install/smart_turtle_interface/include/smart_turtle_interface/smart_turtle_interface/msg/detail/turtle_command__functions.h
[6.593s] -- Installing: /home/abouzeid/smart_turtle_ws/install/smart_turtle_interface/include/smart_turtle_interface/smart_turtle_interface/msg/detail/turtle_command__struct.h
[6.593s] -- Up-to-date: /home/abouzeid/smart_turtle_ws/install/smart_turtle_interface/share/smart_turtle_interface/environment/library_path.sh
[6.593s] -- Up-to-date: /home/abouzeid/smart_turtle_ws/install/smart_turtle_interface/share/smart_turtle_interface/environment/library_path.dsv
[6.594s] -- Installing: /home/abouzeid/smart_turtle_ws/install/smart_turtle_interface/lib/libsmart_turtle_interface__rosidl_generator_c.so
[6.594s] -- Set non-toolchain portion of runtime path of "/home/abouzeid/smart_turtle_ws/install/smart_turtle_interface/lib/libsmart_turtle_interface__rosidl_generator_c.so" to ""
[6.594s] -- Up-to-date: /home/abouzeid/smart_turtle_ws/install/smart_turtle_interface/include/smart_turtle_interface/smart_turtle_interface
[6.594s] -- Up-to-date: /home/abouzeid/smart_turtle_ws/install/smart_turtle_interface/include/smart_turtle_interface/smart_turtle_interface/msg
[6.594s] -- Up-to-date: /home/abouzeid/smart_turtle_ws/install/smart_turtle_interface/include/smart_turtle_interface/smart_turtle_interface/msg/rosidl_typesupport_fastrtps_c__visibility_control.h
[6.594s] -- Up-to-date: /home/abouzeid/smart_turtle_ws/install/smart_turtle_interface/include/smart_turtle_interface/smart_turtle_interface/msg/detail
[6.594s] -- Installing: /home/abouzeid/smart_turtle_ws/install/smart_turtle_interface/include/smart_turtle_interface/smart_turtle_interface/msg/detail/turtle_command__rosidl_typesupport_fastrtps_c.h
[6.595s] -- Installing: /home/abouzeid/smart_turtle_ws/install/smart_turtle_interface/lib/libsmart_turtle_interface__rosidl_typesupport_fastrtps_c.so
[6.595s] -- Set non-toolchain portion of runtime path of "/home/abouzeid/smart_turtle_ws/install/smart_turtle_interface/lib/libsmart_turtle_interface__rosidl_typesupport_fastrtps_c.so" to ""
[6.595s] -- Up-to-date: /home/abouzeid/smart_turtle_ws/install/smart_turtle_interface/include/smart_turtle_interface/smart_turtle_interface
[6.595s] -- Up-to-date: /home/abouzeid/smart_turtle_ws/install/smart_turtle_interface/include/smart_turtle_interface/smart_turtle_interface/msg
[6.595s] -- Up-to-date: /home/abouzeid/smart_turtle_ws/install/smart_turtle_interface/include/smart_turtle_interface/smart_turtle_interface/msg/rosidl_typesupport_introspection_c__visibility_control.h
[6.595s] -- Up-to-date: /home/abouzeid/smart_turtle_ws/install/smart_turtle_interface/include/smart_turtle_interface/smart_turtle_interface/msg/detail
[6.595s] -- Installing: /home/abouzeid/smart_turtle_ws/install/smart_turtle_interface/include/smart_turtle_interface/smart_turtle_interface/msg/detail/turtle_command__type_support.c
[6.595s] -- Installing: /home/abouzeid/smart_turtle_ws/install/smart_turtle_interface/include/smart_turtle_interface/smart_turtle_interface/msg/detail/turtle_command__rosidl_typesupport_introspection_c.h
[6.595s] -- Installing: /home/abouzeid/smart_turtle_ws/install/smart_turtle_interface/lib/libsmart_turtle_interface__rosidl_typesupport_introspection_c.so
[6.596s] -- Set non-toolchain portion of runtime path of "/home/abouzeid/smart_turtle_ws/install/smart_turtle_interface/lib/libsmart_turtle_interface__rosidl_typesupport_introspection_c.so" to ""
[6.596s] -- Installing: /home/abouzeid/smart_turtle_ws/install/smart_turtle_interface/lib/libsmart_turtle_interface__rosidl_typesupport_c.so
[6.596s] -- Set non-toolchain portion of runtime path of "/home/abouzeid/smart_turtle_ws/install/smart_turtle_interface/lib/libsmart_turtle_interface__rosidl_typesupport_c.so" to ""
[6.596s] -- Up-to-date: /home/abouzeid/smart_turtle_ws/install/smart_turtle_interface/include/smart_turtle_interface/smart_turtle_interface
[6.596s] -- Up-to-date: /home/abouzeid/smart_turtle_ws/install/smart_turtle_interface/include/smart_turtle_interface/smart_turtle_interface/msg
[6.596s] -- Installing: /home/abouzeid/smart_turtle_ws/install/smart_turtle_interface/include/smart_turtle_interface/smart_turtle_interface/msg/turtle_command.hpp
[6.596s] -- Installing: /home/abouzeid/smart_turtle_ws/install/smart_turtle_interface/include/smart_turtle_interface/smart_turtle_interface/msg/rosidl_generator_cpp__visibility_control.hpp
[6.596s] -- Up-to-date: /home/abouzeid/smart_turtle_ws/install/smart_turtle_interface/include/smart_turtle_interface/smart_turtle_interface/msg/detail
[6.596s] -- Installing: /home/abouzeid/smart_turtle_ws/install/smart_turtle_interface/include/smart_turtle_interface/smart_turtle_interface/msg/detail/turtle_command__type_support.hpp
[6.597s] -- Installing: /home/abouzeid/smart_turtle_ws/install/smart_turtle_interface/include/smart_turtle_interface/smart_turtle_interface/msg/detail/turtle_command__struct.hpp
[6.597s] -- Installing: /home/abouzeid/smart_turtle_ws/install/smart_turtle_interface/include/smart_turtle_interface/smart_turtle_interface/msg/detail/turtle_command__traits.hpp
[6.597s] -- Installing: /home/abouzeid/smart_turtle_ws/install/smart_turtle_interface/include/smart_turtle_interface/smart_turtle_interface/msg/detail/turtle_command__builder.hpp
[6.597s] -- Up-to-date: /home/abouzeid/smart_turtle_ws/install/smart_turtle_interface/include/smart_turtle_interface/smart_turtle_interface
[6.597s] -- Up-to-date: /home/abouzeid/smart_turtle_ws/install/smart_turtle_interface/include/smart_turtle_interface/smart_turtle_interface/msg
[6.597s] -- Up-to-date: /home/abouzeid/smart_turtle_ws/install/smart_turtle_interface/include/smart_turtle_interface/smart_turtle_interface/msg/rosidl_typesupport_fastrtps_cpp__visibility_control.h
[6.597s] -- Up-to-date: /home/abouzeid/smart_turtle_ws/install/smart_turtle_interface/include/smart_turtle_interface/smart_turtle_interface/msg/detail
[6.597s] -- Up-to-date: /home/abouzeid/smart_turtle_ws/install/smart_turtle_interface/include/smart_turtle_interface/smart_turtle_interface/msg/detail/dds_fastrtps
[6.597s] -- Installing: /home/abouzeid/smart_turtle_ws/install/smart_turtle_interface/include/smart_turtle_interface/smart_turtle_interface/msg/detail/turtle_command__rosidl_typesupport_fastrtps_cpp.hpp
[6.597s] -- Installing: /home/abouzeid/smart_turtle_ws/install/smart_turtle_interface/lib/libsmart_turtle_interface__rosidl_typesupport_fastrtps_cpp.so
[6.598s] -- Set non-toolchain portion of runtime path of "/home/abouzeid/smart_turtle_ws/install/smart_turtle_interface/lib/libsmart_turtle_interface__rosidl_typesupport_fastrtps_cpp.so" to ""
[6.598s] -- Up-to-date: /home/abouzeid/smart_turtle_ws/install/smart_turtle_interface/include/smart_turtle_interface/smart_turtle_interface
[6.598s] -- Up-to-date: /home/abouzeid/smart_turtle_ws/install/smart_turtle_interface/include/smart_turtle_interface/smart_turtle_interface/msg
[6.598s] -- Up-to-date: /home/abouzeid/smart_turtle_ws/install/smart_turtle_interface/include/smart_turtle_interface/smart_turtle_interface/msg/detail
[6.598s] -- Installing: /home/abouzeid/smart_turtle_ws/install/smart_turtle_interface/include/smart_turtle_interface/smart_turtle_interface/msg/detail/turtle_command__type_support.cpp
[6.598s] -- Installing: /home/abouzeid/smart_turtle_ws/install/smart_turtle_interface/include/smart_turtle_interface/smart_turtle_interface/msg/detail/turtle_command__rosidl_typesupport_introspection_cpp.hpp
[6.598s] -- Installing: /home/abouzeid/smart_turtle_ws/install/smart_turtle_interface/lib/libsmart_turtle_interface__rosidl_typesupport_introspection_cpp.so
[6.598s] -- Set non-toolchain portion of runtime path of "/home/abouzeid/smart_turtle_ws/install/smart_turtle_interface/lib/libsmart_turtle_interface__rosidl_typesupport_introspection_cpp.so" to ""
[6.599s] -- Installing: /home/abouzeid/smart_turtle_ws/install/smart_turtle_interface/lib/libsmart_turtle_interface__rosidl_typesupport_cpp.so
[6.599s] -- Set non-toolchain portion of runtime path of "/home/abouzeid/smart_turtle_ws/install/smart_turtle_interface/lib/libsmart_turtle_interface__rosidl_typesupport_cpp.so" to ""
[6.599s] -- Up-to-date: /home/abouzeid/smart_turtle_ws/install/smart_turtle_interface/share/smart_turtle_interface/environment/pythonpath.sh
[6.599s] -- Up-to-date: /home/abouzeid/smart_turtle_ws/install/smart_turtle_interface/share/smart_turtle_interface/environment/pythonpath.dsv
[6.599s] -- Up-to-date: /home/abouzeid/smart_turtle_ws/install/smart_turtle_interface/lib/python3.12/site-packages/smart_turtle_interface-0.0.0-py3.12.egg-info
[6.599s] -- Installing: /home/abouzeid/smart_turtle_ws/install/smart_turtle_interface/lib/python3.12/site-packages/smart_turtle_interface-0.0.0-py3.12.egg-info/dependency_links.txt
[6.600s] -- Installing: /home/abouzeid/smart_turtle_ws/install/smart_turtle_interface/lib/python3.12/site-packages/smart_turtle_interface-0.0.0-py3.12.egg-info/PKG-INFO
[6.600s] -- Installing: /home/abouzeid/smart_turtle_ws/install/smart_turtle_interface/lib/python3.12/site-packages/smart_turtle_interface-0.0.0-py3.12.egg-info/top_level.txt
[6.600s] -- Installing: /home/abouzeid/smart_turtle_ws/install/smart_turtle_interface/lib/python3.12/site-packages/smart_turtle_interface-0.0.0-py3.12.egg-info/SOURCES.txt
[6.600s] -- Up-to-date: /home/abouzeid/smart_turtle_ws/install/smart_turtle_interface/lib/python3.12/site-packages/smart_turtle_interface
[6.600s] -- Installing: /home/abouzeid/smart_turtle_ws/install/smart_turtle_interface/lib/python3.12/site-packages/smart_turtle_interface/_smart_turtle_interface_s.ep.rosidl_typesupport_c.c
[6.600s] -- Installing: /home/abouzeid/smart_turtle_ws/install/smart_turtle_interface/lib/python3.12/site-packages/smart_turtle_interface/smart_turtle_interface_s__rosidl_typesupport_fastrtps_c.so
[6.600s] -- Installing: /home/abouzeid/smart_turtle_ws/install/smart_turtle_interface/lib/python3.12/site-packages/smart_turtle_interface/smart_turtle_interface_s__rosidl_typesupport_c.so
[6.600s] -- Installing: /home/abouzeid/smart_turtle_ws/install/smart_turtle_interface/lib/python3.12/site-packages/smart_turtle_interface/__init__.py
[6.601s] -- Installing: /home/abouzeid/smart_turtle_ws/install/smart_turtle_interface/lib/python3.12/site-packages/smart_turtle_interface/_smart_turtle_interface_s.ep.rosidl_typesupport_fastrtps_c.c
[6.601s] -- Installing: /home/abouzeid/smart_turtle_ws/install/smart_turtle_interface/lib/python3.12/site-packages/smart_turtle_interface/smart_turtle_interface_s__rosidl_typesupport_introspection_c.so
[6.601s] -- Up-to-date: /home/abouzeid/smart_turtle_ws/install/smart_turtle_interface/lib/python3.12/site-packages/smart_turtle_interface/msg
[6.601s] -- Installing: /home/abouzeid/smart_turtle_ws/install/smart_turtle_interface/lib/python3.12/site-packages/smart_turtle_interface/msg/_turtle_command_s.c
[6.601s] -- Installing: /home/abouzeid/smart_turtle_ws/install/smart_turtle_interface/lib/python3.12/site-packages/smart_turtle_interface/msg/_turtle_command.py
[6.601s] -- Installing: /home/abouzeid/smart_turtle_ws/install/smart_turtle_interface/lib/python3.12/site-packages/smart_turtle_interface/msg/__init__.py
[6.601s] -- Installing: /home/abouzeid/smart_turtle_ws/install/smart_turtle_interface/lib/python3.12/site-packages/smart_turtle_interface/_smart_turtle_interface_s.ep.rosidl_typesupport_introspection_c.c
[6.673s] Listing '/home/abouzeid/smart_turtle_ws/install/smart_turtle_interface/lib/python3.12/site-packages/smart_turtle_interface'...
[6.673s] Compiling '/home/abouzeid/smart_turtle_ws/install/smart_turtle_interface/lib/python3.12/site-packages/smart_turtle_interface/__init__.py'...
[6.673s] Listing '/home/abouzeid/smart_turtle_ws/install/smart_turtle_interface/lib/python3.12/site-packages/smart_turtle_interface/msg'...
[6.673s] Compiling '/home/abouzeid/smart_turtle_ws/install/smart_turtle_interface/lib/python3.12/site-packages/smart_turtle_interface/msg/__init__.py'...
[6.673s] Compiling '/home/abouzeid/smart_turtle_ws/install/smart_turtle_interface/lib/python3.12/site-packages/smart_turtle_interface/msg/_turtle_command.py'...
[6.680s] -- Installing: /home/abouzeid/smart_turtle_ws/install/smart_turtle_interface/lib/python3.12/site-packages/smart_turtle_interface/smart_turtle_interface_s__rosidl_typesupport_fastrtps_c.so
[6.681s] -- Set non-toolchain portion of runtime path of "/home/abouzeid/smart_turtle_ws/install/smart_turtle_interface/lib/python3.12/site-packages/smart_turtle_interface/smart_turtle_interface_s__rosidl_typesupport_fastrtps_c.so" to ""
[6.681s] -- Installing: /home/abouzeid/smart_turtle_ws/install/smart_turtle_interface/lib/python3.12/site-packages/smart_turtle_interface/smart_turtle_interface_s__rosidl_typesupport_introspection_c.so
[6.681s] -- Set non-toolchain portion of runtime path of "/home/abouzeid/smart_turtle_ws/install/smart_turtle_interface/lib/python3.12/site-packages/smart_turtle_interface/smart_turtle_interface_s__rosidl_typesupport_introspection_c.so" to ""
[6.681s] -- Installing: /home/abouzeid/smart_turtle_ws/install/smart_turtle_interface/lib/python3.12/site-packages/smart_turtle_interface/smart_turtle_interface_s__rosidl_typesupport_c.so
[6.681s] -- Set non-toolchain portion of runtime path of "/home/abouzeid/smart_turtle_ws/install/smart_turtle_interface/lib/python3.12/site-packages/smart_turtle_interface/smart_turtle_interface_s__rosidl_typesupport_c.so" to ""
[6.681s] -- Installing: /home/abouzeid/smart_turtle_ws/install/smart_turtle_interface/lib/libsmart_turtle_interface__rosidl_generator_py.so
[6.682s] -- Set non-toolchain portion of runtime path of "/home/abouzeid/smart_turtle_ws/install/smart_turtle_interface/lib/libsmart_turtle_interface__rosidl_generator_py.so" to ""
[6.682s] -- Installing: /home/abouzeid/smart_turtle_ws/install/smart_turtle_interface/share/smart_turtle_interface/msg/TurtleCommand.idl
[6.682s] -- Installing: /home/abouzeid/smart_turtle_ws/install/smart_turtle_interface/share/smart_turtle_interface/msg/TurtleCommand.msg
[6.682s] -- Up-to-date: /home/abouzeid/smart_turtle_ws/install/smart_turtle_interface/share/ament_index/resource_index/package_run_dependencies/smart_turtle_interface
[6.682s] -- Installing: /home/abouzeid/smart_turtle_ws/install/smart_turtle_interface/share/ament_index/resource_index/parent_prefix_path/smart_turtle_interface
[6.682s] -- Up-to-date: /home/abouzeid/smart_turtle_ws/install/smart_turtle_interface/share/smart_turtle_interface/environment/ament_prefix_path.sh
[6.682s] -- Up-to-date: /home/abouzeid/smart_turtle_ws/install/smart_turtle_interface/share/smart_turtle_interface/environment/ament_prefix_path.dsv
[6.682s] -- Up-to-date: /home/abouzeid/smart_turtle_ws/install/smart_turtle_interface/share/smart_turtle_interface/environment/path.sh
[6.682s] -- Up-to-date: /home/abouzeid/smart_turtle_ws/install/smart_turtle_interface/share/smart_turtle_interface/environment/path.dsv
[6.682s] -- Up-to-date: /home/abouzeid/smart_turtle_ws/install/smart_turtle_interface/share/smart_turtle_interface/local_setup.bash
[6.683s] -- Up-to-date: /home/abouzeid/smart_turtle_ws/install/smart_turtle_interface/share/smart_turtle_interface/local_setup.sh
[6.683s] -- Up-to-date: /home/abouzeid/smart_turtle_ws/install/smart_turtle_interface/share/smart_turtle_interface/local_setup.zsh
[6.683s] -- Up-to-date: /home/abouzeid/smart_turtle_ws/install/smart_turtle_interface/share/smart_turtle_interface/local_setup.dsv
[6.683s] -- Installing: /home/abouzeid/smart_turtle_ws/install/smart_turtle_interface/share/smart_turtle_interface/package.dsv
[6.683s] -- Up-to-date: /home/abouzeid/smart_turtle_ws/install/smart_turtle_interface/share/ament_index/resource_index/packages/smart_turtle_interface
[6.683s] -- Up-to-date: /home/abouzeid/smart_turtle_ws/install/smart_turtle_interface/share/smart_turtle_interface/cmake/export_smart_turtle_interface__rosidl_generator_cExport.cmake
[6.683s] -- Up-to-date: /home/abouzeid/smart_turtle_ws/install/smart_turtle_interface/share/smart_turtle_interface/cmake/export_smart_turtle_interface__rosidl_generator_cExport-noconfig.cmake
[6.683s] -- Up-to-date: /home/abouzeid/smart_turtle_ws/install/smart_turtle_interface/share/smart_turtle_interface/cmake/export_smart_turtle_interface__rosidl_typesupport_fastrtps_cExport.cmake
[6.683s] -- Up-to-date: /home/abouzeid/smart_turtle_ws/install/smart_turtle_interface/share/smart_turtle_interface/cmake/export_smart_turtle_interface__rosidl_typesupport_fastrtps_cExport-noconfig.cmake
[6.683s] -- Up-to-date: /home/abouzeid/smart_turtle_ws/install/smart_turtle_interface/share/smart_turtle_interface/cmake/smart_turtle_interface__rosidl_typesupport_introspection_cExport.cmake
[6.683s] -- Up-to-date: /home/abouzeid/smart_turtle_ws/install/smart_turtle_interface/share/smart_turtle_interface/cmake/smart_turtle_interface__rosidl_typesupport_introspection_cExport-noconfig.cmake
[6.683s] -- Up-to-date: /home/abouzeid/smart_turtle_ws/install/smart_turtle_interface/share/smart_turtle_interface/cmake/smart_turtle_interface__rosidl_typesupport_cExport.cmake
[6.684s] -- Up-to-date: /home/abouzeid/smart_turtle_ws/install/smart_turtle_interface/share/smart_turtle_interface/cmake/smart_turtle_interface__rosidl_typesupport_cExport-noconfig.cmake
[6.684s] -- Up-to-date: /home/abouzeid/smart_turtle_ws/install/smart_turtle_interface/share/smart_turtle_interface/cmake/export_smart_turtle_interface__rosidl_generator_cppExport.cmake
[6.684s] -- Up-to-date: /home/abouzeid/smart_turtle_ws/install/smart_turtle_interface/share/smart_turtle_interface/cmake/export_smart_turtle_interface__rosidl_typesupport_fastrtps_cppExport.cmake
[6.684s] -- Up-to-date: /home/abouzeid/smart_turtle_ws/install/smart_turtle_interface/share/smart_turtle_interface/cmake/export_smart_turtle_interface__rosidl_typesupport_fastrtps_cppExport-noconfig.cmake
[6.684s] -- Up-to-date: /home/abouzeid/smart_turtle_ws/install/smart_turtle_interface/share/smart_turtle_interface/cmake/smart_turtle_interface__rosidl_typesupport_introspection_cppExport.cmake
[6.684s] -- Up-to-date: /home/abouzeid/smart_turtle_ws/install/smart_turtle_interface/share/smart_turtle_interface/cmake/smart_turtle_interface__rosidl_typesupport_introspection_cppExport-noconfig.cmake
[6.684s] -- Up-to-date: /home/abouzeid/smart_turtle_ws/install/smart_turtle_interface/share/smart_turtle_interface/cmake/smart_turtle_interface__rosidl_typesupport_cppExport.cmake
[6.684s] -- Up-to-date: /home/abouzeid/smart_turtle_ws/install/smart_turtle_interface/share/smart_turtle_interface/cmake/smart_turtle_interface__rosidl_typesupport_cppExport-noconfig.cmake
[6.684s] -- Up-to-date: /home/abouzeid/smart_turtle_ws/install/smart_turtle_interface/share/smart_turtle_interface/cmake/export_smart_turtle_interface__rosidl_generator_pyExport.cmake
[6.684s] -- Up-to-date: /home/abouzeid/smart_turtle_ws/install/smart_turtle_interface/share/smart_turtle_interface/cmake/export_smart_turtle_interface__rosidl_generator_pyExport-noconfig.cmake
[6.684s] -- Up-to-date: /home/abouzeid/smart_turtle_ws/install/smart_turtle_interface/share/smart_turtle_interface/cmake/rosidl_cmake-extras.cmake
[6.684s] -- Up-to-date: /home/abouzeid/smart_turtle_ws/install/smart_turtle_interface/share/smart_turtle_interface/cmake/ament_cmake_export_include_directories-extras.cmake
[6.684s] -- Up-to-date: /home/abouzeid/smart_turtle_ws/install/smart_turtle_interface/share/smart_turtle_interface/cmake/ament_cmake_export_libraries-extras.cmake
[6.685s] -- Up-to-date: /home/abouzeid/smart_turtle_ws/install/smart_turtle_interface/share/smart_turtle_interface/cmake/ament_cmake_export_targets-extras.cmake
[6.685s] -- Up-to-date: /home/abouzeid/smart_turtle_ws/install/smart_turtle_interface/share/smart_turtle_interface/cmake/rosidl_cmake_export_typesupport_targets-extras.cmake
[6.685s] -- Up-to-date: /home/abouzeid/smart_turtle_ws/install/smart_turtle_interface/share/smart_turtle_interface/cmake/ament_cmake_export_dependencies-extras.cmake
[6.685s] -- Up-to-date: /home/abouzeid/smart_turtle_ws/install/smart_turtle_interface/share/smart_turtle_interface/cmake/rosidl_cmake_export_typesupport_libraries-extras.cmake
[6.685s] -- Up-to-date: /home/abouzeid/smart_turtle_ws/install/smart_turtle_interface/share/smart_turtle_interface/cmake/smart_turtle_interfaceConfig.cmake
[6.685s] -- Up-to-date: /home/abouzeid/smart_turtle_ws/install/smart_turtle_interface/share/smart_turtle_interface/cmake/smart_turtle_interfaceConfig-version.cmake
[6.685s] -- Up-to-date: /home/abouzeid/smart_turtle_ws/install/smart_turtle_interface/share/smart_turtle_interface/package.xml
[6.687s] Invoked command in '/home/abouzeid/smart_turtle_ws/build/smart_turtle_interface' returned '0': CMAKE_PREFIX_PATH=${CMAKE_PREFIX_PATH}:/opt/ros/jazzy DEBUGINFOD_URLS=https://debuginfod.ubuntu.com /usr/bin/cmake --install /home/abouzeid/smart_turtle_ws/build/smart_turtle_interface
