[1.597s] Invoking command in '/home/abouzeid/smart_turtle_ws/src/smart_turtle_pkg': DEBUGINFOD_URLS=https://debuginfod.ubuntu.com PYTHONPATH=/home/abouzeid/smart_turtle_ws/build/smart_turtle_pkg/prefix_override:/usr/lib/python3/dist-packages/colcon_core/task/python/colcon_distutils_commands:/home/abouzeid/smart_turtle_ws/install/smart_turtle_pkg/lib/python3.12/site-packages:${PYTHONPATH} /usr/bin/python3 -W ignore:setup.py install is deprecated -W ignore:easy_install command is deprecated setup.py egg_info --egg-base ../../build/smart_turtle_pkg build --build-base /home/abouzeid/smart_turtle_ws/build/smart_turtle_pkg/build install --record /home/abouzeid/smart_turtle_ws/build/smart_turtle_pkg/install.log --single-version-externally-managed install_data
[2.074s] running egg_info
[2.075s] creating ../../build/smart_turtle_pkg/smart_turtle_pkg.egg-info
[2.103s] writing ../../build/smart_turtle_pkg/smart_turtle_pkg.egg-info/PKG-INFO
[2.104s] writing dependency_links to ../../build/smart_turtle_pkg/smart_turtle_pkg.egg-info/dependency_links.txt
[2.104s] writing entry points to ../../build/smart_turtle_pkg/smart_turtle_pkg.egg-info/entry_points.txt
[2.105s] writing requirements to ../../build/smart_turtle_pkg/smart_turtle_pkg.egg-info/requires.txt
[2.105s] writing top-level names to ../../build/smart_turtle_pkg/smart_turtle_pkg.egg-info/top_level.txt
[2.105s] writing manifest file '../../build/smart_turtle_pkg/smart_turtle_pkg.egg-info/SOURCES.txt'
[2.163s] reading manifest file '../../build/smart_turtle_pkg/smart_turtle_pkg.egg-info/SOURCES.txt'
[2.164s] writing manifest file '../../build/smart_turtle_pkg/smart_turtle_pkg.egg-info/SOURCES.txt'
[2.164s] running build
[2.164s] running build_py
[2.165s] creating /home/abouzeid/smart_turtle_ws/build/smart_turtle_pkg/build
[2.165s] creating /home/abouzeid/smart_turtle_ws/build/smart_turtle_pkg/build/lib
[2.165s] creating /home/abouzeid/smart_turtle_ws/build/smart_turtle_pkg/build/lib/smart_turtle_pkg
[2.165s] copying smart_turtle_pkg/turtle_controller.py -> /home/abouzeid/smart_turtle_ws/build/smart_turtle_pkg/build/lib/smart_turtle_pkg
[2.165s] copying smart_turtle_pkg/__init__.py -> /home/abouzeid/smart_turtle_ws/build/smart_turtle_pkg/build/lib/smart_turtle_pkg
[2.166s] copying smart_turtle_pkg/command_publisher.py -> /home/abouzeid/smart_turtle_ws/build/smart_turtle_pkg/build/lib/smart_turtle_pkg
[2.166s] copying smart_turtle_pkg/reset_node.py -> /home/abouzeid/smart_turtle_ws/build/smart_turtle_pkg/build/lib/smart_turtle_pkg
[2.166s] running install
[2.176s] running install_lib
[2.205s] creating /home/abouzeid/smart_turtle_ws/install/smart_turtle_pkg/lib/python3.12/site-packages/smart_turtle_pkg
[2.206s] copying /home/abouzeid/smart_turtle_ws/build/smart_turtle_pkg/build/lib/smart_turtle_pkg/turtle_controller.py -> /home/abouzeid/smart_turtle_ws/install/smart_turtle_pkg/lib/python3.12/site-packages/smart_turtle_pkg
[2.206s] copying /home/abouzeid/smart_turtle_ws/build/smart_turtle_pkg/build/lib/smart_turtle_pkg/__init__.py -> /home/abouzeid/smart_turtle_ws/install/smart_turtle_pkg/lib/python3.12/site-packages/smart_turtle_pkg
[2.206s] copying /home/abouzeid/smart_turtle_ws/build/smart_turtle_pkg/build/lib/smart_turtle_pkg/command_publisher.py -> /home/abouzeid/smart_turtle_ws/install/smart_turtle_pkg/lib/python3.12/site-packages/smart_turtle_pkg
[2.206s] copying /home/abouzeid/smart_turtle_ws/build/smart_turtle_pkg/build/lib/smart_turtle_pkg/reset_node.py -> /home/abouzeid/smart_turtle_ws/install/smart_turtle_pkg/lib/python3.12/site-packages/smart_turtle_pkg
[2.207s] byte-compiling /home/abouzeid/smart_turtle_ws/install/smart_turtle_pkg/lib/python3.12/site-packages/smart_turtle_pkg/turtle_controller.py to turtle_controller.cpython-312.pyc
[2.207s] byte-compiling /home/abouzeid/smart_turtle_ws/install/smart_turtle_pkg/lib/python3.12/site-packages/smart_turtle_pkg/__init__.py to __init__.cpython-312.pyc
[2.207s] byte-compiling /home/abouzeid/smart_turtle_ws/install/smart_turtle_pkg/lib/python3.12/site-packages/smart_turtle_pkg/command_publisher.py to command_publisher.cpython-312.pyc
[2.208s] byte-compiling /home/abouzeid/smart_turtle_ws/install/smart_turtle_pkg/lib/python3.12/site-packages/smart_turtle_pkg/reset_node.py to reset_node.cpython-312.pyc
[2.208s] running install_data
[2.208s] creating /home/abouzeid/smart_turtle_ws/install/smart_turtle_pkg/share/ament_index
[2.209s] creating /home/abouzeid/smart_turtle_ws/install/smart_turtle_pkg/share/ament_index/resource_index
[2.209s] creating /home/abouzeid/smart_turtle_ws/install/smart_turtle_pkg/share/ament_index/resource_index/packages
[2.209s] copying resource/smart_turtle_pkg -> /home/abouzeid/smart_turtle_ws/install/smart_turtle_pkg/share/ament_index/resource_index/packages
[2.209s] copying package.xml -> /home/abouzeid/smart_turtle_ws/install/smart_turtle_pkg/share/smart_turtle_pkg
[2.209s] running install_egg_info
[2.242s] Copying ../../build/smart_turtle_pkg/smart_turtle_pkg.egg-info to /home/abouzeid/smart_turtle_ws/install/smart_turtle_pkg/lib/python3.12/site-packages/smart_turtle_pkg-0.0.0-py3.12.egg-info
[2.243s] running install_scripts
[2.447s] Installing command_publisher script to /home/abouzeid/smart_turtle_ws/install/smart_turtle_pkg/lib/smart_turtle_pkg
[2.448s] Installing reset_node script to /home/abouzeid/smart_turtle_ws/install/smart_turtle_pkg/lib/smart_turtle_pkg
[2.448s] Installing turtle_controller script to /home/abouzeid/smart_turtle_ws/install/smart_turtle_pkg/lib/smart_turtle_pkg
[2.448s] writing list of installed files to '/home/abouzeid/smart_turtle_ws/build/smart_turtle_pkg/install.log'
[2.503s] Invoked command in '/home/abouzeid/smart_turtle_ws/src/smart_turtle_pkg' returned '0': DEBUGINFOD_URLS=https://debuginfod.ubuntu.com PYTHONPATH=/home/abouzeid/smart_turtle_ws/build/smart_turtle_pkg/prefix_override:/usr/lib/python3/dist-packages/colcon_core/task/python/colcon_distutils_commands:/home/abouzeid/smart_turtle_ws/install/smart_turtle_pkg/lib/python3.12/site-packages:${PYTHONPATH} /usr/bin/python3 -W ignore:setup.py install is deprecated -W ignore:easy_install command is deprecated setup.py egg_info --egg-base ../../build/smart_turtle_pkg build --build-base /home/abouzeid/smart_turtle_ws/build/smart_turtle_pkg/build install --record /home/abouzeid/smart_turtle_ws/build/smart_turtle_pkg/install.log --single-version-externally-managed install_data
