[0.135s] DEBUG:colcon:Command line arguments: ['/usr/bin/colcon', 'build']
[0.135s] DEBUG:colcon:Parsed command line arguments: Namespace(log_base=None, log_level=None, verb_name='build', build_base='build', install_base='install', merge_install=False, symlink_install=False, test_result_base=None, continue_on_error=False, executor='parallel', parallel_workers=20, event_handlers=None, ignore_user_meta=False, metas=['./colcon.meta'], base_paths=['.'], packages_ignore=None, packages_ignore_regex=None, paths=None, packages_up_to=None, packages_up_to_regex=None, packages_above=None, packages_above_and_dependencies=None, packages_above_depth=None, packages_select_by_dep=None, packages_skip_by_dep=None, packages_skip_up_to=None, packages_select_build_failed=False, packages_skip_build_finished=False, packages_select_test_failures=False, packages_skip_test_passed=False, packages_select=None, packages_skip=None, packages_select_regex=None, packages_skip_regex=None, packages_start=None, packages_end=None, allow_overriding=[], cmake_args=None, cmake_target=None, cmake_target_skip_unavailable=False, cmake_clean_cache=False, cmake_clean_first=False, cmake_force_configure=False, ament_cmake_args=None, catkin_cmake_args=None, catkin_skip_building_tests=False, mixin_files=None, mixin=None, verb_parser=<colcon_mixin.mixin.mixin_argument.MixinArgumentDecorator object at 0x79aad4a87fb0>, verb_extension=<colcon_core.verb.build.BuildVerb object at 0x79aad4bcc7a0>, main=<bound method BuildVerb.main of <colcon_core.verb.build.BuildVerb object at 0x79aad4bcc7a0>>, mixin_verb=('build',))
[0.182s] Level 1:colcon.colcon_core.package_discovery:discover_packages(colcon_meta) check parameters
[0.182s] Level 1:colcon.colcon_core.package_discovery:discover_packages(recursive) check parameters
[0.182s] Level 1:colcon.colcon_core.package_discovery:discover_packages(ignore) check parameters
[0.182s] Level 1:colcon.colcon_core.package_discovery:discover_packages(path) check parameters
[0.182s] Level 1:colcon.colcon_core.package_discovery:discover_packages(colcon_meta) discover
[0.182s] Level 1:colcon.colcon_core.package_discovery:discover_packages(recursive) discover
[0.182s] INFO:colcon.colcon_core.package_discovery:Crawling recursively for packages in '/home/abouzeid/smart_turtle_ws'
[0.182s] Level 1:colcon.colcon_core.package_identification:_identify(.) by extensions ['ignore', 'ignore_ament_install']
[0.182s] Level 1:colcon.colcon_core.package_identification:_identify(.) by extension 'ignore'
[0.183s] Level 1:colcon.colcon_core.package_identification:_identify(.) by extension 'ignore_ament_install'
[0.183s] Level 1:colcon.colcon_core.package_identification:_identify(.) by extensions ['colcon_pkg']
[0.183s] Level 1:colcon.colcon_core.package_identification:_identify(.) by extension 'colcon_pkg'
[0.183s] Level 1:colcon.colcon_core.package_identification:_identify(.) by extensions ['colcon_meta']
[0.183s] Level 1:colcon.colcon_core.package_identification:_identify(.) by extension 'colcon_meta'
[0.183s] Level 1:colcon.colcon_core.package_identification:_identify(.) by extensions ['ros']
[0.183s] Level 1:colcon.colcon_core.package_identification:_identify(.) by extension 'ros'
[0.215s] Level 1:colcon.colcon_core.package_identification:_identify(.) by extensions ['cmake', 'python']
[0.215s] Level 1:colcon.colcon_core.package_identification:_identify(.) by extension 'cmake'
[0.215s] Level 1:colcon.colcon_core.package_identification:_identify(.) by extension 'python'
[0.215s] Level 1:colcon.colcon_core.package_identification:_identify(.) by extensions ['python_setup_py']
[0.215s] Level 1:colcon.colcon_core.package_identification:_identify(.) by extension 'python_setup_py'
[0.215s] Level 1:colcon.colcon_core.package_identification:_identify(build) by extensions ['ignore', 'ignore_ament_install']
[0.215s] Level 1:colcon.colcon_core.package_identification:_identify(build) by extension 'ignore'
[0.215s] Level 1:colcon.colcon_core.package_identification:_identify(build) ignored
[0.215s] Level 1:colcon.colcon_core.package_identification:_identify(install) by extensions ['ignore', 'ignore_ament_install']
[0.215s] Level 1:colcon.colcon_core.package_identification:_identify(install) by extension 'ignore'
[0.215s] Level 1:colcon.colcon_core.package_identification:_identify(install) ignored
[0.215s] Level 1:colcon.colcon_core.package_identification:_identify(log) by extensions ['ignore', 'ignore_ament_install']
[0.216s] Level 1:colcon.colcon_core.package_identification:_identify(log) by extension 'ignore'
[0.216s] Level 1:colcon.colcon_core.package_identification:_identify(log) ignored
[0.216s] Level 1:colcon.colcon_core.package_identification:_identify(src) by extensions ['ignore', 'ignore_ament_install']
[0.216s] Level 1:colcon.colcon_core.package_identification:_identify(src) by extension 'ignore'
[0.216s] Level 1:colcon.colcon_core.package_identification:_identify(src) by extension 'ignore_ament_install'
[0.216s] Level 1:colcon.colcon_core.package_identification:_identify(src) by extensions ['colcon_pkg']
[0.216s] Level 1:colcon.colcon_core.package_identification:_identify(src) by extension 'colcon_pkg'
[0.216s] Level 1:colcon.colcon_core.package_identification:_identify(src) by extensions ['colcon_meta']
[0.216s] Level 1:colcon.colcon_core.package_identification:_identify(src) by extension 'colcon_meta'
[0.216s] Level 1:colcon.colcon_core.package_identification:_identify(src) by extensions ['ros']
[0.216s] Level 1:colcon.colcon_core.package_identification:_identify(src) by extension 'ros'
[0.216s] Level 1:colcon.colcon_core.package_identification:_identify(src) by extensions ['cmake', 'python']
[0.216s] Level 1:colcon.colcon_core.package_identification:_identify(src) by extension 'cmake'
[0.216s] Level 1:colcon.colcon_core.package_identification:_identify(src) by extension 'python'
[0.216s] Level 1:colcon.colcon_core.package_identification:_identify(src) by extensions ['python_setup_py']
[0.216s] Level 1:colcon.colcon_core.package_identification:_identify(src) by extension 'python_setup_py'
[0.216s] Level 1:colcon.colcon_core.package_identification:_identify(src/smart_turtle_bringup) by extensions ['ignore', 'ignore_ament_install']
[0.216s] Level 1:colcon.colcon_core.package_identification:_identify(src/smart_turtle_bringup) by extension 'ignore'
[0.216s] Level 1:colcon.colcon_core.package_identification:_identify(src/smart_turtle_bringup) by extension 'ignore_ament_install'
[0.216s] Level 1:colcon.colcon_core.package_identification:_identify(src/smart_turtle_bringup) by extensions ['colcon_pkg']
[0.217s] Level 1:colcon.colcon_core.package_identification:_identify(src/smart_turtle_bringup) by extension 'colcon_pkg'
[0.217s] Level 1:colcon.colcon_core.package_identification:_identify(src/smart_turtle_bringup) by extensions ['colcon_meta']
[0.217s] Level 1:colcon.colcon_core.package_identification:_identify(src/smart_turtle_bringup) by extension 'colcon_meta'
[0.217s] Level 1:colcon.colcon_core.package_identification:_identify(src/smart_turtle_bringup) by extensions ['ros']
[0.217s] Level 1:colcon.colcon_core.package_identification:_identify(src/smart_turtle_bringup) by extension 'ros'
[0.220s] DEBUG:colcon.colcon_core.package_identification:Package 'src/smart_turtle_bringup' with type 'ros.ament_cmake' and name 'smart_turtle_bringup'
[0.220s] Level 1:colcon.colcon_core.package_identification:_identify(src/smart_turtle_interface) by extensions ['ignore', 'ignore_ament_install']
[0.220s] Level 1:colcon.colcon_core.package_identification:_identify(src/smart_turtle_interface) by extension 'ignore'
[0.220s] Level 1:colcon.colcon_core.package_identification:_identify(src/smart_turtle_interface) by extension 'ignore_ament_install'
[0.220s] Level 1:colcon.colcon_core.package_identification:_identify(src/smart_turtle_interface) by extensions ['colcon_pkg']
[0.220s] Level 1:colcon.colcon_core.package_identification:_identify(src/smart_turtle_interface) by extension 'colcon_pkg'
[0.220s] Level 1:colcon.colcon_core.package_identification:_identify(src/smart_turtle_interface) by extensions ['colcon_meta']
[0.220s] Level 1:colcon.colcon_core.package_identification:_identify(src/smart_turtle_interface) by extension 'colcon_meta'
[0.220s] Level 1:colcon.colcon_core.package_identification:_identify(src/smart_turtle_interface) by extensions ['ros']
[0.220s] Level 1:colcon.colcon_core.package_identification:_identify(src/smart_turtle_interface) by extension 'ros'
[0.221s] DEBUG:colcon.colcon_core.package_identification:Package 'src/smart_turtle_interface' with type 'ros.ament_cmake' and name 'smart_turtle_interface'
[0.221s] Level 1:colcon.colcon_core.package_identification:_identify(src/smart_turtle_pkg) by extensions ['ignore', 'ignore_ament_install']
[0.221s] Level 1:colcon.colcon_core.package_identification:_identify(src/smart_turtle_pkg) by extension 'ignore'
[0.221s] Level 1:colcon.colcon_core.package_identification:_identify(src/smart_turtle_pkg) by extension 'ignore_ament_install'
[0.221s] Level 1:colcon.colcon_core.package_identification:_identify(src/smart_turtle_pkg) by extensions ['colcon_pkg']
[0.221s] Level 1:colcon.colcon_core.package_identification:_identify(src/smart_turtle_pkg) by extension 'colcon_pkg'
[0.221s] Level 1:colcon.colcon_core.package_identification:_identify(src/smart_turtle_pkg) by extensions ['colcon_meta']
[0.221s] Level 1:colcon.colcon_core.package_identification:_identify(src/smart_turtle_pkg) by extension 'colcon_meta'
[0.221s] Level 1:colcon.colcon_core.package_identification:_identify(src/smart_turtle_pkg) by extensions ['ros']
[0.221s] Level 1:colcon.colcon_core.package_identification:_identify(src/smart_turtle_pkg) by extension 'ros'
[0.222s] DEBUG:colcon.colcon_core.package_identification:Package 'src/smart_turtle_pkg' with type 'ros.ament_python' and name 'smart_turtle_pkg'
[0.222s] Level 1:colcon.colcon_core.package_discovery:discover_packages(recursive) using defaults
[0.222s] Level 1:colcon.colcon_core.package_discovery:discover_packages(ignore) discover
[0.222s] Level 1:colcon.colcon_core.package_discovery:discover_packages(ignore) using defaults
[0.222s] Level 1:colcon.colcon_core.package_discovery:discover_packages(path) discover
[0.222s] Level 1:colcon.colcon_core.package_discovery:discover_packages(path) using defaults
[0.245s] Level 1:colcon.colcon_core.package_discovery:discover_packages(prefix_path) check parameters
[0.245s] Level 1:colcon.colcon_core.package_discovery:discover_packages(prefix_path) discover
[0.247s] DEBUG:colcon.colcon_installed_package_information.package_discovery:Found 3 installed packages in /home/abouzeid/smart_turtle_ws/install
[0.248s] DEBUG:colcon.colcon_installed_package_information.package_discovery:Found 286 installed packages in /opt/ros/jazzy
[0.250s] Level 1:colcon.colcon_core.package_discovery:discover_packages(prefix_path) using defaults
[0.297s] Level 5:colcon.colcon_core.verb:set package 'smart_turtle_interface' build argument 'cmake_args' from command line to 'None'
[0.297s] Level 5:colcon.colcon_core.verb:set package 'smart_turtle_interface' build argument 'cmake_target' from command line to 'None'
[0.297s] Level 5:colcon.colcon_core.verb:set package 'smart_turtle_interface' build argument 'cmake_target_skip_unavailable' from command line to 'False'
[0.297s] Level 5:colcon.colcon_core.verb:set package 'smart_turtle_interface' build argument 'cmake_clean_cache' from command line to 'False'
[0.297s] Level 5:colcon.colcon_core.verb:set package 'smart_turtle_interface' build argument 'cmake_clean_first' from command line to 'False'
[0.297s] Level 5:colcon.colcon_core.verb:set package 'smart_turtle_interface' build argument 'cmake_force_configure' from command line to 'False'
[0.297s] Level 5:colcon.colcon_core.verb:set package 'smart_turtle_interface' build argument 'ament_cmake_args' from command line to 'None'
[0.297s] Level 5:colcon.colcon_core.verb:set package 'smart_turtle_interface' build argument 'catkin_cmake_args' from command line to 'None'
[0.297s] Level 5:colcon.colcon_core.verb:set package 'smart_turtle_interface' build argument 'catkin_skip_building_tests' from command line to 'False'
[0.297s] DEBUG:colcon.colcon_core.verb:Building package 'smart_turtle_interface' with the following arguments: {'ament_cmake_args': None, 'build_base': '/home/abouzeid/smart_turtle_ws/build/smart_turtle_interface', 'catkin_cmake_args': None, 'catkin_skip_building_tests': False, 'cmake_args': None, 'cmake_clean_cache': False, 'cmake_clean_first': False, 'cmake_force_configure': False, 'cmake_target': None, 'cmake_target_skip_unavailable': False, 'install_base': '/home/abouzeid/smart_turtle_ws/install/smart_turtle_interface', 'merge_install': False, 'path': '/home/abouzeid/smart_turtle_ws/src/smart_turtle_interface', 'symlink_install': False, 'test_result_base': None}
[0.298s] Level 5:colcon.colcon_core.verb:set package 'smart_turtle_pkg' build argument 'cmake_args' from command line to 'None'
[0.298s] Level 5:colcon.colcon_core.verb:set package 'smart_turtle_pkg' build argument 'cmake_target' from command line to 'None'
[0.298s] Level 5:colcon.colcon_core.verb:set package 'smart_turtle_pkg' build argument 'cmake_target_skip_unavailable' from command line to 'False'
[0.298s] Level 5:colcon.colcon_core.verb:set package 'smart_turtle_pkg' build argument 'cmake_clean_cache' from command line to 'False'
[0.298s] Level 5:colcon.colcon_core.verb:set package 'smart_turtle_pkg' build argument 'cmake_clean_first' from command line to 'False'
[0.298s] Level 5:colcon.colcon_core.verb:set package 'smart_turtle_pkg' build argument 'cmake_force_configure' from command line to 'False'
[0.298s] Level 5:colcon.colcon_core.verb:set package 'smart_turtle_pkg' build argument 'ament_cmake_args' from command line to 'None'
[0.298s] Level 5:colcon.colcon_core.verb:set package 'smart_turtle_pkg' build argument 'catkin_cmake_args' from command line to 'None'
[0.298s] Level 5:colcon.colcon_core.verb:set package 'smart_turtle_pkg' build argument 'catkin_skip_building_tests' from command line to 'False'
[0.298s] DEBUG:colcon.colcon_core.verb:Building package 'smart_turtle_pkg' with the following arguments: {'ament_cmake_args': None, 'build_base': '/home/abouzeid/smart_turtle_ws/build/smart_turtle_pkg', 'catkin_cmake_args': None, 'catkin_skip_building_tests': False, 'cmake_args': None, 'cmake_clean_cache': False, 'cmake_clean_first': False, 'cmake_force_configure': False, 'cmake_target': None, 'cmake_target_skip_unavailable': False, 'install_base': '/home/abouzeid/smart_turtle_ws/install/smart_turtle_pkg', 'merge_install': False, 'path': '/home/abouzeid/smart_turtle_ws/src/smart_turtle_pkg', 'symlink_install': False, 'test_result_base': None}
[0.298s] Level 5:colcon.colcon_core.verb:set package 'smart_turtle_bringup' build argument 'cmake_args' from command line to 'None'
[0.298s] Level 5:colcon.colcon_core.verb:set package 'smart_turtle_bringup' build argument 'cmake_target' from command line to 'None'
[0.298s] Level 5:colcon.colcon_core.verb:set package 'smart_turtle_bringup' build argument 'cmake_target_skip_unavailable' from command line to 'False'
[0.298s] Level 5:colcon.colcon_core.verb:set package 'smart_turtle_bringup' build argument 'cmake_clean_cache' from command line to 'False'
[0.298s] Level 5:colcon.colcon_core.verb:set package 'smart_turtle_bringup' build argument 'cmake_clean_first' from command line to 'False'
[0.298s] Level 5:colcon.colcon_core.verb:set package 'smart_turtle_bringup' build argument 'cmake_force_configure' from command line to 'False'
[0.298s] Level 5:colcon.colcon_core.verb:set package 'smart_turtle_bringup' build argument 'ament_cmake_args' from command line to 'None'
[0.298s] Level 5:colcon.colcon_core.verb:set package 'smart_turtle_bringup' build argument 'catkin_cmake_args' from command line to 'None'
[0.298s] Level 5:colcon.colcon_core.verb:set package 'smart_turtle_bringup' build argument 'catkin_skip_building_tests' from command line to 'False'
[0.298s] DEBUG:colcon.colcon_core.verb:Building package 'smart_turtle_bringup' with the following arguments: {'ament_cmake_args': None, 'build_base': '/home/abouzeid/smart_turtle_ws/build/smart_turtle_bringup', 'catkin_cmake_args': None, 'catkin_skip_building_tests': False, 'cmake_args': None, 'cmake_clean_cache': False, 'cmake_clean_first': False, 'cmake_force_configure': False, 'cmake_target': None, 'cmake_target_skip_unavailable': False, 'install_base': '/home/abouzeid/smart_turtle_ws/install/smart_turtle_bringup', 'merge_install': False, 'path': '/home/abouzeid/smart_turtle_ws/src/smart_turtle_bringup', 'symlink_install': False, 'test_result_base': None}
[0.298s] INFO:colcon.colcon_core.executor:Executing jobs using 'parallel' executor
[0.300s] DEBUG:colcon.colcon_parallel_executor.executor.parallel:run_until_complete
[0.300s] INFO:colcon.colcon_ros.task.ament_cmake.build:Building ROS package in '/home/abouzeid/smart_turtle_ws/src/smart_turtle_interface' with build type 'ament_cmake'
[0.300s] INFO:colcon.colcon_cmake.task.cmake.build:Building CMake package in '/home/abouzeid/smart_turtle_ws/src/smart_turtle_interface'
[0.303s] INFO:colcon.colcon_core.plugin_system:Skipping extension 'colcon_core.shell.bat': Not used on non-Windows systems
[0.303s] INFO:colcon.colcon_core.shell:Skip shell extension 'powershell' for command environment: Not usable outside of PowerShell
[0.303s] DEBUG:colcon.colcon_core.shell:Skip shell extension 'dsv' for command environment
[0.319s] DEBUG:colcon.colcon_core.event_handler.log_command:Invoking command in '/home/abouzeid/smart_turtle_ws/build/smart_turtle_interface': CMAKE_PREFIX_PATH=${CMAKE_PREFIX_PATH}:/home/abouzeid/smart_turtle_ws/install/smart_turtle_pkg:/opt/ros/jazzy DEBUGINFOD_URLS=https://debuginfod.ubuntu.com /usr/bin/cmake --build /home/abouzeid/smart_turtle_ws/build/smart_turtle_interface -- -j20 -l20
[1.130s] DEBUG:colcon.colcon_core.event_handler.log_command:Invoked command in '/home/abouzeid/smart_turtle_ws/build/smart_turtle_interface' returned '0': CMAKE_PREFIX_PATH=${CMAKE_PREFIX_PATH}:/home/abouzeid/smart_turtle_ws/install/smart_turtle_pkg:/opt/ros/jazzy DEBUGINFOD_URLS=https://debuginfod.ubuntu.com /usr/bin/cmake --build /home/abouzeid/smart_turtle_ws/build/smart_turtle_interface -- -j20 -l20
[1.153s] DEBUG:colcon.colcon_core.event_handler.log_command:Invoking command in '/home/abouzeid/smart_turtle_ws/build/smart_turtle_interface': CMAKE_PREFIX_PATH=${CMAKE_PREFIX_PATH}:/home/abouzeid/smart_turtle_ws/install/smart_turtle_pkg:/opt/ros/jazzy DEBUGINFOD_URLS=https://debuginfod.ubuntu.com /usr/bin/cmake --install /home/abouzeid/smart_turtle_ws/build/smart_turtle_interface
[1.328s] Level 1:colcon.colcon_core.environment:create_environment_scripts_only(smart_turtle_interface)
[1.330s] DEBUG:colcon.colcon_core.event_handler.log_command:Invoked command in '/home/abouzeid/smart_turtle_ws/build/smart_turtle_interface' returned '0': CMAKE_PREFIX_PATH=${CMAKE_PREFIX_PATH}:/home/abouzeid/smart_turtle_ws/install/smart_turtle_pkg:/opt/ros/jazzy DEBUGINFOD_URLS=https://debuginfod.ubuntu.com /usr/bin/cmake --install /home/abouzeid/smart_turtle_ws/build/smart_turtle_interface
[1.336s] Level 1:colcon.colcon_core.environment:checking '/home/abouzeid/smart_turtle_ws/install/smart_turtle_interface' for CMake module files
[1.339s] Level 1:colcon.colcon_core.environment:checking '/home/abouzeid/smart_turtle_ws/install/smart_turtle_interface' for CMake config files
[1.341s] Level 1:colcon.colcon_core.shell:create_environment_hook('smart_turtle_interface', 'cmake_prefix_path')
[1.342s] INFO:colcon.colcon_core.shell:Creating environment hook '/home/abouzeid/smart_turtle_ws/install/smart_turtle_interface/share/smart_turtle_interface/hook/cmake_prefix_path.ps1'
[1.344s] INFO:colcon.colcon_core.shell:Creating environment descriptor '/home/abouzeid/smart_turtle_ws/install/smart_turtle_interface/share/smart_turtle_interface/hook/cmake_prefix_path.dsv'
[1.345s] INFO:colcon.colcon_core.shell:Creating environment hook '/home/abouzeid/smart_turtle_ws/install/smart_turtle_interface/share/smart_turtle_interface/hook/cmake_prefix_path.sh'
[1.347s] Level 1:colcon.colcon_core.environment:checking '/home/abouzeid/smart_turtle_ws/install/smart_turtle_interface/lib'
[1.348s] Level 1:colcon.colcon_core.shell:create_environment_hook('smart_turtle_interface', 'ld_library_path_lib')
[1.349s] INFO:colcon.colcon_core.shell:Creating environment hook '/home/abouzeid/smart_turtle_ws/install/smart_turtle_interface/share/smart_turtle_interface/hook/ld_library_path_lib.ps1'
[1.350s] INFO:colcon.colcon_core.shell:Creating environment descriptor '/home/abouzeid/smart_turtle_ws/install/smart_turtle_interface/share/smart_turtle_interface/hook/ld_library_path_lib.dsv'
[1.351s] INFO:colcon.colcon_core.shell:Creating environment hook '/home/abouzeid/smart_turtle_ws/install/smart_turtle_interface/share/smart_turtle_interface/hook/ld_library_path_lib.sh'
[1.352s] Level 1:colcon.colcon_core.environment:checking '/home/abouzeid/smart_turtle_ws/install/smart_turtle_interface/bin'
[1.352s] Level 1:colcon.colcon_core.environment:checking '/home/abouzeid/smart_turtle_ws/install/smart_turtle_interface/lib/pkgconfig/smart_turtle_interface.pc'
[1.353s] Level 1:colcon.colcon_core.environment:checking '/home/abouzeid/smart_turtle_ws/install/smart_turtle_interface/lib/python3.12/site-packages'
[1.353s] Level 1:colcon.colcon_core.shell:create_environment_hook('smart_turtle_interface', 'pythonpath')
[1.354s] INFO:colcon.colcon_core.shell:Creating environment hook '/home/abouzeid/smart_turtle_ws/install/smart_turtle_interface/share/smart_turtle_interface/hook/pythonpath.ps1'
[1.355s] INFO:colcon.colcon_core.shell:Creating environment descriptor '/home/abouzeid/smart_turtle_ws/install/smart_turtle_interface/share/smart_turtle_interface/hook/pythonpath.dsv'
[1.356s] INFO:colcon.colcon_core.shell:Creating environment hook '/home/abouzeid/smart_turtle_ws/install/smart_turtle_interface/share/smart_turtle_interface/hook/pythonpath.sh'
[1.358s] Level 1:colcon.colcon_core.environment:checking '/home/abouzeid/smart_turtle_ws/install/smart_turtle_interface/bin'
[1.359s] INFO:colcon.colcon_core.shell:Creating package script '/home/abouzeid/smart_turtle_ws/install/smart_turtle_interface/share/smart_turtle_interface/package.ps1'
[1.361s] INFO:colcon.colcon_core.shell:Creating package descriptor '/home/abouzeid/smart_turtle_ws/install/smart_turtle_interface/share/smart_turtle_interface/package.dsv'
[1.363s] INFO:colcon.colcon_core.shell:Creating package script '/home/abouzeid/smart_turtle_ws/install/smart_turtle_interface/share/smart_turtle_interface/package.sh'
[1.364s] INFO:colcon.colcon_core.shell:Creating package script '/home/abouzeid/smart_turtle_ws/install/smart_turtle_interface/share/smart_turtle_interface/package.bash'
[1.366s] INFO:colcon.colcon_core.shell:Creating package script '/home/abouzeid/smart_turtle_ws/install/smart_turtle_interface/share/smart_turtle_interface/package.zsh'
[1.367s] Level 1:colcon.colcon_core.environment:create_file_with_runtime_dependencies(/home/abouzeid/smart_turtle_ws/install/smart_turtle_interface/share/colcon-core/packages/smart_turtle_interface)
[1.369s] Level 1:colcon.colcon_core.environment:create_environment_scripts_only(smart_turtle_interface)
[1.369s] Level 1:colcon.colcon_core.environment:checking '/home/abouzeid/smart_turtle_ws/install/smart_turtle_interface' for CMake module files
[1.371s] Level 1:colcon.colcon_core.environment:checking '/home/abouzeid/smart_turtle_ws/install/smart_turtle_interface' for CMake config files
[1.372s] Level 1:colcon.colcon_core.shell:create_environment_hook('smart_turtle_interface', 'cmake_prefix_path')
[1.372s] INFO:colcon.colcon_core.shell:Creating environment hook '/home/abouzeid/smart_turtle_ws/install/smart_turtle_interface/share/smart_turtle_interface/hook/cmake_prefix_path.ps1'
[1.373s] INFO:colcon.colcon_core.shell:Creating environment descriptor '/home/abouzeid/smart_turtle_ws/install/smart_turtle_interface/share/smart_turtle_interface/hook/cmake_prefix_path.dsv'
[1.374s] INFO:colcon.colcon_core.shell:Creating environment hook '/home/abouzeid/smart_turtle_ws/install/smart_turtle_interface/share/smart_turtle_interface/hook/cmake_prefix_path.sh'
[1.376s] Level 1:colcon.colcon_core.environment:checking '/home/abouzeid/smart_turtle_ws/install/smart_turtle_interface/lib'
[1.376s] Level 1:colcon.colcon_core.shell:create_environment_hook('smart_turtle_interface', 'ld_library_path_lib')
[1.377s] INFO:colcon.colcon_core.shell:Creating environment hook '/home/abouzeid/smart_turtle_ws/install/smart_turtle_interface/share/smart_turtle_interface/hook/ld_library_path_lib.ps1'
[1.379s] INFO:colcon.colcon_core.shell:Creating environment descriptor '/home/abouzeid/smart_turtle_ws/install/smart_turtle_interface/share/smart_turtle_interface/hook/ld_library_path_lib.dsv'
[1.379s] INFO:colcon.colcon_core.shell:Creating environment hook '/home/abouzeid/smart_turtle_ws/install/smart_turtle_interface/share/smart_turtle_interface/hook/ld_library_path_lib.sh'
[1.380s] Level 1:colcon.colcon_core.environment:checking '/home/abouzeid/smart_turtle_ws/install/smart_turtle_interface/bin'
[1.381s] Level 1:colcon.colcon_core.environment:checking '/home/abouzeid/smart_turtle_ws/install/smart_turtle_interface/lib/pkgconfig/smart_turtle_interface.pc'
[1.381s] Level 1:colcon.colcon_core.environment:checking '/home/abouzeid/smart_turtle_ws/install/smart_turtle_interface/lib/python3.12/site-packages'
[1.382s] Level 1:colcon.colcon_core.shell:create_environment_hook('smart_turtle_interface', 'pythonpath')
[1.382s] INFO:colcon.colcon_core.shell:Creating environment hook '/home/abouzeid/smart_turtle_ws/install/smart_turtle_interface/share/smart_turtle_interface/hook/pythonpath.ps1'
[1.383s] INFO:colcon.colcon_core.shell:Creating environment descriptor '/home/abouzeid/smart_turtle_ws/install/smart_turtle_interface/share/smart_turtle_interface/hook/pythonpath.dsv'
[1.384s] INFO:colcon.colcon_core.shell:Creating environment hook '/home/abouzeid/smart_turtle_ws/install/smart_turtle_interface/share/smart_turtle_interface/hook/pythonpath.sh'
[1.386s] Level 1:colcon.colcon_core.environment:checking '/home/abouzeid/smart_turtle_ws/install/smart_turtle_interface/bin'
[1.387s] INFO:colcon.colcon_core.shell:Creating package script '/home/abouzeid/smart_turtle_ws/install/smart_turtle_interface/share/smart_turtle_interface/package.ps1'
[1.388s] INFO:colcon.colcon_core.shell:Creating package descriptor '/home/abouzeid/smart_turtle_ws/install/smart_turtle_interface/share/smart_turtle_interface/package.dsv'
[1.390s] INFO:colcon.colcon_core.shell:Creating package script '/home/abouzeid/smart_turtle_ws/install/smart_turtle_interface/share/smart_turtle_interface/package.sh'
[1.391s] INFO:colcon.colcon_core.shell:Creating package script '/home/abouzeid/smart_turtle_ws/install/smart_turtle_interface/share/smart_turtle_interface/package.bash'
[1.392s] INFO:colcon.colcon_core.shell:Creating package script '/home/abouzeid/smart_turtle_ws/install/smart_turtle_interface/share/smart_turtle_interface/package.zsh'
[1.393s] Level 1:colcon.colcon_core.environment:create_file_with_runtime_dependencies(/home/abouzeid/smart_turtle_ws/install/smart_turtle_interface/share/colcon-core/packages/smart_turtle_interface)
[1.394s] INFO:colcon.colcon_ros.task.ament_python.build:Building ROS package in '/home/abouzeid/smart_turtle_ws/src/smart_turtle_pkg' with build type 'ament_python'
[1.394s] Level 1:colcon.colcon_core.shell:create_environment_hook('smart_turtle_pkg', 'ament_prefix_path')
[1.394s] INFO:colcon.colcon_core.shell:Creating environment hook '/home/abouzeid/smart_turtle_ws/install/smart_turtle_pkg/share/smart_turtle_pkg/hook/ament_prefix_path.ps1'
[1.397s] INFO:colcon.colcon_core.shell:Creating environment descriptor '/home/abouzeid/smart_turtle_ws/install/smart_turtle_pkg/share/smart_turtle_pkg/hook/ament_prefix_path.dsv'
[1.399s] INFO:colcon.colcon_core.shell:Creating environment hook '/home/abouzeid/smart_turtle_ws/install/smart_turtle_pkg/share/smart_turtle_pkg/hook/ament_prefix_path.sh'
[1.400s] INFO:colcon.colcon_core.shell:Skip shell extension 'powershell' for command environment: Not usable outside of PowerShell
[1.400s] DEBUG:colcon.colcon_core.shell:Skip shell extension 'dsv' for command environment
[1.930s] INFO:colcon.colcon_core.task.python.build:Building Python package in '/home/abouzeid/smart_turtle_ws/src/smart_turtle_pkg'
[1.930s] INFO:colcon.colcon_core.shell:Skip shell extension 'powershell' for command environment: Not usable outside of PowerShell
[1.930s] DEBUG:colcon.colcon_core.shell:Skip shell extension 'dsv' for command environment
[2.659s] DEBUG:colcon.colcon_core.event_handler.log_command:Invoking command in '/home/abouzeid/smart_turtle_ws/src/smart_turtle_pkg': CMAKE_PREFIX_PATH=/home/abouzeid/smart_turtle_ws/install/smart_turtle_interface:/home/abouzeid/smart_turtle_ws/install/smart_turtle_bringup:/opt/ros/jazzy/opt/gz_math_vendor:/opt/ros/jazzy/opt/gz_utils_vendor:/opt/ros/jazzy/opt/gz_cmake_vendor DEBUGINFOD_URLS=https://debuginfod.ubuntu.com PYTHONPATH=/home/abouzeid/smart_turtle_ws/build/smart_turtle_pkg/prefix_override:/usr/lib/python3/dist-packages/colcon_core/task/python/colcon_distutils_commands:/home/abouzeid/smart_turtle_ws/install/smart_turtle_pkg/lib/python3.12/site-packages:/home/abouzeid/smart_turtle_ws/install/smart_turtle_interface/lib/python3.12/site-packages:/home/abouzeid/smart_turtle_ws/install/smart_turtle_pkg/lib/python3.12/site-packages:/opt/ros/jazzy/lib/python3.12/site-packages /usr/bin/python3 -W ignore:setup.py install is deprecated -W ignore:easy_install command is deprecated setup.py egg_info --egg-base ../../build/smart_turtle_pkg build --build-base /home/abouzeid/smart_turtle_ws/build/smart_turtle_pkg/build install --record /home/abouzeid/smart_turtle_ws/build/smart_turtle_pkg/install.log --single-version-externally-managed install_data
[3.616s] Level 1:colcon.colcon_core.environment:checking '/home/abouzeid/smart_turtle_ws/install/smart_turtle_pkg' for CMake module files
[3.618s] DEBUG:colcon.colcon_core.event_handler.log_command:Invoked command in '/home/abouzeid/smart_turtle_ws/src/smart_turtle_pkg' returned '0': CMAKE_PREFIX_PATH=/home/abouzeid/smart_turtle_ws/install/smart_turtle_interface:/home/abouzeid/smart_turtle_ws/install/smart_turtle_bringup:/opt/ros/jazzy/opt/gz_math_vendor:/opt/ros/jazzy/opt/gz_utils_vendor:/opt/ros/jazzy/opt/gz_cmake_vendor DEBUGINFOD_URLS=https://debuginfod.ubuntu.com PYTHONPATH=/home/abouzeid/smart_turtle_ws/build/smart_turtle_pkg/prefix_override:/usr/lib/python3/dist-packages/colcon_core/task/python/colcon_distutils_commands:/home/abouzeid/smart_turtle_ws/install/smart_turtle_pkg/lib/python3.12/site-packages:/home/abouzeid/smart_turtle_ws/install/smart_turtle_interface/lib/python3.12/site-packages:/home/abouzeid/smart_turtle_ws/install/smart_turtle_pkg/lib/python3.12/site-packages:/opt/ros/jazzy/lib/python3.12/site-packages /usr/bin/python3 -W ignore:setup.py install is deprecated -W ignore:easy_install command is deprecated setup.py egg_info --egg-base ../../build/smart_turtle_pkg build --build-base /home/abouzeid/smart_turtle_ws/build/smart_turtle_pkg/build install --record /home/abouzeid/smart_turtle_ws/build/smart_turtle_pkg/install.log --single-version-externally-managed install_data
[3.619s] Level 1:colcon.colcon_core.environment:checking '/home/abouzeid/smart_turtle_ws/install/smart_turtle_pkg' for CMake config files
[3.620s] Level 1:colcon.colcon_core.environment:checking '/home/abouzeid/smart_turtle_ws/install/smart_turtle_pkg/lib'
[3.620s] Level 1:colcon.colcon_core.environment:checking '/home/abouzeid/smart_turtle_ws/install/smart_turtle_pkg/bin'
[3.620s] Level 1:colcon.colcon_core.environment:checking '/home/abouzeid/smart_turtle_ws/install/smart_turtle_pkg/lib/pkgconfig/smart_turtle_pkg.pc'
[3.621s] Level 1:colcon.colcon_core.environment:checking '/home/abouzeid/smart_turtle_ws/install/smart_turtle_pkg/lib/python3.12/site-packages'
[3.621s] Level 1:colcon.colcon_core.shell:create_environment_hook('smart_turtle_pkg', 'pythonpath')
[3.622s] INFO:colcon.colcon_core.shell:Creating environment hook '/home/abouzeid/smart_turtle_ws/install/smart_turtle_pkg/share/smart_turtle_pkg/hook/pythonpath.ps1'
[3.623s] INFO:colcon.colcon_core.shell:Creating environment descriptor '/home/abouzeid/smart_turtle_ws/install/smart_turtle_pkg/share/smart_turtle_pkg/hook/pythonpath.dsv'
[3.624s] INFO:colcon.colcon_core.shell:Creating environment hook '/home/abouzeid/smart_turtle_ws/install/smart_turtle_pkg/share/smart_turtle_pkg/hook/pythonpath.sh'
[3.625s] Level 1:colcon.colcon_core.environment:checking '/home/abouzeid/smart_turtle_ws/install/smart_turtle_pkg/bin'
[3.626s] Level 1:colcon.colcon_core.environment:create_environment_scripts_only(smart_turtle_pkg)
[3.626s] INFO:colcon.colcon_core.shell:Creating package script '/home/abouzeid/smart_turtle_ws/install/smart_turtle_pkg/share/smart_turtle_pkg/package.ps1'
[3.627s] INFO:colcon.colcon_core.shell:Creating package descriptor '/home/abouzeid/smart_turtle_ws/install/smart_turtle_pkg/share/smart_turtle_pkg/package.dsv'
[3.629s] INFO:colcon.colcon_core.shell:Creating package script '/home/abouzeid/smart_turtle_ws/install/smart_turtle_pkg/share/smart_turtle_pkg/package.sh'
[3.630s] INFO:colcon.colcon_core.shell:Creating package script '/home/abouzeid/smart_turtle_ws/install/smart_turtle_pkg/share/smart_turtle_pkg/package.bash'
[3.631s] INFO:colcon.colcon_core.shell:Creating package script '/home/abouzeid/smart_turtle_ws/install/smart_turtle_pkg/share/smart_turtle_pkg/package.zsh'
[3.632s] Level 1:colcon.colcon_core.environment:create_file_with_runtime_dependencies(/home/abouzeid/smart_turtle_ws/install/smart_turtle_pkg/share/colcon-core/packages/smart_turtle_pkg)
[3.633s] INFO:colcon.colcon_ros.task.ament_cmake.build:Building ROS package in '/home/abouzeid/smart_turtle_ws/src/smart_turtle_bringup' with build type 'ament_cmake'
[3.633s] INFO:colcon.colcon_cmake.task.cmake.build:Building CMake package in '/home/abouzeid/smart_turtle_ws/src/smart_turtle_bringup'
[3.633s] INFO:colcon.colcon_core.shell:Skip shell extension 'powershell' for command environment: Not usable outside of PowerShell
[3.633s] DEBUG:colcon.colcon_core.shell:Skip shell extension 'dsv' for command environment
[3.663s] DEBUG:colcon.colcon_core.event_handler.log_command:Invoking command in '/home/abouzeid/smart_turtle_ws/build/smart_turtle_bringup': AMENT_PREFIX_PATH=/home/abouzeid/smart_turtle_ws/install/smart_turtle_pkg:/home/abouzeid/smart_turtle_ws/install/smart_turtle_bringup:/home/abouzeid/smart_turtle_ws/install/smart_turtle_interface:/opt/ros/jazzy CMAKE_PREFIX_PATH=/home/abouzeid/smart_turtle_ws/install/smart_turtle_interface:/home/abouzeid/smart_turtle_ws/install/smart_turtle_bringup:/opt/ros/jazzy/opt/gz_math_vendor:/opt/ros/jazzy/opt/gz_utils_vendor:/opt/ros/jazzy/opt/gz_cmake_vendor:/home/abouzeid/smart_turtle_ws/install/smart_turtle_pkg:/opt/ros/jazzy DEBUGINFOD_URLS=https://debuginfod.ubuntu.com /usr/bin/cmake --build /home/abouzeid/smart_turtle_ws/build/smart_turtle_bringup -- -j20 -l20
[3.755s] DEBUG:colcon.colcon_core.event_handler.log_command:Invoked command in '/home/abouzeid/smart_turtle_ws/build/smart_turtle_bringup' returned '0': AMENT_PREFIX_PATH=/home/abouzeid/smart_turtle_ws/install/smart_turtle_pkg:/home/abouzeid/smart_turtle_ws/install/smart_turtle_bringup:/home/abouzeid/smart_turtle_ws/install/smart_turtle_interface:/opt/ros/jazzy CMAKE_PREFIX_PATH=/home/abouzeid/smart_turtle_ws/install/smart_turtle_interface:/home/abouzeid/smart_turtle_ws/install/smart_turtle_bringup:/opt/ros/jazzy/opt/gz_math_vendor:/opt/ros/jazzy/opt/gz_utils_vendor:/opt/ros/jazzy/opt/gz_cmake_vendor:/home/abouzeid/smart_turtle_ws/install/smart_turtle_pkg:/opt/ros/jazzy DEBUGINFOD_URLS=https://debuginfod.ubuntu.com /usr/bin/cmake --build /home/abouzeid/smart_turtle_ws/build/smart_turtle_bringup -- -j20 -l20
[3.757s] DEBUG:colcon.colcon_core.event_handler.log_command:Invoking command in '/home/abouzeid/smart_turtle_ws/build/smart_turtle_bringup': AMENT_PREFIX_PATH=/home/abouzeid/smart_turtle_ws/install/smart_turtle_pkg:/home/abouzeid/smart_turtle_ws/install/smart_turtle_bringup:/home/abouzeid/smart_turtle_ws/install/smart_turtle_interface:/opt/ros/jazzy CMAKE_PREFIX_PATH=/home/abouzeid/smart_turtle_ws/install/smart_turtle_interface:/home/abouzeid/smart_turtle_ws/install/smart_turtle_bringup:/opt/ros/jazzy/opt/gz_math_vendor:/opt/ros/jazzy/opt/gz_utils_vendor:/opt/ros/jazzy/opt/gz_cmake_vendor:/home/abouzeid/smart_turtle_ws/install/smart_turtle_pkg:/opt/ros/jazzy DEBUGINFOD_URLS=https://debuginfod.ubuntu.com /usr/bin/cmake --install /home/abouzeid/smart_turtle_ws/build/smart_turtle_bringup
[3.775s] Level 1:colcon.colcon_core.environment:create_environment_scripts_only(smart_turtle_bringup)
[3.775s] Level 1:colcon.colcon_core.environment:checking '/home/abouzeid/smart_turtle_ws/install/smart_turtle_bringup' for CMake module files
[3.776s] DEBUG:colcon.colcon_core.event_handler.log_command:Invoked command in '/home/abouzeid/smart_turtle_ws/build/smart_turtle_bringup' returned '0': AMENT_PREFIX_PATH=/home/abouzeid/smart_turtle_ws/install/smart_turtle_pkg:/home/abouzeid/smart_turtle_ws/install/smart_turtle_bringup:/home/abouzeid/smart_turtle_ws/install/smart_turtle_interface:/opt/ros/jazzy CMAKE_PREFIX_PATH=/home/abouzeid/smart_turtle_ws/install/smart_turtle_interface:/home/abouzeid/smart_turtle_ws/install/smart_turtle_bringup:/opt/ros/jazzy/opt/gz_math_vendor:/opt/ros/jazzy/opt/gz_utils_vendor:/opt/ros/jazzy/opt/gz_cmake_vendor:/home/abouzeid/smart_turtle_ws/install/smart_turtle_pkg:/opt/ros/jazzy DEBUGINFOD_URLS=https://debuginfod.ubuntu.com /usr/bin/cmake --install /home/abouzeid/smart_turtle_ws/build/smart_turtle_bringup
[3.777s] Level 1:colcon.colcon_core.environment:checking '/home/abouzeid/smart_turtle_ws/install/smart_turtle_bringup' for CMake config files
[3.778s] Level 1:colcon.colcon_core.shell:create_environment_hook('smart_turtle_bringup', 'cmake_prefix_path')
[3.778s] INFO:colcon.colcon_core.shell:Creating environment hook '/home/abouzeid/smart_turtle_ws/install/smart_turtle_bringup/share/smart_turtle_bringup/hook/cmake_prefix_path.ps1'
[3.779s] INFO:colcon.colcon_core.shell:Creating environment descriptor '/home/abouzeid/smart_turtle_ws/install/smart_turtle_bringup/share/smart_turtle_bringup/hook/cmake_prefix_path.dsv'
[3.779s] INFO:colcon.colcon_core.shell:Creating environment hook '/home/abouzeid/smart_turtle_ws/install/smart_turtle_bringup/share/smart_turtle_bringup/hook/cmake_prefix_path.sh'
[3.780s] Level 1:colcon.colcon_core.environment:checking '/home/abouzeid/smart_turtle_ws/install/smart_turtle_bringup/bin'
[3.780s] Level 1:colcon.colcon_core.environment:checking '/home/abouzeid/smart_turtle_ws/install/smart_turtle_bringup/lib/pkgconfig/smart_turtle_bringup.pc'
[3.781s] Level 1:colcon.colcon_core.environment:checking '/home/abouzeid/smart_turtle_ws/install/smart_turtle_bringup/lib/python3.12/site-packages'
[3.781s] Level 1:colcon.colcon_core.environment:checking '/home/abouzeid/smart_turtle_ws/install/smart_turtle_bringup/bin'
[3.782s] INFO:colcon.colcon_core.shell:Creating package script '/home/abouzeid/smart_turtle_ws/install/smart_turtle_bringup/share/smart_turtle_bringup/package.ps1'
[3.783s] INFO:colcon.colcon_core.shell:Creating package descriptor '/home/abouzeid/smart_turtle_ws/install/smart_turtle_bringup/share/smart_turtle_bringup/package.dsv'
[3.783s] INFO:colcon.colcon_core.shell:Creating package script '/home/abouzeid/smart_turtle_ws/install/smart_turtle_bringup/share/smart_turtle_bringup/package.sh'
[3.784s] INFO:colcon.colcon_core.shell:Creating package script '/home/abouzeid/smart_turtle_ws/install/smart_turtle_bringup/share/smart_turtle_bringup/package.bash'
[3.784s] INFO:colcon.colcon_core.shell:Creating package script '/home/abouzeid/smart_turtle_ws/install/smart_turtle_bringup/share/smart_turtle_bringup/package.zsh'
[3.785s] Level 1:colcon.colcon_core.environment:create_file_with_runtime_dependencies(/home/abouzeid/smart_turtle_ws/install/smart_turtle_bringup/share/colcon-core/packages/smart_turtle_bringup)
[3.786s] Level 1:colcon.colcon_core.environment:create_environment_scripts_only(smart_turtle_bringup)
[3.786s] Level 1:colcon.colcon_core.environment:checking '/home/abouzeid/smart_turtle_ws/install/smart_turtle_bringup' for CMake module files
[3.787s] Level 1:colcon.colcon_core.environment:checking '/home/abouzeid/smart_turtle_ws/install/smart_turtle_bringup' for CMake config files
[3.787s] Level 1:colcon.colcon_core.shell:create_environment_hook('smart_turtle_bringup', 'cmake_prefix_path')
[3.788s] INFO:colcon.colcon_core.shell:Creating environment hook '/home/abouzeid/smart_turtle_ws/install/smart_turtle_bringup/share/smart_turtle_bringup/hook/cmake_prefix_path.ps1'
[3.788s] INFO:colcon.colcon_core.shell:Creating environment descriptor '/home/abouzeid/smart_turtle_ws/install/smart_turtle_bringup/share/smart_turtle_bringup/hook/cmake_prefix_path.dsv'
[3.789s] INFO:colcon.colcon_core.shell:Creating environment hook '/home/abouzeid/smart_turtle_ws/install/smart_turtle_bringup/share/smart_turtle_bringup/hook/cmake_prefix_path.sh'
[3.790s] Level 1:colcon.colcon_core.environment:checking '/home/abouzeid/smart_turtle_ws/install/smart_turtle_bringup/bin'
[3.790s] Level 1:colcon.colcon_core.environment:checking '/home/abouzeid/smart_turtle_ws/install/smart_turtle_bringup/lib/pkgconfig/smart_turtle_bringup.pc'
[3.791s] Level 1:colcon.colcon_core.environment:checking '/home/abouzeid/smart_turtle_ws/install/smart_turtle_bringup/lib/python3.12/site-packages'
[3.791s] Level 1:colcon.colcon_core.environment:checking '/home/abouzeid/smart_turtle_ws/install/smart_turtle_bringup/bin'
[3.792s] INFO:colcon.colcon_core.shell:Creating package script '/home/abouzeid/smart_turtle_ws/install/smart_turtle_bringup/share/smart_turtle_bringup/package.ps1'
[3.793s] INFO:colcon.colcon_core.shell:Creating package descriptor '/home/abouzeid/smart_turtle_ws/install/smart_turtle_bringup/share/smart_turtle_bringup/package.dsv'
[3.794s] INFO:colcon.colcon_core.shell:Creating package script '/home/abouzeid/smart_turtle_ws/install/smart_turtle_bringup/share/smart_turtle_bringup/package.sh'
[3.794s] INFO:colcon.colcon_core.shell:Creating package script '/home/abouzeid/smart_turtle_ws/install/smart_turtle_bringup/share/smart_turtle_bringup/package.bash'
[3.795s] INFO:colcon.colcon_core.shell:Creating package script '/home/abouzeid/smart_turtle_ws/install/smart_turtle_bringup/share/smart_turtle_bringup/package.zsh'
[3.796s] Level 1:colcon.colcon_core.environment:create_file_with_runtime_dependencies(/home/abouzeid/smart_turtle_ws/install/smart_turtle_bringup/share/colcon-core/packages/smart_turtle_bringup)
[3.796s] DEBUG:colcon.colcon_parallel_executor.executor.parallel:closing loop
[3.796s] DEBUG:colcon.colcon_parallel_executor.executor.parallel:loop closed
[3.796s] DEBUG:colcon.colcon_parallel_executor.executor.parallel:run_until_complete finished with '0'
[3.797s] DEBUG:colcon.colcon_core.event_reactor:joining thread
[3.808s] INFO:colcon.colcon_core.plugin_system:Skipping extension 'colcon_notification.desktop_notification.terminal_notifier': Not used on non-Darwin systems
[3.808s] INFO:colcon.colcon_core.plugin_system:Skipping extension 'colcon_notification.desktop_notification.win32': Not used on non-Windows systems
[3.808s] INFO:colcon.colcon_notification.desktop_notification:Sending desktop notification using 'notify2'
[3.841s] DEBUG:colcon.colcon_core.event_reactor:joined thread
[3.842s] INFO:colcon.colcon_core.shell:Creating prefix script '/home/abouzeid/smart_turtle_ws/install/local_setup.ps1'
[3.843s] INFO:colcon.colcon_core.shell:Creating prefix util module '/home/abouzeid/smart_turtle_ws/install/_local_setup_util_ps1.py'
[3.845s] INFO:colcon.colcon_core.shell:Creating prefix chain script '/home/abouzeid/smart_turtle_ws/install/setup.ps1'
[3.847s] INFO:colcon.colcon_core.shell:Creating prefix script '/home/abouzeid/smart_turtle_ws/install/local_setup.sh'
[3.848s] INFO:colcon.colcon_core.shell:Creating prefix util module '/home/abouzeid/smart_turtle_ws/install/_local_setup_util_sh.py'
[3.849s] INFO:colcon.colcon_core.shell:Creating prefix chain script '/home/abouzeid/smart_turtle_ws/install/setup.sh'
[3.851s] INFO:colcon.colcon_core.shell:Creating prefix script '/home/abouzeid/smart_turtle_ws/install/local_setup.bash'
[3.852s] INFO:colcon.colcon_core.shell:Creating prefix chain script '/home/abouzeid/smart_turtle_ws/install/setup.bash'
[3.854s] INFO:colcon.colcon_core.shell:Creating prefix script '/home/abouzeid/smart_turtle_ws/install/local_setup.zsh'
[3.855s] INFO:colcon.colcon_core.shell:Creating prefix chain script '/home/abouzeid/smart_turtle_ws/install/setup.zsh'
