[0.017s] Invoking command in '/home/abouzeid/smart_turtle_ws/build/smart_turtle_interface': CMAKE_PREFIX_PATH=${CMAKE_PREFIX_PATH}:/home/abouzeid/smart_turtle_ws/install/smart_turtle_pkg:/opt/ros/jazzy DEBUGINFOD_URLS=https://debuginfod.ubuntu.com /usr/bin/cmake --build /home/abouzeid/smart_turtle_ws/build/smart_turtle_interface -- -j20 -l20
[0.107s] [  2%] Built target smart_turtle_interface__rosidl_generator_type_description
[0.123s] [  2%] Built target ament_cmake_python_copy_smart_turtle_interface
[0.149s] [  5%] Built target smart_turtle_interface__cpp
[0.154s] [ 20%] Built target smart_turtle_interface__rosidl_generator_c
[0.209s] [ 44%] Built target smart_turtle_interface__rosidl_typesupport_introspection_cpp
[0.210s] [ 47%] Built target smart_turtle_interface__rosidl_typesupport_fastrtps_c
[0.210s] [ 47%] Built target smart_turtle_interface__rosidl_typesupport_introspection_c
[0.210s] [ 55%] Built target smart_turtle_interface__rosidl_typesupport_c
[0.211s] [ 64%] Built target smart_turtle_interface__rosidl_typesupport_cpp
[0.214s] [ 73%] Built target smart_turtle_interface__rosidl_typesupport_fastrtps_cpp
[0.260s] [ 73%] Built target smart_turtle_interface
[0.310s] [ 76%] Built target smart_turtle_interface__py
[0.372s] [ 82%] Built target smart_turtle_interface__rosidl_generator_py
[0.436s] [ 88%] Built target smart_turtle_interface_s__rosidl_typesupport_fastrtps_c
[0.437s] [ 94%] Built target smart_turtle_interface_s__rosidl_typesupport_c
[0.443s] [100%] Built target smart_turtle_interface_s__rosidl_typesupport_introspection_c
[0.699s] running egg_info
[0.735s] writing smart_turtle_interface.egg-info/PKG-INFO
[0.735s] writing dependency_links to smart_turtle_interface.egg-info/dependency_links.txt
[0.736s] writing top-level names to smart_turtle_interface.egg-info/top_level.txt
[0.820s] reading manifest file 'smart_turtle_interface.egg-info/SOURCES.txt'
[0.821s] writing manifest file 'smart_turtle_interface.egg-info/SOURCES.txt'
[0.862s] [100%] Built target ament_cmake_python_build_smart_turtle_interface_egg
[0.879s] Invoked command in '/home/abouzeid/smart_turtle_ws/build/smart_turtle_interface' returned '0': CMAKE_PREFIX_PATH=${CMAKE_PREFIX_PATH}:/home/abouzeid/smart_turtle_ws/install/smart_turtle_pkg:/opt/ros/jazzy DEBUGINFOD_URLS=https://debuginfod.ubuntu.com /usr/bin/cmake --build /home/abouzeid/smart_turtle_ws/build/smart_turtle_interface -- -j20 -l20
[0.892s] Invoking command in '/home/abouzeid/smart_turtle_ws/build/smart_turtle_interface': CMAKE_PREFIX_PATH=${CMAKE_PREFIX_PATH}:/home/abouzeid/smart_turtle_ws/install/smart_turtle_pkg:/opt/ros/jazzy DEBUGINFOD_URLS=https://debuginfod.ubuntu.com /usr/bin/cmake --install /home/abouzeid/smart_turtle_ws/build/smart_turtle_interface
[0.905s] -- Install configuration: ""
[0.905s] -- Up-to-date: /home/abouzeid/smart_turtle_ws/install/smart_turtle_interface/share/ament_index/resource_index/rosidl_interfaces/smart_turtle_interface
[0.905s] -- Up-to-date: /home/abouzeid/smart_turtle_ws/install/smart_turtle_interface/share/smart_turtle_interface/msg/TurtleCommand.json
[0.905s] -- Up-to-date: /home/abouzeid/smart_turtle_ws/install/smart_turtle_interface/include/smart_turtle_interface/smart_turtle_interface
[0.905s] -- Up-to-date: /home/abouzeid/smart_turtle_ws/install/smart_turtle_interface/include/smart_turtle_interface/smart_turtle_interface/msg
[0.905s] -- Up-to-date: /home/abouzeid/smart_turtle_ws/install/smart_turtle_interface/include/smart_turtle_interface/smart_turtle_interface/msg/turtle_command.h
[0.906s] -- Up-to-date: /home/abouzeid/smart_turtle_ws/install/smart_turtle_interface/include/smart_turtle_interface/smart_turtle_interface/msg/rosidl_generator_c__visibility_control.h
[0.906s] -- Up-to-date: /home/abouzeid/smart_turtle_ws/install/smart_turtle_interface/include/smart_turtle_interface/smart_turtle_interface/msg/detail
[0.906s] -- Up-to-date: /home/abouzeid/smart_turtle_ws/install/smart_turtle_interface/include/smart_turtle_interface/smart_turtle_interface/msg/detail/turtle_command__type_support.c
[0.906s] -- Up-to-date: /home/abouzeid/smart_turtle_ws/install/smart_turtle_interface/include/smart_turtle_interface/smart_turtle_interface/msg/detail/turtle_command__description.c
[0.906s] -- Up-to-date: /home/abouzeid/smart_turtle_ws/install/smart_turtle_interface/include/smart_turtle_interface/smart_turtle_interface/msg/detail/turtle_command__functions.c
[0.906s] -- Up-to-date: /home/abouzeid/smart_turtle_ws/install/smart_turtle_interface/include/smart_turtle_interface/smart_turtle_interface/msg/detail/turtle_command__type_support.h
[0.907s] -- Up-to-date: /home/abouzeid/smart_turtle_ws/install/smart_turtle_interface/include/smart_turtle_interface/smart_turtle_interface/msg/detail/turtle_command__functions.h
[0.907s] -- Up-to-date: /home/abouzeid/smart_turtle_ws/install/smart_turtle_interface/include/smart_turtle_interface/smart_turtle_interface/msg/detail/turtle_command__struct.h
[0.907s] -- Up-to-date: /home/abouzeid/smart_turtle_ws/install/smart_turtle_interface/share/smart_turtle_interface/environment/library_path.sh
[0.907s] -- Up-to-date: /home/abouzeid/smart_turtle_ws/install/smart_turtle_interface/share/smart_turtle_interface/environment/library_path.dsv
[0.907s] -- Up-to-date: /home/abouzeid/smart_turtle_ws/install/smart_turtle_interface/lib/libsmart_turtle_interface__rosidl_generator_c.so
[0.908s] -- Up-to-date: /home/abouzeid/smart_turtle_ws/install/smart_turtle_interface/include/smart_turtle_interface/smart_turtle_interface
[0.908s] -- Up-to-date: /home/abouzeid/smart_turtle_ws/install/smart_turtle_interface/include/smart_turtle_interface/smart_turtle_interface/msg
[0.908s] -- Up-to-date: /home/abouzeid/smart_turtle_ws/install/smart_turtle_interface/include/smart_turtle_interface/smart_turtle_interface/msg/rosidl_typesupport_fastrtps_c__visibility_control.h
[0.908s] -- Up-to-date: /home/abouzeid/smart_turtle_ws/install/smart_turtle_interface/include/smart_turtle_interface/smart_turtle_interface/msg/detail
[0.908s] -- Up-to-date: /home/abouzeid/smart_turtle_ws/install/smart_turtle_interface/include/smart_turtle_interface/smart_turtle_interface/msg/detail/turtle_command__rosidl_typesupport_fastrtps_c.h
[0.908s] -- Up-to-date: /home/abouzeid/smart_turtle_ws/install/smart_turtle_interface/lib/libsmart_turtle_interface__rosidl_typesupport_fastrtps_c.so
[0.909s] -- Up-to-date: /home/abouzeid/smart_turtle_ws/install/smart_turtle_interface/include/smart_turtle_interface/smart_turtle_interface
[0.909s] -- Up-to-date: /home/abouzeid/smart_turtle_ws/install/smart_turtle_interface/include/smart_turtle_interface/smart_turtle_interface/msg
[0.909s] -- Up-to-date: /home/abouzeid/smart_turtle_ws/install/smart_turtle_interface/include/smart_turtle_interface/smart_turtle_interface/msg/rosidl_typesupport_introspection_c__visibility_control.h
[0.909s] -- Up-to-date: /home/abouzeid/smart_turtle_ws/install/smart_turtle_interface/include/smart_turtle_interface/smart_turtle_interface/msg/detail
[0.909s] -- Up-to-date: /home/abouzeid/smart_turtle_ws/install/smart_turtle_interface/include/smart_turtle_interface/smart_turtle_interface/msg/detail/turtle_command__type_support.c
[0.909s] -- Up-to-date: /home/abouzeid/smart_turtle_ws/install/smart_turtle_interface/include/smart_turtle_interface/smart_turtle_interface/msg/detail/turtle_command__rosidl_typesupport_introspection_c.h
[0.909s] -- Up-to-date: /home/abouzeid/smart_turtle_ws/install/smart_turtle_interface/lib/libsmart_turtle_interface__rosidl_typesupport_introspection_c.so
[0.909s] -- Up-to-date: /home/abouzeid/smart_turtle_ws/install/smart_turtle_interface/lib/libsmart_turtle_interface__rosidl_typesupport_c.so
[0.909s] -- Up-to-date: /home/abouzeid/smart_turtle_ws/install/smart_turtle_interface/include/smart_turtle_interface/smart_turtle_interface
[0.910s] -- Up-to-date: /home/abouzeid/smart_turtle_ws/install/smart_turtle_interface/include/smart_turtle_interface/smart_turtle_interface/msg
[0.910s] -- Up-to-date: /home/abouzeid/smart_turtle_ws/install/smart_turtle_interface/include/smart_turtle_interface/smart_turtle_interface/msg/turtle_command.hpp
[0.910s] -- Up-to-date: /home/abouzeid/smart_turtle_ws/install/smart_turtle_interface/include/smart_turtle_interface/smart_turtle_interface/msg/rosidl_generator_cpp__visibility_control.hpp
[0.910s] -- Up-to-date: /home/abouzeid/smart_turtle_ws/install/smart_turtle_interface/include/smart_turtle_interface/smart_turtle_interface/msg/detail
[0.910s] -- Up-to-date: /home/abouzeid/smart_turtle_ws/install/smart_turtle_interface/include/smart_turtle_interface/smart_turtle_interface/msg/detail/turtle_command__type_support.hpp
[0.910s] -- Up-to-date: /home/abouzeid/smart_turtle_ws/install/smart_turtle_interface/include/smart_turtle_interface/smart_turtle_interface/msg/detail/turtle_command__struct.hpp
[0.911s] -- Up-to-date: /home/abouzeid/smart_turtle_ws/install/smart_turtle_interface/include/smart_turtle_interface/smart_turtle_interface/msg/detail/turtle_command__traits.hpp
[0.911s] -- Up-to-date: /home/abouzeid/smart_turtle_ws/install/smart_turtle_interface/include/smart_turtle_interface/smart_turtle_interface/msg/detail/turtle_command__builder.hpp
[0.911s] -- Up-to-date: /home/abouzeid/smart_turtle_ws/install/smart_turtle_interface/include/smart_turtle_interface/smart_turtle_interface
[0.911s] -- Up-to-date: /home/abouzeid/smart_turtle_ws/install/smart_turtle_interface/include/smart_turtle_interface/smart_turtle_interface/msg
[0.911s] -- Up-to-date: /home/abouzeid/smart_turtle_ws/install/smart_turtle_interface/include/smart_turtle_interface/smart_turtle_interface/msg/rosidl_typesupport_fastrtps_cpp__visibility_control.h
[0.911s] -- Up-to-date: /home/abouzeid/smart_turtle_ws/install/smart_turtle_interface/include/smart_turtle_interface/smart_turtle_interface/msg/detail
[0.911s] -- Up-to-date: /home/abouzeid/smart_turtle_ws/install/smart_turtle_interface/include/smart_turtle_interface/smart_turtle_interface/msg/detail/dds_fastrtps
[0.911s] -- Up-to-date: /home/abouzeid/smart_turtle_ws/install/smart_turtle_interface/include/smart_turtle_interface/smart_turtle_interface/msg/detail/turtle_command__rosidl_typesupport_fastrtps_cpp.hpp
[0.911s] -- Up-to-date: /home/abouzeid/smart_turtle_ws/install/smart_turtle_interface/lib/libsmart_turtle_interface__rosidl_typesupport_fastrtps_cpp.so
[0.911s] -- Up-to-date: /home/abouzeid/smart_turtle_ws/install/smart_turtle_interface/include/smart_turtle_interface/smart_turtle_interface
[0.911s] -- Up-to-date: /home/abouzeid/smart_turtle_ws/install/smart_turtle_interface/include/smart_turtle_interface/smart_turtle_interface/msg
[0.912s] -- Up-to-date: /home/abouzeid/smart_turtle_ws/install/smart_turtle_interface/include/smart_turtle_interface/smart_turtle_interface/msg/detail
[0.912s] -- Up-to-date: /home/abouzeid/smart_turtle_ws/install/smart_turtle_interface/include/smart_turtle_interface/smart_turtle_interface/msg/detail/turtle_command__type_support.cpp
[0.912s] -- Up-to-date: /home/abouzeid/smart_turtle_ws/install/smart_turtle_interface/include/smart_turtle_interface/smart_turtle_interface/msg/detail/turtle_command__rosidl_typesupport_introspection_cpp.hpp
[0.912s] -- Up-to-date: /home/abouzeid/smart_turtle_ws/install/smart_turtle_interface/lib/libsmart_turtle_interface__rosidl_typesupport_introspection_cpp.so
[0.912s] -- Up-to-date: /home/abouzeid/smart_turtle_ws/install/smart_turtle_interface/lib/libsmart_turtle_interface__rosidl_typesupport_cpp.so
[0.912s] -- Up-to-date: /home/abouzeid/smart_turtle_ws/install/smart_turtle_interface/share/smart_turtle_interface/environment/pythonpath.sh
[0.912s] -- Up-to-date: /home/abouzeid/smart_turtle_ws/install/smart_turtle_interface/share/smart_turtle_interface/environment/pythonpath.dsv
[0.912s] -- Up-to-date: /home/abouzeid/smart_turtle_ws/install/smart_turtle_interface/lib/python3.12/site-packages/smart_turtle_interface-0.0.0-py3.12.egg-info
[0.912s] -- Installing: /home/abouzeid/smart_turtle_ws/install/smart_turtle_interface/lib/python3.12/site-packages/smart_turtle_interface-0.0.0-py3.12.egg-info/dependency_links.txt
[0.912s] -- Installing: /home/abouzeid/smart_turtle_ws/install/smart_turtle_interface/lib/python3.12/site-packages/smart_turtle_interface-0.0.0-py3.12.egg-info/PKG-INFO
[0.912s] -- Installing: /home/abouzeid/smart_turtle_ws/install/smart_turtle_interface/lib/python3.12/site-packages/smart_turtle_interface-0.0.0-py3.12.egg-info/top_level.txt
[0.913s] -- Installing: /home/abouzeid/smart_turtle_ws/install/smart_turtle_interface/lib/python3.12/site-packages/smart_turtle_interface-0.0.0-py3.12.egg-info/SOURCES.txt
[0.913s] -- Up-to-date: /home/abouzeid/smart_turtle_ws/install/smart_turtle_interface/lib/python3.12/site-packages/smart_turtle_interface
[0.913s] -- Up-to-date: /home/abouzeid/smart_turtle_ws/install/smart_turtle_interface/lib/python3.12/site-packages/smart_turtle_interface/_smart_turtle_interface_s.ep.rosidl_typesupport_c.c
[0.913s] -- Up-to-date: /home/abouzeid/smart_turtle_ws/install/smart_turtle_interface/lib/python3.12/site-packages/smart_turtle_interface/smart_turtle_interface_s__rosidl_typesupport_fastrtps_c.so
[0.913s] -- Up-to-date: /home/abouzeid/smart_turtle_ws/install/smart_turtle_interface/lib/python3.12/site-packages/smart_turtle_interface/smart_turtle_interface_s__rosidl_typesupport_c.so
[0.913s] -- Up-to-date: /home/abouzeid/smart_turtle_ws/install/smart_turtle_interface/lib/python3.12/site-packages/smart_turtle_interface/__init__.py
[0.913s] -- Up-to-date: /home/abouzeid/smart_turtle_ws/install/smart_turtle_interface/lib/python3.12/site-packages/smart_turtle_interface/_smart_turtle_interface_s.ep.rosidl_typesupport_fastrtps_c.c
[0.913s] -- Up-to-date: /home/abouzeid/smart_turtle_ws/install/smart_turtle_interface/lib/python3.12/site-packages/smart_turtle_interface/smart_turtle_interface_s__rosidl_typesupport_introspection_c.so
[0.913s] -- Up-to-date: /home/abouzeid/smart_turtle_ws/install/smart_turtle_interface/lib/python3.12/site-packages/smart_turtle_interface/msg
[0.913s] -- Up-to-date: /home/abouzeid/smart_turtle_ws/install/smart_turtle_interface/lib/python3.12/site-packages/smart_turtle_interface/msg/_turtle_command_s.c
[0.913s] -- Up-to-date: /home/abouzeid/smart_turtle_ws/install/smart_turtle_interface/lib/python3.12/site-packages/smart_turtle_interface/msg/_turtle_command.py
[0.914s] -- Up-to-date: /home/abouzeid/smart_turtle_ws/install/smart_turtle_interface/lib/python3.12/site-packages/smart_turtle_interface/msg/__init__.py
[0.914s] -- Up-to-date: /home/abouzeid/smart_turtle_ws/install/smart_turtle_interface/lib/python3.12/site-packages/smart_turtle_interface/_smart_turtle_interface_s.ep.rosidl_typesupport_introspection_c.c
[0.966s] Listing '/home/abouzeid/smart_turtle_ws/install/smart_turtle_interface/lib/python3.12/site-packages/smart_turtle_interface'...
[0.966s] Listing '/home/abouzeid/smart_turtle_ws/install/smart_turtle_interface/lib/python3.12/site-packages/smart_turtle_interface/msg'...
[0.975s] -- Up-to-date: /home/abouzeid/smart_turtle_ws/install/smart_turtle_interface/lib/python3.12/site-packages/smart_turtle_interface/smart_turtle_interface_s__rosidl_typesupport_fastrtps_c.so
[0.975s] -- Up-to-date: /home/abouzeid/smart_turtle_ws/install/smart_turtle_interface/lib/python3.12/site-packages/smart_turtle_interface/smart_turtle_interface_s__rosidl_typesupport_introspection_c.so
[0.975s] -- Up-to-date: /home/abouzeid/smart_turtle_ws/install/smart_turtle_interface/lib/python3.12/site-packages/smart_turtle_interface/smart_turtle_interface_s__rosidl_typesupport_c.so
[0.976s] -- Up-to-date: /home/abouzeid/smart_turtle_ws/install/smart_turtle_interface/lib/libsmart_turtle_interface__rosidl_generator_py.so
[0.976s] -- Up-to-date: /home/abouzeid/smart_turtle_ws/install/smart_turtle_interface/share/smart_turtle_interface/msg/TurtleCommand.idl
[0.976s] -- Up-to-date: /home/abouzeid/smart_turtle_ws/install/smart_turtle_interface/share/smart_turtle_interface/msg/TurtleCommand.msg
[0.976s] -- Up-to-date: /home/abouzeid/smart_turtle_ws/install/smart_turtle_interface/share/ament_index/resource_index/package_run_dependencies/smart_turtle_interface
[0.977s] -- Up-to-date: /home/abouzeid/smart_turtle_ws/install/smart_turtle_interface/share/ament_index/resource_index/parent_prefix_path/smart_turtle_interface
[0.977s] -- Up-to-date: /home/abouzeid/smart_turtle_ws/install/smart_turtle_interface/share/smart_turtle_interface/environment/ament_prefix_path.sh
[0.977s] -- Up-to-date: /home/abouzeid/smart_turtle_ws/install/smart_turtle_interface/share/smart_turtle_interface/environment/ament_prefix_path.dsv
[0.977s] -- Up-to-date: /home/abouzeid/smart_turtle_ws/install/smart_turtle_interface/share/smart_turtle_interface/environment/path.sh
[0.977s] -- Up-to-date: /home/abouzeid/smart_turtle_ws/install/smart_turtle_interface/share/smart_turtle_interface/environment/path.dsv
[0.977s] -- Up-to-date: /home/abouzeid/smart_turtle_ws/install/smart_turtle_interface/share/smart_turtle_interface/local_setup.bash
[0.977s] -- Up-to-date: /home/abouzeid/smart_turtle_ws/install/smart_turtle_interface/share/smart_turtle_interface/local_setup.sh
[0.978s] -- Up-to-date: /home/abouzeid/smart_turtle_ws/install/smart_turtle_interface/share/smart_turtle_interface/local_setup.zsh
[0.978s] -- Up-to-date: /home/abouzeid/smart_turtle_ws/install/smart_turtle_interface/share/smart_turtle_interface/local_setup.dsv
[0.978s] -- Installing: /home/abouzeid/smart_turtle_ws/install/smart_turtle_interface/share/smart_turtle_interface/package.dsv
[0.978s] -- Up-to-date: /home/abouzeid/smart_turtle_ws/install/smart_turtle_interface/share/ament_index/resource_index/packages/smart_turtle_interface
[0.978s] -- Up-to-date: /home/abouzeid/smart_turtle_ws/install/smart_turtle_interface/share/smart_turtle_interface/cmake/export_smart_turtle_interface__rosidl_generator_cExport.cmake
[0.978s] -- Up-to-date: /home/abouzeid/smart_turtle_ws/install/smart_turtle_interface/share/smart_turtle_interface/cmake/export_smart_turtle_interface__rosidl_generator_cExport-noconfig.cmake
[0.978s] -- Up-to-date: /home/abouzeid/smart_turtle_ws/install/smart_turtle_interface/share/smart_turtle_interface/cmake/export_smart_turtle_interface__rosidl_typesupport_fastrtps_cExport.cmake
[0.978s] -- Up-to-date: /home/abouzeid/smart_turtle_ws/install/smart_turtle_interface/share/smart_turtle_interface/cmake/export_smart_turtle_interface__rosidl_typesupport_fastrtps_cExport-noconfig.cmake
[0.978s] -- Up-to-date: /home/abouzeid/smart_turtle_ws/install/smart_turtle_interface/share/smart_turtle_interface/cmake/smart_turtle_interface__rosidl_typesupport_introspection_cExport.cmake
[0.978s] -- Up-to-date: /home/abouzeid/smart_turtle_ws/install/smart_turtle_interface/share/smart_turtle_interface/cmake/smart_turtle_interface__rosidl_typesupport_introspection_cExport-noconfig.cmake
[0.979s] -- Up-to-date: /home/abouzeid/smart_turtle_ws/install/smart_turtle_interface/share/smart_turtle_interface/cmake/smart_turtle_interface__rosidl_typesupport_cExport.cmake
[0.979s] -- Up-to-date: /home/abouzeid/smart_turtle_ws/install/smart_turtle_interface/share/smart_turtle_interface/cmake/smart_turtle_interface__rosidl_typesupport_cExport-noconfig.cmake
[0.979s] -- Up-to-date: /home/abouzeid/smart_turtle_ws/install/smart_turtle_interface/share/smart_turtle_interface/cmake/export_smart_turtle_interface__rosidl_generator_cppExport.cmake
[0.979s] -- Up-to-date: /home/abouzeid/smart_turtle_ws/install/smart_turtle_interface/share/smart_turtle_interface/cmake/export_smart_turtle_interface__rosidl_typesupport_fastrtps_cppExport.cmake
[0.979s] -- Up-to-date: /home/abouzeid/smart_turtle_ws/install/smart_turtle_interface/share/smart_turtle_interface/cmake/export_smart_turtle_interface__rosidl_typesupport_fastrtps_cppExport-noconfig.cmake
[0.979s] -- Up-to-date: /home/abouzeid/smart_turtle_ws/install/smart_turtle_interface/share/smart_turtle_interface/cmake/smart_turtle_interface__rosidl_typesupport_introspection_cppExport.cmake
[0.979s] -- Up-to-date: /home/abouzeid/smart_turtle_ws/install/smart_turtle_interface/share/smart_turtle_interface/cmake/smart_turtle_interface__rosidl_typesupport_introspection_cppExport-noconfig.cmake
[0.979s] -- Up-to-date: /home/abouzeid/smart_turtle_ws/install/smart_turtle_interface/share/smart_turtle_interface/cmake/smart_turtle_interface__rosidl_typesupport_cppExport.cmake
[0.979s] -- Up-to-date: /home/abouzeid/smart_turtle_ws/install/smart_turtle_interface/share/smart_turtle_interface/cmake/smart_turtle_interface__rosidl_typesupport_cppExport-noconfig.cmake
[0.979s] -- Up-to-date: /home/abouzeid/smart_turtle_ws/install/smart_turtle_interface/share/smart_turtle_interface/cmake/export_smart_turtle_interface__rosidl_generator_pyExport.cmake
[0.979s] -- Up-to-date: /home/abouzeid/smart_turtle_ws/install/smart_turtle_interface/share/smart_turtle_interface/cmake/export_smart_turtle_interface__rosidl_generator_pyExport-noconfig.cmake
[0.979s] -- Up-to-date: /home/abouzeid/smart_turtle_ws/install/smart_turtle_interface/share/smart_turtle_interface/cmake/rosidl_cmake-extras.cmake
[0.980s] -- Up-to-date: /home/abouzeid/smart_turtle_ws/install/smart_turtle_interface/share/smart_turtle_interface/cmake/ament_cmake_export_include_directories-extras.cmake
[0.980s] -- Up-to-date: /home/abouzeid/smart_turtle_ws/install/smart_turtle_interface/share/smart_turtle_interface/cmake/ament_cmake_export_libraries-extras.cmake
[0.980s] -- Up-to-date: /home/abouzeid/smart_turtle_ws/install/smart_turtle_interface/share/smart_turtle_interface/cmake/ament_cmake_export_targets-extras.cmake
[0.980s] -- Up-to-date: /home/abouzeid/smart_turtle_ws/install/smart_turtle_interface/share/smart_turtle_interface/cmake/rosidl_cmake_export_typesupport_targets-extras.cmake
[0.980s] -- Up-to-date: /home/abouzeid/smart_turtle_ws/install/smart_turtle_interface/share/smart_turtle_interface/cmake/ament_cmake_export_dependencies-extras.cmake
[0.980s] -- Up-to-date: /home/abouzeid/smart_turtle_ws/install/smart_turtle_interface/share/smart_turtle_interface/cmake/rosidl_cmake_export_typesupport_libraries-extras.cmake
[0.980s] -- Up-to-date: /home/abouzeid/smart_turtle_ws/install/smart_turtle_interface/share/smart_turtle_interface/cmake/smart_turtle_interfaceConfig.cmake
[0.980s] -- Up-to-date: /home/abouzeid/smart_turtle_ws/install/smart_turtle_interface/share/smart_turtle_interface/cmake/smart_turtle_interfaceConfig-version.cmake
[0.980s] -- Up-to-date: /home/abouzeid/smart_turtle_ws/install/smart_turtle_interface/share/smart_turtle_interface/package.xml
[0.982s] Invoked command in '/home/abouzeid/smart_turtle_ws/build/smart_turtle_interface' returned '0': CMAKE_PREFIX_PATH=${CMAKE_PREFIX_PATH}:/home/abouzeid/smart_turtle_ws/install/smart_turtle_pkg:/opt/ros/jazzy DEBUGINFOD_URLS=https://debuginfod.ubuntu.com /usr/bin/cmake --install /home/abouzeid/smart_turtle_ws/build/smart_turtle_interface
