[0.113s] DEBUG:colcon:Command line arguments: ['/usr/bin/colcon', 'build']
[0.113s] DEBUG:colcon:Parsed command line arguments: Namespace(log_base=None, log_level=None, verb_name='build', build_base='build', install_base='install', merge_install=False, symlink_install=False, test_result_base=None, continue_on_error=False, executor='parallel', parallel_workers=20, event_handlers=None, ignore_user_meta=False, metas=['./colcon.meta'], base_paths=['.'], packages_ignore=None, packages_ignore_regex=None, paths=None, packages_up_to=None, packages_up_to_regex=None, packages_above=None, packages_above_and_dependencies=None, packages_above_depth=None, packages_select_by_dep=None, packages_skip_by_dep=None, packages_skip_up_to=None, packages_select_build_failed=False, packages_skip_build_finished=False, packages_select_test_failures=False, packages_skip_test_passed=False, packages_select=None, packages_skip=None, packages_select_regex=None, packages_skip_regex=None, packages_start=None, packages_end=None, allow_overriding=[], cmake_args=None, cmake_target=None, cmake_target_skip_unavailable=False, cmake_clean_cache=False, cmake_clean_first=False, cmake_force_configure=False, ament_cmake_args=None, catkin_cmake_args=None, catkin_skip_building_tests=False, mixin_files=None, mixin=None, verb_parser=<colcon_mixin.mixin.mixin_argument.MixinArgumentDecorator object at 0x766018887c20>, verb_extension=<colcon_core.verb.build.BuildVerb object at 0x7660189cc530>, main=<bound method BuildVerb.main of <colcon_core.verb.build.BuildVerb object at 0x7660189cc530>>, mixin_verb=('build',))
[0.155s] Level 1:colcon.colcon_core.package_discovery:discover_packages(colcon_meta) check parameters
[0.155s] Level 1:colcon.colcon_core.package_discovery:discover_packages(recursive) check parameters
[0.155s] Level 1:colcon.colcon_core.package_discovery:discover_packages(ignore) check parameters
[0.155s] Level 1:colcon.colcon_core.package_discovery:discover_packages(path) check parameters
[0.155s] Level 1:colcon.colcon_core.package_discovery:discover_packages(colcon_meta) discover
[0.156s] Level 1:colcon.colcon_core.package_discovery:discover_packages(recursive) discover
[0.156s] INFO:colcon.colcon_core.package_discovery:Crawling recursively for packages in '/home/abouzeid/smart_turtle_ws'
[0.156s] Level 1:colcon.colcon_core.package_identification:_identify(.) by extensions ['ignore', 'ignore_ament_install']
[0.156s] Level 1:colcon.colcon_core.package_identification:_identify(.) by extension 'ignore'
[0.156s] Level 1:colcon.colcon_core.package_identification:_identify(.) by extension 'ignore_ament_install'
[0.156s] Level 1:colcon.colcon_core.package_identification:_identify(.) by extensions ['colcon_pkg']
[0.156s] Level 1:colcon.colcon_core.package_identification:_identify(.) by extension 'colcon_pkg'
[0.156s] Level 1:colcon.colcon_core.package_identification:_identify(.) by extensions ['colcon_meta']
[0.156s] Level 1:colcon.colcon_core.package_identification:_identify(.) by extension 'colcon_meta'
[0.156s] Level 1:colcon.colcon_core.package_identification:_identify(.) by extensions ['ros']
[0.156s] Level 1:colcon.colcon_core.package_identification:_identify(.) by extension 'ros'
[0.185s] Level 1:colcon.colcon_core.package_identification:_identify(.) by extensions ['cmake', 'python']
[0.185s] Level 1:colcon.colcon_core.package_identification:_identify(.) by extension 'cmake'
[0.185s] Level 1:colcon.colcon_core.package_identification:_identify(.) by extension 'python'
[0.185s] Level 1:colcon.colcon_core.package_identification:_identify(.) by extensions ['python_setup_py']
[0.185s] Level 1:colcon.colcon_core.package_identification:_identify(.) by extension 'python_setup_py'
[0.185s] Level 1:colcon.colcon_core.package_identification:_identify(build) by extensions ['ignore', 'ignore_ament_install']
[0.186s] Level 1:colcon.colcon_core.package_identification:_identify(build) by extension 'ignore'
[0.186s] Level 1:colcon.colcon_core.package_identification:_identify(build) ignored
[0.186s] Level 1:colcon.colcon_core.package_identification:_identify(install) by extensions ['ignore', 'ignore_ament_install']
[0.186s] Level 1:colcon.colcon_core.package_identification:_identify(install) by extension 'ignore'
[0.186s] Level 1:colcon.colcon_core.package_identification:_identify(install) ignored
[0.186s] Level 1:colcon.colcon_core.package_identification:_identify(log) by extensions ['ignore', 'ignore_ament_install']
[0.186s] Level 1:colcon.colcon_core.package_identification:_identify(log) by extension 'ignore'
[0.186s] Level 1:colcon.colcon_core.package_identification:_identify(log) ignored
[0.186s] Level 1:colcon.colcon_core.package_identification:_identify(src) by extensions ['ignore', 'ignore_ament_install']
[0.186s] Level 1:colcon.colcon_core.package_identification:_identify(src) by extension 'ignore'
[0.186s] Level 1:colcon.colcon_core.package_identification:_identify(src) by extension 'ignore_ament_install'
[0.186s] Level 1:colcon.colcon_core.package_identification:_identify(src) by extensions ['colcon_pkg']
[0.186s] Level 1:colcon.colcon_core.package_identification:_identify(src) by extension 'colcon_pkg'
[0.186s] Level 1:colcon.colcon_core.package_identification:_identify(src) by extensions ['colcon_meta']
[0.186s] Level 1:colcon.colcon_core.package_identification:_identify(src) by extension 'colcon_meta'
[0.186s] Level 1:colcon.colcon_core.package_identification:_identify(src) by extensions ['ros']
[0.186s] Level 1:colcon.colcon_core.package_identification:_identify(src) by extension 'ros'
[0.187s] Level 1:colcon.colcon_core.package_identification:_identify(src) by extensions ['cmake', 'python']
[0.187s] Level 1:colcon.colcon_core.package_identification:_identify(src) by extension 'cmake'
[0.187s] Level 1:colcon.colcon_core.package_identification:_identify(src) by extension 'python'
[0.187s] Level 1:colcon.colcon_core.package_identification:_identify(src) by extensions ['python_setup_py']
[0.187s] Level 1:colcon.colcon_core.package_identification:_identify(src) by extension 'python_setup_py'
[0.187s] Level 1:colcon.colcon_core.package_identification:_identify(src/smart_turtle_bringup) by extensions ['ignore', 'ignore_ament_install']
[0.187s] Level 1:colcon.colcon_core.package_identification:_identify(src/smart_turtle_bringup) by extension 'ignore'
[0.187s] Level 1:colcon.colcon_core.package_identification:_identify(src/smart_turtle_bringup) by extension 'ignore_ament_install'
[0.187s] Level 1:colcon.colcon_core.package_identification:_identify(src/smart_turtle_bringup) by extensions ['colcon_pkg']
[0.187s] Level 1:colcon.colcon_core.package_identification:_identify(src/smart_turtle_bringup) by extension 'colcon_pkg'
[0.187s] Level 1:colcon.colcon_core.package_identification:_identify(src/smart_turtle_bringup) by extensions ['colcon_meta']
[0.187s] Level 1:colcon.colcon_core.package_identification:_identify(src/smart_turtle_bringup) by extension 'colcon_meta'
[0.187s] Level 1:colcon.colcon_core.package_identification:_identify(src/smart_turtle_bringup) by extensions ['ros']
[0.187s] Level 1:colcon.colcon_core.package_identification:_identify(src/smart_turtle_bringup) by extension 'ros'
[0.190s] DEBUG:colcon.colcon_core.package_identification:Package 'src/smart_turtle_bringup' with type 'ros.ament_cmake' and name 'smart_turtle_bringup'
[0.190s] Level 1:colcon.colcon_core.package_identification:_identify(src/smart_turtle_interface) by extensions ['ignore', 'ignore_ament_install']
[0.190s] Level 1:colcon.colcon_core.package_identification:_identify(src/smart_turtle_interface) by extension 'ignore'
[0.190s] Level 1:colcon.colcon_core.package_identification:_identify(src/smart_turtle_interface) by extension 'ignore_ament_install'
[0.190s] Level 1:colcon.colcon_core.package_identification:_identify(src/smart_turtle_interface) by extensions ['colcon_pkg']
[0.190s] Level 1:colcon.colcon_core.package_identification:_identify(src/smart_turtle_interface) by extension 'colcon_pkg'
[0.190s] Level 1:colcon.colcon_core.package_identification:_identify(src/smart_turtle_interface) by extensions ['colcon_meta']
[0.190s] Level 1:colcon.colcon_core.package_identification:_identify(src/smart_turtle_interface) by extension 'colcon_meta'
[0.190s] Level 1:colcon.colcon_core.package_identification:_identify(src/smart_turtle_interface) by extensions ['ros']
[0.190s] Level 1:colcon.colcon_core.package_identification:_identify(src/smart_turtle_interface) by extension 'ros'
[0.190s] DEBUG:colcon.colcon_core.package_identification:Package 'src/smart_turtle_interface' with type 'ros.ament_cmake' and name 'smart_turtle_interface'
[0.191s] Level 1:colcon.colcon_core.package_identification:_identify(src/smart_turtle_pkg) by extensions ['ignore', 'ignore_ament_install']
[0.191s] Level 1:colcon.colcon_core.package_identification:_identify(src/smart_turtle_pkg) by extension 'ignore'
[0.191s] Level 1:colcon.colcon_core.package_identification:_identify(src/smart_turtle_pkg) by extension 'ignore_ament_install'
[0.191s] Level 1:colcon.colcon_core.package_identification:_identify(src/smart_turtle_pkg) by extensions ['colcon_pkg']
[0.191s] Level 1:colcon.colcon_core.package_identification:_identify(src/smart_turtle_pkg) by extension 'colcon_pkg'
[0.191s] Level 1:colcon.colcon_core.package_identification:_identify(src/smart_turtle_pkg) by extensions ['colcon_meta']
[0.191s] Level 1:colcon.colcon_core.package_identification:_identify(src/smart_turtle_pkg) by extension 'colcon_meta'
[0.191s] Level 1:colcon.colcon_core.package_identification:_identify(src/smart_turtle_pkg) by extensions ['ros']
[0.191s] Level 1:colcon.colcon_core.package_identification:_identify(src/smart_turtle_pkg) by extension 'ros'
[0.191s] DEBUG:colcon.colcon_core.package_identification:Package 'src/smart_turtle_pkg' with type 'ros.ament_python' and name 'smart_turtle_pkg'
[0.191s] Level 1:colcon.colcon_core.package_discovery:discover_packages(recursive) using defaults
[0.191s] Level 1:colcon.colcon_core.package_discovery:discover_packages(ignore) discover
[0.191s] Level 1:colcon.colcon_core.package_discovery:discover_packages(ignore) using defaults
[0.191s] Level 1:colcon.colcon_core.package_discovery:discover_packages(path) discover
[0.191s] Level 1:colcon.colcon_core.package_discovery:discover_packages(path) using defaults
[0.211s] Level 1:colcon.colcon_core.package_discovery:discover_packages(prefix_path) check parameters
[0.211s] Level 1:colcon.colcon_core.package_discovery:discover_packages(prefix_path) discover
[0.213s] DEBUG:colcon.colcon_installed_package_information.package_discovery:Found 3 installed packages in /home/abouzeid/smart_turtle_ws/install
[0.214s] DEBUG:colcon.colcon_installed_package_information.package_discovery:Found 286 installed packages in /opt/ros/jazzy
[0.216s] Level 1:colcon.colcon_core.package_discovery:discover_packages(prefix_path) using defaults
[0.252s] Level 5:colcon.colcon_core.verb:set package 'smart_turtle_bringup' build argument 'cmake_args' from command line to 'None'
[0.253s] Level 5:colcon.colcon_core.verb:set package 'smart_turtle_bringup' build argument 'cmake_target' from command line to 'None'
[0.253s] Level 5:colcon.colcon_core.verb:set package 'smart_turtle_bringup' build argument 'cmake_target_skip_unavailable' from command line to 'False'
[0.253s] Level 5:colcon.colcon_core.verb:set package 'smart_turtle_bringup' build argument 'cmake_clean_cache' from command line to 'False'
[0.253s] Level 5:colcon.colcon_core.verb:set package 'smart_turtle_bringup' build argument 'cmake_clean_first' from command line to 'False'
[0.253s] Level 5:colcon.colcon_core.verb:set package 'smart_turtle_bringup' build argument 'cmake_force_configure' from command line to 'False'
[0.253s] Level 5:colcon.colcon_core.verb:set package 'smart_turtle_bringup' build argument 'ament_cmake_args' from command line to 'None'
[0.253s] Level 5:colcon.colcon_core.verb:set package 'smart_turtle_bringup' build argument 'catkin_cmake_args' from command line to 'None'
[0.253s] Level 5:colcon.colcon_core.verb:set package 'smart_turtle_bringup' build argument 'catkin_skip_building_tests' from command line to 'False'
[0.253s] DEBUG:colcon.colcon_core.verb:Building package 'smart_turtle_bringup' with the following arguments: {'ament_cmake_args': None, 'build_base': '/home/abouzeid/smart_turtle_ws/build/smart_turtle_bringup', 'catkin_cmake_args': None, 'catkin_skip_building_tests': False, 'cmake_args': None, 'cmake_clean_cache': False, 'cmake_clean_first': False, 'cmake_force_configure': False, 'cmake_target': None, 'cmake_target_skip_unavailable': False, 'install_base': '/home/abouzeid/smart_turtle_ws/install/smart_turtle_bringup', 'merge_install': False, 'path': '/home/abouzeid/smart_turtle_ws/src/smart_turtle_bringup', 'symlink_install': False, 'test_result_base': None}
[0.253s] Level 5:colcon.colcon_core.verb:set package 'smart_turtle_interface' build argument 'cmake_args' from command line to 'None'
[0.253s] Level 5:colcon.colcon_core.verb:set package 'smart_turtle_interface' build argument 'cmake_target' from command line to 'None'
[0.253s] Level 5:colcon.colcon_core.verb:set package 'smart_turtle_interface' build argument 'cmake_target_skip_unavailable' from command line to 'False'
[0.253s] Level 5:colcon.colcon_core.verb:set package 'smart_turtle_interface' build argument 'cmake_clean_cache' from command line to 'False'
[0.253s] Level 5:colcon.colcon_core.verb:set package 'smart_turtle_interface' build argument 'cmake_clean_first' from command line to 'False'
[0.253s] Level 5:colcon.colcon_core.verb:set package 'smart_turtle_interface' build argument 'cmake_force_configure' from command line to 'False'
[0.253s] Level 5:colcon.colcon_core.verb:set package 'smart_turtle_interface' build argument 'ament_cmake_args' from command line to 'None'
[0.253s] Level 5:colcon.colcon_core.verb:set package 'smart_turtle_interface' build argument 'catkin_cmake_args' from command line to 'None'
[0.253s] Level 5:colcon.colcon_core.verb:set package 'smart_turtle_interface' build argument 'catkin_skip_building_tests' from command line to 'False'
[0.253s] DEBUG:colcon.colcon_core.verb:Building package 'smart_turtle_interface' with the following arguments: {'ament_cmake_args': None, 'build_base': '/home/abouzeid/smart_turtle_ws/build/smart_turtle_interface', 'catkin_cmake_args': None, 'catkin_skip_building_tests': False, 'cmake_args': None, 'cmake_clean_cache': False, 'cmake_clean_first': False, 'cmake_force_configure': False, 'cmake_target': None, 'cmake_target_skip_unavailable': False, 'install_base': '/home/abouzeid/smart_turtle_ws/install/smart_turtle_interface', 'merge_install': False, 'path': '/home/abouzeid/smart_turtle_ws/src/smart_turtle_interface', 'symlink_install': False, 'test_result_base': None}
[0.253s] Level 5:colcon.colcon_core.verb:set package 'smart_turtle_pkg' build argument 'cmake_args' from command line to 'None'
[0.253s] Level 5:colcon.colcon_core.verb:set package 'smart_turtle_pkg' build argument 'cmake_target' from command line to 'None'
[0.253s] Level 5:colcon.colcon_core.verb:set package 'smart_turtle_pkg' build argument 'cmake_target_skip_unavailable' from command line to 'False'
[0.253s] Level 5:colcon.colcon_core.verb:set package 'smart_turtle_pkg' build argument 'cmake_clean_cache' from command line to 'False'
[0.254s] Level 5:colcon.colcon_core.verb:set package 'smart_turtle_pkg' build argument 'cmake_clean_first' from command line to 'False'
[0.254s] Level 5:colcon.colcon_core.verb:set package 'smart_turtle_pkg' build argument 'cmake_force_configure' from command line to 'False'
[0.254s] Level 5:colcon.colcon_core.verb:set package 'smart_turtle_pkg' build argument 'ament_cmake_args' from command line to 'None'
[0.254s] Level 5:colcon.colcon_core.verb:set package 'smart_turtle_pkg' build argument 'catkin_cmake_args' from command line to 'None'
[0.254s] Level 5:colcon.colcon_core.verb:set package 'smart_turtle_pkg' build argument 'catkin_skip_building_tests' from command line to 'False'
[0.254s] DEBUG:colcon.colcon_core.verb:Building package 'smart_turtle_pkg' with the following arguments: {'ament_cmake_args': None, 'build_base': '/home/abouzeid/smart_turtle_ws/build/smart_turtle_pkg', 'catkin_cmake_args': None, 'catkin_skip_building_tests': False, 'cmake_args': None, 'cmake_clean_cache': False, 'cmake_clean_first': False, 'cmake_force_configure': False, 'cmake_target': None, 'cmake_target_skip_unavailable': False, 'install_base': '/home/abouzeid/smart_turtle_ws/install/smart_turtle_pkg', 'merge_install': False, 'path': '/home/abouzeid/smart_turtle_ws/src/smart_turtle_pkg', 'symlink_install': False, 'test_result_base': None}
[0.254s] INFO:colcon.colcon_core.executor:Executing jobs using 'parallel' executor
[0.255s] DEBUG:colcon.colcon_parallel_executor.executor.parallel:run_until_complete
[0.255s] INFO:colcon.colcon_ros.task.ament_cmake.build:Building ROS package in '/home/abouzeid/smart_turtle_ws/src/smart_turtle_bringup' with build type 'ament_cmake'
[0.256s] INFO:colcon.colcon_cmake.task.cmake.build:Building CMake package in '/home/abouzeid/smart_turtle_ws/src/smart_turtle_bringup'
[0.257s] INFO:colcon.colcon_core.plugin_system:Skipping extension 'colcon_core.shell.bat': Not used on non-Windows systems
[0.258s] INFO:colcon.colcon_core.shell:Skip shell extension 'powershell' for command environment: Not usable outside of PowerShell
[0.258s] DEBUG:colcon.colcon_core.shell:Skip shell extension 'dsv' for command environment
[0.261s] INFO:colcon.colcon_ros.task.ament_cmake.build:Building ROS package in '/home/abouzeid/smart_turtle_ws/src/smart_turtle_interface' with build type 'ament_cmake'
[0.261s] INFO:colcon.colcon_cmake.task.cmake.build:Building CMake package in '/home/abouzeid/smart_turtle_ws/src/smart_turtle_interface'
[0.262s] INFO:colcon.colcon_core.shell:Skip shell extension 'powershell' for command environment: Not usable outside of PowerShell
[0.262s] DEBUG:colcon.colcon_core.shell:Skip shell extension 'dsv' for command environment
[0.266s] INFO:colcon.colcon_ros.task.ament_python.build:Building ROS package in '/home/abouzeid/smart_turtle_ws/src/smart_turtle_pkg' with build type 'ament_python'
[0.266s] Level 1:colcon.colcon_core.shell:create_environment_hook('smart_turtle_pkg', 'ament_prefix_path')
[0.266s] INFO:colcon.colcon_core.shell:Creating environment hook '/home/abouzeid/smart_turtle_ws/install/smart_turtle_pkg/share/smart_turtle_pkg/hook/ament_prefix_path.ps1'
[0.267s] INFO:colcon.colcon_core.shell:Creating environment descriptor '/home/abouzeid/smart_turtle_ws/install/smart_turtle_pkg/share/smart_turtle_pkg/hook/ament_prefix_path.dsv'
[0.268s] INFO:colcon.colcon_core.shell:Creating environment hook '/home/abouzeid/smart_turtle_ws/install/smart_turtle_pkg/share/smart_turtle_pkg/hook/ament_prefix_path.sh'
[0.269s] INFO:colcon.colcon_core.shell:Skip shell extension 'powershell' for command environment: Not usable outside of PowerShell
[0.269s] DEBUG:colcon.colcon_core.shell:Skip shell extension 'dsv' for command environment
[0.283s] DEBUG:colcon.colcon_core.event_handler.log_command:Invoking command in '/home/abouzeid/smart_turtle_ws/build/smart_turtle_bringup': CMAKE_PREFIX_PATH=${CMAKE_PREFIX_PATH}:/home/abouzeid/smart_turtle_ws/install/smart_turtle_pkg:/opt/ros/jazzy DEBUGINFOD_URLS=https://debuginfod.ubuntu.com /usr/bin/cmake --build /home/abouzeid/smart_turtle_ws/build/smart_turtle_bringup -- -j20 -l20
[0.292s] DEBUG:colcon.colcon_core.event_handler.log_command:Invoking command in '/home/abouzeid/smart_turtle_ws/build/smart_turtle_interface': CMAKE_PREFIX_PATH=${CMAKE_PREFIX_PATH}:/home/abouzeid/smart_turtle_ws/install/smart_turtle_pkg:/opt/ros/jazzy DEBUGINFOD_URLS=https://debuginfod.ubuntu.com /usr/bin/cmake --build /home/abouzeid/smart_turtle_ws/build/smart_turtle_interface -- -j20 -l20
[0.735s] INFO:colcon.colcon_core.task.python.build:Building Python package in '/home/abouzeid/smart_turtle_ws/src/smart_turtle_pkg'
[0.736s] INFO:colcon.colcon_core.shell:Skip shell extension 'powershell' for command environment: Not usable outside of PowerShell
[0.736s] DEBUG:colcon.colcon_core.shell:Skip shell extension 'dsv' for command environment
[0.743s] DEBUG:colcon.colcon_core.event_handler.log_command:Invoked command in '/home/abouzeid/smart_turtle_ws/build/smart_turtle_bringup' returned '0': CMAKE_PREFIX_PATH=${CMAKE_PREFIX_PATH}:/home/abouzeid/smart_turtle_ws/install/smart_turtle_pkg:/opt/ros/jazzy DEBUGINFOD_URLS=https://debuginfod.ubuntu.com /usr/bin/cmake --build /home/abouzeid/smart_turtle_ws/build/smart_turtle_bringup -- -j20 -l20
[0.759s] DEBUG:colcon.colcon_core.event_handler.log_command:Invoking command in '/home/abouzeid/smart_turtle_ws/build/smart_turtle_bringup': CMAKE_PREFIX_PATH=${CMAKE_PREFIX_PATH}:/home/abouzeid/smart_turtle_ws/install/smart_turtle_pkg:/opt/ros/jazzy DEBUGINFOD_URLS=https://debuginfod.ubuntu.com /usr/bin/cmake --install /home/abouzeid/smart_turtle_ws/build/smart_turtle_bringup
[0.783s] Level 1:colcon.colcon_core.environment:create_environment_scripts_only(smart_turtle_bringup)
[0.784s] DEBUG:colcon.colcon_core.event_handler.log_command:Invoked command in '/home/abouzeid/smart_turtle_ws/build/smart_turtle_bringup' returned '0': CMAKE_PREFIX_PATH=${CMAKE_PREFIX_PATH}:/home/abouzeid/smart_turtle_ws/install/smart_turtle_pkg:/opt/ros/jazzy DEBUGINFOD_URLS=https://debuginfod.ubuntu.com /usr/bin/cmake --install /home/abouzeid/smart_turtle_ws/build/smart_turtle_bringup
[0.788s] Level 1:colcon.colcon_core.environment:checking '/home/abouzeid/smart_turtle_ws/install/smart_turtle_bringup' for CMake module files
[0.789s] Level 1:colcon.colcon_core.environment:checking '/home/abouzeid/smart_turtle_ws/install/smart_turtle_bringup' for CMake config files
[0.789s] Level 1:colcon.colcon_core.shell:create_environment_hook('smart_turtle_bringup', 'cmake_prefix_path')
[0.789s] INFO:colcon.colcon_core.shell:Creating environment hook '/home/abouzeid/smart_turtle_ws/install/smart_turtle_bringup/share/smart_turtle_bringup/hook/cmake_prefix_path.ps1'
[0.790s] INFO:colcon.colcon_core.shell:Creating environment descriptor '/home/abouzeid/smart_turtle_ws/install/smart_turtle_bringup/share/smart_turtle_bringup/hook/cmake_prefix_path.dsv'
[0.791s] INFO:colcon.colcon_core.shell:Creating environment hook '/home/abouzeid/smart_turtle_ws/install/smart_turtle_bringup/share/smart_turtle_bringup/hook/cmake_prefix_path.sh'
[0.792s] Level 1:colcon.colcon_core.environment:checking '/home/abouzeid/smart_turtle_ws/install/smart_turtle_bringup/bin'
[0.792s] Level 1:colcon.colcon_core.environment:checking '/home/abouzeid/smart_turtle_ws/install/smart_turtle_bringup/lib/pkgconfig/smart_turtle_bringup.pc'
[0.793s] Level 1:colcon.colcon_core.environment:checking '/home/abouzeid/smart_turtle_ws/install/smart_turtle_bringup/lib/python3.12/site-packages'
[0.793s] Level 1:colcon.colcon_core.environment:checking '/home/abouzeid/smart_turtle_ws/install/smart_turtle_bringup/bin'
[0.794s] INFO:colcon.colcon_core.shell:Creating package script '/home/abouzeid/smart_turtle_ws/install/smart_turtle_bringup/share/smart_turtle_bringup/package.ps1'
[0.795s] INFO:colcon.colcon_core.shell:Creating package descriptor '/home/abouzeid/smart_turtle_ws/install/smart_turtle_bringup/share/smart_turtle_bringup/package.dsv'
[0.796s] INFO:colcon.colcon_core.shell:Creating package script '/home/abouzeid/smart_turtle_ws/install/smart_turtle_bringup/share/smart_turtle_bringup/package.sh'
[0.797s] INFO:colcon.colcon_core.shell:Creating package script '/home/abouzeid/smart_turtle_ws/install/smart_turtle_bringup/share/smart_turtle_bringup/package.bash'
[0.798s] INFO:colcon.colcon_core.shell:Creating package script '/home/abouzeid/smart_turtle_ws/install/smart_turtle_bringup/share/smart_turtle_bringup/package.zsh'
[0.799s] Level 1:colcon.colcon_core.environment:create_file_with_runtime_dependencies(/home/abouzeid/smart_turtle_ws/install/smart_turtle_bringup/share/colcon-core/packages/smart_turtle_bringup)
[0.799s] Level 1:colcon.colcon_core.environment:create_environment_scripts_only(smart_turtle_bringup)
[0.800s] Level 1:colcon.colcon_core.environment:checking '/home/abouzeid/smart_turtle_ws/install/smart_turtle_bringup' for CMake module files
[0.800s] Level 1:colcon.colcon_core.environment:checking '/home/abouzeid/smart_turtle_ws/install/smart_turtle_bringup' for CMake config files
[0.801s] Level 1:colcon.colcon_core.shell:create_environment_hook('smart_turtle_bringup', 'cmake_prefix_path')
[0.801s] INFO:colcon.colcon_core.shell:Creating environment hook '/home/abouzeid/smart_turtle_ws/install/smart_turtle_bringup/share/smart_turtle_bringup/hook/cmake_prefix_path.ps1'
[0.802s] INFO:colcon.colcon_core.shell:Creating environment descriptor '/home/abouzeid/smart_turtle_ws/install/smart_turtle_bringup/share/smart_turtle_bringup/hook/cmake_prefix_path.dsv'
[0.802s] INFO:colcon.colcon_core.shell:Creating environment hook '/home/abouzeid/smart_turtle_ws/install/smart_turtle_bringup/share/smart_turtle_bringup/hook/cmake_prefix_path.sh'
[0.803s] Level 1:colcon.colcon_core.environment:checking '/home/abouzeid/smart_turtle_ws/install/smart_turtle_bringup/bin'
[0.803s] Level 1:colcon.colcon_core.environment:checking '/home/abouzeid/smart_turtle_ws/install/smart_turtle_bringup/lib/pkgconfig/smart_turtle_bringup.pc'
[0.804s] Level 1:colcon.colcon_core.environment:checking '/home/abouzeid/smart_turtle_ws/install/smart_turtle_bringup/lib/python3.12/site-packages'
[0.804s] Level 1:colcon.colcon_core.environment:checking '/home/abouzeid/smart_turtle_ws/install/smart_turtle_bringup/bin'
[0.805s] INFO:colcon.colcon_core.shell:Creating package script '/home/abouzeid/smart_turtle_ws/install/smart_turtle_bringup/share/smart_turtle_bringup/package.ps1'
[0.806s] INFO:colcon.colcon_core.shell:Creating package descriptor '/home/abouzeid/smart_turtle_ws/install/smart_turtle_bringup/share/smart_turtle_bringup/package.dsv'
[0.806s] INFO:colcon.colcon_core.shell:Creating package script '/home/abouzeid/smart_turtle_ws/install/smart_turtle_bringup/share/smart_turtle_bringup/package.sh'
[0.807s] INFO:colcon.colcon_core.shell:Creating package script '/home/abouzeid/smart_turtle_ws/install/smart_turtle_bringup/share/smart_turtle_bringup/package.bash'
[0.808s] INFO:colcon.colcon_core.shell:Creating package script '/home/abouzeid/smart_turtle_ws/install/smart_turtle_bringup/share/smart_turtle_bringup/package.zsh'
[0.808s] Level 1:colcon.colcon_core.environment:create_file_with_runtime_dependencies(/home/abouzeid/smart_turtle_ws/install/smart_turtle_bringup/share/colcon-core/packages/smart_turtle_bringup)
[1.019s] DEBUG:colcon.colcon_core.event_handler.log_command:Invoked command in '/home/abouzeid/smart_turtle_ws/build/smart_turtle_interface' returned '0': CMAKE_PREFIX_PATH=${CMAKE_PREFIX_PATH}:/home/abouzeid/smart_turtle_ws/install/smart_turtle_pkg:/opt/ros/jazzy DEBUGINFOD_URLS=https://debuginfod.ubuntu.com /usr/bin/cmake --build /home/abouzeid/smart_turtle_ws/build/smart_turtle_interface -- -j20 -l20
[1.021s] DEBUG:colcon.colcon_core.event_handler.log_command:Invoking command in '/home/abouzeid/smart_turtle_ws/build/smart_turtle_interface': CMAKE_PREFIX_PATH=${CMAKE_PREFIX_PATH}:/home/abouzeid/smart_turtle_ws/install/smart_turtle_pkg:/opt/ros/jazzy DEBUGINFOD_URLS=https://debuginfod.ubuntu.com /usr/bin/cmake --install /home/abouzeid/smart_turtle_ws/build/smart_turtle_interface
[1.124s] Level 1:colcon.colcon_core.environment:create_environment_scripts_only(smart_turtle_interface)
[1.125s] DEBUG:colcon.colcon_core.event_handler.log_command:Invoked command in '/home/abouzeid/smart_turtle_ws/build/smart_turtle_interface' returned '0': CMAKE_PREFIX_PATH=${CMAKE_PREFIX_PATH}:/home/abouzeid/smart_turtle_ws/install/smart_turtle_pkg:/opt/ros/jazzy DEBUGINFOD_URLS=https://debuginfod.ubuntu.com /usr/bin/cmake --install /home/abouzeid/smart_turtle_ws/build/smart_turtle_interface
[1.125s] Level 1:colcon.colcon_core.environment:checking '/home/abouzeid/smart_turtle_ws/install/smart_turtle_interface' for CMake module files
[1.127s] Level 1:colcon.colcon_core.environment:checking '/home/abouzeid/smart_turtle_ws/install/smart_turtle_interface' for CMake config files
[1.127s] Level 1:colcon.colcon_core.shell:create_environment_hook('smart_turtle_interface', 'cmake_prefix_path')
[1.128s] INFO:colcon.colcon_core.shell:Creating environment hook '/home/abouzeid/smart_turtle_ws/install/smart_turtle_interface/share/smart_turtle_interface/hook/cmake_prefix_path.ps1'
[1.129s] INFO:colcon.colcon_core.shell:Creating environment descriptor '/home/abouzeid/smart_turtle_ws/install/smart_turtle_interface/share/smart_turtle_interface/hook/cmake_prefix_path.dsv'
[1.129s] INFO:colcon.colcon_core.shell:Creating environment hook '/home/abouzeid/smart_turtle_ws/install/smart_turtle_interface/share/smart_turtle_interface/hook/cmake_prefix_path.sh'
[1.131s] Level 1:colcon.colcon_core.environment:checking '/home/abouzeid/smart_turtle_ws/install/smart_turtle_interface/lib'
[1.131s] Level 1:colcon.colcon_core.shell:create_environment_hook('smart_turtle_interface', 'ld_library_path_lib')
[1.132s] INFO:colcon.colcon_core.shell:Creating environment hook '/home/abouzeid/smart_turtle_ws/install/smart_turtle_interface/share/smart_turtle_interface/hook/ld_library_path_lib.ps1'
[1.132s] INFO:colcon.colcon_core.shell:Creating environment descriptor '/home/abouzeid/smart_turtle_ws/install/smart_turtle_interface/share/smart_turtle_interface/hook/ld_library_path_lib.dsv'
[1.133s] INFO:colcon.colcon_core.shell:Creating environment hook '/home/abouzeid/smart_turtle_ws/install/smart_turtle_interface/share/smart_turtle_interface/hook/ld_library_path_lib.sh'
[1.134s] Level 1:colcon.colcon_core.environment:checking '/home/abouzeid/smart_turtle_ws/install/smart_turtle_interface/bin'
[1.134s] Level 1:colcon.colcon_core.environment:checking '/home/abouzeid/smart_turtle_ws/install/smart_turtle_interface/lib/pkgconfig/smart_turtle_interface.pc'
[1.134s] Level 1:colcon.colcon_core.environment:checking '/home/abouzeid/smart_turtle_ws/install/smart_turtle_interface/lib/python3.12/site-packages'
[1.135s] Level 1:colcon.colcon_core.shell:create_environment_hook('smart_turtle_interface', 'pythonpath')
[1.135s] INFO:colcon.colcon_core.shell:Creating environment hook '/home/abouzeid/smart_turtle_ws/install/smart_turtle_interface/share/smart_turtle_interface/hook/pythonpath.ps1'
[1.136s] INFO:colcon.colcon_core.shell:Creating environment descriptor '/home/abouzeid/smart_turtle_ws/install/smart_turtle_interface/share/smart_turtle_interface/hook/pythonpath.dsv'
[1.136s] INFO:colcon.colcon_core.shell:Creating environment hook '/home/abouzeid/smart_turtle_ws/install/smart_turtle_interface/share/smart_turtle_interface/hook/pythonpath.sh'
[1.137s] Level 1:colcon.colcon_core.environment:checking '/home/abouzeid/smart_turtle_ws/install/smart_turtle_interface/bin'
[1.138s] INFO:colcon.colcon_core.shell:Creating package script '/home/abouzeid/smart_turtle_ws/install/smart_turtle_interface/share/smart_turtle_interface/package.ps1'
[1.139s] INFO:colcon.colcon_core.shell:Creating package descriptor '/home/abouzeid/smart_turtle_ws/install/smart_turtle_interface/share/smart_turtle_interface/package.dsv'
[1.139s] INFO:colcon.colcon_core.shell:Creating package script '/home/abouzeid/smart_turtle_ws/install/smart_turtle_interface/share/smart_turtle_interface/package.sh'
[1.140s] INFO:colcon.colcon_core.shell:Creating package script '/home/abouzeid/smart_turtle_ws/install/smart_turtle_interface/share/smart_turtle_interface/package.bash'
[1.140s] INFO:colcon.colcon_core.shell:Creating package script '/home/abouzeid/smart_turtle_ws/install/smart_turtle_interface/share/smart_turtle_interface/package.zsh'
[1.141s] Level 1:colcon.colcon_core.environment:create_file_with_runtime_dependencies(/home/abouzeid/smart_turtle_ws/install/smart_turtle_interface/share/colcon-core/packages/smart_turtle_interface)
[1.142s] Level 1:colcon.colcon_core.environment:create_environment_scripts_only(smart_turtle_interface)
[1.142s] Level 1:colcon.colcon_core.environment:checking '/home/abouzeid/smart_turtle_ws/install/smart_turtle_interface' for CMake module files
[1.143s] Level 1:colcon.colcon_core.environment:checking '/home/abouzeid/smart_turtle_ws/install/smart_turtle_interface' for CMake config files
[1.143s] Level 1:colcon.colcon_core.shell:create_environment_hook('smart_turtle_interface', 'cmake_prefix_path')
[1.143s] INFO:colcon.colcon_core.shell:Creating environment hook '/home/abouzeid/smart_turtle_ws/install/smart_turtle_interface/share/smart_turtle_interface/hook/cmake_prefix_path.ps1'
[1.144s] INFO:colcon.colcon_core.shell:Creating environment descriptor '/home/abouzeid/smart_turtle_ws/install/smart_turtle_interface/share/smart_turtle_interface/hook/cmake_prefix_path.dsv'
[1.144s] INFO:colcon.colcon_core.shell:Creating environment hook '/home/abouzeid/smart_turtle_ws/install/smart_turtle_interface/share/smart_turtle_interface/hook/cmake_prefix_path.sh'
[1.145s] Level 1:colcon.colcon_core.environment:checking '/home/abouzeid/smart_turtle_ws/install/smart_turtle_interface/lib'
[1.145s] Level 1:colcon.colcon_core.shell:create_environment_hook('smart_turtle_interface', 'ld_library_path_lib')
[1.146s] INFO:colcon.colcon_core.shell:Creating environment hook '/home/abouzeid/smart_turtle_ws/install/smart_turtle_interface/share/smart_turtle_interface/hook/ld_library_path_lib.ps1'
[1.146s] INFO:colcon.colcon_core.shell:Creating environment descriptor '/home/abouzeid/smart_turtle_ws/install/smart_turtle_interface/share/smart_turtle_interface/hook/ld_library_path_lib.dsv'
[1.147s] INFO:colcon.colcon_core.shell:Creating environment hook '/home/abouzeid/smart_turtle_ws/install/smart_turtle_interface/share/smart_turtle_interface/hook/ld_library_path_lib.sh'
[1.147s] Level 1:colcon.colcon_core.environment:checking '/home/abouzeid/smart_turtle_ws/install/smart_turtle_interface/bin'
[1.147s] Level 1:colcon.colcon_core.environment:checking '/home/abouzeid/smart_turtle_ws/install/smart_turtle_interface/lib/pkgconfig/smart_turtle_interface.pc'
[1.148s] Level 1:colcon.colcon_core.environment:checking '/home/abouzeid/smart_turtle_ws/install/smart_turtle_interface/lib/python3.12/site-packages'
[1.148s] Level 1:colcon.colcon_core.shell:create_environment_hook('smart_turtle_interface', 'pythonpath')
[1.148s] INFO:colcon.colcon_core.shell:Creating environment hook '/home/abouzeid/smart_turtle_ws/install/smart_turtle_interface/share/smart_turtle_interface/hook/pythonpath.ps1'
[1.149s] INFO:colcon.colcon_core.shell:Creating environment descriptor '/home/abouzeid/smart_turtle_ws/install/smart_turtle_interface/share/smart_turtle_interface/hook/pythonpath.dsv'
[1.149s] INFO:colcon.colcon_core.shell:Creating environment hook '/home/abouzeid/smart_turtle_ws/install/smart_turtle_interface/share/smart_turtle_interface/hook/pythonpath.sh'
[1.150s] Level 1:colcon.colcon_core.environment:checking '/home/abouzeid/smart_turtle_ws/install/smart_turtle_interface/bin'
[1.151s] INFO:colcon.colcon_core.shell:Creating package script '/home/abouzeid/smart_turtle_ws/install/smart_turtle_interface/share/smart_turtle_interface/package.ps1'
[1.151s] INFO:colcon.colcon_core.shell:Creating package descriptor '/home/abouzeid/smart_turtle_ws/install/smart_turtle_interface/share/smart_turtle_interface/package.dsv'
[1.152s] INFO:colcon.colcon_core.shell:Creating package script '/home/abouzeid/smart_turtle_ws/install/smart_turtle_interface/share/smart_turtle_interface/package.sh'
[1.153s] INFO:colcon.colcon_core.shell:Creating package script '/home/abouzeid/smart_turtle_ws/install/smart_turtle_interface/share/smart_turtle_interface/package.bash'
[1.153s] INFO:colcon.colcon_core.shell:Creating package script '/home/abouzeid/smart_turtle_ws/install/smart_turtle_interface/share/smart_turtle_interface/package.zsh'
[1.154s] Level 1:colcon.colcon_core.environment:create_file_with_runtime_dependencies(/home/abouzeid/smart_turtle_ws/install/smart_turtle_interface/share/colcon-core/packages/smart_turtle_interface)
[1.512s] DEBUG:colcon.colcon_core.event_handler.log_command:Invoking command in '/home/abouzeid/smart_turtle_ws/src/smart_turtle_pkg': DEBUGINFOD_URLS=https://debuginfod.ubuntu.com PYTHONPATH=/home/abouzeid/smart_turtle_ws/build/smart_turtle_pkg/prefix_override:/usr/lib/python3/dist-packages/colcon_core/task/python/colcon_distutils_commands:/home/abouzeid/smart_turtle_ws/install/smart_turtle_pkg/lib/python3.12/site-packages:${PYTHONPATH} /usr/bin/python3 -W ignore:setup.py install is deprecated -W ignore:easy_install command is deprecated setup.py egg_info --egg-base ../../build/smart_turtle_pkg build --build-base /home/abouzeid/smart_turtle_ws/build/smart_turtle_pkg/build install --record /home/abouzeid/smart_turtle_ws/build/smart_turtle_pkg/install.log --single-version-externally-managed install_data
[2.073s] Level 1:colcon.colcon_core.environment:checking '/home/abouzeid/smart_turtle_ws/install/smart_turtle_pkg' for CMake module files
[2.074s] DEBUG:colcon.colcon_core.event_handler.log_command:Invoked command in '/home/abouzeid/smart_turtle_ws/src/smart_turtle_pkg' returned '0': DEBUGINFOD_URLS=https://debuginfod.ubuntu.com PYTHONPATH=/home/abouzeid/smart_turtle_ws/build/smart_turtle_pkg/prefix_override:/usr/lib/python3/dist-packages/colcon_core/task/python/colcon_distutils_commands:/home/abouzeid/smart_turtle_ws/install/smart_turtle_pkg/lib/python3.12/site-packages:${PYTHONPATH} /usr/bin/python3 -W ignore:setup.py install is deprecated -W ignore:easy_install command is deprecated setup.py egg_info --egg-base ../../build/smart_turtle_pkg build --build-base /home/abouzeid/smart_turtle_ws/build/smart_turtle_pkg/build install --record /home/abouzeid/smart_turtle_ws/build/smart_turtle_pkg/install.log --single-version-externally-managed install_data
[2.075s] Level 1:colcon.colcon_core.environment:checking '/home/abouzeid/smart_turtle_ws/install/smart_turtle_pkg' for CMake config files
[2.075s] Level 1:colcon.colcon_core.environment:checking '/home/abouzeid/smart_turtle_ws/install/smart_turtle_pkg/lib'
[2.075s] Level 1:colcon.colcon_core.environment:checking '/home/abouzeid/smart_turtle_ws/install/smart_turtle_pkg/bin'
[2.075s] Level 1:colcon.colcon_core.environment:checking '/home/abouzeid/smart_turtle_ws/install/smart_turtle_pkg/lib/pkgconfig/smart_turtle_pkg.pc'
[2.076s] Level 1:colcon.colcon_core.environment:checking '/home/abouzeid/smart_turtle_ws/install/smart_turtle_pkg/lib/python3.12/site-packages'
[2.076s] Level 1:colcon.colcon_core.shell:create_environment_hook('smart_turtle_pkg', 'pythonpath')
[2.076s] INFO:colcon.colcon_core.shell:Creating environment hook '/home/abouzeid/smart_turtle_ws/install/smart_turtle_pkg/share/smart_turtle_pkg/hook/pythonpath.ps1'
[2.077s] INFO:colcon.colcon_core.shell:Creating environment descriptor '/home/abouzeid/smart_turtle_ws/install/smart_turtle_pkg/share/smart_turtle_pkg/hook/pythonpath.dsv'
[2.077s] INFO:colcon.colcon_core.shell:Creating environment hook '/home/abouzeid/smart_turtle_ws/install/smart_turtle_pkg/share/smart_turtle_pkg/hook/pythonpath.sh'
[2.078s] Level 1:colcon.colcon_core.environment:checking '/home/abouzeid/smart_turtle_ws/install/smart_turtle_pkg/bin'
[2.078s] Level 1:colcon.colcon_core.environment:create_environment_scripts_only(smart_turtle_pkg)
[2.079s] INFO:colcon.colcon_core.shell:Creating package script '/home/abouzeid/smart_turtle_ws/install/smart_turtle_pkg/share/smart_turtle_pkg/package.ps1'
[2.080s] INFO:colcon.colcon_core.shell:Creating package descriptor '/home/abouzeid/smart_turtle_ws/install/smart_turtle_pkg/share/smart_turtle_pkg/package.dsv'
[2.080s] INFO:colcon.colcon_core.shell:Creating package script '/home/abouzeid/smart_turtle_ws/install/smart_turtle_pkg/share/smart_turtle_pkg/package.sh'
[2.081s] INFO:colcon.colcon_core.shell:Creating package script '/home/abouzeid/smart_turtle_ws/install/smart_turtle_pkg/share/smart_turtle_pkg/package.bash'
[2.081s] INFO:colcon.colcon_core.shell:Creating package script '/home/abouzeid/smart_turtle_ws/install/smart_turtle_pkg/share/smart_turtle_pkg/package.zsh'
[2.082s] Level 1:colcon.colcon_core.environment:create_file_with_runtime_dependencies(/home/abouzeid/smart_turtle_ws/install/smart_turtle_pkg/share/colcon-core/packages/smart_turtle_pkg)
[2.082s] DEBUG:colcon.colcon_parallel_executor.executor.parallel:closing loop
[2.082s] DEBUG:colcon.colcon_parallel_executor.executor.parallel:loop closed
[2.082s] DEBUG:colcon.colcon_parallel_executor.executor.parallel:run_until_complete finished with '0'
[2.083s] DEBUG:colcon.colcon_core.event_reactor:joining thread
[2.091s] INFO:colcon.colcon_core.plugin_system:Skipping extension 'colcon_notification.desktop_notification.terminal_notifier': Not used on non-Darwin systems
[2.091s] INFO:colcon.colcon_core.plugin_system:Skipping extension 'colcon_notification.desktop_notification.win32': Not used on non-Windows systems
[2.091s] INFO:colcon.colcon_notification.desktop_notification:Sending desktop notification using 'notify2'
[2.120s] DEBUG:colcon.colcon_core.event_reactor:joined thread
[2.120s] INFO:colcon.colcon_core.shell:Creating prefix script '/home/abouzeid/smart_turtle_ws/install/local_setup.ps1'
[2.121s] INFO:colcon.colcon_core.shell:Creating prefix util module '/home/abouzeid/smart_turtle_ws/install/_local_setup_util_ps1.py'
[2.123s] INFO:colcon.colcon_core.shell:Creating prefix chain script '/home/abouzeid/smart_turtle_ws/install/setup.ps1'
[2.124s] INFO:colcon.colcon_core.shell:Creating prefix script '/home/abouzeid/smart_turtle_ws/install/local_setup.sh'
[2.125s] INFO:colcon.colcon_core.shell:Creating prefix util module '/home/abouzeid/smart_turtle_ws/install/_local_setup_util_sh.py'
[2.126s] INFO:colcon.colcon_core.shell:Creating prefix chain script '/home/abouzeid/smart_turtle_ws/install/setup.sh'
[2.128s] INFO:colcon.colcon_core.shell:Creating prefix script '/home/abouzeid/smart_turtle_ws/install/local_setup.bash'
[2.129s] INFO:colcon.colcon_core.shell:Creating prefix chain script '/home/abouzeid/smart_turtle_ws/install/setup.bash'
[2.130s] INFO:colcon.colcon_core.shell:Creating prefix script '/home/abouzeid/smart_turtle_ws/install/local_setup.zsh'
[2.131s] INFO:colcon.colcon_core.shell:Creating prefix chain script '/home/abouzeid/smart_turtle_ws/install/setup.zsh'
