[0.018s] Invoking command in '/home/abouzeid/smart_turtle_ws/build/smart_turtle_bringup': AMENT_PREFIX_PATH=/home/abouzeid/smart_turtle_ws/install/smart_turtle_pkg:/home/abouzeid/smart_turtle_ws/install/smart_turtle_bringup:/home/abouzeid/smart_turtle_ws/install/smart_turtle_interface:/opt/ros/jazzy CMAKE_PREFIX_PATH=/home/abouzeid/smart_turtle_ws/install/smart_turtle_interface:/home/abouzeid/smart_turtle_ws/install/smart_turtle_bringup:/opt/ros/jazzy/opt/gz_math_vendor:/opt/ros/jazzy/opt/gz_utils_vendor:/opt/ros/jazzy/opt/gz_cmake_vendor:/home/abouzeid/smart_turtle_ws/install/smart_turtle_pkg:/opt/ros/jazzy DEBUGINFOD_URLS=https://debuginfod.ubuntu.com /usr/bin/cmake --build /home/abouzeid/smart_turtle_ws/build/smart_turtle_bringup -- -j20 -l20
[0.079s] Invoked command in '/home/abouzeid/smart_turtle_ws/build/smart_turtle_bringup' returned '0': AMENT_PREFIX_PATH=/home/abouzeid/smart_turtle_ws/install/smart_turtle_pkg:/home/abouzeid/smart_turtle_ws/install/smart_turtle_bringup:/home/abouzeid/smart_turtle_ws/install/smart_turtle_interface:/opt/ros/jazzy CMAKE_PREFIX_PATH=/home/abouzeid/smart_turtle_ws/install/smart_turtle_interface:/home/abouzeid/smart_turtle_ws/install/smart_turtle_bringup:/opt/ros/jazzy/opt/gz_math_vendor:/opt/ros/jazzy/opt/gz_utils_vendor:/opt/ros/jazzy/opt/gz_cmake_vendor:/home/abouzeid/smart_turtle_ws/install/smart_turtle_pkg:/opt/ros/jazzy DEBUGINFOD_URLS=https://debuginfod.ubuntu.com /usr/bin/cmake --build /home/abouzeid/smart_turtle_ws/build/smart_turtle_bringup -- -j20 -l20
[0.081s] Invoking command in '/home/abouzeid/smart_turtle_ws/build/smart_turtle_bringup': AMENT_PREFIX_PATH=/home/abouzeid/smart_turtle_ws/install/smart_turtle_pkg:/home/abouzeid/smart_turtle_ws/install/smart_turtle_bringup:/home/abouzeid/smart_turtle_ws/install/smart_turtle_interface:/opt/ros/jazzy CMAKE_PREFIX_PATH=/home/abouzeid/smart_turtle_ws/install/smart_turtle_interface:/home/abouzeid/smart_turtle_ws/install/smart_turtle_bringup:/opt/ros/jazzy/opt/gz_math_vendor:/opt/ros/jazzy/opt/gz_utils_vendor:/opt/ros/jazzy/opt/gz_cmake_vendor:/home/abouzeid/smart_turtle_ws/install/smart_turtle_pkg:/opt/ros/jazzy DEBUGINFOD_URLS=https://debuginfod.ubuntu.com /usr/bin/cmake --install /home/abouzeid/smart_turtle_ws/build/smart_turtle_bringup
[0.092s] -- Install configuration: ""
[0.092s] -- Up-to-date: /home/abouzeid/smart_turtle_ws/install/smart_turtle_bringup/share/smart_turtle_bringup//launch
[0.092s] -- Up-to-date: /home/abouzeid/smart_turtle_ws/install/smart_turtle_bringup/share/smart_turtle_bringup//launch/smart_turtle.launch.py
[0.092s] -- Up-to-date: /home/abouzeid/smart_turtle_ws/install/smart_turtle_bringup/share/smart_turtle_bringup//config
[0.092s] -- Up-to-date: /home/abouzeid/smart_turtle_ws/install/smart_turtle_bringup/share/smart_turtle_bringup//config/turtle_param.yaml
[0.092s] -- Up-to-date: /home/abouzeid/smart_turtle_ws/install/smart_turtle_bringup/share/ament_index/resource_index/package_run_dependencies/smart_turtle_bringup
[0.093s] -- Up-to-date: /home/abouzeid/smart_turtle_ws/install/smart_turtle_bringup/share/ament_index/resource_index/parent_prefix_path/smart_turtle_bringup
[0.093s] -- Up-to-date: /home/abouzeid/smart_turtle_ws/install/smart_turtle_bringup/share/smart_turtle_bringup/environment/ament_prefix_path.sh
[0.093s] -- Up-to-date: /home/abouzeid/smart_turtle_ws/install/smart_turtle_bringup/share/smart_turtle_bringup/environment/ament_prefix_path.dsv
[0.093s] -- Up-to-date: /home/abouzeid/smart_turtle_ws/install/smart_turtle_bringup/share/smart_turtle_bringup/environment/path.sh
[0.093s] -- Up-to-date: /home/abouzeid/smart_turtle_ws/install/smart_turtle_bringup/share/smart_turtle_bringup/environment/path.dsv
[0.093s] -- Up-to-date: /home/abouzeid/smart_turtle_ws/install/smart_turtle_bringup/share/smart_turtle_bringup/local_setup.bash
[0.093s] -- Up-to-date: /home/abouzeid/smart_turtle_ws/install/smart_turtle_bringup/share/smart_turtle_bringup/local_setup.sh
[0.093s] -- Up-to-date: /home/abouzeid/smart_turtle_ws/install/smart_turtle_bringup/share/smart_turtle_bringup/local_setup.zsh
[0.093s] -- Up-to-date: /home/abouzeid/smart_turtle_ws/install/smart_turtle_bringup/share/smart_turtle_bringup/local_setup.dsv
[0.093s] -- Installing: /home/abouzeid/smart_turtle_ws/install/smart_turtle_bringup/share/smart_turtle_bringup/package.dsv
[0.093s] -- Up-to-date: /home/abouzeid/smart_turtle_ws/install/smart_turtle_bringup/share/ament_index/resource_index/packages/smart_turtle_bringup
[0.093s] -- Up-to-date: /home/abouzeid/smart_turtle_ws/install/smart_turtle_bringup/share/smart_turtle_bringup/cmake/smart_turtle_bringupConfig.cmake
[0.093s] -- Up-to-date: /home/abouzeid/smart_turtle_ws/install/smart_turtle_bringup/share/smart_turtle_bringup/cmake/smart_turtle_bringupConfig-version.cmake
[0.093s] -- Up-to-date: /home/abouzeid/smart_turtle_ws/install/smart_turtle_bringup/share/smart_turtle_bringup/package.xml
[0.095s] Invoked command in '/home/abouzeid/smart_turtle_ws/build/smart_turtle_bringup' returned '0': AMENT_PREFIX_PATH=/home/abouzeid/smart_turtle_ws/install/smart_turtle_pkg:/home/abouzeid/smart_turtle_ws/install/smart_turtle_bringup:/home/abouzeid/smart_turtle_ws/install/smart_turtle_interface:/opt/ros/jazzy CMAKE_PREFIX_PATH=/home/abouzeid/smart_turtle_ws/install/smart_turtle_interface:/home/abouzeid/smart_turtle_ws/install/smart_turtle_bringup:/opt/ros/jazzy/opt/gz_math_vendor:/opt/ros/jazzy/opt/gz_utils_vendor:/opt/ros/jazzy/opt/gz_cmake_vendor:/home/abouzeid/smart_turtle_ws/install/smart_turtle_pkg:/opt/ros/jazzy DEBUGINFOD_URLS=https://debuginfod.ubuntu.com /usr/bin/cmake --install /home/abouzeid/smart_turtle_ws/build/smart_turtle_bringup
