[0.018s] Invoking command in '/home/abouzeid/smart_turtle_ws/build/smart_turtle_bringup': AMENT_PREFIX_PATH=/home/abouzeid/smart_turtle_ws/install/smart_turtle_pkg:/home/abouzeid/smart_turtle_ws/install/smart_turtle_bringup:/home/abouzeid/smart_turtle_ws/install/smart_turtle_interface:/opt/ros/jazzy CMAKE_PREFIX_PATH=/home/abouzeid/smart_turtle_ws/install/smart_turtle_interface:/home/abouzeid/smart_turtle_ws/install/smart_turtle_bringup:/opt/ros/jazzy/opt/gz_math_vendor:/opt/ros/jazzy/opt/gz_utils_vendor:/opt/ros/jazzy/opt/gz_cmake_vendor:/home/abouzeid/smart_turtle_ws/install/smart_turtle_pkg:/opt/ros/jazzy DEBUGINFOD_URLS=https://debuginfod.ubuntu.com /usr/bin/cmake --build /home/abouzeid/smart_turtle_ws/build/smart_turtle_bringup -- -j20 -l20
[0.051s] -- Found ament_cmake: 2.5.5 (/opt/ros/jazzy/share/ament_cmake/cmake)
[0.349s] -- Found ament_lint_auto: 0.17.4 (/opt/ros/jazzy/share/ament_lint_auto/cmake)
[0.470s] -- Added test 'flake8' to check Python code syntax and style conventions
[0.470s] -- Configured 'flake8' exclude dirs and/or files: 
[0.471s] -- Added test 'lint_cmake' to check CMake code style
[0.471s] -- Added test 'pep257' to check Python code against some of the docstring style conventions in PEP 257
[0.472s] -- Added test 'xmllint' to check XML markup files
[0.473s] -- Configuring done (0.4s)
[0.476s] -- Generating done (0.0s)
[0.478s] -- Build files have been written to: /home/abouzeid/smart_turtle_ws/build/smart_turtle_bringup
[0.508s] Invoked command in '/home/abouzeid/smart_turtle_ws/build/smart_turtle_bringup' returned '0': AMENT_PREFIX_PATH=/home/abouzeid/smart_turtle_ws/install/smart_turtle_pkg:/home/abouzeid/smart_turtle_ws/install/smart_turtle_bringup:/home/abouzeid/smart_turtle_ws/install/smart_turtle_interface:/opt/ros/jazzy CMAKE_PREFIX_PATH=/home/abouzeid/smart_turtle_ws/install/smart_turtle_interface:/home/abouzeid/smart_turtle_ws/install/smart_turtle_bringup:/opt/ros/jazzy/opt/gz_math_vendor:/opt/ros/jazzy/opt/gz_utils_vendor:/opt/ros/jazzy/opt/gz_cmake_vendor:/home/abouzeid/smart_turtle_ws/install/smart_turtle_pkg:/opt/ros/jazzy DEBUGINFOD_URLS=https://debuginfod.ubuntu.com /usr/bin/cmake --build /home/abouzeid/smart_turtle_ws/build/smart_turtle_bringup -- -j20 -l20
[0.509s] Invoking command in '/home/abouzeid/smart_turtle_ws/build/smart_turtle_bringup': AMENT_PREFIX_PATH=/home/abouzeid/smart_turtle_ws/install/smart_turtle_pkg:/home/abouzeid/smart_turtle_ws/install/smart_turtle_bringup:/home/abouzeid/smart_turtle_ws/install/smart_turtle_interface:/opt/ros/jazzy CMAKE_PREFIX_PATH=/home/abouzeid/smart_turtle_ws/install/smart_turtle_interface:/home/abouzeid/smart_turtle_ws/install/smart_turtle_bringup:/opt/ros/jazzy/opt/gz_math_vendor:/opt/ros/jazzy/opt/gz_utils_vendor:/opt/ros/jazzy/opt/gz_cmake_vendor:/home/abouzeid/smart_turtle_ws/install/smart_turtle_pkg:/opt/ros/jazzy DEBUGINFOD_URLS=https://debuginfod.ubuntu.com /usr/bin/cmake --install /home/abouzeid/smart_turtle_ws/build/smart_turtle_bringup
[0.520s] -- Install configuration: ""
[0.520s] -- Up-to-date: /home/abouzeid/smart_turtle_ws/install/smart_turtle_bringup/share/smart_turtle_bringup//launch
[0.520s] -- Up-to-date: /home/abouzeid/smart_turtle_ws/install/smart_turtle_bringup/share/smart_turtle_bringup//launch/smart_turtle.launch.py
[0.520s] -- Up-to-date: /home/abouzeid/smart_turtle_ws/install/smart_turtle_bringup/share/smart_turtle_bringup//config
[0.520s] -- Up-to-date: /home/abouzeid/smart_turtle_ws/install/smart_turtle_bringup/share/smart_turtle_bringup//config/turtle_param.yaml
[0.521s] -- Installing: /home/abouzeid/smart_turtle_ws/install/smart_turtle_bringup/share/ament_index/resource_index/package_run_dependencies/smart_turtle_bringup
[0.521s] -- Up-to-date: /home/abouzeid/smart_turtle_ws/install/smart_turtle_bringup/share/ament_index/resource_index/parent_prefix_path/smart_turtle_bringup
[0.521s] -- Up-to-date: /home/abouzeid/smart_turtle_ws/install/smart_turtle_bringup/share/smart_turtle_bringup/environment/ament_prefix_path.sh
[0.521s] -- Up-to-date: /home/abouzeid/smart_turtle_ws/install/smart_turtle_bringup/share/smart_turtle_bringup/environment/ament_prefix_path.dsv
[0.521s] -- Up-to-date: /home/abouzeid/smart_turtle_ws/install/smart_turtle_bringup/share/smart_turtle_bringup/environment/path.sh
[0.521s] -- Up-to-date: /home/abouzeid/smart_turtle_ws/install/smart_turtle_bringup/share/smart_turtle_bringup/environment/path.dsv
[0.521s] -- Up-to-date: /home/abouzeid/smart_turtle_ws/install/smart_turtle_bringup/share/smart_turtle_bringup/local_setup.bash
[0.521s] -- Up-to-date: /home/abouzeid/smart_turtle_ws/install/smart_turtle_bringup/share/smart_turtle_bringup/local_setup.sh
[0.521s] -- Up-to-date: /home/abouzeid/smart_turtle_ws/install/smart_turtle_bringup/share/smart_turtle_bringup/local_setup.zsh
[0.521s] -- Up-to-date: /home/abouzeid/smart_turtle_ws/install/smart_turtle_bringup/share/smart_turtle_bringup/local_setup.dsv
[0.521s] -- Installing: /home/abouzeid/smart_turtle_ws/install/smart_turtle_bringup/share/smart_turtle_bringup/package.dsv
[0.521s] -- Up-to-date: /home/abouzeid/smart_turtle_ws/install/smart_turtle_bringup/share/ament_index/resource_index/packages/smart_turtle_bringup
[0.521s] -- Up-to-date: /home/abouzeid/smart_turtle_ws/install/smart_turtle_bringup/share/smart_turtle_bringup/cmake/smart_turtle_bringupConfig.cmake
[0.522s] -- Up-to-date: /home/abouzeid/smart_turtle_ws/install/smart_turtle_bringup/share/smart_turtle_bringup/cmake/smart_turtle_bringupConfig-version.cmake
[0.522s] -- Installing: /home/abouzeid/smart_turtle_ws/install/smart_turtle_bringup/share/smart_turtle_bringup/package.xml
[0.522s] Invoked command in '/home/abouzeid/smart_turtle_ws/build/smart_turtle_bringup' returned '0': AMENT_PREFIX_PATH=/home/abouzeid/smart_turtle_ws/install/smart_turtle_pkg:/home/abouzeid/smart_turtle_ws/install/smart_turtle_bringup:/home/abouzeid/smart_turtle_ws/install/smart_turtle_interface:/opt/ros/jazzy CMAKE_PREFIX_PATH=/home/abouzeid/smart_turtle_ws/install/smart_turtle_interface:/home/abouzeid/smart_turtle_ws/install/smart_turtle_bringup:/opt/ros/jazzy/opt/gz_math_vendor:/opt/ros/jazzy/opt/gz_utils_vendor:/opt/ros/jazzy/opt/gz_cmake_vendor:/home/abouzeid/smart_turtle_ws/install/smart_turtle_pkg:/opt/ros/jazzy DEBUGINFOD_URLS=https://debuginfod.ubuntu.com /usr/bin/cmake --install /home/abouzeid/smart_turtle_ws/build/smart_turtle_bringup
