[0.135s] DEBUG:colcon:Command line arguments: ['/usr/bin/colcon', 'build']
[0.135s] DEBUG:colcon:Parsed command line arguments: Namespace(log_base=None, log_level=None, verb_name='build', build_base='build', install_base='install', merge_install=False, symlink_install=False, test_result_base=None, continue_on_error=False, executor='parallel', parallel_workers=20, event_handlers=None, ignore_user_meta=False, metas=['./colcon.meta'], base_paths=['.'], packages_ignore=None, packages_ignore_regex=None, paths=None, packages_up_to=None, packages_up_to_regex=None, packages_above=None, packages_above_and_dependencies=None, packages_above_depth=None, packages_select_by_dep=None, packages_skip_by_dep=None, packages_skip_up_to=None, packages_select_build_failed=False, packages_skip_build_finished=False, packages_select_test_failures=False, packages_skip_test_passed=False, packages_select=None, packages_skip=None, packages_select_regex=None, packages_skip_regex=None, packages_start=None, packages_end=None, allow_overriding=[], cmake_args=None, cmake_target=None, cmake_target_skip_unavailable=False, cmake_clean_cache=False, cmake_clean_first=False, cmake_force_configure=False, ament_cmake_args=None, catkin_cmake_args=None, catkin_skip_building_tests=False, mixin_files=None, mixin=None, verb_parser=<colcon_mixin.mixin.mixin_argument.MixinArgumentDecorator object at 0x780ed5c8fce0>, verb_extension=<colcon_core.verb.build.BuildVerb object at 0x780ed5dd4950>, main=<bound method BuildVerb.main of <colcon_core.verb.build.BuildVerb object at 0x780ed5dd4950>>, mixin_verb=('build',))
[0.193s] Level 1:colcon.colcon_core.package_discovery:discover_packages(colcon_meta) check parameters
[0.193s] Level 1:colcon.colcon_core.package_discovery:discover_packages(recursive) check parameters
[0.193s] Level 1:colcon.colcon_core.package_discovery:discover_packages(ignore) check parameters
[0.193s] Level 1:colcon.colcon_core.package_discovery:discover_packages(path) check parameters
[0.193s] Level 1:colcon.colcon_core.package_discovery:discover_packages(colcon_meta) discover
[0.194s] Level 1:colcon.colcon_core.package_discovery:discover_packages(recursive) discover
[0.194s] INFO:colcon.colcon_core.package_discovery:Crawling recursively for packages in '/home/abouzeid/smart_turtle_ws'
[0.194s] Level 1:colcon.colcon_core.package_identification:_identify(.) by extensions ['ignore', 'ignore_ament_install']
[0.194s] Level 1:colcon.colcon_core.package_identification:_identify(.) by extension 'ignore'
[0.194s] Level 1:colcon.colcon_core.package_identification:_identify(.) by extension 'ignore_ament_install'
[0.195s] Level 1:colcon.colcon_core.package_identification:_identify(.) by extensions ['colcon_pkg']
[0.195s] Level 1:colcon.colcon_core.package_identification:_identify(.) by extension 'colcon_pkg'
[0.195s] Level 1:colcon.colcon_core.package_identification:_identify(.) by extensions ['colcon_meta']
[0.195s] Level 1:colcon.colcon_core.package_identification:_identify(.) by extension 'colcon_meta'
[0.195s] Level 1:colcon.colcon_core.package_identification:_identify(.) by extensions ['ros']
[0.195s] Level 1:colcon.colcon_core.package_identification:_identify(.) by extension 'ros'
[0.255s] Level 1:colcon.colcon_core.package_identification:_identify(.) by extensions ['cmake', 'python']
[0.255s] Level 1:colcon.colcon_core.package_identification:_identify(.) by extension 'cmake'
[0.255s] Level 1:colcon.colcon_core.package_identification:_identify(.) by extension 'python'
[0.255s] Level 1:colcon.colcon_core.package_identification:_identify(.) by extensions ['python_setup_py']
[0.255s] Level 1:colcon.colcon_core.package_identification:_identify(.) by extension 'python_setup_py'
[0.255s] Level 1:colcon.colcon_core.package_identification:_identify(build) by extensions ['ignore', 'ignore_ament_install']
[0.255s] Level 1:colcon.colcon_core.package_identification:_identify(build) by extension 'ignore'
[0.255s] Level 1:colcon.colcon_core.package_identification:_identify(build) ignored
[0.256s] Level 1:colcon.colcon_core.package_identification:_identify(install) by extensions ['ignore', 'ignore_ament_install']
[0.256s] Level 1:colcon.colcon_core.package_identification:_identify(install) by extension 'ignore'
[0.256s] Level 1:colcon.colcon_core.package_identification:_identify(install) ignored
[0.256s] Level 1:colcon.colcon_core.package_identification:_identify(log) by extensions ['ignore', 'ignore_ament_install']
[0.256s] Level 1:colcon.colcon_core.package_identification:_identify(log) by extension 'ignore'
[0.256s] Level 1:colcon.colcon_core.package_identification:_identify(log) ignored
[0.256s] Level 1:colcon.colcon_core.package_identification:_identify(src) by extensions ['ignore', 'ignore_ament_install']
[0.256s] Level 1:colcon.colcon_core.package_identification:_identify(src) by extension 'ignore'
[0.257s] Level 1:colcon.colcon_core.package_identification:_identify(src) by extension 'ignore_ament_install'
[0.257s] Level 1:colcon.colcon_core.package_identification:_identify(src) by extensions ['colcon_pkg']
[0.257s] Level 1:colcon.colcon_core.package_identification:_identify(src) by extension 'colcon_pkg'
[0.257s] Level 1:colcon.colcon_core.package_identification:_identify(src) by extensions ['colcon_meta']
[0.257s] Level 1:colcon.colcon_core.package_identification:_identify(src) by extension 'colcon_meta'
[0.257s] Level 1:colcon.colcon_core.package_identification:_identify(src) by extensions ['ros']
[0.257s] Level 1:colcon.colcon_core.package_identification:_identify(src) by extension 'ros'
[0.257s] Level 1:colcon.colcon_core.package_identification:_identify(src) by extensions ['cmake', 'python']
[0.257s] Level 1:colcon.colcon_core.package_identification:_identify(src) by extension 'cmake'
[0.257s] Level 1:colcon.colcon_core.package_identification:_identify(src) by extension 'python'
[0.257s] Level 1:colcon.colcon_core.package_identification:_identify(src) by extensions ['python_setup_py']
[0.257s] Level 1:colcon.colcon_core.package_identification:_identify(src) by extension 'python_setup_py'
[0.257s] Level 1:colcon.colcon_core.package_identification:_identify(src/smart_turtle_bringup) by extensions ['ignore', 'ignore_ament_install']
[0.258s] Level 1:colcon.colcon_core.package_identification:_identify(src/smart_turtle_bringup) by extension 'ignore'
[0.258s] Level 1:colcon.colcon_core.package_identification:_identify(src/smart_turtle_bringup) by extension 'ignore_ament_install'
[0.258s] Level 1:colcon.colcon_core.package_identification:_identify(src/smart_turtle_bringup) by extensions ['colcon_pkg']
[0.258s] Level 1:colcon.colcon_core.package_identification:_identify(src/smart_turtle_bringup) by extension 'colcon_pkg'
[0.258s] Level 1:colcon.colcon_core.package_identification:_identify(src/smart_turtle_bringup) by extensions ['colcon_meta']
[0.258s] Level 1:colcon.colcon_core.package_identification:_identify(src/smart_turtle_bringup) by extension 'colcon_meta'
[0.258s] Level 1:colcon.colcon_core.package_identification:_identify(src/smart_turtle_bringup) by extensions ['ros']
[0.258s] Level 1:colcon.colcon_core.package_identification:_identify(src/smart_turtle_bringup) by extension 'ros'
[0.263s] DEBUG:colcon.colcon_core.package_identification:Package 'src/smart_turtle_bringup' with type 'ros.ament_cmake' and name 'smart_turtle_bringup'
[0.264s] Level 1:colcon.colcon_core.package_identification:_identify(src/smart_turtle_interface) by extensions ['ignore', 'ignore_ament_install']
[0.264s] Level 1:colcon.colcon_core.package_identification:_identify(src/smart_turtle_interface) by extension 'ignore'
[0.264s] Level 1:colcon.colcon_core.package_identification:_identify(src/smart_turtle_interface) by extension 'ignore_ament_install'
[0.264s] Level 1:colcon.colcon_core.package_identification:_identify(src/smart_turtle_interface) by extensions ['colcon_pkg']
[0.264s] Level 1:colcon.colcon_core.package_identification:_identify(src/smart_turtle_interface) by extension 'colcon_pkg'
[0.264s] Level 1:colcon.colcon_core.package_identification:_identify(src/smart_turtle_interface) by extensions ['colcon_meta']
[0.264s] Level 1:colcon.colcon_core.package_identification:_identify(src/smart_turtle_interface) by extension 'colcon_meta'
[0.265s] Level 1:colcon.colcon_core.package_identification:_identify(src/smart_turtle_interface) by extensions ['ros']
[0.265s] Level 1:colcon.colcon_core.package_identification:_identify(src/smart_turtle_interface) by extension 'ros'
[0.266s] DEBUG:colcon.colcon_core.package_identification:Package 'src/smart_turtle_interface' with type 'ros.ament_cmake' and name 'smart_turtle_interface'
[0.266s] Level 1:colcon.colcon_core.package_identification:_identify(src/smart_turtle_pkg) by extensions ['ignore', 'ignore_ament_install']
[0.267s] Level 1:colcon.colcon_core.package_identification:_identify(src/smart_turtle_pkg) by extension 'ignore'
[0.267s] Level 1:colcon.colcon_core.package_identification:_identify(src/smart_turtle_pkg) by extension 'ignore_ament_install'
[0.267s] Level 1:colcon.colcon_core.package_identification:_identify(src/smart_turtle_pkg) by extensions ['colcon_pkg']
[0.267s] Level 1:colcon.colcon_core.package_identification:_identify(src/smart_turtle_pkg) by extension 'colcon_pkg'
[0.267s] Level 1:colcon.colcon_core.package_identification:_identify(src/smart_turtle_pkg) by extensions ['colcon_meta']
[0.267s] Level 1:colcon.colcon_core.package_identification:_identify(src/smart_turtle_pkg) by extension 'colcon_meta'
[0.267s] Level 1:colcon.colcon_core.package_identification:_identify(src/smart_turtle_pkg) by extensions ['ros']
[0.267s] Level 1:colcon.colcon_core.package_identification:_identify(src/smart_turtle_pkg) by extension 'ros'
[0.269s] DEBUG:colcon.colcon_core.package_identification:Package 'src/smart_turtle_pkg' with type 'ros.ament_python' and name 'smart_turtle_pkg'
[0.269s] Level 1:colcon.colcon_core.package_discovery:discover_packages(recursive) using defaults
[0.269s] Level 1:colcon.colcon_core.package_discovery:discover_packages(ignore) discover
[0.269s] Level 1:colcon.colcon_core.package_discovery:discover_packages(ignore) using defaults
[0.269s] Level 1:colcon.colcon_core.package_discovery:discover_packages(path) discover
[0.269s] Level 1:colcon.colcon_core.package_discovery:discover_packages(path) using defaults
[0.329s] Level 1:colcon.colcon_core.package_discovery:discover_packages(prefix_path) check parameters
[0.329s] Level 1:colcon.colcon_core.package_discovery:discover_packages(prefix_path) discover
[0.334s] DEBUG:colcon.colcon_installed_package_information.package_discovery:Found 3 installed packages in /home/abouzeid/smart_turtle_ws/install
[0.338s] DEBUG:colcon.colcon_installed_package_information.package_discovery:Found 286 installed packages in /opt/ros/jazzy
[0.342s] Level 1:colcon.colcon_core.package_discovery:discover_packages(prefix_path) using defaults
[0.452s] Level 5:colcon.colcon_core.verb:set package 'smart_turtle_interface' build argument 'cmake_args' from command line to 'None'
[0.453s] Level 5:colcon.colcon_core.verb:set package 'smart_turtle_interface' build argument 'cmake_target' from command line to 'None'
[0.453s] Level 5:colcon.colcon_core.verb:set package 'smart_turtle_interface' build argument 'cmake_target_skip_unavailable' from command line to 'False'
[0.453s] Level 5:colcon.colcon_core.verb:set package 'smart_turtle_interface' build argument 'cmake_clean_cache' from command line to 'False'
[0.453s] Level 5:colcon.colcon_core.verb:set package 'smart_turtle_interface' build argument 'cmake_clean_first' from command line to 'False'
[0.453s] Level 5:colcon.colcon_core.verb:set package 'smart_turtle_interface' build argument 'cmake_force_configure' from command line to 'False'
[0.453s] Level 5:colcon.colcon_core.verb:set package 'smart_turtle_interface' build argument 'ament_cmake_args' from command line to 'None'
[0.453s] Level 5:colcon.colcon_core.verb:set package 'smart_turtle_interface' build argument 'catkin_cmake_args' from command line to 'None'
[0.453s] Level 5:colcon.colcon_core.verb:set package 'smart_turtle_interface' build argument 'catkin_skip_building_tests' from command line to 'False'
[0.453s] DEBUG:colcon.colcon_core.verb:Building package 'smart_turtle_interface' with the following arguments: {'ament_cmake_args': None, 'build_base': '/home/abouzeid/smart_turtle_ws/build/smart_turtle_interface', 'catkin_cmake_args': None, 'catkin_skip_building_tests': False, 'cmake_args': None, 'cmake_clean_cache': False, 'cmake_clean_first': False, 'cmake_force_configure': False, 'cmake_target': None, 'cmake_target_skip_unavailable': False, 'install_base': '/home/abouzeid/smart_turtle_ws/install/smart_turtle_interface', 'merge_install': False, 'path': '/home/abouzeid/smart_turtle_ws/src/smart_turtle_interface', 'symlink_install': False, 'test_result_base': None}
[0.454s] Level 5:colcon.colcon_core.verb:set package 'smart_turtle_pkg' build argument 'cmake_args' from command line to 'None'
[0.454s] Level 5:colcon.colcon_core.verb:set package 'smart_turtle_pkg' build argument 'cmake_target' from command line to 'None'
[0.454s] Level 5:colcon.colcon_core.verb:set package 'smart_turtle_pkg' build argument 'cmake_target_skip_unavailable' from command line to 'False'
[0.454s] Level 5:colcon.colcon_core.verb:set package 'smart_turtle_pkg' build argument 'cmake_clean_cache' from command line to 'False'
[0.454s] Level 5:colcon.colcon_core.verb:set package 'smart_turtle_pkg' build argument 'cmake_clean_first' from command line to 'False'
[0.454s] Level 5:colcon.colcon_core.verb:set package 'smart_turtle_pkg' build argument 'cmake_force_configure' from command line to 'False'
[0.454s] Level 5:colcon.colcon_core.verb:set package 'smart_turtle_pkg' build argument 'ament_cmake_args' from command line to 'None'
[0.454s] Level 5:colcon.colcon_core.verb:set package 'smart_turtle_pkg' build argument 'catkin_cmake_args' from command line to 'None'
[0.454s] Level 5:colcon.colcon_core.verb:set package 'smart_turtle_pkg' build argument 'catkin_skip_building_tests' from command line to 'False'
[0.455s] DEBUG:colcon.colcon_core.verb:Building package 'smart_turtle_pkg' with the following arguments: {'ament_cmake_args': None, 'build_base': '/home/abouzeid/smart_turtle_ws/build/smart_turtle_pkg', 'catkin_cmake_args': None, 'catkin_skip_building_tests': False, 'cmake_args': None, 'cmake_clean_cache': False, 'cmake_clean_first': False, 'cmake_force_configure': False, 'cmake_target': None, 'cmake_target_skip_unavailable': False, 'install_base': '/home/abouzeid/smart_turtle_ws/install/smart_turtle_pkg', 'merge_install': False, 'path': '/home/abouzeid/smart_turtle_ws/src/smart_turtle_pkg', 'symlink_install': False, 'test_result_base': None}
[0.455s] Level 5:colcon.colcon_core.verb:set package 'smart_turtle_bringup' build argument 'cmake_args' from command line to 'None'
[0.455s] Level 5:colcon.colcon_core.verb:set package 'smart_turtle_bringup' build argument 'cmake_target' from command line to 'None'
[0.455s] Level 5:colcon.colcon_core.verb:set package 'smart_turtle_bringup' build argument 'cmake_target_skip_unavailable' from command line to 'False'
[0.456s] Level 5:colcon.colcon_core.verb:set package 'smart_turtle_bringup' build argument 'cmake_clean_cache' from command line to 'False'
[0.456s] Level 5:colcon.colcon_core.verb:set package 'smart_turtle_bringup' build argument 'cmake_clean_first' from command line to 'False'
[0.456s] Level 5:colcon.colcon_core.verb:set package 'smart_turtle_bringup' build argument 'cmake_force_configure' from command line to 'False'
[0.456s] Level 5:colcon.colcon_core.verb:set package 'smart_turtle_bringup' build argument 'ament_cmake_args' from command line to 'None'
[0.456s] Level 5:colcon.colcon_core.verb:set package 'smart_turtle_bringup' build argument 'catkin_cmake_args' from command line to 'None'
[0.456s] Level 5:colcon.colcon_core.verb:set package 'smart_turtle_bringup' build argument 'catkin_skip_building_tests' from command line to 'False'
[0.456s] DEBUG:colcon.colcon_core.verb:Building package 'smart_turtle_bringup' with the following arguments: {'ament_cmake_args': None, 'build_base': '/home/abouzeid/smart_turtle_ws/build/smart_turtle_bringup', 'catkin_cmake_args': None, 'catkin_skip_building_tests': False, 'cmake_args': None, 'cmake_clean_cache': False, 'cmake_clean_first': False, 'cmake_force_configure': False, 'cmake_target': None, 'cmake_target_skip_unavailable': False, 'install_base': '/home/abouzeid/smart_turtle_ws/install/smart_turtle_bringup', 'merge_install': False, 'path': '/home/abouzeid/smart_turtle_ws/src/smart_turtle_bringup', 'symlink_install': False, 'test_result_base': None}
[0.456s] INFO:colcon.colcon_core.executor:Executing jobs using 'parallel' executor
[0.459s] DEBUG:colcon.colcon_parallel_executor.executor.parallel:run_until_complete
[0.459s] INFO:colcon.colcon_ros.task.ament_cmake.build:Building ROS package in '/home/abouzeid/smart_turtle_ws/src/smart_turtle_interface' with build type 'ament_cmake'
[0.460s] INFO:colcon.colcon_cmake.task.cmake.build:Building CMake package in '/home/abouzeid/smart_turtle_ws/src/smart_turtle_interface'
[0.466s] INFO:colcon.colcon_core.plugin_system:Skipping extension 'colcon_core.shell.bat': Not used on non-Windows systems
[0.467s] INFO:colcon.colcon_core.shell:Skip shell extension 'powershell' for command environment: Not usable outside of PowerShell
[0.467s] DEBUG:colcon.colcon_core.shell:Skip shell extension 'dsv' for command environment
[0.489s] DEBUG:colcon.colcon_core.event_handler.log_command:Invoking command in '/home/abouzeid/smart_turtle_ws/build/smart_turtle_interface': CMAKE_PREFIX_PATH=${CMAKE_PREFIX_PATH}:/home/abouzeid/smart_turtle_ws/install/smart_turtle_pkg:/opt/ros/jazzy DEBUGINFOD_URLS=https://debuginfod.ubuntu.com /usr/bin/cmake --build /home/abouzeid/smart_turtle_ws/build/smart_turtle_interface -- -j20 -l20
[1.363s] DEBUG:colcon.colcon_core.event_handler.log_command:Invoked command in '/home/abouzeid/smart_turtle_ws/build/smart_turtle_interface' returned '0': CMAKE_PREFIX_PATH=${CMAKE_PREFIX_PATH}:/home/abouzeid/smart_turtle_ws/install/smart_turtle_pkg:/opt/ros/jazzy DEBUGINFOD_URLS=https://debuginfod.ubuntu.com /usr/bin/cmake --build /home/abouzeid/smart_turtle_ws/build/smart_turtle_interface -- -j20 -l20
[1.387s] DEBUG:colcon.colcon_core.event_handler.log_command:Invoking command in '/home/abouzeid/smart_turtle_ws/build/smart_turtle_interface': CMAKE_PREFIX_PATH=${CMAKE_PREFIX_PATH}:/home/abouzeid/smart_turtle_ws/install/smart_turtle_pkg:/opt/ros/jazzy DEBUGINFOD_URLS=https://debuginfod.ubuntu.com /usr/bin/cmake --install /home/abouzeid/smart_turtle_ws/build/smart_turtle_interface
[1.518s] Level 1:colcon.colcon_core.environment:create_environment_scripts_only(smart_turtle_interface)
[1.519s] DEBUG:colcon.colcon_core.event_handler.log_command:Invoked command in '/home/abouzeid/smart_turtle_ws/build/smart_turtle_interface' returned '0': CMAKE_PREFIX_PATH=${CMAKE_PREFIX_PATH}:/home/abouzeid/smart_turtle_ws/install/smart_turtle_pkg:/opt/ros/jazzy DEBUGINFOD_URLS=https://debuginfod.ubuntu.com /usr/bin/cmake --install /home/abouzeid/smart_turtle_ws/build/smart_turtle_interface
[1.524s] Level 1:colcon.colcon_core.environment:checking '/home/abouzeid/smart_turtle_ws/install/smart_turtle_interface' for CMake module files
[1.526s] Level 1:colcon.colcon_core.environment:checking '/home/abouzeid/smart_turtle_ws/install/smart_turtle_interface' for CMake config files
[1.526s] Level 1:colcon.colcon_core.shell:create_environment_hook('smart_turtle_interface', 'cmake_prefix_path')
[1.527s] INFO:colcon.colcon_core.shell:Creating environment hook '/home/abouzeid/smart_turtle_ws/install/smart_turtle_interface/share/smart_turtle_interface/hook/cmake_prefix_path.ps1'
[1.528s] INFO:colcon.colcon_core.shell:Creating environment descriptor '/home/abouzeid/smart_turtle_ws/install/smart_turtle_interface/share/smart_turtle_interface/hook/cmake_prefix_path.dsv'
[1.529s] INFO:colcon.colcon_core.shell:Creating environment hook '/home/abouzeid/smart_turtle_ws/install/smart_turtle_interface/share/smart_turtle_interface/hook/cmake_prefix_path.sh'
[1.532s] Level 1:colcon.colcon_core.environment:checking '/home/abouzeid/smart_turtle_ws/install/smart_turtle_interface/lib'
[1.532s] Level 1:colcon.colcon_core.shell:create_environment_hook('smart_turtle_interface', 'ld_library_path_lib')
[1.532s] INFO:colcon.colcon_core.shell:Creating environment hook '/home/abouzeid/smart_turtle_ws/install/smart_turtle_interface/share/smart_turtle_interface/hook/ld_library_path_lib.ps1'
[1.534s] INFO:colcon.colcon_core.shell:Creating environment descriptor '/home/abouzeid/smart_turtle_ws/install/smart_turtle_interface/share/smart_turtle_interface/hook/ld_library_path_lib.dsv'
[1.535s] INFO:colcon.colcon_core.shell:Creating environment hook '/home/abouzeid/smart_turtle_ws/install/smart_turtle_interface/share/smart_turtle_interface/hook/ld_library_path_lib.sh'
[1.536s] Level 1:colcon.colcon_core.environment:checking '/home/abouzeid/smart_turtle_ws/install/smart_turtle_interface/bin'
[1.536s] Level 1:colcon.colcon_core.environment:checking '/home/abouzeid/smart_turtle_ws/install/smart_turtle_interface/lib/pkgconfig/smart_turtle_interface.pc'
[1.536s] Level 1:colcon.colcon_core.environment:checking '/home/abouzeid/smart_turtle_ws/install/smart_turtle_interface/lib/python3.12/site-packages'
[1.537s] Level 1:colcon.colcon_core.shell:create_environment_hook('smart_turtle_interface', 'pythonpath')
[1.537s] INFO:colcon.colcon_core.shell:Creating environment hook '/home/abouzeid/smart_turtle_ws/install/smart_turtle_interface/share/smart_turtle_interface/hook/pythonpath.ps1'
[1.538s] INFO:colcon.colcon_core.shell:Creating environment descriptor '/home/abouzeid/smart_turtle_ws/install/smart_turtle_interface/share/smart_turtle_interface/hook/pythonpath.dsv'
[1.539s] INFO:colcon.colcon_core.shell:Creating environment hook '/home/abouzeid/smart_turtle_ws/install/smart_turtle_interface/share/smart_turtle_interface/hook/pythonpath.sh'
[1.540s] Level 1:colcon.colcon_core.environment:checking '/home/abouzeid/smart_turtle_ws/install/smart_turtle_interface/bin'
[1.541s] INFO:colcon.colcon_core.shell:Creating package script '/home/abouzeid/smart_turtle_ws/install/smart_turtle_interface/share/smart_turtle_interface/package.ps1'
[1.542s] INFO:colcon.colcon_core.shell:Creating package descriptor '/home/abouzeid/smart_turtle_ws/install/smart_turtle_interface/share/smart_turtle_interface/package.dsv'
[1.544s] INFO:colcon.colcon_core.shell:Creating package script '/home/abouzeid/smart_turtle_ws/install/smart_turtle_interface/share/smart_turtle_interface/package.sh'
[1.545s] INFO:colcon.colcon_core.shell:Creating package script '/home/abouzeid/smart_turtle_ws/install/smart_turtle_interface/share/smart_turtle_interface/package.bash'
[1.546s] INFO:colcon.colcon_core.shell:Creating package script '/home/abouzeid/smart_turtle_ws/install/smart_turtle_interface/share/smart_turtle_interface/package.zsh'
[1.547s] Level 1:colcon.colcon_core.environment:create_file_with_runtime_dependencies(/home/abouzeid/smart_turtle_ws/install/smart_turtle_interface/share/colcon-core/packages/smart_turtle_interface)
[1.548s] Level 1:colcon.colcon_core.environment:create_environment_scripts_only(smart_turtle_interface)
[1.549s] Level 1:colcon.colcon_core.environment:checking '/home/abouzeid/smart_turtle_ws/install/smart_turtle_interface' for CMake module files
[1.550s] Level 1:colcon.colcon_core.environment:checking '/home/abouzeid/smart_turtle_ws/install/smart_turtle_interface' for CMake config files
[1.550s] Level 1:colcon.colcon_core.shell:create_environment_hook('smart_turtle_interface', 'cmake_prefix_path')
[1.551s] INFO:colcon.colcon_core.shell:Creating environment hook '/home/abouzeid/smart_turtle_ws/install/smart_turtle_interface/share/smart_turtle_interface/hook/cmake_prefix_path.ps1'
[1.552s] INFO:colcon.colcon_core.shell:Creating environment descriptor '/home/abouzeid/smart_turtle_ws/install/smart_turtle_interface/share/smart_turtle_interface/hook/cmake_prefix_path.dsv'
[1.553s] INFO:colcon.colcon_core.shell:Creating environment hook '/home/abouzeid/smart_turtle_ws/install/smart_turtle_interface/share/smart_turtle_interface/hook/cmake_prefix_path.sh'
[1.554s] Level 1:colcon.colcon_core.environment:checking '/home/abouzeid/smart_turtle_ws/install/smart_turtle_interface/lib'
[1.554s] Level 1:colcon.colcon_core.shell:create_environment_hook('smart_turtle_interface', 'ld_library_path_lib')
[1.555s] INFO:colcon.colcon_core.shell:Creating environment hook '/home/abouzeid/smart_turtle_ws/install/smart_turtle_interface/share/smart_turtle_interface/hook/ld_library_path_lib.ps1'
[1.556s] INFO:colcon.colcon_core.shell:Creating environment descriptor '/home/abouzeid/smart_turtle_ws/install/smart_turtle_interface/share/smart_turtle_interface/hook/ld_library_path_lib.dsv'
[1.557s] INFO:colcon.colcon_core.shell:Creating environment hook '/home/abouzeid/smart_turtle_ws/install/smart_turtle_interface/share/smart_turtle_interface/hook/ld_library_path_lib.sh'
[1.558s] Level 1:colcon.colcon_core.environment:checking '/home/abouzeid/smart_turtle_ws/install/smart_turtle_interface/bin'
[1.558s] Level 1:colcon.colcon_core.environment:checking '/home/abouzeid/smart_turtle_ws/install/smart_turtle_interface/lib/pkgconfig/smart_turtle_interface.pc'
[1.559s] Level 1:colcon.colcon_core.environment:checking '/home/abouzeid/smart_turtle_ws/install/smart_turtle_interface/lib/python3.12/site-packages'
[1.559s] Level 1:colcon.colcon_core.shell:create_environment_hook('smart_turtle_interface', 'pythonpath')
[1.559s] INFO:colcon.colcon_core.shell:Creating environment hook '/home/abouzeid/smart_turtle_ws/install/smart_turtle_interface/share/smart_turtle_interface/hook/pythonpath.ps1'
[1.560s] INFO:colcon.colcon_core.shell:Creating environment descriptor '/home/abouzeid/smart_turtle_ws/install/smart_turtle_interface/share/smart_turtle_interface/hook/pythonpath.dsv'
[1.561s] INFO:colcon.colcon_core.shell:Creating environment hook '/home/abouzeid/smart_turtle_ws/install/smart_turtle_interface/share/smart_turtle_interface/hook/pythonpath.sh'
[1.563s] Level 1:colcon.colcon_core.environment:checking '/home/abouzeid/smart_turtle_ws/install/smart_turtle_interface/bin'
[1.564s] INFO:colcon.colcon_core.shell:Creating package script '/home/abouzeid/smart_turtle_ws/install/smart_turtle_interface/share/smart_turtle_interface/package.ps1'
[1.565s] INFO:colcon.colcon_core.shell:Creating package descriptor '/home/abouzeid/smart_turtle_ws/install/smart_turtle_interface/share/smart_turtle_interface/package.dsv'
[1.566s] INFO:colcon.colcon_core.shell:Creating package script '/home/abouzeid/smart_turtle_ws/install/smart_turtle_interface/share/smart_turtle_interface/package.sh'
[1.567s] INFO:colcon.colcon_core.shell:Creating package script '/home/abouzeid/smart_turtle_ws/install/smart_turtle_interface/share/smart_turtle_interface/package.bash'
[1.568s] INFO:colcon.colcon_core.shell:Creating package script '/home/abouzeid/smart_turtle_ws/install/smart_turtle_interface/share/smart_turtle_interface/package.zsh'
[1.569s] Level 1:colcon.colcon_core.environment:create_file_with_runtime_dependencies(/home/abouzeid/smart_turtle_ws/install/smart_turtle_interface/share/colcon-core/packages/smart_turtle_interface)
[1.570s] INFO:colcon.colcon_ros.task.ament_python.build:Building ROS package in '/home/abouzeid/smart_turtle_ws/src/smart_turtle_pkg' with build type 'ament_python'
[1.570s] Level 1:colcon.colcon_core.shell:create_environment_hook('smart_turtle_pkg', 'ament_prefix_path')
[1.570s] INFO:colcon.colcon_core.shell:Creating environment hook '/home/abouzeid/smart_turtle_ws/install/smart_turtle_pkg/share/smart_turtle_pkg/hook/ament_prefix_path.ps1'
[1.572s] INFO:colcon.colcon_core.shell:Creating environment descriptor '/home/abouzeid/smart_turtle_ws/install/smart_turtle_pkg/share/smart_turtle_pkg/hook/ament_prefix_path.dsv'
[1.573s] INFO:colcon.colcon_core.shell:Creating environment hook '/home/abouzeid/smart_turtle_ws/install/smart_turtle_pkg/share/smart_turtle_pkg/hook/ament_prefix_path.sh'
[1.574s] INFO:colcon.colcon_core.shell:Skip shell extension 'powershell' for command environment: Not usable outside of PowerShell
[1.574s] DEBUG:colcon.colcon_core.shell:Skip shell extension 'dsv' for command environment
[2.018s] INFO:colcon.colcon_core.task.python.build:Building Python package in '/home/abouzeid/smart_turtle_ws/src/smart_turtle_pkg'
[2.018s] INFO:colcon.colcon_core.shell:Skip shell extension 'powershell' for command environment: Not usable outside of PowerShell
[2.018s] DEBUG:colcon.colcon_core.shell:Skip shell extension 'dsv' for command environment
[3.163s] DEBUG:colcon.colcon_core.event_handler.log_command:Invoking command in '/home/abouzeid/smart_turtle_ws/src/smart_turtle_pkg': CMAKE_PREFIX_PATH=/home/abouzeid/smart_turtle_ws/install/smart_turtle_interface:/home/abouzeid/smart_turtle_ws/install/smart_turtle_bringup:/opt/ros/jazzy/opt/gz_math_vendor:/opt/ros/jazzy/opt/gz_utils_vendor:/opt/ros/jazzy/opt/gz_cmake_vendor DEBUGINFOD_URLS=https://debuginfod.ubuntu.com PYTHONPATH=/home/abouzeid/smart_turtle_ws/build/smart_turtle_pkg/prefix_override:/usr/lib/python3/dist-packages/colcon_core/task/python/colcon_distutils_commands:/home/abouzeid/smart_turtle_ws/install/smart_turtle_pkg/lib/python3.12/site-packages:/home/abouzeid/smart_turtle_ws/install/smart_turtle_interface/lib/python3.12/site-packages:/home/abouzeid/smart_turtle_ws/install/smart_turtle_pkg/lib/python3.12/site-packages:/opt/ros/jazzy/lib/python3.12/site-packages /usr/bin/python3 -W ignore:setup.py install is deprecated -W ignore:easy_install command is deprecated setup.py egg_info --egg-base ../../build/smart_turtle_pkg build --build-base /home/abouzeid/smart_turtle_ws/build/smart_turtle_pkg/build install --record /home/abouzeid/smart_turtle_ws/build/smart_turtle_pkg/install.log --single-version-externally-managed install_data
[4.169s] Level 1:colcon.colcon_core.environment:checking '/home/abouzeid/smart_turtle_ws/install/smart_turtle_pkg' for CMake module files
[4.170s] DEBUG:colcon.colcon_core.event_handler.log_command:Invoked command in '/home/abouzeid/smart_turtle_ws/src/smart_turtle_pkg' returned '0': CMAKE_PREFIX_PATH=/home/abouzeid/smart_turtle_ws/install/smart_turtle_interface:/home/abouzeid/smart_turtle_ws/install/smart_turtle_bringup:/opt/ros/jazzy/opt/gz_math_vendor:/opt/ros/jazzy/opt/gz_utils_vendor:/opt/ros/jazzy/opt/gz_cmake_vendor DEBUGINFOD_URLS=https://debuginfod.ubuntu.com PYTHONPATH=/home/abouzeid/smart_turtle_ws/build/smart_turtle_pkg/prefix_override:/usr/lib/python3/dist-packages/colcon_core/task/python/colcon_distutils_commands:/home/abouzeid/smart_turtle_ws/install/smart_turtle_pkg/lib/python3.12/site-packages:/home/abouzeid/smart_turtle_ws/install/smart_turtle_interface/lib/python3.12/site-packages:/home/abouzeid/smart_turtle_ws/install/smart_turtle_pkg/lib/python3.12/site-packages:/opt/ros/jazzy/lib/python3.12/site-packages /usr/bin/python3 -W ignore:setup.py install is deprecated -W ignore:easy_install command is deprecated setup.py egg_info --egg-base ../../build/smart_turtle_pkg build --build-base /home/abouzeid/smart_turtle_ws/build/smart_turtle_pkg/build install --record /home/abouzeid/smart_turtle_ws/build/smart_turtle_pkg/install.log --single-version-externally-managed install_data
[4.170s] Level 1:colcon.colcon_core.environment:checking '/home/abouzeid/smart_turtle_ws/install/smart_turtle_pkg' for CMake config files
[4.171s] Level 1:colcon.colcon_core.environment:checking '/home/abouzeid/smart_turtle_ws/install/smart_turtle_pkg/lib'
[4.171s] Level 1:colcon.colcon_core.environment:checking '/home/abouzeid/smart_turtle_ws/install/smart_turtle_pkg/bin'
[4.171s] Level 1:colcon.colcon_core.environment:checking '/home/abouzeid/smart_turtle_ws/install/smart_turtle_pkg/lib/pkgconfig/smart_turtle_pkg.pc'
[4.171s] Level 1:colcon.colcon_core.environment:checking '/home/abouzeid/smart_turtle_ws/install/smart_turtle_pkg/lib/python3.12/site-packages'
[4.171s] Level 1:colcon.colcon_core.shell:create_environment_hook('smart_turtle_pkg', 'pythonpath')
[4.172s] INFO:colcon.colcon_core.shell:Creating environment hook '/home/abouzeid/smart_turtle_ws/install/smart_turtle_pkg/share/smart_turtle_pkg/hook/pythonpath.ps1'
[4.172s] INFO:colcon.colcon_core.shell:Creating environment descriptor '/home/abouzeid/smart_turtle_ws/install/smart_turtle_pkg/share/smart_turtle_pkg/hook/pythonpath.dsv'
[4.173s] INFO:colcon.colcon_core.shell:Creating environment hook '/home/abouzeid/smart_turtle_ws/install/smart_turtle_pkg/share/smart_turtle_pkg/hook/pythonpath.sh'
[4.174s] Level 1:colcon.colcon_core.environment:checking '/home/abouzeid/smart_turtle_ws/install/smart_turtle_pkg/bin'
[4.174s] Level 1:colcon.colcon_core.environment:create_environment_scripts_only(smart_turtle_pkg)
[4.174s] INFO:colcon.colcon_core.shell:Creating package script '/home/abouzeid/smart_turtle_ws/install/smart_turtle_pkg/share/smart_turtle_pkg/package.ps1'
[4.175s] INFO:colcon.colcon_core.shell:Creating package descriptor '/home/abouzeid/smart_turtle_ws/install/smart_turtle_pkg/share/smart_turtle_pkg/package.dsv'
[4.175s] INFO:colcon.colcon_core.shell:Creating package script '/home/abouzeid/smart_turtle_ws/install/smart_turtle_pkg/share/smart_turtle_pkg/package.sh'
[4.176s] INFO:colcon.colcon_core.shell:Creating package script '/home/abouzeid/smart_turtle_ws/install/smart_turtle_pkg/share/smart_turtle_pkg/package.bash'
[4.176s] INFO:colcon.colcon_core.shell:Creating package script '/home/abouzeid/smart_turtle_ws/install/smart_turtle_pkg/share/smart_turtle_pkg/package.zsh'
[4.176s] Level 1:colcon.colcon_core.environment:create_file_with_runtime_dependencies(/home/abouzeid/smart_turtle_ws/install/smart_turtle_pkg/share/colcon-core/packages/smart_turtle_pkg)
[4.177s] INFO:colcon.colcon_ros.task.ament_cmake.build:Building ROS package in '/home/abouzeid/smart_turtle_ws/src/smart_turtle_bringup' with build type 'ament_cmake'
[4.177s] INFO:colcon.colcon_cmake.task.cmake.build:Building CMake package in '/home/abouzeid/smart_turtle_ws/src/smart_turtle_bringup'
[4.177s] INFO:colcon.colcon_core.shell:Skip shell extension 'powershell' for command environment: Not usable outside of PowerShell
[4.177s] DEBUG:colcon.colcon_core.shell:Skip shell extension 'dsv' for command environment
[4.201s] DEBUG:colcon.colcon_core.event_handler.log_command:Invoking command in '/home/abouzeid/smart_turtle_ws/build/smart_turtle_bringup': AMENT_PREFIX_PATH=/home/abouzeid/smart_turtle_ws/install/smart_turtle_pkg:/home/abouzeid/smart_turtle_ws/install/smart_turtle_bringup:/home/abouzeid/smart_turtle_ws/install/smart_turtle_interface:/opt/ros/jazzy CMAKE_PREFIX_PATH=/home/abouzeid/smart_turtle_ws/install/smart_turtle_interface:/home/abouzeid/smart_turtle_ws/install/smart_turtle_bringup:/opt/ros/jazzy/opt/gz_math_vendor:/opt/ros/jazzy/opt/gz_utils_vendor:/opt/ros/jazzy/opt/gz_cmake_vendor:/home/abouzeid/smart_turtle_ws/install/smart_turtle_pkg:/opt/ros/jazzy DEBUGINFOD_URLS=https://debuginfod.ubuntu.com /usr/bin/cmake --build /home/abouzeid/smart_turtle_ws/build/smart_turtle_bringup -- -j20 -l20
[4.282s] DEBUG:colcon.colcon_core.event_handler.log_command:Invoked command in '/home/abouzeid/smart_turtle_ws/build/smart_turtle_bringup' returned '0': AMENT_PREFIX_PATH=/home/abouzeid/smart_turtle_ws/install/smart_turtle_pkg:/home/abouzeid/smart_turtle_ws/install/smart_turtle_bringup:/home/abouzeid/smart_turtle_ws/install/smart_turtle_interface:/opt/ros/jazzy CMAKE_PREFIX_PATH=/home/abouzeid/smart_turtle_ws/install/smart_turtle_interface:/home/abouzeid/smart_turtle_ws/install/smart_turtle_bringup:/opt/ros/jazzy/opt/gz_math_vendor:/opt/ros/jazzy/opt/gz_utils_vendor:/opt/ros/jazzy/opt/gz_cmake_vendor:/home/abouzeid/smart_turtle_ws/install/smart_turtle_pkg:/opt/ros/jazzy DEBUGINFOD_URLS=https://debuginfod.ubuntu.com /usr/bin/cmake --build /home/abouzeid/smart_turtle_ws/build/smart_turtle_bringup -- -j20 -l20
[4.284s] DEBUG:colcon.colcon_core.event_handler.log_command:Invoking command in '/home/abouzeid/smart_turtle_ws/build/smart_turtle_bringup': AMENT_PREFIX_PATH=/home/abouzeid/smart_turtle_ws/install/smart_turtle_pkg:/home/abouzeid/smart_turtle_ws/install/smart_turtle_bringup:/home/abouzeid/smart_turtle_ws/install/smart_turtle_interface:/opt/ros/jazzy CMAKE_PREFIX_PATH=/home/abouzeid/smart_turtle_ws/install/smart_turtle_interface:/home/abouzeid/smart_turtle_ws/install/smart_turtle_bringup:/opt/ros/jazzy/opt/gz_math_vendor:/opt/ros/jazzy/opt/gz_utils_vendor:/opt/ros/jazzy/opt/gz_cmake_vendor:/home/abouzeid/smart_turtle_ws/install/smart_turtle_pkg:/opt/ros/jazzy DEBUGINFOD_URLS=https://debuginfod.ubuntu.com /usr/bin/cmake --install /home/abouzeid/smart_turtle_ws/build/smart_turtle_bringup
[4.312s] Level 1:colcon.colcon_core.environment:create_environment_scripts_only(smart_turtle_bringup)
[4.313s] DEBUG:colcon.colcon_core.event_handler.log_command:Invoked command in '/home/abouzeid/smart_turtle_ws/build/smart_turtle_bringup' returned '0': AMENT_PREFIX_PATH=/home/abouzeid/smart_turtle_ws/install/smart_turtle_pkg:/home/abouzeid/smart_turtle_ws/install/smart_turtle_bringup:/home/abouzeid/smart_turtle_ws/install/smart_turtle_interface:/opt/ros/jazzy CMAKE_PREFIX_PATH=/home/abouzeid/smart_turtle_ws/install/smart_turtle_interface:/home/abouzeid/smart_turtle_ws/install/smart_turtle_bringup:/opt/ros/jazzy/opt/gz_math_vendor:/opt/ros/jazzy/opt/gz_utils_vendor:/opt/ros/jazzy/opt/gz_cmake_vendor:/home/abouzeid/smart_turtle_ws/install/smart_turtle_pkg:/opt/ros/jazzy DEBUGINFOD_URLS=https://debuginfod.ubuntu.com /usr/bin/cmake --install /home/abouzeid/smart_turtle_ws/build/smart_turtle_bringup
[4.314s] Level 1:colcon.colcon_core.environment:checking '/home/abouzeid/smart_turtle_ws/install/smart_turtle_bringup' for CMake module files
[4.316s] Level 1:colcon.colcon_core.environment:checking '/home/abouzeid/smart_turtle_ws/install/smart_turtle_bringup' for CMake config files
[4.317s] Level 1:colcon.colcon_core.shell:create_environment_hook('smart_turtle_bringup', 'cmake_prefix_path')
[4.317s] INFO:colcon.colcon_core.shell:Creating environment hook '/home/abouzeid/smart_turtle_ws/install/smart_turtle_bringup/share/smart_turtle_bringup/hook/cmake_prefix_path.ps1'
[4.318s] INFO:colcon.colcon_core.shell:Creating environment descriptor '/home/abouzeid/smart_turtle_ws/install/smart_turtle_bringup/share/smart_turtle_bringup/hook/cmake_prefix_path.dsv'
[4.319s] INFO:colcon.colcon_core.shell:Creating environment hook '/home/abouzeid/smart_turtle_ws/install/smart_turtle_bringup/share/smart_turtle_bringup/hook/cmake_prefix_path.sh'
[4.321s] Level 1:colcon.colcon_core.environment:checking '/home/abouzeid/smart_turtle_ws/install/smart_turtle_bringup/bin'
[4.322s] Level 1:colcon.colcon_core.environment:checking '/home/abouzeid/smart_turtle_ws/install/smart_turtle_bringup/lib/pkgconfig/smart_turtle_bringup.pc'
[4.322s] Level 1:colcon.colcon_core.environment:checking '/home/abouzeid/smart_turtle_ws/install/smart_turtle_bringup/lib/python3.12/site-packages'
[4.323s] Level 1:colcon.colcon_core.environment:checking '/home/abouzeid/smart_turtle_ws/install/smart_turtle_bringup/bin'
[4.324s] INFO:colcon.colcon_core.shell:Creating package script '/home/abouzeid/smart_turtle_ws/install/smart_turtle_bringup/share/smart_turtle_bringup/package.ps1'
[4.325s] INFO:colcon.colcon_core.shell:Creating package descriptor '/home/abouzeid/smart_turtle_ws/install/smart_turtle_bringup/share/smart_turtle_bringup/package.dsv'
[4.326s] INFO:colcon.colcon_core.shell:Creating package script '/home/abouzeid/smart_turtle_ws/install/smart_turtle_bringup/share/smart_turtle_bringup/package.sh'
[4.327s] INFO:colcon.colcon_core.shell:Creating package script '/home/abouzeid/smart_turtle_ws/install/smart_turtle_bringup/share/smart_turtle_bringup/package.bash'
[4.328s] INFO:colcon.colcon_core.shell:Creating package script '/home/abouzeid/smart_turtle_ws/install/smart_turtle_bringup/share/smart_turtle_bringup/package.zsh'
[4.329s] Level 1:colcon.colcon_core.environment:create_file_with_runtime_dependencies(/home/abouzeid/smart_turtle_ws/install/smart_turtle_bringup/share/colcon-core/packages/smart_turtle_bringup)
[4.336s] Level 1:colcon.colcon_core.environment:create_environment_scripts_only(smart_turtle_bringup)
[4.336s] Level 1:colcon.colcon_core.environment:checking '/home/abouzeid/smart_turtle_ws/install/smart_turtle_bringup' for CMake module files
[4.338s] Level 1:colcon.colcon_core.environment:checking '/home/abouzeid/smart_turtle_ws/install/smart_turtle_bringup' for CMake config files
[4.339s] Level 1:colcon.colcon_core.shell:create_environment_hook('smart_turtle_bringup', 'cmake_prefix_path')
[4.339s] INFO:colcon.colcon_core.shell:Creating environment hook '/home/abouzeid/smart_turtle_ws/install/smart_turtle_bringup/share/smart_turtle_bringup/hook/cmake_prefix_path.ps1'
[4.341s] INFO:colcon.colcon_core.shell:Creating environment descriptor '/home/abouzeid/smart_turtle_ws/install/smart_turtle_bringup/share/smart_turtle_bringup/hook/cmake_prefix_path.dsv'
[4.341s] INFO:colcon.colcon_core.shell:Creating environment hook '/home/abouzeid/smart_turtle_ws/install/smart_turtle_bringup/share/smart_turtle_bringup/hook/cmake_prefix_path.sh'
[4.343s] Level 1:colcon.colcon_core.environment:checking '/home/abouzeid/smart_turtle_ws/install/smart_turtle_bringup/bin'
[4.343s] Level 1:colcon.colcon_core.environment:checking '/home/abouzeid/smart_turtle_ws/install/smart_turtle_bringup/lib/pkgconfig/smart_turtle_bringup.pc'
[4.344s] Level 1:colcon.colcon_core.environment:checking '/home/abouzeid/smart_turtle_ws/install/smart_turtle_bringup/lib/python3.12/site-packages'
[4.345s] Level 1:colcon.colcon_core.environment:checking '/home/abouzeid/smart_turtle_ws/install/smart_turtle_bringup/bin'
[4.346s] INFO:colcon.colcon_core.shell:Creating package script '/home/abouzeid/smart_turtle_ws/install/smart_turtle_bringup/share/smart_turtle_bringup/package.ps1'
[4.348s] INFO:colcon.colcon_core.shell:Creating package descriptor '/home/abouzeid/smart_turtle_ws/install/smart_turtle_bringup/share/smart_turtle_bringup/package.dsv'
[4.350s] INFO:colcon.colcon_core.shell:Creating package script '/home/abouzeid/smart_turtle_ws/install/smart_turtle_bringup/share/smart_turtle_bringup/package.sh'
[4.351s] INFO:colcon.colcon_core.shell:Creating package script '/home/abouzeid/smart_turtle_ws/install/smart_turtle_bringup/share/smart_turtle_bringup/package.bash'
[4.352s] INFO:colcon.colcon_core.shell:Creating package script '/home/abouzeid/smart_turtle_ws/install/smart_turtle_bringup/share/smart_turtle_bringup/package.zsh'
[4.353s] Level 1:colcon.colcon_core.environment:create_file_with_runtime_dependencies(/home/abouzeid/smart_turtle_ws/install/smart_turtle_bringup/share/colcon-core/packages/smart_turtle_bringup)
[4.353s] DEBUG:colcon.colcon_parallel_executor.executor.parallel:closing loop
[4.354s] DEBUG:colcon.colcon_parallel_executor.executor.parallel:loop closed
[4.355s] DEBUG:colcon.colcon_parallel_executor.executor.parallel:run_until_complete finished with '0'
[4.355s] DEBUG:colcon.colcon_core.event_reactor:joining thread
[4.370s] INFO:colcon.colcon_core.plugin_system:Skipping extension 'colcon_notification.desktop_notification.terminal_notifier': Not used on non-Darwin systems
[4.370s] INFO:colcon.colcon_core.plugin_system:Skipping extension 'colcon_notification.desktop_notification.win32': Not used on non-Windows systems
[4.370s] INFO:colcon.colcon_notification.desktop_notification:Sending desktop notification using 'notify2'
[4.402s] DEBUG:colcon.colcon_core.event_reactor:joined thread
[4.403s] INFO:colcon.colcon_core.shell:Creating prefix script '/home/abouzeid/smart_turtle_ws/install/local_setup.ps1'
[4.404s] INFO:colcon.colcon_core.shell:Creating prefix util module '/home/abouzeid/smart_turtle_ws/install/_local_setup_util_ps1.py'
[4.405s] INFO:colcon.colcon_core.shell:Creating prefix chain script '/home/abouzeid/smart_turtle_ws/install/setup.ps1'
[4.407s] INFO:colcon.colcon_core.shell:Creating prefix script '/home/abouzeid/smart_turtle_ws/install/local_setup.sh'
[4.408s] INFO:colcon.colcon_core.shell:Creating prefix util module '/home/abouzeid/smart_turtle_ws/install/_local_setup_util_sh.py'
[4.409s] INFO:colcon.colcon_core.shell:Creating prefix chain script '/home/abouzeid/smart_turtle_ws/install/setup.sh'
[4.412s] INFO:colcon.colcon_core.shell:Creating prefix script '/home/abouzeid/smart_turtle_ws/install/local_setup.bash'
[4.414s] INFO:colcon.colcon_core.shell:Creating prefix chain script '/home/abouzeid/smart_turtle_ws/install/setup.bash'
[4.416s] INFO:colcon.colcon_core.shell:Creating prefix script '/home/abouzeid/smart_turtle_ws/install/local_setup.zsh'
[4.417s] INFO:colcon.colcon_core.shell:Creating prefix chain script '/home/abouzeid/smart_turtle_ws/install/setup.zsh'
