[0.014s] Invoking command in '/home/abouzeid/smart_turtle_ws/build/smart_turtle_interface': CMAKE_PREFIX_PATH=${CMAKE_PREFIX_PATH}:/opt/ros/jazzy DEBUGINFOD_URLS=https://debuginfod.ubuntu.com /usr/bin/cmake --build /home/abouzeid/smart_turtle_ws/build/smart_turtle_interface -- -j20 -l20
[0.110s] [  2%] Built target smart_turtle_interface__rosidl_generator_type_description
[0.123s] [  2%] Built target ament_cmake_python_copy_smart_turtle_interface
[0.148s] [  5%] Built target smart_turtle_interface__cpp
[0.156s] [ 20%] Built target smart_turtle_interface__rosidl_generator_c
[0.209s] [ 29%] Built target smart_turtle_interface__rosidl_typesupport_c
[0.212s] [ 38%] Built target smart_turtle_interface__rosidl_typesupport_introspection_c
[0.214s] [ 47%] Built target smart_turtle_interface__rosidl_typesupport_fastrtps_c
[0.215s] [ 55%] Built target smart_turtle_interface__rosidl_typesupport_fastrtps_cpp
[0.218s] [ 64%] Built target smart_turtle_interface__rosidl_typesupport_cpp
[0.219s] [ 73%] Built target smart_turtle_interface__rosidl_typesupport_introspection_cpp
[0.263s] [ 73%] Built target smart_turtle_interface
[0.301s] [ 76%] Built target smart_turtle_interface__py
[0.348s] [ 82%] Built target smart_turtle_interface__rosidl_generator_py
[0.393s] [ 88%] Built target smart_turtle_interface_s__rosidl_typesupport_fastrtps_c
[0.394s] [ 94%] Built target smart_turtle_interface_s__rosidl_typesupport_c
[0.396s] [100%] Built target smart_turtle_interface_s__rosidl_typesupport_introspection_c
[0.494s] running egg_info
[0.517s] writing smart_turtle_interface.egg-info/PKG-INFO
[0.517s] writing dependency_links to smart_turtle_interface.egg-info/dependency_links.txt
[0.517s] writing top-level names to smart_turtle_interface.egg-info/top_level.txt
[0.572s] reading manifest file 'smart_turtle_interface.egg-info/SOURCES.txt'
[0.573s] writing manifest file 'smart_turtle_interface.egg-info/SOURCES.txt'
[0.607s] [100%] Built target ament_cmake_python_build_smart_turtle_interface_egg
[0.624s] Invoked command in '/home/abouzeid/smart_turtle_ws/build/smart_turtle_interface' returned '0': CMAKE_PREFIX_PATH=${CMAKE_PREFIX_PATH}:/opt/ros/jazzy DEBUGINFOD_URLS=https://debuginfod.ubuntu.com /usr/bin/cmake --build /home/abouzeid/smart_turtle_ws/build/smart_turtle_interface -- -j20 -l20
[0.639s] Invoking command in '/home/abouzeid/smart_turtle_ws/build/smart_turtle_interface': CMAKE_PREFIX_PATH=${CMAKE_PREFIX_PATH}:/opt/ros/jazzy DEBUGINFOD_URLS=https://debuginfod.ubuntu.com /usr/bin/cmake --install /home/abouzeid/smart_turtle_ws/build/smart_turtle_interface
[0.650s] -- Install configuration: ""
[0.651s] -- Up-to-date: /home/abouzeid/smart_turtle_ws/install/smart_turtle_interface/share/ament_index/resource_index/rosidl_interfaces/smart_turtle_interface
[0.651s] -- Up-to-date: /home/abouzeid/smart_turtle_ws/install/smart_turtle_interface/share/smart_turtle_interface/msg/TurtleCommand.json
[0.652s] -- Up-to-date: /home/abouzeid/smart_turtle_ws/install/smart_turtle_interface/include/smart_turtle_interface/smart_turtle_interface
[0.652s] -- Up-to-date: /home/abouzeid/smart_turtle_ws/install/smart_turtle_interface/include/smart_turtle_interface/smart_turtle_interface/msg
[0.652s] -- Up-to-date: /home/abouzeid/smart_turtle_ws/install/smart_turtle_interface/include/smart_turtle_interface/smart_turtle_interface/msg/turtle_command.h
[0.652s] -- Up-to-date: /home/abouzeid/smart_turtle_ws/install/smart_turtle_interface/include/smart_turtle_interface/smart_turtle_interface/msg/rosidl_generator_c__visibility_control.h
[0.652s] -- Up-to-date: /home/abouzeid/smart_turtle_ws/install/smart_turtle_interface/include/smart_turtle_interface/smart_turtle_interface/msg/detail
[0.652s] -- Up-to-date: /home/abouzeid/smart_turtle_ws/install/smart_turtle_interface/include/smart_turtle_interface/smart_turtle_interface/msg/detail/turtle_command__type_support.c
[0.653s] -- Up-to-date: /home/abouzeid/smart_turtle_ws/install/smart_turtle_interface/include/smart_turtle_interface/smart_turtle_interface/msg/detail/turtle_command__description.c
[0.653s] -- Up-to-date: /home/abouzeid/smart_turtle_ws/install/smart_turtle_interface/include/smart_turtle_interface/smart_turtle_interface/msg/detail/turtle_command__functions.c
[0.653s] -- Up-to-date: /home/abouzeid/smart_turtle_ws/install/smart_turtle_interface/include/smart_turtle_interface/smart_turtle_interface/msg/detail/turtle_command__type_support.h
[0.653s] -- Up-to-date: /home/abouzeid/smart_turtle_ws/install/smart_turtle_interface/include/smart_turtle_interface/smart_turtle_interface/msg/detail/turtle_command__functions.h
[0.653s] -- Up-to-date: /home/abouzeid/smart_turtle_ws/install/smart_turtle_interface/include/smart_turtle_interface/smart_turtle_interface/msg/detail/turtle_command__struct.h
[0.653s] -- Up-to-date: /home/abouzeid/smart_turtle_ws/install/smart_turtle_interface/share/smart_turtle_interface/environment/library_path.sh
[0.654s] -- Up-to-date: /home/abouzeid/smart_turtle_ws/install/smart_turtle_interface/share/smart_turtle_interface/environment/library_path.dsv
[0.654s] -- Up-to-date: /home/abouzeid/smart_turtle_ws/install/smart_turtle_interface/lib/libsmart_turtle_interface__rosidl_generator_c.so
[0.654s] -- Up-to-date: /home/abouzeid/smart_turtle_ws/install/smart_turtle_interface/include/smart_turtle_interface/smart_turtle_interface
[0.654s] -- Up-to-date: /home/abouzeid/smart_turtle_ws/install/smart_turtle_interface/include/smart_turtle_interface/smart_turtle_interface/msg
[0.654s] -- Up-to-date: /home/abouzeid/smart_turtle_ws/install/smart_turtle_interface/include/smart_turtle_interface/smart_turtle_interface/msg/rosidl_typesupport_fastrtps_c__visibility_control.h
[0.654s] -- Up-to-date: /home/abouzeid/smart_turtle_ws/install/smart_turtle_interface/include/smart_turtle_interface/smart_turtle_interface/msg/detail
[0.654s] -- Up-to-date: /home/abouzeid/smart_turtle_ws/install/smart_turtle_interface/include/smart_turtle_interface/smart_turtle_interface/msg/detail/turtle_command__rosidl_typesupport_fastrtps_c.h
[0.655s] -- Up-to-date: /home/abouzeid/smart_turtle_ws/install/smart_turtle_interface/lib/libsmart_turtle_interface__rosidl_typesupport_fastrtps_c.so
[0.655s] -- Up-to-date: /home/abouzeid/smart_turtle_ws/install/smart_turtle_interface/include/smart_turtle_interface/smart_turtle_interface
[0.655s] -- Up-to-date: /home/abouzeid/smart_turtle_ws/install/smart_turtle_interface/include/smart_turtle_interface/smart_turtle_interface/msg
[0.655s] -- Up-to-date: /home/abouzeid/smart_turtle_ws/install/smart_turtle_interface/include/smart_turtle_interface/smart_turtle_interface/msg/rosidl_typesupport_introspection_c__visibility_control.h
[0.655s] -- Up-to-date: /home/abouzeid/smart_turtle_ws/install/smart_turtle_interface/include/smart_turtle_interface/smart_turtle_interface/msg/detail
[0.656s] -- Up-to-date: /home/abouzeid/smart_turtle_ws/install/smart_turtle_interface/include/smart_turtle_interface/smart_turtle_interface/msg/detail/turtle_command__type_support.c
[0.656s] -- Up-to-date: /home/abouzeid/smart_turtle_ws/install/smart_turtle_interface/include/smart_turtle_interface/smart_turtle_interface/msg/detail/turtle_command__rosidl_typesupport_introspection_c.h
[0.656s] -- Up-to-date: /home/abouzeid/smart_turtle_ws/install/smart_turtle_interface/lib/libsmart_turtle_interface__rosidl_typesupport_introspection_c.so
[0.656s] -- Up-to-date: /home/abouzeid/smart_turtle_ws/install/smart_turtle_interface/lib/libsmart_turtle_interface__rosidl_typesupport_c.so
[0.656s] -- Up-to-date: /home/abouzeid/smart_turtle_ws/install/smart_turtle_interface/include/smart_turtle_interface/smart_turtle_interface
[0.656s] -- Up-to-date: /home/abouzeid/smart_turtle_ws/install/smart_turtle_interface/include/smart_turtle_interface/smart_turtle_interface/msg
[0.657s] -- Up-to-date: /home/abouzeid/smart_turtle_ws/install/smart_turtle_interface/include/smart_turtle_interface/smart_turtle_interface/msg/turtle_command.hpp
[0.657s] -- Up-to-date: /home/abouzeid/smart_turtle_ws/install/smart_turtle_interface/include/smart_turtle_interface/smart_turtle_interface/msg/rosidl_generator_cpp__visibility_control.hpp
[0.657s] -- Up-to-date: /home/abouzeid/smart_turtle_ws/install/smart_turtle_interface/include/smart_turtle_interface/smart_turtle_interface/msg/detail
[0.657s] -- Up-to-date: /home/abouzeid/smart_turtle_ws/install/smart_turtle_interface/include/smart_turtle_interface/smart_turtle_interface/msg/detail/turtle_command__type_support.hpp
[0.657s] -- Up-to-date: /home/abouzeid/smart_turtle_ws/install/smart_turtle_interface/include/smart_turtle_interface/smart_turtle_interface/msg/detail/turtle_command__struct.hpp
[0.657s] -- Up-to-date: /home/abouzeid/smart_turtle_ws/install/smart_turtle_interface/include/smart_turtle_interface/smart_turtle_interface/msg/detail/turtle_command__traits.hpp
[0.658s] -- Up-to-date: /home/abouzeid/smart_turtle_ws/install/smart_turtle_interface/include/smart_turtle_interface/smart_turtle_interface/msg/detail/turtle_command__builder.hpp
[0.658s] -- Up-to-date: /home/abouzeid/smart_turtle_ws/install/smart_turtle_interface/include/smart_turtle_interface/smart_turtle_interface
[0.658s] -- Up-to-date: /home/abouzeid/smart_turtle_ws/install/smart_turtle_interface/include/smart_turtle_interface/smart_turtle_interface/msg
[0.658s] -- Up-to-date: /home/abouzeid/smart_turtle_ws/install/smart_turtle_interface/include/smart_turtle_interface/smart_turtle_interface/msg/rosidl_typesupport_fastrtps_cpp__visibility_control.h
[0.658s] -- Up-to-date: /home/abouzeid/smart_turtle_ws/install/smart_turtle_interface/include/smart_turtle_interface/smart_turtle_interface/msg/detail
[0.658s] -- Up-to-date: /home/abouzeid/smart_turtle_ws/install/smart_turtle_interface/include/smart_turtle_interface/smart_turtle_interface/msg/detail/dds_fastrtps
[0.658s] -- Up-to-date: /home/abouzeid/smart_turtle_ws/install/smart_turtle_interface/include/smart_turtle_interface/smart_turtle_interface/msg/detail/turtle_command__rosidl_typesupport_fastrtps_cpp.hpp
[0.658s] -- Up-to-date: /home/abouzeid/smart_turtle_ws/install/smart_turtle_interface/lib/libsmart_turtle_interface__rosidl_typesupport_fastrtps_cpp.so
[0.659s] -- Up-to-date: /home/abouzeid/smart_turtle_ws/install/smart_turtle_interface/include/smart_turtle_interface/smart_turtle_interface
[0.659s] -- Up-to-date: /home/abouzeid/smart_turtle_ws/install/smart_turtle_interface/include/smart_turtle_interface/smart_turtle_interface/msg
[0.659s] -- Up-to-date: /home/abouzeid/smart_turtle_ws/install/smart_turtle_interface/include/smart_turtle_interface/smart_turtle_interface/msg/detail
[0.659s] -- Up-to-date: /home/abouzeid/smart_turtle_ws/install/smart_turtle_interface/include/smart_turtle_interface/smart_turtle_interface/msg/detail/turtle_command__type_support.cpp
[0.659s] -- Up-to-date: /home/abouzeid/smart_turtle_ws/install/smart_turtle_interface/include/smart_turtle_interface/smart_turtle_interface/msg/detail/turtle_command__rosidl_typesupport_introspection_cpp.hpp
[0.659s] -- Up-to-date: /home/abouzeid/smart_turtle_ws/install/smart_turtle_interface/lib/libsmart_turtle_interface__rosidl_typesupport_introspection_cpp.so
[0.659s] -- Up-to-date: /home/abouzeid/smart_turtle_ws/install/smart_turtle_interface/lib/libsmart_turtle_interface__rosidl_typesupport_cpp.so
[0.660s] -- Up-to-date: /home/abouzeid/smart_turtle_ws/install/smart_turtle_interface/share/smart_turtle_interface/environment/pythonpath.sh
[0.660s] -- Up-to-date: /home/abouzeid/smart_turtle_ws/install/smart_turtle_interface/share/smart_turtle_interface/environment/pythonpath.dsv
[0.660s] -- Up-to-date: /home/abouzeid/smart_turtle_ws/install/smart_turtle_interface/lib/python3.12/site-packages/smart_turtle_interface-0.0.0-py3.12.egg-info
[0.660s] -- Installing: /home/abouzeid/smart_turtle_ws/install/smart_turtle_interface/lib/python3.12/site-packages/smart_turtle_interface-0.0.0-py3.12.egg-info/dependency_links.txt
[0.660s] -- Installing: /home/abouzeid/smart_turtle_ws/install/smart_turtle_interface/lib/python3.12/site-packages/smart_turtle_interface-0.0.0-py3.12.egg-info/PKG-INFO
[0.660s] -- Installing: /home/abouzeid/smart_turtle_ws/install/smart_turtle_interface/lib/python3.12/site-packages/smart_turtle_interface-0.0.0-py3.12.egg-info/top_level.txt
[0.660s] -- Installing: /home/abouzeid/smart_turtle_ws/install/smart_turtle_interface/lib/python3.12/site-packages/smart_turtle_interface-0.0.0-py3.12.egg-info/SOURCES.txt
[0.660s] -- Up-to-date: /home/abouzeid/smart_turtle_ws/install/smart_turtle_interface/lib/python3.12/site-packages/smart_turtle_interface
[0.660s] -- Up-to-date: /home/abouzeid/smart_turtle_ws/install/smart_turtle_interface/lib/python3.12/site-packages/smart_turtle_interface/_smart_turtle_interface_s.ep.rosidl_typesupport_c.c
[0.660s] -- Up-to-date: /home/abouzeid/smart_turtle_ws/install/smart_turtle_interface/lib/python3.12/site-packages/smart_turtle_interface/smart_turtle_interface_s__rosidl_typesupport_fastrtps_c.so
[0.660s] -- Up-to-date: /home/abouzeid/smart_turtle_ws/install/smart_turtle_interface/lib/python3.12/site-packages/smart_turtle_interface/smart_turtle_interface_s__rosidl_typesupport_c.so
[0.661s] -- Up-to-date: /home/abouzeid/smart_turtle_ws/install/smart_turtle_interface/lib/python3.12/site-packages/smart_turtle_interface/__init__.py
[0.661s] -- Up-to-date: /home/abouzeid/smart_turtle_ws/install/smart_turtle_interface/lib/python3.12/site-packages/smart_turtle_interface/_smart_turtle_interface_s.ep.rosidl_typesupport_fastrtps_c.c
[0.661s] -- Up-to-date: /home/abouzeid/smart_turtle_ws/install/smart_turtle_interface/lib/python3.12/site-packages/smart_turtle_interface/smart_turtle_interface_s__rosidl_typesupport_introspection_c.so
[0.661s] -- Up-to-date: /home/abouzeid/smart_turtle_ws/install/smart_turtle_interface/lib/python3.12/site-packages/smart_turtle_interface/msg
[0.661s] -- Up-to-date: /home/abouzeid/smart_turtle_ws/install/smart_turtle_interface/lib/python3.12/site-packages/smart_turtle_interface/msg/_turtle_command_s.c
[0.661s] -- Up-to-date: /home/abouzeid/smart_turtle_ws/install/smart_turtle_interface/lib/python3.12/site-packages/smart_turtle_interface/msg/_turtle_command.py
[0.661s] -- Up-to-date: /home/abouzeid/smart_turtle_ws/install/smart_turtle_interface/lib/python3.12/site-packages/smart_turtle_interface/msg/__init__.py
[0.661s] -- Up-to-date: /home/abouzeid/smart_turtle_ws/install/smart_turtle_interface/lib/python3.12/site-packages/smart_turtle_interface/_smart_turtle_interface_s.ep.rosidl_typesupport_introspection_c.c
[0.711s] Listing '/home/abouzeid/smart_turtle_ws/install/smart_turtle_interface/lib/python3.12/site-packages/smart_turtle_interface'...
[0.711s] Listing '/home/abouzeid/smart_turtle_ws/install/smart_turtle_interface/lib/python3.12/site-packages/smart_turtle_interface/msg'...
[0.719s] -- Up-to-date: /home/abouzeid/smart_turtle_ws/install/smart_turtle_interface/lib/python3.12/site-packages/smart_turtle_interface/smart_turtle_interface_s__rosidl_typesupport_fastrtps_c.so
[0.720s] -- Up-to-date: /home/abouzeid/smart_turtle_ws/install/smart_turtle_interface/lib/python3.12/site-packages/smart_turtle_interface/smart_turtle_interface_s__rosidl_typesupport_introspection_c.so
[0.720s] -- Up-to-date: /home/abouzeid/smart_turtle_ws/install/smart_turtle_interface/lib/python3.12/site-packages/smart_turtle_interface/smart_turtle_interface_s__rosidl_typesupport_c.so
[0.721s] -- Up-to-date: /home/abouzeid/smart_turtle_ws/install/smart_turtle_interface/lib/libsmart_turtle_interface__rosidl_generator_py.so
[0.721s] -- Up-to-date: /home/abouzeid/smart_turtle_ws/install/smart_turtle_interface/share/smart_turtle_interface/msg/TurtleCommand.idl
[0.721s] -- Up-to-date: /home/abouzeid/smart_turtle_ws/install/smart_turtle_interface/share/smart_turtle_interface/msg/TurtleCommand.msg
[0.721s] -- Up-to-date: /home/abouzeid/smart_turtle_ws/install/smart_turtle_interface/share/ament_index/resource_index/package_run_dependencies/smart_turtle_interface
[0.721s] -- Up-to-date: /home/abouzeid/smart_turtle_ws/install/smart_turtle_interface/share/ament_index/resource_index/parent_prefix_path/smart_turtle_interface
[0.722s] -- Up-to-date: /home/abouzeid/smart_turtle_ws/install/smart_turtle_interface/share/smart_turtle_interface/environment/ament_prefix_path.sh
[0.722s] -- Up-to-date: /home/abouzeid/smart_turtle_ws/install/smart_turtle_interface/share/smart_turtle_interface/environment/ament_prefix_path.dsv
[0.722s] -- Up-to-date: /home/abouzeid/smart_turtle_ws/install/smart_turtle_interface/share/smart_turtle_interface/environment/path.sh
[0.722s] -- Up-to-date: /home/abouzeid/smart_turtle_ws/install/smart_turtle_interface/share/smart_turtle_interface/environment/path.dsv
[0.722s] -- Up-to-date: /home/abouzeid/smart_turtle_ws/install/smart_turtle_interface/share/smart_turtle_interface/local_setup.bash
[0.722s] -- Up-to-date: /home/abouzeid/smart_turtle_ws/install/smart_turtle_interface/share/smart_turtle_interface/local_setup.sh
[0.722s] -- Up-to-date: /home/abouzeid/smart_turtle_ws/install/smart_turtle_interface/share/smart_turtle_interface/local_setup.zsh
[0.722s] -- Up-to-date: /home/abouzeid/smart_turtle_ws/install/smart_turtle_interface/share/smart_turtle_interface/local_setup.dsv
[0.723s] -- Installing: /home/abouzeid/smart_turtle_ws/install/smart_turtle_interface/share/smart_turtle_interface/package.dsv
[0.723s] -- Up-to-date: /home/abouzeid/smart_turtle_ws/install/smart_turtle_interface/share/ament_index/resource_index/packages/smart_turtle_interface
[0.723s] -- Up-to-date: /home/abouzeid/smart_turtle_ws/install/smart_turtle_interface/share/smart_turtle_interface/cmake/export_smart_turtle_interface__rosidl_generator_cExport.cmake
[0.723s] -- Up-to-date: /home/abouzeid/smart_turtle_ws/install/smart_turtle_interface/share/smart_turtle_interface/cmake/export_smart_turtle_interface__rosidl_generator_cExport-noconfig.cmake
[0.723s] -- Up-to-date: /home/abouzeid/smart_turtle_ws/install/smart_turtle_interface/share/smart_turtle_interface/cmake/export_smart_turtle_interface__rosidl_typesupport_fastrtps_cExport.cmake
[0.723s] -- Up-to-date: /home/abouzeid/smart_turtle_ws/install/smart_turtle_interface/share/smart_turtle_interface/cmake/export_smart_turtle_interface__rosidl_typesupport_fastrtps_cExport-noconfig.cmake
[0.723s] -- Up-to-date: /home/abouzeid/smart_turtle_ws/install/smart_turtle_interface/share/smart_turtle_interface/cmake/smart_turtle_interface__rosidl_typesupport_introspection_cExport.cmake
[0.723s] -- Up-to-date: /home/abouzeid/smart_turtle_ws/install/smart_turtle_interface/share/smart_turtle_interface/cmake/smart_turtle_interface__rosidl_typesupport_introspection_cExport-noconfig.cmake
[0.723s] -- Up-to-date: /home/abouzeid/smart_turtle_ws/install/smart_turtle_interface/share/smart_turtle_interface/cmake/smart_turtle_interface__rosidl_typesupport_cExport.cmake
[0.724s] -- Up-to-date: /home/abouzeid/smart_turtle_ws/install/smart_turtle_interface/share/smart_turtle_interface/cmake/smart_turtle_interface__rosidl_typesupport_cExport-noconfig.cmake
[0.724s] -- Up-to-date: /home/abouzeid/smart_turtle_ws/install/smart_turtle_interface/share/smart_turtle_interface/cmake/export_smart_turtle_interface__rosidl_generator_cppExport.cmake
[0.724s] -- Up-to-date: /home/abouzeid/smart_turtle_ws/install/smart_turtle_interface/share/smart_turtle_interface/cmake/export_smart_turtle_interface__rosidl_typesupport_fastrtps_cppExport.cmake
[0.724s] -- Up-to-date: /home/abouzeid/smart_turtle_ws/install/smart_turtle_interface/share/smart_turtle_interface/cmake/export_smart_turtle_interface__rosidl_typesupport_fastrtps_cppExport-noconfig.cmake
[0.724s] -- Up-to-date: /home/abouzeid/smart_turtle_ws/install/smart_turtle_interface/share/smart_turtle_interface/cmake/smart_turtle_interface__rosidl_typesupport_introspection_cppExport.cmake
[0.724s] -- Up-to-date: /home/abouzeid/smart_turtle_ws/install/smart_turtle_interface/share/smart_turtle_interface/cmake/smart_turtle_interface__rosidl_typesupport_introspection_cppExport-noconfig.cmake
[0.724s] -- Up-to-date: /home/abouzeid/smart_turtle_ws/install/smart_turtle_interface/share/smart_turtle_interface/cmake/smart_turtle_interface__rosidl_typesupport_cppExport.cmake
[0.724s] -- Up-to-date: /home/abouzeid/smart_turtle_ws/install/smart_turtle_interface/share/smart_turtle_interface/cmake/smart_turtle_interface__rosidl_typesupport_cppExport-noconfig.cmake
[0.724s] -- Up-to-date: /home/abouzeid/smart_turtle_ws/install/smart_turtle_interface/share/smart_turtle_interface/cmake/export_smart_turtle_interface__rosidl_generator_pyExport.cmake
[0.724s] -- Up-to-date: /home/abouzeid/smart_turtle_ws/install/smart_turtle_interface/share/smart_turtle_interface/cmake/export_smart_turtle_interface__rosidl_generator_pyExport-noconfig.cmake
[0.725s] -- Up-to-date: /home/abouzeid/smart_turtle_ws/install/smart_turtle_interface/share/smart_turtle_interface/cmake/rosidl_cmake-extras.cmake
[0.725s] -- Up-to-date: /home/abouzeid/smart_turtle_ws/install/smart_turtle_interface/share/smart_turtle_interface/cmake/ament_cmake_export_include_directories-extras.cmake
[0.725s] -- Up-to-date: /home/abouzeid/smart_turtle_ws/install/smart_turtle_interface/share/smart_turtle_interface/cmake/ament_cmake_export_libraries-extras.cmake
[0.725s] -- Up-to-date: /home/abouzeid/smart_turtle_ws/install/smart_turtle_interface/share/smart_turtle_interface/cmake/ament_cmake_export_targets-extras.cmake
[0.725s] -- Up-to-date: /home/abouzeid/smart_turtle_ws/install/smart_turtle_interface/share/smart_turtle_interface/cmake/rosidl_cmake_export_typesupport_targets-extras.cmake
[0.725s] -- Up-to-date: /home/abouzeid/smart_turtle_ws/install/smart_turtle_interface/share/smart_turtle_interface/cmake/ament_cmake_export_dependencies-extras.cmake
[0.725s] -- Up-to-date: /home/abouzeid/smart_turtle_ws/install/smart_turtle_interface/share/smart_turtle_interface/cmake/rosidl_cmake_export_typesupport_libraries-extras.cmake
[0.725s] -- Up-to-date: /home/abouzeid/smart_turtle_ws/install/smart_turtle_interface/share/smart_turtle_interface/cmake/smart_turtle_interfaceConfig.cmake
[0.725s] -- Up-to-date: /home/abouzeid/smart_turtle_ws/install/smart_turtle_interface/share/smart_turtle_interface/cmake/smart_turtle_interfaceConfig-version.cmake
[0.725s] -- Up-to-date: /home/abouzeid/smart_turtle_ws/install/smart_turtle_interface/share/smart_turtle_interface/package.xml
[0.728s] Invoked command in '/home/abouzeid/smart_turtle_ws/build/smart_turtle_interface' returned '0': CMAKE_PREFIX_PATH=${CMAKE_PREFIX_PATH}:/opt/ros/jazzy DEBUGINFOD_URLS=https://debuginfod.ubuntu.com /usr/bin/cmake --install /home/abouzeid/smart_turtle_ws/build/smart_turtle_interface
